This file contains any messages produced by compilers while
running configure, to aid debugging if configure makes a mistake.

It was created by the fast lexical analyser generator configure 2.5.37, which was
generated by GNU Autoconf 2.65.  Invocation command line was

  $ ./configure --target=aarch64-buildroot-linux-gnu --host=aarch64-buildroot-linux-gnu --build=x86_64-pc-linux-gnu --prefix=/usr --exec-prefix=/usr --sysconfdir=/etc --localstatedir=/var --program-prefix= --disable-gtk-doc --disable-gtk-doc-html --disable-doc --disable-docs --disable-documentation --with-xmlto=no --with-fop=no --disable-dependency-tracking --enable-ipv6 --disable-static --enable-shared

## --------- ##
## Platform. ##
## --------- ##

hostname = instance-1
uname -m = x86_64
uname -r = 4.10.0-42-generic
uname -s = Linux
uname -v = #46~16.04.1-Ubuntu SMP Mon Dec 4 15:57:59 UTC 2017

/usr/bin/uname -p = unknown
/bin/uname -X     = unknown

/bin/arch              = unknown
/usr/bin/arch -k       = unknown
/usr/convex/getsysinfo = unknown
/usr/bin/hostinfo      = unknown
/bin/machine           = unknown
/usr/bin/oslevel       = unknown
/bin/universe          = unknown

PATH: /home/beyond2002/buildroot-2017.02.8/output/host/bin
PATH: /home/beyond2002/buildroot-2017.02.8/output/host/sbin
PATH: /home/beyond2002/buildroot-2017.02.8/output/host/usr/bin
PATH: /home/beyond2002/buildroot-2017.02.8/output/host/usr/sbin
PATH: /home/beyond2002/bin
PATH: /home/beyond2002/.local/bin
PATH: /usr/local/sbin
PATH: /usr/local/bin
PATH: /usr/sbin
PATH: /usr/bin
PATH: /sbin
PATH: /bin
PATH: /usr/games
PATH: /usr/local/games
PATH: /snap/bin


## ----------- ##
## Core tests. ##
## ----------- ##

configure:2310: checking for a BSD-compatible install
configure:2378: result: /usr/bin/install -c
configure:2389: checking whether build environment is sane
configure:2439: result: yes
configure:2488: checking for aarch64-buildroot-linux-gnu-strip
configure:2515: result: /home/beyond2002/buildroot-2017.02.8/output/host/usr/bin/aarch64-linux-gnu-strip
configure:2580: checking for a thread-safe mkdir -p
configure:2619: result: /bin/mkdir -p
configure:2632: checking for gawk
configure:2648: found /usr/bin/gawk
configure:2659: result: gawk
configure:2670: checking whether make sets $(MAKE)
configure:2692: result: yes
configure:2792: checking whether NLS is requested
configure:2801: result: yes
configure:2839: checking for msgfmt
configure:2873: result: no
configure:2879: checking for gmsgfmt
configure:2910: result: :
configure:2950: checking for xgettext
configure:2984: result: no
configure:3021: checking for msgmerge
configure:3054: result: no
configure:3114: checking for style of include used by make
configure:3142: result: GNU
configure:3172: checking for aarch64-buildroot-linux-gnu-gcc
configure:3199: result: /home/beyond2002/buildroot-2017.02.8/output/host/usr/bin/aarch64-linux-gnu-gcc
configure:3468: checking for C compiler version
configure:3477: /home/beyond2002/buildroot-2017.02.8/output/host/usr/bin/aarch64-linux-gnu-gcc --version >&5
aarch64-linux-gnu-gcc (Linaro GCC 6.4-2017.08) 6.4.1 20170707
Copyright (C) 2017 Free Software Foundation, Inc.
This is free software; see the source for copying conditions.  There is NO
warranty; not even for MERCHANTABILITY or FITNESS FOR A PARTICULAR PURPOSE.

configure:3488: $? = 0
configure:3477: /home/beyond2002/buildroot-2017.02.8/output/host/usr/bin/aarch64-linux-gnu-gcc -v >&5
Using built-in specs.
COLLECT_GCC=/home/beyond2002/buildroot-2017.02.8/output/host/opt/ext-toolchain/bin/aarch64-linux-gnu-gcc
COLLECT_LTO_WRAPPER=/home/beyond2002/buildroot-2017.02.8/output/host/opt/ext-toolchain/bin/../libexec/gcc/aarch64-linux-gnu/6.4.1/lto-wrapper
Target: aarch64-linux-gnu
Configured with: '/home/tcwg-buildslave/workspace/tcwg-make-release/builder_arch/amd64/label/tcwg-x86_64-build/target/aarch64-linux-gnu/snapshots/gcc.git~linaro-6.4-2017.08/configure' SHELL=/bin/bash --with-mpc=/home/tcwg-buildslave/workspace/tcwg-make-release/builder_arch/amd64/label/tcwg-x86_64-build/target/aarch64-linux-gnu/_build/builds/destdir/x86_64-unknown-linux-gnu --with-mpfr=/home/tcwg-buildslave/workspace/tcwg-make-release/builder_arch/amd64/label/tcwg-x86_64-build/target/aarch64-linux-gnu/_build/builds/destdir/x86_64-unknown-linux-gnu --with-gmp=/home/tcwg-buildslave/workspace/tcwg-make-release/builder_arch/amd64/label/tcwg-x86_64-build/target/aarch64-linux-gnu/_build/builds/destdir/x86_64-unknown-linux-gnu --with-gnu-as --with-gnu-ld --disable-libmudflap --enable-lto --enable-shared --without-included-gettext --enable-nls --disable-sjlj-exceptions --enable-gnu-unique-object --enable-linker-build-id --disable-libstdcxx-pch --enable-c99 --enable-clocale=gnu --enable-libstdcxx-debug --enable-long-long --with-cloog=no --with-ppl=no --with-isl=no --disable-multilib --enable-fix-cortex-a53-835769 --enable-fix-cortex-a53-843419 --with-arch=armv8-a --enable-threads=posix --enable-multiarch --enable-libstdcxx-time=yes --enable-gnu-indirect-function --with-build-sysroot=/home/tcwg-buildslave/workspace/tcwg-make-release/builder_arch/amd64/label/tcwg-x86_64-build/target/aarch64-linux-gnu/_build/sysroots/aarch64-linux-gnu --with-sysroot=/home/tcwg-buildslave/workspace/tcwg-make-release/builder_arch/amd64/label/tcwg-x86_64-build/target/aarch64-linux-gnu/_build/builds/destdir/x86_64-unknown-linux-gnu/aarch64-linux-gnu/libc --enable-checking=release --disable-bootstrap --enable-languages=c,c++,fortran,lto --build=x86_64-unknown-linux-gnu --host=x86_64-unknown-linux-gnu --target=aarch64-linux-gnu --prefix=/home/tcwg-buildslave/workspace/tcwg-make-release/builder_arch/amd64/label/tcwg-x86_64-build/target/aarch64-linux-gnu/_build/builds/destdir/x86_64-unknown-linux-gnu
Thread model: posix
gcc version 6.4.1 20170707 (Linaro GCC 6.4-2017.08) 
configure:3488: $? = 0
configure:3477: /home/beyond2002/buildroot-2017.02.8/output/host/usr/bin/aarch64-linux-gnu-gcc -V >&5
aarch64-linux-gnu-gcc: error: unrecognized command line option '-V'
aarch64-linux-gnu-gcc: fatal error: no input files
compilation terminated.
configure:3488: $? = 1
configure:3477: /home/beyond2002/buildroot-2017.02.8/output/host/usr/bin/aarch64-linux-gnu-gcc -qversion >&5
aarch64-linux-gnu-gcc: error: unrecognized command line option '-qversion'; did you mean '--version'?
aarch64-linux-gnu-gcc: fatal error: no input files
compilation terminated.
configure:3488: $? = 1
configure:3508: checking whether the C compiler works
configure:3530: /home/beyond2002/buildroot-2017.02.8/output/host/usr/bin/aarch64-linux-gnu-gcc -D_LARGEFILE_SOURCE -D_LARGEFILE64_SOURCE -D_FILE_OFFSET_BITS=64  -Os  -D_LARGEFILE_SOURCE -D_LARGEFILE64_SOURCE -D_FILE_OFFSET_BITS=64  conftest.c  >&5
configure:3534: $? = 0
configure:3583: result: yes
configure:3586: checking for C compiler default output file name
configure:3588: result: a.out
configure:3594: checking for suffix of executables
configure:3601: /home/beyond2002/buildroot-2017.02.8/output/host/usr/bin/aarch64-linux-gnu-gcc -o conftest -D_LARGEFILE_SOURCE -D_LARGEFILE64_SOURCE -D_FILE_OFFSET_BITS=64  -Os  -D_LARGEFILE_SOURCE -D_LARGEFILE64_SOURCE -D_FILE_OFFSET_BITS=64  conftest.c  >&5
configure:3605: $? = 0
configure:3627: result: 
configure:3649: checking whether we are cross compiling
configure:3687: result: yes
configure:3692: checking for suffix of object files
configure:3714: /home/beyond2002/buildroot-2017.02.8/output/host/usr/bin/aarch64-linux-gnu-gcc -c -D_LARGEFILE_SOURCE -D_LARGEFILE64_SOURCE -D_FILE_OFFSET_BITS=64  -Os  -D_LARGEFILE_SOURCE -D_LARGEFILE64_SOURCE -D_FILE_OFFSET_BITS=64 conftest.c >&5
configure:3718: $? = 0
configure:3739: result: o
configure:3743: checking whether we are using the GNU C compiler
configure:3762: /home/beyond2002/buildroot-2017.02.8/output/host/usr/bin/aarch64-linux-gnu-gcc -c -D_LARGEFILE_SOURCE -D_LARGEFILE64_SOURCE -D_FILE_OFFSET_BITS=64  -Os  -D_LARGEFILE_SOURCE -D_LARGEFILE64_SOURCE -D_FILE_OFFSET_BITS=64 conftest.c >&5
configure:3762: $? = 0
configure:3771: result: yes
configure:3780: checking whether /home/beyond2002/buildroot-2017.02.8/output/host/usr/bin/aarch64-linux-gnu-gcc accepts -g
configure:3800: /home/beyond2002/buildroot-2017.02.8/output/host/usr/bin/aarch64-linux-gnu-gcc -c -g -D_LARGEFILE_SOURCE -D_LARGEFILE64_SOURCE -D_FILE_OFFSET_BITS=64 conftest.c >&5
configure:3800: $? = 0
configure:3841: result: yes
configure:3858: checking for /home/beyond2002/buildroot-2017.02.8/output/host/usr/bin/aarch64-linux-gnu-gcc option to accept ISO C89
configure:3922: /home/beyond2002/buildroot-2017.02.8/output/host/usr/bin/aarch64-linux-gnu-gcc  -c -D_LARGEFILE_SOURCE -D_LARGEFILE64_SOURCE -D_FILE_OFFSET_BITS=64  -Os  -D_LARGEFILE_SOURCE -D_LARGEFILE64_SOURCE -D_FILE_OFFSET_BITS=64 conftest.c >&5
configure:3922: $? = 0
configure:3935: result: none needed
configure:3957: checking dependency style of /home/beyond2002/buildroot-2017.02.8/output/host/usr/bin/aarch64-linux-gnu-gcc
configure:4067: result: none
configure:4086: checking build system type
configure:4100: result: x86_64-pc-linux-gnu
configure:4120: checking host system type
configure:4133: result: aarch64-buildroot-linux-gnu
configure:4177: checking for ld used by GCC
configure:4240: result: /home/beyond2002/buildroot-2017.02.8/output/host/usr/bin/aarch64-linux-gnu-ld
configure:4247: checking if the linker (/home/beyond2002/buildroot-2017.02.8/output/host/usr/bin/aarch64-linux-gnu-ld) is GNU ld
GNU ld (Linaro_Binutils-2017.08) 2.27.0.20161019
configure:4259: result: yes
configure:4265: checking for shared library run path origin
configure:4278: result: done
configure:4695: checking whether NLS is requested
configure:4704: result: yes
configure:4722: checking for GNU gettext in libc
configure:4741: /home/beyond2002/buildroot-2017.02.8/output/host/usr/bin/aarch64-linux-gnu-gcc -o conftest -D_LARGEFILE_SOURCE -D_LARGEFILE64_SOURCE -D_FILE_OFFSET_BITS=64  -Os  -D_LARGEFILE_SOURCE -D_LARGEFILE64_SOURCE -D_FILE_OFFSET_BITS=64  conftest.c  >&5
conftest.c: In function 'main':
conftest.c:18:8: warning: cast from pointer to integer of different size [-Wpointer-to-int-cast]
 return (int) gettext ("") + _nl_msg_cat_cntr + *_nl_domain_bindings
        ^
configure:4741: $? = 0
configure:4749: result: yes
configure:5329: checking whether to use NLS
configure:5331: result: yes
configure:5334: checking where the gettext function comes from
configure:5345: result: libc
configure:5407: checking for bison
configure:5437: result: no
configure:5407: checking for byacc
configure:5437: result: no
configure:5450: checking for flex
configure:5480: result: no
configure:5450: checking for lex
configure:5480: result: no
configure:5614: checking for aarch64-buildroot-linux-gnu-gcc
configure:5641: result: /home/beyond2002/buildroot-2017.02.8/output/host/usr/bin/aarch64-linux-gnu-gcc
configure:5910: checking for C compiler version
configure:5919: /home/beyond2002/buildroot-2017.02.8/output/host/usr/bin/aarch64-linux-gnu-gcc --version >&5
aarch64-linux-gnu-gcc (Linaro GCC 6.4-2017.08) 6.4.1 20170707
Copyright (C) 2017 Free Software Foundation, Inc.
This is free software; see the source for copying conditions.  There is NO
warranty; not even for MERCHANTABILITY or FITNESS FOR A PARTICULAR PURPOSE.

configure:5930: $? = 0
configure:5919: /home/beyond2002/buildroot-2017.02.8/output/host/usr/bin/aarch64-linux-gnu-gcc -v >&5
Using built-in specs.
COLLECT_GCC=/home/beyond2002/buildroot-2017.02.8/output/host/opt/ext-toolchain/bin/aarch64-linux-gnu-gcc
COLLECT_LTO_WRAPPER=/home/beyond2002/buildroot-2017.02.8/output/host/opt/ext-toolchain/bin/../libexec/gcc/aarch64-linux-gnu/6.4.1/lto-wrapper
Target: aarch64-linux-gnu
Configured with: '/home/tcwg-buildslave/workspace/tcwg-make-release/builder_arch/amd64/label/tcwg-x86_64-build/target/aarch64-linux-gnu/snapshots/gcc.git~linaro-6.4-2017.08/configure' SHELL=/bin/bash --with-mpc=/home/tcwg-buildslave/workspace/tcwg-make-release/builder_arch/amd64/label/tcwg-x86_64-build/target/aarch64-linux-gnu/_build/builds/destdir/x86_64-unknown-linux-gnu --with-mpfr=/home/tcwg-buildslave/workspace/tcwg-make-release/builder_arch/amd64/label/tcwg-x86_64-build/target/aarch64-linux-gnu/_build/builds/destdir/x86_64-unknown-linux-gnu --with-gmp=/home/tcwg-buildslave/workspace/tcwg-make-release/builder_arch/amd64/label/tcwg-x86_64-build/target/aarch64-linux-gnu/_build/builds/destdir/x86_64-unknown-linux-gnu --with-gnu-as --with-gnu-ld --disable-libmudflap --enable-lto --enable-shared --without-included-gettext --enable-nls --disable-sjlj-exceptions --enable-gnu-unique-object --enable-linker-build-id --disable-libstdcxx-pch --enable-c99 --enable-clocale=gnu --enable-libstdcxx-debug --enable-long-long --with-cloog=no --with-ppl=no --with-isl=no --disable-multilib --enable-fix-cortex-a53-835769 --enable-fix-cortex-a53-843419 --with-arch=armv8-a --enable-threads=posix --enable-multiarch --enable-libstdcxx-time=yes --enable-gnu-indirect-function --with-build-sysroot=/home/tcwg-buildslave/workspace/tcwg-make-release/builder_arch/amd64/label/tcwg-x86_64-build/target/aarch64-linux-gnu/_build/sysroots/aarch64-linux-gnu --with-sysroot=/home/tcwg-buildslave/workspace/tcwg-make-release/builder_arch/amd64/label/tcwg-x86_64-build/target/aarch64-linux-gnu/_build/builds/destdir/x86_64-unknown-linux-gnu/aarch64-linux-gnu/libc --enable-checking=release --disable-bootstrap --enable-languages=c,c++,fortran,lto --build=x86_64-unknown-linux-gnu --host=x86_64-unknown-linux-gnu --target=aarch64-linux-gnu --prefix=/home/tcwg-buildslave/workspace/tcwg-make-release/builder_arch/amd64/label/tcwg-x86_64-build/target/aarch64-linux-gnu/_build/builds/destdir/x86_64-unknown-linux-gnu
Thread model: posix
gcc version 6.4.1 20170707 (Linaro GCC 6.4-2017.08) 
configure:5930: $? = 0
configure:5919: /home/beyond2002/buildroot-2017.02.8/output/host/usr/bin/aarch64-linux-gnu-gcc -V >&5
aarch64-linux-gnu-gcc: error: unrecognized command line option '-V'
aarch64-linux-gnu-gcc: fatal error: no input files
compilation terminated.
configure:5930: $? = 1
configure:5919: /home/beyond2002/buildroot-2017.02.8/output/host/usr/bin/aarch64-linux-gnu-gcc -qversion >&5
aarch64-linux-gnu-gcc: error: unrecognized command line option '-qversion'; did you mean '--version'?
aarch64-linux-gnu-gcc: fatal error: no input files
compilation terminated.
configure:5930: $? = 1
configure:5934: checking whether we are using the GNU C compiler
configure:5962: result: yes
configure:5971: checking whether /home/beyond2002/buildroot-2017.02.8/output/host/usr/bin/aarch64-linux-gnu-gcc accepts -g
configure:6032: result: yes
configure:6049: checking for /home/beyond2002/buildroot-2017.02.8/output/host/usr/bin/aarch64-linux-gnu-gcc option to accept ISO C89
configure:6126: result: none needed
configure:6148: checking dependency style of /home/beyond2002/buildroot-2017.02.8/output/host/usr/bin/aarch64-linux-gnu-gcc
configure:6258: result: none
configure:6385: checking for C++ compiler version
configure:6394: /home/beyond2002/buildroot-2017.02.8/output/host/usr/bin/aarch64-linux-gnu-g++ --version >&5
aarch64-linux-gnu-g++ (Linaro GCC 6.4-2017.08) 6.4.1 20170707
Copyright (C) 2017 Free Software Foundation, Inc.
This is free software; see the source for copying conditions.  There is NO
warranty; not even for MERCHANTABILITY or FITNESS FOR A PARTICULAR PURPOSE.

configure:6405: $? = 0
configure:6394: /home/beyond2002/buildroot-2017.02.8/output/host/usr/bin/aarch64-linux-gnu-g++ -v >&5
Using built-in specs.
COLLECT_GCC=/home/beyond2002/buildroot-2017.02.8/output/host/opt/ext-toolchain/bin/aarch64-linux-gnu-g++
COLLECT_LTO_WRAPPER=/home/beyond2002/buildroot-2017.02.8/output/host/opt/ext-toolchain/bin/../libexec/gcc/aarch64-linux-gnu/6.4.1/lto-wrapper
Target: aarch64-linux-gnu
Configured with: '/home/tcwg-buildslave/workspace/tcwg-make-release/builder_arch/amd64/label/tcwg-x86_64-build/target/aarch64-linux-gnu/snapshots/gcc.git~linaro-6.4-2017.08/configure' SHELL=/bin/bash --with-mpc=/home/tcwg-buildslave/workspace/tcwg-make-release/builder_arch/amd64/label/tcwg-x86_64-build/target/aarch64-linux-gnu/_build/builds/destdir/x86_64-unknown-linux-gnu --with-mpfr=/home/tcwg-buildslave/workspace/tcwg-make-release/builder_arch/amd64/label/tcwg-x86_64-build/target/aarch64-linux-gnu/_build/builds/destdir/x86_64-unknown-linux-gnu --with-gmp=/home/tcwg-buildslave/workspace/tcwg-make-release/builder_arch/amd64/label/tcwg-x86_64-build/target/aarch64-linux-gnu/_build/builds/destdir/x86_64-unknown-linux-gnu --with-gnu-as --with-gnu-ld --disable-libmudflap --enable-lto --enable-shared --without-included-gettext --enable-nls --disable-sjlj-exceptions --enable-gnu-unique-object --enable-linker-build-id --disable-libstdcxx-pch --enable-c99 --enable-clocale=gnu --enable-libstdcxx-debug --enable-long-long --with-cloog=no --with-ppl=no --with-isl=no --disable-multilib --enable-fix-cortex-a53-835769 --enable-fix-cortex-a53-843419 --with-arch=armv8-a --enable-threads=posix --enable-multiarch --enable-libstdcxx-time=yes --enable-gnu-indirect-function --with-build-sysroot=/home/tcwg-buildslave/workspace/tcwg-make-release/builder_arch/amd64/label/tcwg-x86_64-build/target/aarch64-linux-gnu/_build/sysroots/aarch64-linux-gnu --with-sysroot=/home/tcwg-buildslave/workspace/tcwg-make-release/builder_arch/amd64/label/tcwg-x86_64-build/target/aarch64-linux-gnu/_build/builds/destdir/x86_64-unknown-linux-gnu/aarch64-linux-gnu/libc --enable-checking=release --disable-bootstrap --enable-languages=c,c++,fortran,lto --build=x86_64-unknown-linux-gnu --host=x86_64-unknown-linux-gnu --target=aarch64-linux-gnu --prefix=/home/tcwg-buildslave/workspace/tcwg-make-release/builder_arch/amd64/label/tcwg-x86_64-build/target/aarch64-linux-gnu/_build/builds/destdir/x86_64-unknown-linux-gnu
Thread model: posix
gcc version 6.4.1 20170707 (Linaro GCC 6.4-2017.08) 
configure:6405: $? = 0
configure:6394: /home/beyond2002/buildroot-2017.02.8/output/host/usr/bin/aarch64-linux-gnu-g++ -V >&5
aarch64-linux-gnu-g++: error: unrecognized command line option '-V'
aarch64-linux-gnu-g++: fatal error: no input files
compilation terminated.
configure:6405: $? = 1
configure:6394: /home/beyond2002/buildroot-2017.02.8/output/host/usr/bin/aarch64-linux-gnu-g++ -qversion >&5
aarch64-linux-gnu-g++: error: unrecognized command line option '-qversion'; did you mean '--version'?
aarch64-linux-gnu-g++: fatal error: no input files
compilation terminated.
configure:6405: $? = 1
configure:6409: checking whether we are using the GNU C++ compiler
configure:6428: /home/beyond2002/buildroot-2017.02.8/output/host/usr/bin/aarch64-linux-gnu-g++ -c -D_LARGEFILE_SOURCE -D_LARGEFILE64_SOURCE -D_FILE_OFFSET_BITS=64  -Os  -D_LARGEFILE_SOURCE -D_LARGEFILE64_SOURCE -D_FILE_OFFSET_BITS=64 conftest.cpp >&5
configure:6428: $? = 0
configure:6437: result: yes
configure:6446: checking whether /home/beyond2002/buildroot-2017.02.8/output/host/usr/bin/aarch64-linux-gnu-g++ accepts -g
configure:6466: /home/beyond2002/buildroot-2017.02.8/output/host/usr/bin/aarch64-linux-gnu-g++ -c -g -D_LARGEFILE_SOURCE -D_LARGEFILE64_SOURCE -D_FILE_OFFSET_BITS=64 conftest.cpp >&5
configure:6466: $? = 0
configure:6507: result: yes
configure:6532: checking dependency style of /home/beyond2002/buildroot-2017.02.8/output/host/usr/bin/aarch64-linux-gnu-g++
configure:6642: result: none
configure:6658: checking whether /home/beyond2002/buildroot-2017.02.8/output/host/usr/bin/aarch64-linux-gnu-gcc and cc understand -c and -o together
configure:6689: /home/beyond2002/buildroot-2017.02.8/output/host/usr/bin/aarch64-linux-gnu-gcc -c conftest.c -o conftest2.o >&5
configure:6693: $? = 0
configure:6699: /home/beyond2002/buildroot-2017.02.8/output/host/usr/bin/aarch64-linux-gnu-gcc -c conftest.c -o conftest2.o >&5
configure:6703: $? = 0
configure:6714: cc -c conftest.c >&5
configure:6718: $? = 0
configure:6726: cc -c conftest.c -o conftest2.o >&5
configure:6730: $? = 0
configure:6736: cc -c conftest.c -o conftest2.o >&5
configure:6740: $? = 0
configure:6758: result: yes
configure:6783: checking whether ln -s works
configure:6787: result: yes
configure:6797: checking for aarch64-buildroot-linux-gnu-ranlib
configure:6824: result: /home/beyond2002/buildroot-2017.02.8/output/host/usr/bin/aarch64-linux-gnu-ranlib
configure:6890: checking for gawk
configure:6917: result: gawk
configure:6932: checking for bison
configure:6963: result: bison
configure:6973: checking for help2man
configure:7004: result: help2man
configure:7015: checking for m4 that supports -P
configure:7048: result: /usr/bin/m4
configure:7060: checking for indent
configure:7091: result: indent
configure:7113: WARNING: no indent program found: make indent target will not function
configure:7124: checking how to run the C preprocessor
configure:7194: result: /home/beyond2002/buildroot-2017.02.8/output/host/usr/bin/aarch64-linux-gnu-cpp
configure:7214: /home/beyond2002/buildroot-2017.02.8/output/host/usr/bin/aarch64-linux-gnu-cpp -D_LARGEFILE_SOURCE -D_LARGEFILE64_SOURCE -D_FILE_OFFSET_BITS=64 conftest.c
configure:7214: $? = 0
configure:7228: /home/beyond2002/buildroot-2017.02.8/output/host/usr/bin/aarch64-linux-gnu-cpp -D_LARGEFILE_SOURCE -D_LARGEFILE64_SOURCE -D_FILE_OFFSET_BITS=64 conftest.c
conftest.c:15:28: fatal error: ac_nonexistent.h: No such file or directory
 #include <ac_nonexistent.h>
                            ^
compilation terminated.
configure:7228: $? = 1
configure: failed program was:
| /* confdefs.h */
| #define PACKAGE_NAME "the fast lexical analyser generator"
| #define PACKAGE_TARNAME "flex"
| #define PACKAGE_VERSION "2.5.37"
| #define PACKAGE_STRING "the fast lexical analyser generator 2.5.37"
| #define PACKAGE_BUGREPORT "flex-help@lists.sourceforge.net"
| #define PACKAGE_URL ""
| #define PACKAGE "flex"
| #define VERSION "2.5.37"
| #define ENABLE_NLS 1
| #define HAVE_GETTEXT 1
| #define HAVE_DCGETTEXT 1
| #define M4 "/usr/bin/m4"
| /* end confdefs.h.  */
| #include <ac_nonexistent.h>
configure:7257: checking for grep that handles long lines and -e
configure:7315: result: /bin/grep
configure:7320: checking for egrep
configure:7382: result: /bin/grep -E
configure:7387: checking for ANSI C header files
configure:7407: /home/beyond2002/buildroot-2017.02.8/output/host/usr/bin/aarch64-linux-gnu-gcc -c -D_LARGEFILE_SOURCE -D_LARGEFILE64_SOURCE -D_FILE_OFFSET_BITS=64  -Os  -D_LARGEFILE_SOURCE -D_LARGEFILE64_SOURCE -D_FILE_OFFSET_BITS=64 conftest.c >&5
configure:7407: $? = 0
configure:7491: result: yes
configure:7499: checking for sys/wait.h that is POSIX.1 compatible
configure:7525: /home/beyond2002/buildroot-2017.02.8/output/host/usr/bin/aarch64-linux-gnu-gcc -c -D_LARGEFILE_SOURCE -D_LARGEFILE64_SOURCE -D_FILE_OFFSET_BITS=64  -Os  -D_LARGEFILE_SOURCE -D_LARGEFILE64_SOURCE -D_FILE_OFFSET_BITS=64 conftest.c >&5
configure:7525: $? = 0
configure:7532: result: yes
configure:7545: checking for sys/types.h
configure:7545: /home/beyond2002/buildroot-2017.02.8/output/host/usr/bin/aarch64-linux-gnu-gcc -c -D_LARGEFILE_SOURCE -D_LARGEFILE64_SOURCE -D_FILE_OFFSET_BITS=64  -Os  -D_LARGEFILE_SOURCE -D_LARGEFILE64_SOURCE -D_FILE_OFFSET_BITS=64 conftest.c >&5
configure:7545: $? = 0
configure:7545: result: yes
configure:7545: checking for sys/stat.h
configure:7545: /home/beyond2002/buildroot-2017.02.8/output/host/usr/bin/aarch64-linux-gnu-gcc -c -D_LARGEFILE_SOURCE -D_LARGEFILE64_SOURCE -D_FILE_OFFSET_BITS=64  -Os  -D_LARGEFILE_SOURCE -D_LARGEFILE64_SOURCE -D_FILE_OFFSET_BITS=64 conftest.c >&5
configure:7545: $? = 0
configure:7545: result: yes
configure:7545: checking for stdlib.h
configure:7545: /home/beyond2002/buildroot-2017.02.8/output/host/usr/bin/aarch64-linux-gnu-gcc -c -D_LARGEFILE_SOURCE -D_LARGEFILE64_SOURCE -D_FILE_OFFSET_BITS=64  -Os  -D_LARGEFILE_SOURCE -D_LARGEFILE64_SOURCE -D_FILE_OFFSET_BITS=64 conftest.c >&5
configure:7545: $? = 0
configure:7545: result: yes
configure:7545: checking for string.h
configure:7545: /home/beyond2002/buildroot-2017.02.8/output/host/usr/bin/aarch64-linux-gnu-gcc -c -D_LARGEFILE_SOURCE -D_LARGEFILE64_SOURCE -D_FILE_OFFSET_BITS=64  -Os  -D_LARGEFILE_SOURCE -D_LARGEFILE64_SOURCE -D_FILE_OFFSET_BITS=64 conftest.c >&5
configure:7545: $? = 0
configure:7545: result: yes
configure:7545: checking for memory.h
configure:7545: /home/beyond2002/buildroot-2017.02.8/output/host/usr/bin/aarch64-linux-gnu-gcc -c -D_LARGEFILE_SOURCE -D_LARGEFILE64_SOURCE -D_FILE_OFFSET_BITS=64  -Os  -D_LARGEFILE_SOURCE -D_LARGEFILE64_SOURCE -D_FILE_OFFSET_BITS=64 conftest.c >&5
configure:7545: $? = 0
configure:7545: result: yes
configure:7545: checking for strings.h
configure:7545: /home/beyond2002/buildroot-2017.02.8/output/host/usr/bin/aarch64-linux-gnu-gcc -c -D_LARGEFILE_SOURCE -D_LARGEFILE64_SOURCE -D_FILE_OFFSET_BITS=64  -Os  -D_LARGEFILE_SOURCE -D_LARGEFILE64_SOURCE -D_FILE_OFFSET_BITS=64 conftest.c >&5
configure:7545: $? = 0
configure:7545: result: yes
configure:7545: checking for inttypes.h
configure:7545: /home/beyond2002/buildroot-2017.02.8/output/host/usr/bin/aarch64-linux-gnu-gcc -c -D_LARGEFILE_SOURCE -D_LARGEFILE64_SOURCE -D_FILE_OFFSET_BITS=64  -Os  -D_LARGEFILE_SOURCE -D_LARGEFILE64_SOURCE -D_FILE_OFFSET_BITS=64 conftest.c >&5
configure:7545: $? = 0
configure:7545: result: yes
configure:7545: checking for stdint.h
configure:7545: /home/beyond2002/buildroot-2017.02.8/output/host/usr/bin/aarch64-linux-gnu-gcc -c -D_LARGEFILE_SOURCE -D_LARGEFILE64_SOURCE -D_FILE_OFFSET_BITS=64  -Os  -D_LARGEFILE_SOURCE -D_LARGEFILE64_SOURCE -D_FILE_OFFSET_BITS=64 conftest.c >&5
configure:7545: $? = 0
configure:7545: result: yes
configure:7545: checking for unistd.h
configure:7545: /home/beyond2002/buildroot-2017.02.8/output/host/usr/bin/aarch64-linux-gnu-gcc -c -D_LARGEFILE_SOURCE -D_LARGEFILE64_SOURCE -D_FILE_OFFSET_BITS=64  -Os  -D_LARGEFILE_SOURCE -D_LARGEFILE64_SOURCE -D_FILE_OFFSET_BITS=64 conftest.c >&5
configure:7545: $? = 0
configure:7545: result: yes
configure:7561: checking for inttypes.h
configure:7561: result: yes
configure:7561: checking libintl.h usability
configure:7561: /home/beyond2002/buildroot-2017.02.8/output/host/usr/bin/aarch64-linux-gnu-gcc -c -D_LARGEFILE_SOURCE -D_LARGEFILE64_SOURCE -D_FILE_OFFSET_BITS=64  -Os  -D_LARGEFILE_SOURCE -D_LARGEFILE64_SOURCE -D_FILE_OFFSET_BITS=64 conftest.c >&5
configure:7561: $? = 0
configure:7561: result: yes
configure:7561: checking libintl.h presence
configure:7561: /home/beyond2002/buildroot-2017.02.8/output/host/usr/bin/aarch64-linux-gnu-cpp -D_LARGEFILE_SOURCE -D_LARGEFILE64_SOURCE -D_FILE_OFFSET_BITS=64 conftest.c
configure:7561: $? = 0
configure:7561: result: yes
configure:7561: checking for libintl.h
configure:7561: result: yes
configure:7561: checking limits.h usability
configure:7561: /home/beyond2002/buildroot-2017.02.8/output/host/usr/bin/aarch64-linux-gnu-gcc -c -D_LARGEFILE_SOURCE -D_LARGEFILE64_SOURCE -D_FILE_OFFSET_BITS=64  -Os  -D_LARGEFILE_SOURCE -D_LARGEFILE64_SOURCE -D_FILE_OFFSET_BITS=64 conftest.c >&5
configure:7561: $? = 0
configure:7561: result: yes
configure:7561: checking limits.h presence
configure:7561: /home/beyond2002/buildroot-2017.02.8/output/host/usr/bin/aarch64-linux-gnu-cpp -D_LARGEFILE_SOURCE -D_LARGEFILE64_SOURCE -D_FILE_OFFSET_BITS=64 conftest.c
configure:7561: $? = 0
configure:7561: result: yes
configure:7561: checking for limits.h
configure:7561: result: yes
configure:7561: checking locale.h usability
configure:7561: /home/beyond2002/buildroot-2017.02.8/output/host/usr/bin/aarch64-linux-gnu-gcc -c -D_LARGEFILE_SOURCE -D_LARGEFILE64_SOURCE -D_FILE_OFFSET_BITS=64  -Os  -D_LARGEFILE_SOURCE -D_LARGEFILE64_SOURCE -D_FILE_OFFSET_BITS=64 conftest.c >&5
configure:7561: $? = 0
configure:7561: result: yes
configure:7561: checking locale.h presence
configure:7561: /home/beyond2002/buildroot-2017.02.8/output/host/usr/bin/aarch64-linux-gnu-cpp -D_LARGEFILE_SOURCE -D_LARGEFILE64_SOURCE -D_FILE_OFFSET_BITS=64 conftest.c
configure:7561: $? = 0
configure:7561: result: yes
configure:7561: checking for locale.h
configure:7561: result: yes
configure:7561: checking malloc.h usability
configure:7561: /home/beyond2002/buildroot-2017.02.8/output/host/usr/bin/aarch64-linux-gnu-gcc -c -D_LARGEFILE_SOURCE -D_LARGEFILE64_SOURCE -D_FILE_OFFSET_BITS=64  -Os  -D_LARGEFILE_SOURCE -D_LARGEFILE64_SOURCE -D_FILE_OFFSET_BITS=64 conftest.c >&5
configure:7561: $? = 0
configure:7561: result: yes
configure:7561: checking malloc.h presence
configure:7561: /home/beyond2002/buildroot-2017.02.8/output/host/usr/bin/aarch64-linux-gnu-cpp -D_LARGEFILE_SOURCE -D_LARGEFILE64_SOURCE -D_FILE_OFFSET_BITS=64 conftest.c
configure:7561: $? = 0
configure:7561: result: yes
configure:7561: checking for malloc.h
configure:7561: result: yes
configure:7561: checking netinet/in.h usability
configure:7561: /home/beyond2002/buildroot-2017.02.8/output/host/usr/bin/aarch64-linux-gnu-gcc -c -D_LARGEFILE_SOURCE -D_LARGEFILE64_SOURCE -D_FILE_OFFSET_BITS=64  -Os  -D_LARGEFILE_SOURCE -D_LARGEFILE64_SOURCE -D_FILE_OFFSET_BITS=64 conftest.c >&5
configure:7561: $? = 0
configure:7561: result: yes
configure:7561: checking netinet/in.h presence
configure:7561: /home/beyond2002/buildroot-2017.02.8/output/host/usr/bin/aarch64-linux-gnu-cpp -D_LARGEFILE_SOURCE -D_LARGEFILE64_SOURCE -D_FILE_OFFSET_BITS=64 conftest.c
configure:7561: $? = 0
configure:7561: result: yes
configure:7561: checking for netinet/in.h
configure:7561: result: yes
configure:7561: checking regex.h usability
configure:7561: /home/beyond2002/buildroot-2017.02.8/output/host/usr/bin/aarch64-linux-gnu-gcc -c -D_LARGEFILE_SOURCE -D_LARGEFILE64_SOURCE -D_FILE_OFFSET_BITS=64  -Os  -D_LARGEFILE_SOURCE -D_LARGEFILE64_SOURCE -D_FILE_OFFSET_BITS=64 conftest.c >&5
configure:7561: $? = 0
configure:7561: result: yes
configure:7561: checking regex.h presence
configure:7561: /home/beyond2002/buildroot-2017.02.8/output/host/usr/bin/aarch64-linux-gnu-cpp -D_LARGEFILE_SOURCE -D_LARGEFILE64_SOURCE -D_FILE_OFFSET_BITS=64 conftest.c
configure:7561: $? = 0
configure:7561: result: yes
configure:7561: checking for regex.h
configure:7561: result: yes
configure:7561: checking stddef.h usability
configure:7561: /home/beyond2002/buildroot-2017.02.8/output/host/usr/bin/aarch64-linux-gnu-gcc -c -D_LARGEFILE_SOURCE -D_LARGEFILE64_SOURCE -D_FILE_OFFSET_BITS=64  -Os  -D_LARGEFILE_SOURCE -D_LARGEFILE64_SOURCE -D_FILE_OFFSET_BITS=64 conftest.c >&5
configure:7561: $? = 0
configure:7561: result: yes
configure:7561: checking stddef.h presence
configure:7561: /home/beyond2002/buildroot-2017.02.8/output/host/usr/bin/aarch64-linux-gnu-cpp -D_LARGEFILE_SOURCE -D_LARGEFILE64_SOURCE -D_FILE_OFFSET_BITS=64 conftest.c
configure:7561: $? = 0
configure:7561: result: yes
configure:7561: checking for stddef.h
configure:7561: result: yes
configure:7561: checking for stdlib.h
configure:7561: result: yes
configure:7561: checking for string.h
configure:7561: result: yes
configure:7561: checking for strings.h
configure:7561: result: yes
configure:7561: checking for unistd.h
configure:7561: result: yes
configure:7579: checking for pthread_mutex_lock in -lpthread
configure:7604: /home/beyond2002/buildroot-2017.02.8/output/host/usr/bin/aarch64-linux-gnu-gcc -o conftest -D_LARGEFILE_SOURCE -D_LARGEFILE64_SOURCE -D_FILE_OFFSET_BITS=64  -Os  -D_LARGEFILE_SOURCE -D_LARGEFILE64_SOURCE -D_FILE_OFFSET_BITS=64  conftest.c -lpthread   >&5
configure:7604: $? = 0
configure:7613: result: yes
configure:7628: checking pthread.h usability
configure:7628: /home/beyond2002/buildroot-2017.02.8/output/host/usr/bin/aarch64-linux-gnu-gcc -c -D_LARGEFILE_SOURCE -D_LARGEFILE64_SOURCE -D_FILE_OFFSET_BITS=64  -Os  -D_LARGEFILE_SOURCE -D_LARGEFILE64_SOURCE -D_FILE_OFFSET_BITS=64 conftest.c >&5
configure:7628: $? = 0
configure:7628: result: yes
configure:7628: checking pthread.h presence
configure:7628: /home/beyond2002/buildroot-2017.02.8/output/host/usr/bin/aarch64-linux-gnu-cpp -D_LARGEFILE_SOURCE -D_LARGEFILE64_SOURCE -D_FILE_OFFSET_BITS=64 conftest.c
configure:7628: $? = 0
configure:7628: result: yes
configure:7628: checking for pthread.h
configure:7628: result: yes
configure:7639: checking for log10 in -lm
configure:7664: /home/beyond2002/buildroot-2017.02.8/output/host/usr/bin/aarch64-linux-gnu-gcc -o conftest -D_LARGEFILE_SOURCE -D_LARGEFILE64_SOURCE -D_FILE_OFFSET_BITS=64  -Os  -D_LARGEFILE_SOURCE -D_LARGEFILE64_SOURCE -D_FILE_OFFSET_BITS=64  conftest.c -lm   >&5
conftest.c:47:6: warning: conflicting types for built-in function 'log10'
 char log10 ();
      ^~~~~
configure:7664: $? = 0
configure:7673: result: yes
configure:7687: checking for stdbool.h that conforms to C99
configure:7772: /home/beyond2002/buildroot-2017.02.8/output/host/usr/bin/aarch64-linux-gnu-gcc -c -D_LARGEFILE_SOURCE -D_LARGEFILE64_SOURCE -D_FILE_OFFSET_BITS=64  -Os  -D_LARGEFILE_SOURCE -D_LARGEFILE64_SOURCE -D_FILE_OFFSET_BITS=64 conftest.c >&5
configure:7772: $? = 0
configure:7779: result: yes
configure:7781: checking for _Bool
configure:7781: /home/beyond2002/buildroot-2017.02.8/output/host/usr/bin/aarch64-linux-gnu-gcc -c -D_LARGEFILE_SOURCE -D_LARGEFILE64_SOURCE -D_FILE_OFFSET_BITS=64  -Os  -D_LARGEFILE_SOURCE -D_LARGEFILE64_SOURCE -D_FILE_OFFSET_BITS=64 conftest.c >&5
configure:7781: $? = 0
configure:7781: /home/beyond2002/buildroot-2017.02.8/output/host/usr/bin/aarch64-linux-gnu-gcc -c -D_LARGEFILE_SOURCE -D_LARGEFILE64_SOURCE -D_FILE_OFFSET_BITS=64  -Os  -D_LARGEFILE_SOURCE -D_LARGEFILE64_SOURCE -D_FILE_OFFSET_BITS=64 conftest.c >&5
conftest.c: In function 'main':
conftest.c:77:20: error: expected expression before ')' token
 if (sizeof ((_Bool)))
                    ^
configure:7781: $? = 1
configure: failed program was:
| /* confdefs.h */
| #define PACKAGE_NAME "the fast lexical analyser generator"
| #define PACKAGE_TARNAME "flex"
| #define PACKAGE_VERSION "2.5.37"
| #define PACKAGE_STRING "the fast lexical analyser generator 2.5.37"
| #define PACKAGE_BUGREPORT "flex-help@lists.sourceforge.net"
| #define PACKAGE_URL ""
| #define PACKAGE "flex"
| #define VERSION "2.5.37"
| #define ENABLE_NLS 1
| #define HAVE_GETTEXT 1
| #define HAVE_DCGETTEXT 1
| #define M4 "/usr/bin/m4"
| #define STDC_HEADERS 1
| #define HAVE_SYS_WAIT_H 1
| #define HAVE_SYS_TYPES_H 1
| #define HAVE_SYS_STAT_H 1
| #define HAVE_STDLIB_H 1
| #define HAVE_STRING_H 1
| #define HAVE_MEMORY_H 1
| #define HAVE_STRINGS_H 1
| #define HAVE_INTTYPES_H 1
| #define HAVE_STDINT_H 1
| #define HAVE_UNISTD_H 1
| #define HAVE_INTTYPES_H 1
| #define HAVE_LIBINTL_H 1
| #define HAVE_LIMITS_H 1
| #define HAVE_LOCALE_H 1
| #define HAVE_MALLOC_H 1
| #define HAVE_NETINET_IN_H 1
| #define HAVE_REGEX_H 1
| #define HAVE_STDDEF_H 1
| #define HAVE_STDLIB_H 1
| #define HAVE_STRING_H 1
| #define HAVE_STRINGS_H 1
| #define HAVE_UNISTD_H 1
| #define HAVE_LIBPTHREAD 1
| #define HAVE_PTHREAD_H 1
| #define HAVE_LIBM 1
| /* end confdefs.h.  */
| #include <stdio.h>
| #ifdef HAVE_SYS_TYPES_H
| # include <sys/types.h>
| #endif
| #ifdef HAVE_SYS_STAT_H
| # include <sys/stat.h>
| #endif
| #ifdef STDC_HEADERS
| # include <stdlib.h>
| # include <stddef.h>
| #else
| # ifdef HAVE_STDLIB_H
| #  include <stdlib.h>
| # endif
| #endif
| #ifdef HAVE_STRING_H
| # if !defined STDC_HEADERS && defined HAVE_MEMORY_H
| #  include <memory.h>
| # endif
| # include <string.h>
| #endif
| #ifdef HAVE_STRINGS_H
| # include <strings.h>
| #endif
| #ifdef HAVE_INTTYPES_H
| # include <inttypes.h>
| #endif
| #ifdef HAVE_STDINT_H
| # include <stdint.h>
| #endif
| #ifdef HAVE_UNISTD_H
| # include <unistd.h>
| #endif
| int
| main ()
| {
| if (sizeof ((_Bool)))
| 	    return 0;
|   ;
|   return 0;
| }
configure:7781: result: yes
configure:7797: checking for an ANSI C-conforming const
configure:7862: /home/beyond2002/buildroot-2017.02.8/output/host/usr/bin/aarch64-linux-gnu-gcc -c -D_LARGEFILE_SOURCE -D_LARGEFILE64_SOURCE -D_FILE_OFFSET_BITS=64  -Os  -D_LARGEFILE_SOURCE -D_LARGEFILE64_SOURCE -D_FILE_OFFSET_BITS=64 conftest.c >&5
configure:7862: $? = 0
configure:7869: result: yes
configure:7877: checking for size_t
configure:7877: /home/beyond2002/buildroot-2017.02.8/output/host/usr/bin/aarch64-linux-gnu-gcc -c -D_LARGEFILE_SOURCE -D_LARGEFILE64_SOURCE -D_FILE_OFFSET_BITS=64  -Os  -D_LARGEFILE_SOURCE -D_LARGEFILE64_SOURCE -D_FILE_OFFSET_BITS=64 conftest.c >&5
configure:7877: $? = 0
configure:7877: /home/beyond2002/buildroot-2017.02.8/output/host/usr/bin/aarch64-linux-gnu-gcc -c -D_LARGEFILE_SOURCE -D_LARGEFILE64_SOURCE -D_FILE_OFFSET_BITS=64  -Os  -D_LARGEFILE_SOURCE -D_LARGEFILE64_SOURCE -D_FILE_OFFSET_BITS=64 conftest.c >&5
conftest.c: In function 'main':
conftest.c:79:21: error: expected expression before ')' token
 if (sizeof ((size_t)))
                     ^
configure:7877: $? = 1
configure: failed program was:
| /* confdefs.h */
| #define PACKAGE_NAME "the fast lexical analyser generator"
| #define PACKAGE_TARNAME "flex"
| #define PACKAGE_VERSION "2.5.37"
| #define PACKAGE_STRING "the fast lexical analyser generator 2.5.37"
| #define PACKAGE_BUGREPORT "flex-help@lists.sourceforge.net"
| #define PACKAGE_URL ""
| #define PACKAGE "flex"
| #define VERSION "2.5.37"
| #define ENABLE_NLS 1
| #define HAVE_GETTEXT 1
| #define HAVE_DCGETTEXT 1
| #define M4 "/usr/bin/m4"
| #define STDC_HEADERS 1
| #define HAVE_SYS_WAIT_H 1
| #define HAVE_SYS_TYPES_H 1
| #define HAVE_SYS_STAT_H 1
| #define HAVE_STDLIB_H 1
| #define HAVE_STRING_H 1
| #define HAVE_MEMORY_H 1
| #define HAVE_STRINGS_H 1
| #define HAVE_INTTYPES_H 1
| #define HAVE_STDINT_H 1
| #define HAVE_UNISTD_H 1
| #define HAVE_INTTYPES_H 1
| #define HAVE_LIBINTL_H 1
| #define HAVE_LIMITS_H 1
| #define HAVE_LOCALE_H 1
| #define HAVE_MALLOC_H 1
| #define HAVE_NETINET_IN_H 1
| #define HAVE_REGEX_H 1
| #define HAVE_STDDEF_H 1
| #define HAVE_STDLIB_H 1
| #define HAVE_STRING_H 1
| #define HAVE_STRINGS_H 1
| #define HAVE_UNISTD_H 1
| #define HAVE_LIBPTHREAD 1
| #define HAVE_PTHREAD_H 1
| #define HAVE_LIBM 1
| #define HAVE__BOOL 1
| #define HAVE_STDBOOL_H 1
| /* end confdefs.h.  */
| #include <stdio.h>
| #ifdef HAVE_SYS_TYPES_H
| # include <sys/types.h>
| #endif
| #ifdef HAVE_SYS_STAT_H
| # include <sys/stat.h>
| #endif
| #ifdef STDC_HEADERS
| # include <stdlib.h>
| # include <stddef.h>
| #else
| # ifdef HAVE_STDLIB_H
| #  include <stdlib.h>
| # endif
| #endif
| #ifdef HAVE_STRING_H
| # if !defined STDC_HEADERS && defined HAVE_MEMORY_H
| #  include <memory.h>
| # endif
| # include <string.h>
| #endif
| #ifdef HAVE_STRINGS_H
| # include <strings.h>
| #endif
| #ifdef HAVE_INTTYPES_H
| # include <inttypes.h>
| #endif
| #ifdef HAVE_STDINT_H
| # include <stdint.h>
| #endif
| #ifdef HAVE_UNISTD_H
| # include <unistd.h>
| #endif
| int
| main ()
| {
| if (sizeof ((size_t)))
| 	    return 0;
|   ;
|   return 0;
| }
configure:7877: result: yes
configure:7893: checking for working alloca.h
configure:7910: /home/beyond2002/buildroot-2017.02.8/output/host/usr/bin/aarch64-linux-gnu-gcc -o conftest -D_LARGEFILE_SOURCE -D_LARGEFILE64_SOURCE -D_FILE_OFFSET_BITS=64  -Os  -D_LARGEFILE_SOURCE -D_LARGEFILE64_SOURCE -D_FILE_OFFSET_BITS=64  conftest.c -lm  >&5
configure:7910: $? = 0
configure:7918: result: yes
configure:7926: checking for alloca
configure:7963: /home/beyond2002/buildroot-2017.02.8/output/host/usr/bin/aarch64-linux-gnu-gcc -o conftest -D_LARGEFILE_SOURCE -D_LARGEFILE64_SOURCE -D_FILE_OFFSET_BITS=64  -Os  -D_LARGEFILE_SOURCE -D_LARGEFILE64_SOURCE -D_FILE_OFFSET_BITS=64  conftest.c -lm  >&5
configure:7963: $? = 0
configure:7971: result: yes
configure:8081: checking for pid_t
configure:8081: /home/beyond2002/buildroot-2017.02.8/output/host/usr/bin/aarch64-linux-gnu-gcc -c -D_LARGEFILE_SOURCE -D_LARGEFILE64_SOURCE -D_FILE_OFFSET_BITS=64  -Os  -D_LARGEFILE_SOURCE -D_LARGEFILE64_SOURCE -D_FILE_OFFSET_BITS=64 conftest.c >&5
configure:8081: $? = 0
configure:8081: /home/beyond2002/buildroot-2017.02.8/output/host/usr/bin/aarch64-linux-gnu-gcc -c -D_LARGEFILE_SOURCE -D_LARGEFILE64_SOURCE -D_FILE_OFFSET_BITS=64  -Os  -D_LARGEFILE_SOURCE -D_LARGEFILE64_SOURCE -D_FILE_OFFSET_BITS=64 conftest.c >&5
conftest.c: In function 'main':
conftest.c:81:20: error: expected expression before ')' token
 if (sizeof ((pid_t)))
                    ^
configure:8081: $? = 1
configure: failed program was:
| /* confdefs.h */
| #define PACKAGE_NAME "the fast lexical analyser generator"
| #define PACKAGE_TARNAME "flex"
| #define PACKAGE_VERSION "2.5.37"
| #define PACKAGE_STRING "the fast lexical analyser generator 2.5.37"
| #define PACKAGE_BUGREPORT "flex-help@lists.sourceforge.net"
| #define PACKAGE_URL ""
| #define PACKAGE "flex"
| #define VERSION "2.5.37"
| #define ENABLE_NLS 1
| #define HAVE_GETTEXT 1
| #define HAVE_DCGETTEXT 1
| #define M4 "/usr/bin/m4"
| #define STDC_HEADERS 1
| #define HAVE_SYS_WAIT_H 1
| #define HAVE_SYS_TYPES_H 1
| #define HAVE_SYS_STAT_H 1
| #define HAVE_STDLIB_H 1
| #define HAVE_STRING_H 1
| #define HAVE_MEMORY_H 1
| #define HAVE_STRINGS_H 1
| #define HAVE_INTTYPES_H 1
| #define HAVE_STDINT_H 1
| #define HAVE_UNISTD_H 1
| #define HAVE_INTTYPES_H 1
| #define HAVE_LIBINTL_H 1
| #define HAVE_LIMITS_H 1
| #define HAVE_LOCALE_H 1
| #define HAVE_MALLOC_H 1
| #define HAVE_NETINET_IN_H 1
| #define HAVE_REGEX_H 1
| #define HAVE_STDDEF_H 1
| #define HAVE_STDLIB_H 1
| #define HAVE_STRING_H 1
| #define HAVE_STRINGS_H 1
| #define HAVE_UNISTD_H 1
| #define HAVE_LIBPTHREAD 1
| #define HAVE_PTHREAD_H 1
| #define HAVE_LIBM 1
| #define HAVE__BOOL 1
| #define HAVE_STDBOOL_H 1
| #define HAVE_ALLOCA_H 1
| #define HAVE_ALLOCA 1
| /* end confdefs.h.  */
| #include <stdio.h>
| #ifdef HAVE_SYS_TYPES_H
| # include <sys/types.h>
| #endif
| #ifdef HAVE_SYS_STAT_H
| # include <sys/stat.h>
| #endif
| #ifdef STDC_HEADERS
| # include <stdlib.h>
| # include <stddef.h>
| #else
| # ifdef HAVE_STDLIB_H
| #  include <stdlib.h>
| # endif
| #endif
| #ifdef HAVE_STRING_H
| # if !defined STDC_HEADERS && defined HAVE_MEMORY_H
| #  include <memory.h>
| # endif
| # include <string.h>
| #endif
| #ifdef HAVE_STRINGS_H
| # include <strings.h>
| #endif
| #ifdef HAVE_INTTYPES_H
| # include <inttypes.h>
| #endif
| #ifdef HAVE_STDINT_H
| # include <stdint.h>
| #endif
| #ifdef HAVE_UNISTD_H
| # include <unistd.h>
| #endif
| int
| main ()
| {
| if (sizeof ((pid_t)))
| 	    return 0;
|   ;
|   return 0;
| }
configure:8081: result: yes
configure:8094: checking vfork.h usability
configure:8094: /home/beyond2002/buildroot-2017.02.8/output/host/usr/bin/aarch64-linux-gnu-gcc -c -D_LARGEFILE_SOURCE -D_LARGEFILE64_SOURCE -D_FILE_OFFSET_BITS=64  -Os  -D_LARGEFILE_SOURCE -D_LARGEFILE64_SOURCE -D_FILE_OFFSET_BITS=64 conftest.c >&5
conftest.c:78:19: fatal error: vfork.h: No such file or directory
 #include <vfork.h>
                   ^
compilation terminated.
configure:8094: $? = 1
configure: failed program was:
| /* confdefs.h */
| #define PACKAGE_NAME "the fast lexical analyser generator"
| #define PACKAGE_TARNAME "flex"
| #define PACKAGE_VERSION "2.5.37"
| #define PACKAGE_STRING "the fast lexical analyser generator 2.5.37"
| #define PACKAGE_BUGREPORT "flex-help@lists.sourceforge.net"
| #define PACKAGE_URL ""
| #define PACKAGE "flex"
| #define VERSION "2.5.37"
| #define ENABLE_NLS 1
| #define HAVE_GETTEXT 1
| #define HAVE_DCGETTEXT 1
| #define M4 "/usr/bin/m4"
| #define STDC_HEADERS 1
| #define HAVE_SYS_WAIT_H 1
| #define HAVE_SYS_TYPES_H 1
| #define HAVE_SYS_STAT_H 1
| #define HAVE_STDLIB_H 1
| #define HAVE_STRING_H 1
| #define HAVE_MEMORY_H 1
| #define HAVE_STRINGS_H 1
| #define HAVE_INTTYPES_H 1
| #define HAVE_STDINT_H 1
| #define HAVE_UNISTD_H 1
| #define HAVE_INTTYPES_H 1
| #define HAVE_LIBINTL_H 1
| #define HAVE_LIMITS_H 1
| #define HAVE_LOCALE_H 1
| #define HAVE_MALLOC_H 1
| #define HAVE_NETINET_IN_H 1
| #define HAVE_REGEX_H 1
| #define HAVE_STDDEF_H 1
| #define HAVE_STDLIB_H 1
| #define HAVE_STRING_H 1
| #define HAVE_STRINGS_H 1
| #define HAVE_UNISTD_H 1
| #define HAVE_LIBPTHREAD 1
| #define HAVE_PTHREAD_H 1
| #define HAVE_LIBM 1
| #define HAVE__BOOL 1
| #define HAVE_STDBOOL_H 1
| #define HAVE_ALLOCA_H 1
| #define HAVE_ALLOCA 1
| /* end confdefs.h.  */
| #include <stdio.h>
| #ifdef HAVE_SYS_TYPES_H
| # include <sys/types.h>
| #endif
| #ifdef HAVE_SYS_STAT_H
| # include <sys/stat.h>
| #endif
| #ifdef STDC_HEADERS
| # include <stdlib.h>
| # include <stddef.h>
| #else
| # ifdef HAVE_STDLIB_H
| #  include <stdlib.h>
| # endif
| #endif
| #ifdef HAVE_STRING_H
| # if !defined STDC_HEADERS && defined HAVE_MEMORY_H
| #  include <memory.h>
| # endif
| # include <string.h>
| #endif
| #ifdef HAVE_STRINGS_H
| # include <strings.h>
| #endif
| #ifdef HAVE_INTTYPES_H
| # include <inttypes.h>
| #endif
| #ifdef HAVE_STDINT_H
| # include <stdint.h>
| #endif
| #ifdef HAVE_UNISTD_H
| # include <unistd.h>
| #endif
| #include <vfork.h>
configure:8094: result: no
configure:8094: checking vfork.h presence
configure:8094: /home/beyond2002/buildroot-2017.02.8/output/host/usr/bin/aarch64-linux-gnu-cpp -D_LARGEFILE_SOURCE -D_LARGEFILE64_SOURCE -D_FILE_OFFSET_BITS=64 conftest.c
conftest.c:45:19: fatal error: vfork.h: No such file or directory
 #include <vfork.h>
                   ^
compilation terminated.
configure:8094: $? = 1
configure: failed program was:
| /* confdefs.h */
| #define PACKAGE_NAME "the fast lexical analyser generator"
| #define PACKAGE_TARNAME "flex"
| #define PACKAGE_VERSION "2.5.37"
| #define PACKAGE_STRING "the fast lexical analyser generator 2.5.37"
| #define PACKAGE_BUGREPORT "flex-help@lists.sourceforge.net"
| #define PACKAGE_URL ""
| #define PACKAGE "flex"
| #define VERSION "2.5.37"
| #define ENABLE_NLS 1
| #define HAVE_GETTEXT 1
| #define HAVE_DCGETTEXT 1
| #define M4 "/usr/bin/m4"
| #define STDC_HEADERS 1
| #define HAVE_SYS_WAIT_H 1
| #define HAVE_SYS_TYPES_H 1
| #define HAVE_SYS_STAT_H 1
| #define HAVE_STDLIB_H 1
| #define HAVE_STRING_H 1
| #define HAVE_MEMORY_H 1
| #define HAVE_STRINGS_H 1
| #define HAVE_INTTYPES_H 1
| #define HAVE_STDINT_H 1
| #define HAVE_UNISTD_H 1
| #define HAVE_INTTYPES_H 1
| #define HAVE_LIBINTL_H 1
| #define HAVE_LIMITS_H 1
| #define HAVE_LOCALE_H 1
| #define HAVE_MALLOC_H 1
| #define HAVE_NETINET_IN_H 1
| #define HAVE_REGEX_H 1
| #define HAVE_STDDEF_H 1
| #define HAVE_STDLIB_H 1
| #define HAVE_STRING_H 1
| #define HAVE_STRINGS_H 1
| #define HAVE_UNISTD_H 1
| #define HAVE_LIBPTHREAD 1
| #define HAVE_PTHREAD_H 1
| #define HAVE_LIBM 1
| #define HAVE__BOOL 1
| #define HAVE_STDBOOL_H 1
| #define HAVE_ALLOCA_H 1
| #define HAVE_ALLOCA 1
| /* end confdefs.h.  */
| #include <vfork.h>
configure:8094: result: no
configure:8094: checking for vfork.h
configure:8094: result: no
configure:8107: checking for fork
configure:8107: /home/beyond2002/buildroot-2017.02.8/output/host/usr/bin/aarch64-linux-gnu-gcc -o conftest -D_LARGEFILE_SOURCE -D_LARGEFILE64_SOURCE -D_FILE_OFFSET_BITS=64  -Os  -D_LARGEFILE_SOURCE -D_LARGEFILE64_SOURCE -D_FILE_OFFSET_BITS=64  conftest.c -lm  >&5
conftest.c:68:6: warning: conflicting types for built-in function 'fork'
 char fork ();
      ^~~~
configure:8107: $? = 0
configure:8107: result: yes
configure:8107: checking for vfork
configure:8107: /home/beyond2002/buildroot-2017.02.8/output/host/usr/bin/aarch64-linux-gnu-gcc -o conftest -D_LARGEFILE_SOURCE -D_LARGEFILE64_SOURCE -D_FILE_OFFSET_BITS=64  -Os  -D_LARGEFILE_SOURCE -D_LARGEFILE64_SOURCE -D_FILE_OFFSET_BITS=64  conftest.c -lm  >&5
configure:8107: $? = 0
configure:8107: result: yes
configure:8118: checking for working fork
configure:8150: result: cross
configure:8166: WARNING: result yes guessed because of cross compilation
configure:8171: checking for working vfork
configure:8281: result: yes
configure:8308: checking for stdlib.h
configure:8308: result: yes
configure:8318: checking for GNU libc compatible malloc
configure:8352: result: yes
configure:8375: checking for stdlib.h
configure:8375: result: yes
configure:8385: checking for GNU libc compatible realloc
configure:8419: result: yes
configure:8443: checking for dup2
configure:8443: /home/beyond2002/buildroot-2017.02.8/output/host/usr/bin/aarch64-linux-gnu-gcc -o conftest -D_LARGEFILE_SOURCE -D_LARGEFILE64_SOURCE -D_FILE_OFFSET_BITS=64  -Os  -D_LARGEFILE_SOURCE -D_LARGEFILE64_SOURCE -D_FILE_OFFSET_BITS=64  conftest.c -lm  >&5
configure:8443: $? = 0
configure:8443: result: yes
configure:8443: checking for isascii
configure:8443: /home/beyond2002/buildroot-2017.02.8/output/host/usr/bin/aarch64-linux-gnu-gcc -o conftest -D_LARGEFILE_SOURCE -D_LARGEFILE64_SOURCE -D_FILE_OFFSET_BITS=64  -Os  -D_LARGEFILE_SOURCE -D_LARGEFILE64_SOURCE -D_FILE_OFFSET_BITS=64  conftest.c -lm  >&5
conftest.c:77:6: warning: conflicting types for built-in function 'isascii'
 char isascii ();
      ^~~~~~~
configure:8443: $? = 0
configure:8443: result: yes
configure:8443: checking for memset
configure:8443: /home/beyond2002/buildroot-2017.02.8/output/host/usr/bin/aarch64-linux-gnu-gcc -o conftest -D_LARGEFILE_SOURCE -D_LARGEFILE64_SOURCE -D_FILE_OFFSET_BITS=64  -Os  -D_LARGEFILE_SOURCE -D_LARGEFILE64_SOURCE -D_FILE_OFFSET_BITS=64  conftest.c -lm  >&5
conftest.c:78:6: warning: conflicting types for built-in function 'memset'
 char memset ();
      ^~~~~~
configure:8443: $? = 0
configure:8443: result: yes
configure:8443: checking for pow
configure:8443: /home/beyond2002/buildroot-2017.02.8/output/host/usr/bin/aarch64-linux-gnu-gcc -o conftest -D_LARGEFILE_SOURCE -D_LARGEFILE64_SOURCE -D_FILE_OFFSET_BITS=64  -Os  -D_LARGEFILE_SOURCE -D_LARGEFILE64_SOURCE -D_FILE_OFFSET_BITS=64  conftest.c -lm  >&5
conftest.c:79:6: warning: conflicting types for built-in function 'pow'
 char pow ();
      ^~~
configure:8443: $? = 0
configure:8443: result: yes
configure:8443: checking for regcomp
configure:8443: /home/beyond2002/buildroot-2017.02.8/output/host/usr/bin/aarch64-linux-gnu-gcc -o conftest -D_LARGEFILE_SOURCE -D_LARGEFILE64_SOURCE -D_FILE_OFFSET_BITS=64  -Os  -D_LARGEFILE_SOURCE -D_LARGEFILE64_SOURCE -D_FILE_OFFSET_BITS=64  conftest.c -lm  >&5
configure:8443: $? = 0
configure:8443: result: yes
configure:8443: checking for setlocale
configure:8443: /home/beyond2002/buildroot-2017.02.8/output/host/usr/bin/aarch64-linux-gnu-gcc -o conftest -D_LARGEFILE_SOURCE -D_LARGEFILE64_SOURCE -D_FILE_OFFSET_BITS=64  -Os  -D_LARGEFILE_SOURCE -D_LARGEFILE64_SOURCE -D_FILE_OFFSET_BITS=64  conftest.c -lm  >&5
configure:8443: $? = 0
configure:8443: result: yes
configure:8443: checking for strchr
configure:8443: /home/beyond2002/buildroot-2017.02.8/output/host/usr/bin/aarch64-linux-gnu-gcc -o conftest -D_LARGEFILE_SOURCE -D_LARGEFILE64_SOURCE -D_FILE_OFFSET_BITS=64  -Os  -D_LARGEFILE_SOURCE -D_LARGEFILE64_SOURCE -D_FILE_OFFSET_BITS=64  conftest.c -lm  >&5
conftest.c:82:6: warning: conflicting types for built-in function 'strchr'
 char strchr ();
      ^~~~~~
configure:8443: $? = 0
configure:8443: result: yes
configure:8443: checking for strtol
configure:8443: /home/beyond2002/buildroot-2017.02.8/output/host/usr/bin/aarch64-linux-gnu-gcc -o conftest -D_LARGEFILE_SOURCE -D_LARGEFILE64_SOURCE -D_FILE_OFFSET_BITS=64  -Os  -D_LARGEFILE_SOURCE -D_LARGEFILE64_SOURCE -D_FILE_OFFSET_BITS=64  conftest.c -lm  >&5
configure:8443: $? = 0
configure:8443: result: yes
configure:8583: creating ./config.status

## ---------------------- ##
## Running config.status. ##
## ---------------------- ##

This file was extended by the fast lexical analyser generator config.status 2.5.37, which was
generated by GNU Autoconf 2.65.  Invocation command line was

  CONFIG_FILES    = 
  CONFIG_HEADERS  = 
  CONFIG_LINKS    = 
  CONFIG_COMMANDS = 
  $ ./config.status 

on instance-1

config.status:9592: creating Makefile
config.status:9592: creating doc/Makefile
config.status:9592: creating examples/Makefile
config.status:9592: creating examples/fastwc/Makefile
config.status:9592: creating examples/manual/Makefile
config.status:9592: creating lib/Makefile
config.status:9592: creating po/Makefile.in
config.status:9703: WARNING:  'po/Makefile.in.in' seems to ignore the --datarootdir setting
config.status:9592: creating tools/Makefile
config.status:9592: creating tests/Makefile
config.status:9592: creating tests/TEMPLATE/Makefile
config.status:9592: creating tests/test-array-nr/Makefile
config.status:9592: creating tests/test-array-r/Makefile
config.status:9592: creating tests/test-basic-nr/Makefile
config.status:9592: creating tests/test-basic-r/Makefile
config.status:9592: creating tests/test-bison-yylloc/Makefile
config.status:9592: creating tests/test-bison-yylval/Makefile
config.status:9592: creating tests/test-c-cpp-nr/Makefile
config.status:9592: creating tests/test-c-cpp-r/Makefile
config.status:9592: creating tests/test-header-nr/Makefile
config.status:9592: creating tests/test-header-r/Makefile
config.status:9592: creating tests/test-include-by-buffer/Makefile
config.status:9592: creating tests/test-include-by-push/Makefile
config.status:9592: creating tests/test-include-by-reentrant/Makefile
config.status:9592: creating tests/test-multiple-scanners-nr/Makefile
config.status:9592: creating tests/test-multiple-scanners-r/Makefile
config.status:9592: creating tests/test-noansi-nr/Makefile
config.status:9592: creating tests/test-noansi-r/Makefile
config.status:9592: creating tests/test-prefix-nr/Makefile
config.status:9592: creating tests/test-prefix-r/Makefile
config.status:9592: creating tests/test-pthread/Makefile
config.status:9592: creating tests/test-string-nr/Makefile
config.status:9592: creating tests/test-string-r/Makefile
config.status:9592: creating tests/test-yyextra/Makefile
config.status:9592: creating tests/test-alloc-extra/Makefile
config.status:9592: creating tests/test-lineno-nr/Makefile
config.status:9592: creating tests/test-lineno-r/Makefile
config.status:9592: creating tests/test-linedir-r/Makefile
config.status:9592: creating tests/test-debug-r/Makefile
config.status:9592: creating tests/test-debug-nr/Makefile
config.status:9592: creating tests/test-mem-nr/Makefile
config.status:9592: creating tests/test-mem-r/Makefile
config.status:9592: creating tests/test-posix/Makefile
config.status:9592: creating tests/test-posixly-correct/Makefile
config.status:9592: creating tests/test-table-opts/Makefile
config.status:9592: creating tests/test-c++-basic/Makefile
config.status:9592: creating tests/test-bison-nr/Makefile
config.status:9592: creating tests/test-reject/Makefile
config.status:9592: creating tests/test-c++-multiple-scanners/Makefile
config.status:9592: creating tests/test-top/Makefile
config.status:9592: creating tests/test-rescan-nr/Makefile
config.status:9592: creating tests/test-rescan-r/Makefile
config.status:9592: creating tests/test-quotes/Makefile
config.status:9592: creating tests/test-ccl/Makefile
config.status:9592: creating tests/test-extended/Makefile
config.status:9592: creating tests/test-c++-yywrap/Makefile
config.status:9592: creating tests/test-concatenated-options/Makefile
config.status:9592: creating config.h
config.status:9818: executing default-1 commands
config.status:9818: executing depfiles commands
configure:10055: WARNING: unrecognized options: --disable-gtk-doc, --disable-gtk-doc-html, --disable-doc, --disable-docs, --disable-documentation, --with-xmlto, --with-fop, --enable-ipv6, --disable-static, --enable-shared

## ---------------- ##
## Cache variables. ##
## ---------------- ##

ac_cv_build='x86_64-pc-linux-gnu'
ac_cv_c_bigendian='no'
ac_cv_c_compiler_gnu='yes'
ac_cv_c_const='yes'
ac_cv_cxx_compiler_gnu='yes'
ac_cv_env_CCC_set=''
ac_cv_env_CCC_value=''
ac_cv_env_CC_set='set'
ac_cv_env_CC_value='/home/beyond2002/buildroot-2017.02.8/output/host/usr/bin/aarch64-linux-gnu-gcc'
ac_cv_env_CFLAGS_set='set'
ac_cv_env_CFLAGS_value='-D_LARGEFILE_SOURCE -D_LARGEFILE64_SOURCE -D_FILE_OFFSET_BITS=64  -Os '
ac_cv_env_CPPFLAGS_set='set'
ac_cv_env_CPPFLAGS_value='-D_LARGEFILE_SOURCE -D_LARGEFILE64_SOURCE -D_FILE_OFFSET_BITS=64'
ac_cv_env_CPP_set='set'
ac_cv_env_CPP_value='/home/beyond2002/buildroot-2017.02.8/output/host/usr/bin/aarch64-linux-gnu-cpp'
ac_cv_env_CXXFLAGS_set='set'
ac_cv_env_CXXFLAGS_value='-D_LARGEFILE_SOURCE -D_LARGEFILE64_SOURCE -D_FILE_OFFSET_BITS=64  -Os '
ac_cv_env_CXX_set='set'
ac_cv_env_CXX_value='/home/beyond2002/buildroot-2017.02.8/output/host/usr/bin/aarch64-linux-gnu-g++'
ac_cv_env_LDFLAGS_set='set'
ac_cv_env_LDFLAGS_value=''
ac_cv_env_LIBS_set=''
ac_cv_env_LIBS_value=''
ac_cv_env_YACC_set=''
ac_cv_env_YACC_value=''
ac_cv_env_YFLAGS_set=''
ac_cv_env_YFLAGS_value=''
ac_cv_env_build_alias_set='set'
ac_cv_env_build_alias_value='x86_64-pc-linux-gnu'
ac_cv_env_host_alias_set='set'
ac_cv_env_host_alias_value='aarch64-buildroot-linux-gnu'
ac_cv_env_target_alias_set='set'
ac_cv_env_target_alias_value='aarch64-buildroot-linux-gnu'
ac_cv_func_alloca_works='yes'
ac_cv_func_calloc_0_nonnull='yes'
ac_cv_func_dup2='yes'
ac_cv_func_fork='yes'
ac_cv_func_fork_works='yes'
ac_cv_func_isascii='yes'
ac_cv_func_malloc_0_nonnull='yes'
ac_cv_func_memcmp_working='yes'
ac_cv_func_memset='yes'
ac_cv_func_mmap_fixed_mapped='yes'
ac_cv_func_pow='yes'
ac_cv_func_realloc_0_nonnull='yes'
ac_cv_func_regcomp='yes'
ac_cv_func_setlocale='yes'
ac_cv_func_strchr='yes'
ac_cv_func_strtol='yes'
ac_cv_func_vfork='yes'
ac_cv_func_vfork_works='yes'
ac_cv_have_decl_malloc='yes'
ac_cv_header_inttypes_h='yes'
ac_cv_header_libintl_h='yes'
ac_cv_header_limits_h='yes'
ac_cv_header_locale_h='yes'
ac_cv_header_malloc_h='yes'
ac_cv_header_memory_h='yes'
ac_cv_header_netinet_in_h='yes'
ac_cv_header_pthread_h='yes'
ac_cv_header_regex_h='yes'
ac_cv_header_stdbool_h='yes'
ac_cv_header_stdc='yes'
ac_cv_header_stddef_h='yes'
ac_cv_header_stdint_h='yes'
ac_cv_header_stdlib_h='yes'
ac_cv_header_string_h='yes'
ac_cv_header_strings_h='yes'
ac_cv_header_sys_stat_h='yes'
ac_cv_header_sys_types_h='yes'
ac_cv_header_sys_wait_h='yes'
ac_cv_header_unistd_h='yes'
ac_cv_header_vfork_h='no'
ac_cv_host='aarch64-buildroot-linux-gnu'
ac_cv_lbl_unaligned_fail='yes'
ac_cv_lib_m_log10='yes'
ac_cv_lib_pthread_pthread_mutex_lock='yes'
ac_cv_objext='o'
ac_cv_path_BISON='bison'
ac_cv_path_EGREP='/bin/grep -E'
ac_cv_path_GMSGFMT=':'
ac_cv_path_GREP='/bin/grep'
ac_cv_path_HELP2MAN='help2man'
ac_cv_path_INDENT='indent'
ac_cv_path_M4='/usr/bin/m4'
ac_cv_path_MSGFMT=':'
ac_cv_path_MSGMERGE=':'
ac_cv_path_XGETTEXT=':'
ac_cv_path_install='/usr/bin/install -c'
ac_cv_path_mkdir='/bin/mkdir'
ac_cv_prog_AWK='gawk'
ac_cv_prog_CC='/home/beyond2002/buildroot-2017.02.8/output/host/usr/bin/aarch64-linux-gnu-gcc'
ac_cv_prog_CPP='/home/beyond2002/buildroot-2017.02.8/output/host/usr/bin/aarch64-linux-gnu-cpp'
ac_cv_prog_RANLIB='/home/beyond2002/buildroot-2017.02.8/output/host/usr/bin/aarch64-linux-gnu-ranlib'
ac_cv_prog_STRIP='/home/beyond2002/buildroot-2017.02.8/output/host/usr/bin/aarch64-linux-gnu-strip'
ac_cv_prog_cc__home_beyond2002_buildroot_2017_02_8_output_host_usr_bin_aarch64_linux_gnu_gcc_c_o='yes'
ac_cv_prog_cc_c89=''
ac_cv_prog_cc_g='yes'
ac_cv_prog_cxx_g='yes'
ac_cv_prog_make_make_set='yes'
ac_cv_type__Bool='yes'
ac_cv_type_pid_t='yes'
ac_cv_type_size_t='yes'
ac_cv_working_alloca_h='yes'
acl_cv_hardcode_direct='no'
acl_cv_hardcode_libdir_flag_spec='${wl}-rpath ${wl}$libdir'
acl_cv_hardcode_libdir_separator=''
acl_cv_hardcode_minus_L='no'
acl_cv_libext='a'
acl_cv_path_LD='/home/beyond2002/buildroot-2017.02.8/output/host/usr/bin/aarch64-linux-gnu-ld'
acl_cv_prog_gnu_ld='yes'
acl_cv_rpath='done'
acl_cv_shlibext='so'
acl_cv_wl='-Wl,'
am_cv_CC_dependencies_compiler_type='none'
am_cv_CXX_dependencies_compiler_type='none'
gl_cv_func_malloc_0_nonnull='yes'
gt_cv_func_gnugettext1_libc='yes'
lt_cv_sys_lib_search_path_spec=''

## ----------------- ##
## Output variables. ##
## ----------------- ##

ACLOCAL='${SHELL} /home/beyond2002/buildroot-2017.02.8/output/build/flex-2.5.37/missing --run aclocal-1.11'
ALLOCA=''
AMDEPBACKSLASH=''
AMDEP_FALSE=''
AMDEP_TRUE='#'
AMTAR='${SHELL} /home/beyond2002/buildroot-2017.02.8/output/build/flex-2.5.37/missing --run tar'
AUTOCONF='${SHELL} /home/beyond2002/buildroot-2017.02.8/output/build/flex-2.5.37/missing --run autoconf'
AUTOHEADER='${SHELL} /home/beyond2002/buildroot-2017.02.8/output/build/flex-2.5.37/missing --run autoheader'
AUTOMAKE='${SHELL} /home/beyond2002/buildroot-2017.02.8/output/build/flex-2.5.37/missing --run automake-1.11'
AWK='gawk'
BISON='bison'
CC='/home/beyond2002/buildroot-2017.02.8/output/host/usr/bin/aarch64-linux-gnu-gcc'
CCDEPMODE='depmode=none'
CFLAGS='-D_LARGEFILE_SOURCE -D_LARGEFILE64_SOURCE -D_FILE_OFFSET_BITS=64  -Os '
CPP='/home/beyond2002/buildroot-2017.02.8/output/host/usr/bin/aarch64-linux-gnu-cpp'
CPPFLAGS='-D_LARGEFILE_SOURCE -D_LARGEFILE64_SOURCE -D_FILE_OFFSET_BITS=64'
CXX='/home/beyond2002/buildroot-2017.02.8/output/host/usr/bin/aarch64-linux-gnu-g++'
CXXDEPMODE='depmode=none'
CXXFLAGS='-D_LARGEFILE_SOURCE -D_LARGEFILE64_SOURCE -D_FILE_OFFSET_BITS=64  -Os '
CYGPATH_W='echo'
DEFS='-DHAVE_CONFIG_H'
DEPDIR='.deps'
ECHO_C=''
ECHO_N='-n'
ECHO_T=''
EGREP='/bin/grep -E'
EXEEXT=''
GMSGFMT=':'
GREP='/bin/grep'
HELP2MAN='help2man'
INDENT='indent'
INSTALL_DATA='${INSTALL} -m 644'
INSTALL_PROGRAM='${INSTALL}'
INSTALL_SCRIPT='${INSTALL}'
INSTALL_STRIP_PROGRAM='$(install_sh) -c -s'
INTLLIBS=''
LDFLAGS=''
LEX='${SHELL} /home/beyond2002/buildroot-2017.02.8/output/build/flex-2.5.37/missing --run flex'
LEXLIB=''
LEX_OUTPUT_ROOT=''
LIBICONV='-liconv'
LIBINTL=''
LIBOBJS=''
LIBS='-lm '
LN_S='ln -s'
LTLIBICONV='-liconv'
LTLIBINTL=''
LTLIBOBJS=''
M4='/usr/bin/m4'
MAKEINFO='${SHELL} /home/beyond2002/buildroot-2017.02.8/output/build/flex-2.5.37/missing --run makeinfo'
MKDIR_P='/bin/mkdir -p'
MKINSTALLDIRS='$(top_builddir)/./mkinstalldirs'
MSGFMT=':'
MSGMERGE=':'
OBJEXT='o'
PACKAGE='flex'
PACKAGE_BUGREPORT='flex-help@lists.sourceforge.net'
PACKAGE_NAME='the fast lexical analyser generator'
PACKAGE_STRING='the fast lexical analyser generator 2.5.37'
PACKAGE_TARNAME='flex'
PACKAGE_URL=''
PACKAGE_VERSION='2.5.37'
PATH_SEPARATOR=':'
POSUB='po'
RANLIB='/home/beyond2002/buildroot-2017.02.8/output/host/usr/bin/aarch64-linux-gnu-ranlib'
SET_MAKE=''
SHELL='/bin/bash'
STRIP='/home/beyond2002/buildroot-2017.02.8/output/host/usr/bin/aarch64-linux-gnu-strip'
USE_NLS='yes'
VERSION='2.5.37'
XGETTEXT=':'
YACC='yacc'
YFLAGS=''
ac_ct_CC=''
ac_ct_CXX=''
am__EXEEXT_FALSE=''
am__EXEEXT_TRUE='#'
am__fastdepCC_FALSE=''
am__fastdepCC_TRUE='#'
am__fastdepCXX_FALSE=''
am__fastdepCXX_TRUE='#'
am__include='include'
am__isrc=''
am__leading_dot='.'
am__quote=''
am__tar='${AMTAR} chof - "$$tardir"'
am__untar='${AMTAR} xf -'
bindir='${exec_prefix}/bin'
build='x86_64-pc-linux-gnu'
build_alias='x86_64-pc-linux-gnu'
build_cpu='x86_64'
build_os='linux-gnu'
build_vendor='pc'
datadir='${datarootdir}'
datarootdir='${prefix}/share'
docdir='${datarootdir}/doc/${PACKAGE_TARNAME}'
dvidir='${docdir}'
exec_prefix='/usr'
host='aarch64-buildroot-linux-gnu'
host_alias='aarch64-buildroot-linux-gnu'
host_cpu='aarch64'
host_os='linux-gnu'
host_vendor='buildroot'
htmldir='${docdir}'
includedir='${prefix}/include'
infodir='${datarootdir}/info'
install_sh='${SHELL} /home/beyond2002/buildroot-2017.02.8/output/build/flex-2.5.37/install-sh'
libdir='${exec_prefix}/lib'
libexecdir='${exec_prefix}/libexec'
localedir='${datarootdir}/locale'
localstatedir='/var'
mandir='${datarootdir}/man'
mkdir_p='/bin/mkdir -p'
oldincludedir='/usr/include'
pdfdir='${docdir}'
prefix='/usr'
program_transform_name='s&^&&'
psdir='${docdir}'
sbindir='${exec_prefix}/sbin'
sharedstatedir='${prefix}/com'
sysconfdir='/etc'
target_alias='aarch64-buildroot-linux-gnu'

## ----------- ##
## confdefs.h. ##
## ----------- ##

/* confdefs.h */
#define PACKAGE_NAME "the fast lexical analyser generator"
#define PACKAGE_TARNAME "flex"
#define PACKAGE_VERSION "2.5.37"
#define PACKAGE_STRING "the fast lexical analyser generator 2.5.37"
#define PACKAGE_BUGREPORT "flex-help@lists.sourceforge.net"
#define PACKAGE_URL ""
#define PACKAGE "flex"
#define VERSION "2.5.37"
#define ENABLE_NLS 1
#define HAVE_GETTEXT 1
#define HAVE_DCGETTEXT 1
#define M4 "/usr/bin/m4"
#define STDC_HEADERS 1
#define HAVE_SYS_WAIT_H 1
#define HAVE_SYS_TYPES_H 1
#define HAVE_SYS_STAT_H 1
#define HAVE_STDLIB_H 1
#define HAVE_STRING_H 1
#define HAVE_MEMORY_H 1
#define HAVE_STRINGS_H 1
#define HAVE_INTTYPES_H 1
#define HAVE_STDINT_H 1
#define HAVE_UNISTD_H 1
#define HAVE_INTTYPES_H 1
#define HAVE_LIBINTL_H 1
#define HAVE_LIMITS_H 1
#define HAVE_LOCALE_H 1
#define HAVE_MALLOC_H 1
#define HAVE_NETINET_IN_H 1
#define HAVE_REGEX_H 1
#define HAVE_STDDEF_H 1
#define HAVE_STDLIB_H 1
#define HAVE_STRING_H 1
#define HAVE_STRINGS_H 1
#define HAVE_UNISTD_H 1
#define HAVE_LIBPTHREAD 1
#define HAVE_PTHREAD_H 1
#define HAVE_LIBM 1
#define HAVE__BOOL 1
#define HAVE_STDBOOL_H 1
#define HAVE_ALLOCA_H 1
#define HAVE_ALLOCA 1
#define HAVE_FORK 1
#define HAVE_VFORK 1
#define HAVE_WORKING_VFORK 1
#define HAVE_WORKING_FORK 1
#define HAVE_STDLIB_H 1
#define HAVE_MALLOC 1
#define HAVE_STDLIB_H 1
#define HAVE_REALLOC 1
#define HAVE_DUP2 1
#define HAVE_ISASCII 1
#define HAVE_MEMSET 1
#define HAVE_POW 1
#define HAVE_REGCOMP 1
#define HAVE_SETLOCALE 1
#define HAVE_STRCHR 1
#define HAVE_STRTOL 1

configure: exit 0
