This file contains any messages produced by compilers while
running configure, to aid debugging if configure makes a mistake.

It was created by subversion configure 1.9.7, which was
generated by GNU Autoconf 2.69.  Invocation command line was

  $ ./configure --target=aarch64-buildroot-linux-gnu --host=aarch64-buildroot-linux-gnu --build=x86_64-pc-linux-gnu --prefix=/usr --exec-prefix=/usr --sysconfdir=/etc --localstatedir=/var --program-prefix= --disable-gtk-doc --disable-gtk-doc-html --disable-doc --disable-docs --disable-documentation --with-xmlto=no --with-fop=no --disable-dependency-tracking --enable-ipv6 --disable-static --enable-shared --with-expat=/home/beyond2002/buildroot-2017.02.8/output/host/usr/aarch64-buildroot-linux-gnu/sysroot/usr/include:/home/beyond2002/buildroot-2017.02.8/output/host/usr/aarch64-buildroot-linux-gnu/sysroot/usr/lib: --with-apr=/home/beyond2002/buildroot-2017.02.8/output/host/usr/aarch64-buildroot-linux-gnu/sysroot/usr --with-apr-util=/home/beyond2002/buildroot-2017.02.8/output/host/usr/aarch64-buildroot-linux-gnu/sysroot/usr --with-zlib=/home/beyond2002/buildroot-2017.02.8/output/host/usr/aarch64-buildroot-linux-gnu/sysroot/usr --without-serf --without-apxs --without-berkeley-db --without-sasl --without-gnome-keyring --without-libmagic

## --------- ##
## Platform. ##
## --------- ##

hostname = instance-1
uname -m = x86_64
uname -r = 4.10.0-42-generic
uname -s = Linux
uname -v = #46~16.04.1-Ubuntu SMP Mon Dec 4 15:57:59 UTC 2017

/usr/bin/uname -p = unknown
/bin/uname -X     = unknown

/bin/arch              = unknown
/usr/bin/arch -k       = unknown
/usr/convex/getsysinfo = unknown
/usr/bin/hostinfo      = unknown
/bin/machine           = unknown
/usr/bin/oslevel       = unknown
/bin/universe          = unknown

PATH: /home/beyond2002/buildroot-2017.02.8/output/host/bin
PATH: /home/beyond2002/buildroot-2017.02.8/output/host/sbin
PATH: /home/beyond2002/buildroot-2017.02.8/output/host/usr/bin
PATH: /home/beyond2002/buildroot-2017.02.8/output/host/usr/sbin
PATH: /home/beyond2002/bin
PATH: /home/beyond2002/.local/bin
PATH: /usr/local/sbin
PATH: /usr/local/bin
PATH: /usr/sbin
PATH: /usr/bin
PATH: /sbin
PATH: /bin
PATH: /usr/games
PATH: /usr/local/games
PATH: /snap/bin


## ----------- ##
## Core tests. ##
## ----------- ##

configure:2676: Configuring Subversion 1.9.7
configure:2695: creating config.nice
configure:2726: checking for aarch64-buildroot-linux-gnu-gcc
configure:2753: result: /home/beyond2002/buildroot-2017.02.8/output/host/usr/bin/aarch64-linux-gnu-gcc
configure:3022: checking for C compiler version
configure:3031: /home/beyond2002/buildroot-2017.02.8/output/host/usr/bin/aarch64-linux-gnu-gcc --version >&5
aarch64-linux-gnu-gcc (Linaro GCC 6.4-2017.08) 6.4.1 20170707
Copyright (C) 2017 Free Software Foundation, Inc.
This is free software; see the source for copying conditions.  There is NO
warranty; not even for MERCHANTABILITY or FITNESS FOR A PARTICULAR PURPOSE.

configure:3042: $? = 0
configure:3031: /home/beyond2002/buildroot-2017.02.8/output/host/usr/bin/aarch64-linux-gnu-gcc -v >&5
Using built-in specs.
COLLECT_GCC=/home/beyond2002/buildroot-2017.02.8/output/host/opt/ext-toolchain/bin/aarch64-linux-gnu-gcc
COLLECT_LTO_WRAPPER=/home/beyond2002/buildroot-2017.02.8/output/host/opt/ext-toolchain/bin/../libexec/gcc/aarch64-linux-gnu/6.4.1/lto-wrapper
Target: aarch64-linux-gnu
Configured with: '/home/tcwg-buildslave/workspace/tcwg-make-release/builder_arch/amd64/label/tcwg-x86_64-build/target/aarch64-linux-gnu/snapshots/gcc.git~linaro-6.4-2017.08/configure' SHELL=/bin/bash --with-mpc=/home/tcwg-buildslave/workspace/tcwg-make-release/builder_arch/amd64/label/tcwg-x86_64-build/target/aarch64-linux-gnu/_build/builds/destdir/x86_64-unknown-linux-gnu --with-mpfr=/home/tcwg-buildslave/workspace/tcwg-make-release/builder_arch/amd64/label/tcwg-x86_64-build/target/aarch64-linux-gnu/_build/builds/destdir/x86_64-unknown-linux-gnu --with-gmp=/home/tcwg-buildslave/workspace/tcwg-make-release/builder_arch/amd64/label/tcwg-x86_64-build/target/aarch64-linux-gnu/_build/builds/destdir/x86_64-unknown-linux-gnu --with-gnu-as --with-gnu-ld --disable-libmudflap --enable-lto --enable-shared --without-included-gettext --enable-nls --disable-sjlj-exceptions --enable-gnu-unique-object --enable-linker-build-id --disable-libstdcxx-pch --enable-c99 --enable-clocale=gnu --enable-libstdcxx-debug --enable-long-long --with-cloog=no --with-ppl=no --with-isl=no --disable-multilib --enable-fix-cortex-a53-835769 --enable-fix-cortex-a53-843419 --with-arch=armv8-a --enable-threads=posix --enable-multiarch --enable-libstdcxx-time=yes --enable-gnu-indirect-function --with-build-sysroot=/home/tcwg-buildslave/workspace/tcwg-make-release/builder_arch/amd64/label/tcwg-x86_64-build/target/aarch64-linux-gnu/_build/sysroots/aarch64-linux-gnu --with-sysroot=/home/tcwg-buildslave/workspace/tcwg-make-release/builder_arch/amd64/label/tcwg-x86_64-build/target/aarch64-linux-gnu/_build/builds/destdir/x86_64-unknown-linux-gnu/aarch64-linux-gnu/libc --enable-checking=release --disable-bootstrap --enable-languages=c,c++,fortran,lto --build=x86_64-unknown-linux-gnu --host=x86_64-unknown-linux-gnu --target=aarch64-linux-gnu --prefix=/home/tcwg-buildslave/workspace/tcwg-make-release/builder_arch/amd64/label/tcwg-x86_64-build/target/aarch64-linux-gnu/_build/builds/destdir/x86_64-unknown-linux-gnu
Thread model: posix
gcc version 6.4.1 20170707 (Linaro GCC 6.4-2017.08) 
configure:3042: $? = 0
configure:3031: /home/beyond2002/buildroot-2017.02.8/output/host/usr/bin/aarch64-linux-gnu-gcc -V >&5
aarch64-linux-gnu-gcc: error: unrecognized command line option '-V'
aarch64-linux-gnu-gcc: fatal error: no input files
compilation terminated.
configure:3042: $? = 1
configure:3031: /home/beyond2002/buildroot-2017.02.8/output/host/usr/bin/aarch64-linux-gnu-gcc -qversion >&5
aarch64-linux-gnu-gcc: error: unrecognized command line option '-qversion'; did you mean '--version'?
aarch64-linux-gnu-gcc: fatal error: no input files
compilation terminated.
configure:3042: $? = 1
configure:3062: checking whether the C compiler works
configure:3084: /home/beyond2002/buildroot-2017.02.8/output/host/usr/bin/aarch64-linux-gnu-gcc -D_LARGEFILE_SOURCE -D_LARGEFILE64_SOURCE -D_FILE_OFFSET_BITS=64  -Os  -D_LARGEFILE_SOURCE -D_LARGEFILE64_SOURCE -D_FILE_OFFSET_BITS=64  conftest.c  >&5
configure:3088: $? = 0
configure:3136: result: yes
configure:3139: checking for C compiler default output file name
configure:3141: result: a.out
configure:3147: checking for suffix of executables
configure:3154: /home/beyond2002/buildroot-2017.02.8/output/host/usr/bin/aarch64-linux-gnu-gcc -o conftest -D_LARGEFILE_SOURCE -D_LARGEFILE64_SOURCE -D_FILE_OFFSET_BITS=64  -Os  -D_LARGEFILE_SOURCE -D_LARGEFILE64_SOURCE -D_FILE_OFFSET_BITS=64  conftest.c  >&5
configure:3158: $? = 0
configure:3180: result: 
configure:3202: checking whether we are cross compiling
configure:3240: result: yes
configure:3245: checking for suffix of object files
configure:3267: /home/beyond2002/buildroot-2017.02.8/output/host/usr/bin/aarch64-linux-gnu-gcc -c -D_LARGEFILE_SOURCE -D_LARGEFILE64_SOURCE -D_FILE_OFFSET_BITS=64  -Os  -D_LARGEFILE_SOURCE -D_LARGEFILE64_SOURCE -D_FILE_OFFSET_BITS=64 conftest.c >&5
configure:3271: $? = 0
configure:3292: result: o
configure:3296: checking whether we are using the GNU C compiler
configure:3315: /home/beyond2002/buildroot-2017.02.8/output/host/usr/bin/aarch64-linux-gnu-gcc -c -D_LARGEFILE_SOURCE -D_LARGEFILE64_SOURCE -D_FILE_OFFSET_BITS=64  -Os  -D_LARGEFILE_SOURCE -D_LARGEFILE64_SOURCE -D_FILE_OFFSET_BITS=64 conftest.c >&5
configure:3315: $? = 0
configure:3324: result: yes
configure:3333: checking whether /home/beyond2002/buildroot-2017.02.8/output/host/usr/bin/aarch64-linux-gnu-gcc accepts -g
configure:3353: /home/beyond2002/buildroot-2017.02.8/output/host/usr/bin/aarch64-linux-gnu-gcc -c -g -D_LARGEFILE_SOURCE -D_LARGEFILE64_SOURCE -D_FILE_OFFSET_BITS=64 conftest.c >&5
configure:3353: $? = 0
configure:3394: result: yes
configure:3411: checking for /home/beyond2002/buildroot-2017.02.8/output/host/usr/bin/aarch64-linux-gnu-gcc option to accept ISO C89
configure:3474: /home/beyond2002/buildroot-2017.02.8/output/host/usr/bin/aarch64-linux-gnu-gcc  -c -D_LARGEFILE_SOURCE -D_LARGEFILE64_SOURCE -D_FILE_OFFSET_BITS=64  -Os  -D_LARGEFILE_SOURCE -D_LARGEFILE64_SOURCE -D_FILE_OFFSET_BITS=64 conftest.c >&5
configure:3474: $? = 0
configure:3487: result: none needed
configure:3521: checking if /home/beyond2002/buildroot-2017.02.8/output/host/usr/bin/aarch64-linux-gnu-gcc accepts -std=c90
configure:3528: /home/beyond2002/buildroot-2017.02.8/output/host/usr/bin/aarch64-linux-gnu-gcc -o conftest -std=c90  -D_LARGEFILE_SOURCE -D_LARGEFILE64_SOURCE -D_FILE_OFFSET_BITS=64  conftest.c  >&5
configure:3528: $? = 0
configure:3530: result: yes
configure:3643: checking if /home/beyond2002/buildroot-2017.02.8/output/host/usr/bin/aarch64-linux-gnu-gcc accepts -w
configure:3650: /home/beyond2002/buildroot-2017.02.8/output/host/usr/bin/aarch64-linux-gnu-gcc -o conftest -w  -D_LARGEFILE_SOURCE -D_LARGEFILE64_SOURCE -D_FILE_OFFSET_BITS=64  conftest.c  >&5
configure:3650: $? = 0
configure:3652: result: yes
configure:3692: checking if /home/beyond2002/buildroot-2017.02.8/output/host/usr/bin/aarch64-linux-gnu-gcc accepts -Werror=unknown-warning-option
configure:3699: /home/beyond2002/buildroot-2017.02.8/output/host/usr/bin/aarch64-linux-gnu-gcc -o conftest -Werror=unknown-warning-option -D_LARGEFILE_SOURCE -D_LARGEFILE64_SOURCE -D_FILE_OFFSET_BITS=64  -Os  -D_LARGEFILE_SOURCE -D_LARGEFILE64_SOURCE -D_FILE_OFFSET_BITS=64  conftest.c  >&5
cc1: error: -Werror=unknown-warning-option: no option -Wunknown-warning-option
configure:3699: $? = 1
configure: failed program was:
| /* confdefs.h */
| #define PACKAGE_NAME "subversion"
| #define PACKAGE_TARNAME "subversion"
| #define PACKAGE_VERSION "1.9.7"
| #define PACKAGE_STRING "subversion 1.9.7"
| #define PACKAGE_BUGREPORT "http://subversion.apache.org/"
| #define PACKAGE_URL ""
| /* end confdefs.h.  */
| int main(void){return 0;}
configure:3707: result: no
configure:3839: checking for C++ compiler version
configure:3848: /home/beyond2002/buildroot-2017.02.8/output/host/usr/bin/aarch64-linux-gnu-g++ --version >&5
aarch64-linux-gnu-g++ (Linaro GCC 6.4-2017.08) 6.4.1 20170707
Copyright (C) 2017 Free Software Foundation, Inc.
This is free software; see the source for copying conditions.  There is NO
warranty; not even for MERCHANTABILITY or FITNESS FOR A PARTICULAR PURPOSE.

configure:3859: $? = 0
configure:3848: /home/beyond2002/buildroot-2017.02.8/output/host/usr/bin/aarch64-linux-gnu-g++ -v >&5
Using built-in specs.
COLLECT_GCC=/home/beyond2002/buildroot-2017.02.8/output/host/opt/ext-toolchain/bin/aarch64-linux-gnu-g++
COLLECT_LTO_WRAPPER=/home/beyond2002/buildroot-2017.02.8/output/host/opt/ext-toolchain/bin/../libexec/gcc/aarch64-linux-gnu/6.4.1/lto-wrapper
Target: aarch64-linux-gnu
Configured with: '/home/tcwg-buildslave/workspace/tcwg-make-release/builder_arch/amd64/label/tcwg-x86_64-build/target/aarch64-linux-gnu/snapshots/gcc.git~linaro-6.4-2017.08/configure' SHELL=/bin/bash --with-mpc=/home/tcwg-buildslave/workspace/tcwg-make-release/builder_arch/amd64/label/tcwg-x86_64-build/target/aarch64-linux-gnu/_build/builds/destdir/x86_64-unknown-linux-gnu --with-mpfr=/home/tcwg-buildslave/workspace/tcwg-make-release/builder_arch/amd64/label/tcwg-x86_64-build/target/aarch64-linux-gnu/_build/builds/destdir/x86_64-unknown-linux-gnu --with-gmp=/home/tcwg-buildslave/workspace/tcwg-make-release/builder_arch/amd64/label/tcwg-x86_64-build/target/aarch64-linux-gnu/_build/builds/destdir/x86_64-unknown-linux-gnu --with-gnu-as --with-gnu-ld --disable-libmudflap --enable-lto --enable-shared --without-included-gettext --enable-nls --disable-sjlj-exceptions --enable-gnu-unique-object --enable-linker-build-id --disable-libstdcxx-pch --enable-c99 --enable-clocale=gnu --enable-libstdcxx-debug --enable-long-long --with-cloog=no --with-ppl=no --with-isl=no --disable-multilib --enable-fix-cortex-a53-835769 --enable-fix-cortex-a53-843419 --with-arch=armv8-a --enable-threads=posix --enable-multiarch --enable-libstdcxx-time=yes --enable-gnu-indirect-function --with-build-sysroot=/home/tcwg-buildslave/workspace/tcwg-make-release/builder_arch/amd64/label/tcwg-x86_64-build/target/aarch64-linux-gnu/_build/sysroots/aarch64-linux-gnu --with-sysroot=/home/tcwg-buildslave/workspace/tcwg-make-release/builder_arch/amd64/label/tcwg-x86_64-build/target/aarch64-linux-gnu/_build/builds/destdir/x86_64-unknown-linux-gnu/aarch64-linux-gnu/libc --enable-checking=release --disable-bootstrap --enable-languages=c,c++,fortran,lto --build=x86_64-unknown-linux-gnu --host=x86_64-unknown-linux-gnu --target=aarch64-linux-gnu --prefix=/home/tcwg-buildslave/workspace/tcwg-make-release/builder_arch/amd64/label/tcwg-x86_64-build/target/aarch64-linux-gnu/_build/builds/destdir/x86_64-unknown-linux-gnu
Thread model: posix
gcc version 6.4.1 20170707 (Linaro GCC 6.4-2017.08) 
configure:3859: $? = 0
configure:3848: /home/beyond2002/buildroot-2017.02.8/output/host/usr/bin/aarch64-linux-gnu-g++ -V >&5
aarch64-linux-gnu-g++: error: unrecognized command line option '-V'
aarch64-linux-gnu-g++: fatal error: no input files
compilation terminated.
configure:3859: $? = 1
configure:3848: /home/beyond2002/buildroot-2017.02.8/output/host/usr/bin/aarch64-linux-gnu-g++ -qversion >&5
aarch64-linux-gnu-g++: error: unrecognized command line option '-qversion'; did you mean '--version'?
aarch64-linux-gnu-g++: fatal error: no input files
compilation terminated.
configure:3859: $? = 1
configure:3863: checking whether we are using the GNU C++ compiler
configure:3882: /home/beyond2002/buildroot-2017.02.8/output/host/usr/bin/aarch64-linux-gnu-g++ -c -D_LARGEFILE_SOURCE -D_LARGEFILE64_SOURCE -D_FILE_OFFSET_BITS=64  -Os  -D_LARGEFILE_SOURCE -D_LARGEFILE64_SOURCE -D_FILE_OFFSET_BITS=64 conftest.cpp >&5
configure:3882: $? = 0
configure:3891: result: yes
configure:3900: checking whether /home/beyond2002/buildroot-2017.02.8/output/host/usr/bin/aarch64-linux-gnu-g++ accepts -g
configure:3920: /home/beyond2002/buildroot-2017.02.8/output/host/usr/bin/aarch64-linux-gnu-g++ -c -g -D_LARGEFILE_SOURCE -D_LARGEFILE64_SOURCE -D_FILE_OFFSET_BITS=64 conftest.cpp >&5
configure:3920: $? = 0
configure:3961: result: yes
configure:3998: checking if /home/beyond2002/buildroot-2017.02.8/output/host/usr/bin/aarch64-linux-gnu-g++ accepts -std=c++98
configure:4005: /home/beyond2002/buildroot-2017.02.8/output/host/usr/bin/aarch64-linux-gnu-g++ -o conftest -std=c++98  -D_LARGEFILE_SOURCE -D_LARGEFILE64_SOURCE -D_FILE_OFFSET_BITS=64  conftest.cpp  >&5
configure:4005: $? = 0
configure:4007: result: yes
configure:4042: checking if /home/beyond2002/buildroot-2017.02.8/output/host/usr/bin/aarch64-linux-gnu-g++ accepts -w
configure:4049: /home/beyond2002/buildroot-2017.02.8/output/host/usr/bin/aarch64-linux-gnu-g++ -o conftest -w  -D_LARGEFILE_SOURCE -D_LARGEFILE64_SOURCE -D_FILE_OFFSET_BITS=64  conftest.cpp  >&5
configure:4049: $? = 0
configure:4051: result: yes
configure:4091: checking if /home/beyond2002/buildroot-2017.02.8/output/host/usr/bin/aarch64-linux-gnu-g++ accepts -Werror=unknown-warning-option
configure:4098: /home/beyond2002/buildroot-2017.02.8/output/host/usr/bin/aarch64-linux-gnu-g++ -o conftest -Werror=unknown-warning-option -D_LARGEFILE_SOURCE -D_LARGEFILE64_SOURCE -D_FILE_OFFSET_BITS=64  -Os  -D_LARGEFILE_SOURCE -D_LARGEFILE64_SOURCE -D_FILE_OFFSET_BITS=64  conftest.cpp  >&5
cc1plus: error: -Werror=unknown-warning-option: no option -Wunknown-warning-option
configure:4098: $? = 1
configure: failed program was:
| /* confdefs.h */
| #define PACKAGE_NAME "subversion"
| #define PACKAGE_TARNAME "subversion"
| #define PACKAGE_VERSION "1.9.7"
| #define PACKAGE_STRING "subversion 1.9.7"
| #define PACKAGE_BUGREPORT "http://subversion.apache.org/"
| #define PACKAGE_URL ""
| /* end confdefs.h.  */
| int main(){}
configure:4106: result: no
configure:4130: checking how to run the C preprocessor
configure:4200: result: /home/beyond2002/buildroot-2017.02.8/output/host/usr/bin/aarch64-linux-gnu-cpp
configure:4220: /home/beyond2002/buildroot-2017.02.8/output/host/usr/bin/aarch64-linux-gnu-cpp -D_LARGEFILE_SOURCE -D_LARGEFILE64_SOURCE -D_FILE_OFFSET_BITS=64 conftest.c
configure:4220: $? = 0
configure:4234: /home/beyond2002/buildroot-2017.02.8/output/host/usr/bin/aarch64-linux-gnu-cpp -D_LARGEFILE_SOURCE -D_LARGEFILE64_SOURCE -D_FILE_OFFSET_BITS=64 conftest.c
conftest.c:9:28: fatal error: ac_nonexistent.h: No such file or directory
 #include <ac_nonexistent.h>
                            ^
compilation terminated.
configure:4234: $? = 1
configure: failed program was:
| /* confdefs.h */
| #define PACKAGE_NAME "subversion"
| #define PACKAGE_TARNAME "subversion"
| #define PACKAGE_VERSION "1.9.7"
| #define PACKAGE_STRING "subversion 1.9.7"
| #define PACKAGE_BUGREPORT "http://subversion.apache.org/"
| #define PACKAGE_URL ""
| /* end confdefs.h.  */
| #include <ac_nonexistent.h>
configure:4265: checking for a sed that does not truncate output
configure:4329: result: /bin/sed
configure:4340: checking build system type
configure:4354: result: x86_64-pc-linux-gnu
configure:4374: checking host system type
configure:4387: result: aarch64-buildroot-linux-gnu
configure:4407: checking target system type
configure:4420: result: aarch64-buildroot-linux-gnu
configure:4448: checking for grep that handles long lines and -e
configure:4506: result: /bin/grep
configure:4511: checking for egrep
configure:4573: result: /bin/grep -E
configure:4579: checking whether ln -s works
configure:4583: result: yes
configure:4605: checking for a BSD-compatible install
configure:4673: result: /usr/bin/install -c
configure:4704: Apache Portable Runtime (APR) library configuration
configure:4732: checking for APR
configure:4808: result: yes
configure:4833: checking APR version
configure:4839: result: 1.6.3
configure:4954: Apache Portable Runtime Utility (APRUTIL) library configuration
configure:4982: checking for APR-util
configure:5058: result: yes
configure:5079: checking APRUTIL version
configure:5093: result: 1.6.1
configure:5197: checking for pkg-config
configure:5227: result: /home/beyond2002/buildroot-2017.02.8/output/host/usr/bin/pkg-config
configure:5237: checking for ANSI C header files
configure:5257: /home/beyond2002/buildroot-2017.02.8/output/host/usr/bin/aarch64-linux-gnu-gcc -c -D_LARGEFILE_SOURCE -D_LARGEFILE64_SOURCE -D_FILE_OFFSET_BITS=64  -Os    -D_LARGEFILE_SOURCE -D_LARGEFILE64_SOURCE -D_FILE_OFFSET_BITS=64   -DLINUX -D_REENTRANT -D_GNU_SOURCE conftest.c >&5
configure:5257: $? = 0
configure:5341: result: yes
configure:5354: checking for sys/types.h
configure:5354: /home/beyond2002/buildroot-2017.02.8/output/host/usr/bin/aarch64-linux-gnu-gcc -c -D_LARGEFILE_SOURCE -D_LARGEFILE64_SOURCE -D_FILE_OFFSET_BITS=64  -Os    -D_LARGEFILE_SOURCE -D_LARGEFILE64_SOURCE -D_FILE_OFFSET_BITS=64   -DLINUX -D_REENTRANT -D_GNU_SOURCE conftest.c >&5
configure:5354: $? = 0
configure:5354: result: yes
configure:5354: checking for sys/stat.h
configure:5354: /home/beyond2002/buildroot-2017.02.8/output/host/usr/bin/aarch64-linux-gnu-gcc -c -D_LARGEFILE_SOURCE -D_LARGEFILE64_SOURCE -D_FILE_OFFSET_BITS=64  -Os    -D_LARGEFILE_SOURCE -D_LARGEFILE64_SOURCE -D_FILE_OFFSET_BITS=64   -DLINUX -D_REENTRANT -D_GNU_SOURCE conftest.c >&5
configure:5354: $? = 0
configure:5354: result: yes
configure:5354: checking for stdlib.h
configure:5354: /home/beyond2002/buildroot-2017.02.8/output/host/usr/bin/aarch64-linux-gnu-gcc -c -D_LARGEFILE_SOURCE -D_LARGEFILE64_SOURCE -D_FILE_OFFSET_BITS=64  -Os    -D_LARGEFILE_SOURCE -D_LARGEFILE64_SOURCE -D_FILE_OFFSET_BITS=64   -DLINUX -D_REENTRANT -D_GNU_SOURCE conftest.c >&5
configure:5354: $? = 0
configure:5354: result: yes
configure:5354: checking for string.h
configure:5354: /home/beyond2002/buildroot-2017.02.8/output/host/usr/bin/aarch64-linux-gnu-gcc -c -D_LARGEFILE_SOURCE -D_LARGEFILE64_SOURCE -D_FILE_OFFSET_BITS=64  -Os    -D_LARGEFILE_SOURCE -D_LARGEFILE64_SOURCE -D_FILE_OFFSET_BITS=64   -DLINUX -D_REENTRANT -D_GNU_SOURCE conftest.c >&5
configure:5354: $? = 0
configure:5354: result: yes
configure:5354: checking for memory.h
configure:5354: /home/beyond2002/buildroot-2017.02.8/output/host/usr/bin/aarch64-linux-gnu-gcc -c -D_LARGEFILE_SOURCE -D_LARGEFILE64_SOURCE -D_FILE_OFFSET_BITS=64  -Os    -D_LARGEFILE_SOURCE -D_LARGEFILE64_SOURCE -D_FILE_OFFSET_BITS=64   -DLINUX -D_REENTRANT -D_GNU_SOURCE conftest.c >&5
configure:5354: $? = 0
configure:5354: result: yes
configure:5354: checking for strings.h
configure:5354: /home/beyond2002/buildroot-2017.02.8/output/host/usr/bin/aarch64-linux-gnu-gcc -c -D_LARGEFILE_SOURCE -D_LARGEFILE64_SOURCE -D_FILE_OFFSET_BITS=64  -Os    -D_LARGEFILE_SOURCE -D_LARGEFILE64_SOURCE -D_FILE_OFFSET_BITS=64   -DLINUX -D_REENTRANT -D_GNU_SOURCE conftest.c >&5
configure:5354: $? = 0
configure:5354: result: yes
configure:5354: checking for inttypes.h
configure:5354: /home/beyond2002/buildroot-2017.02.8/output/host/usr/bin/aarch64-linux-gnu-gcc -c -D_LARGEFILE_SOURCE -D_LARGEFILE64_SOURCE -D_FILE_OFFSET_BITS=64  -Os    -D_LARGEFILE_SOURCE -D_LARGEFILE64_SOURCE -D_FILE_OFFSET_BITS=64   -DLINUX -D_REENTRANT -D_GNU_SOURCE conftest.c >&5
configure:5354: $? = 0
configure:5354: result: yes
configure:5354: checking for stdint.h
configure:5354: /home/beyond2002/buildroot-2017.02.8/output/host/usr/bin/aarch64-linux-gnu-gcc -c -D_LARGEFILE_SOURCE -D_LARGEFILE64_SOURCE -D_FILE_OFFSET_BITS=64  -Os    -D_LARGEFILE_SOURCE -D_LARGEFILE64_SOURCE -D_FILE_OFFSET_BITS=64   -DLINUX -D_REENTRANT -D_GNU_SOURCE conftest.c >&5
configure:5354: $? = 0
configure:5354: result: yes
configure:5354: checking for unistd.h
configure:5354: /home/beyond2002/buildroot-2017.02.8/output/host/usr/bin/aarch64-linux-gnu-gcc -c -D_LARGEFILE_SOURCE -D_LARGEFILE64_SOURCE -D_FILE_OFFSET_BITS=64  -Os    -D_LARGEFILE_SOURCE -D_LARGEFILE64_SOURCE -D_FILE_OFFSET_BITS=64   -DLINUX -D_REENTRANT -D_GNU_SOURCE conftest.c >&5
configure:5354: $? = 0
configure:5354: result: yes
configure:5692: looking for apr_memcache as part of apr-util
configure:5696: checking apr_memcache.h usability
configure:5696: /home/beyond2002/buildroot-2017.02.8/output/host/usr/bin/aarch64-linux-gnu-gcc -c -D_LARGEFILE_SOURCE -D_LARGEFILE64_SOURCE -D_FILE_OFFSET_BITS=64  -Os    -D_LARGEFILE_SOURCE -D_LARGEFILE64_SOURCE -D_FILE_OFFSET_BITS=64   -DLINUX -D_REENTRANT -D_GNU_SOURCE  -I/home/beyond2002/buildroot-2017.02.8/output/host/usr/aarch64-buildroot-linux-gnu/sysroot/usr/include/apr-1   -I/home/beyond2002/buildroot-2017.02.8/output/host/usr/aarch64-buildroot-linux-gnu/sysroot/usr/include/apr-1  conftest.c >&5
configure:5696: $? = 0
configure:5696: result: yes
configure:5696: checking apr_memcache.h presence
configure:5696: /home/beyond2002/buildroot-2017.02.8/output/host/usr/bin/aarch64-linux-gnu-cpp -D_LARGEFILE_SOURCE -D_LARGEFILE64_SOURCE -D_FILE_OFFSET_BITS=64   -DLINUX -D_REENTRANT -D_GNU_SOURCE  -I/home/beyond2002/buildroot-2017.02.8/output/host/usr/aarch64-buildroot-linux-gnu/sysroot/usr/include/apr-1   -I/home/beyond2002/buildroot-2017.02.8/output/host/usr/aarch64-buildroot-linux-gnu/sysroot/usr/include/apr-1  conftest.c
configure:5696: $? = 0
configure:5696: result: yes
configure:5696: checking for apr_memcache.h
configure:5696: result: yes
configure:5701: checking for apr_memcache_create in -laprutil-1
configure:5726: /home/beyond2002/buildroot-2017.02.8/output/host/usr/bin/aarch64-linux-gnu-gcc -o conftest -D_LARGEFILE_SOURCE -D_LARGEFILE64_SOURCE -D_FILE_OFFSET_BITS=64  -Os    -D_LARGEFILE_SOURCE -D_LARGEFILE64_SOURCE -D_FILE_OFFSET_BITS=64   -DLINUX -D_REENTRANT -D_GNU_SOURCE  -I/home/beyond2002/buildroot-2017.02.8/output/host/usr/aarch64-buildroot-linux-gnu/sysroot/usr/include/apr-1   -I/home/beyond2002/buildroot-2017.02.8/output/host/usr/aarch64-buildroot-linux-gnu/sysroot/usr/include/apr-1     -L/home/beyond2002/buildroot-2017.02.8/output/host/usr/aarch64-buildroot-linux-gnu/sysroot/usr/lib -laprutil-1 conftest.c -laprutil-1   >&5
configure:5726: $? = 0
configure:5735: result: yes
configure:5781: checking for Apache module support via DSO through APXS
configure:5851: result: no
configure:6080: checking sqlite library
configure:6531: checking sqlite amalgamation
configure:6534: result: no
configure:6823: checking sqlite amalgamation
configure:6826: result: no
configure:7131: checking sqlite3.h usability
configure:7131: /home/beyond2002/buildroot-2017.02.8/output/host/usr/bin/aarch64-linux-gnu-gcc -c -D_LARGEFILE_SOURCE -D_LARGEFILE64_SOURCE -D_FILE_OFFSET_BITS=64  -Os    -D_LARGEFILE_SOURCE -D_LARGEFILE64_SOURCE -D_FILE_OFFSET_BITS=64   -DLINUX -D_REENTRANT -D_GNU_SOURCE conftest.c >&5
configure:7131: $? = 0
configure:7131: result: yes
configure:7131: checking sqlite3.h presence
configure:7131: /home/beyond2002/buildroot-2017.02.8/output/host/usr/bin/aarch64-linux-gnu-cpp -D_LARGEFILE_SOURCE -D_LARGEFILE64_SOURCE -D_FILE_OFFSET_BITS=64   -DLINUX -D_REENTRANT -D_GNU_SOURCE conftest.c
configure:7131: $? = 0
configure:7131: result: yes
configure:7131: checking for sqlite3.h
configure:7131: result: yes
configure:7134: checking sqlite library version (via header)
configure:7146: result: okay
configure:7148: checking for sqlite3_close in -lsqlite3
configure:7173: /home/beyond2002/buildroot-2017.02.8/output/host/usr/bin/aarch64-linux-gnu-gcc -o conftest -D_LARGEFILE_SOURCE -D_LARGEFILE64_SOURCE -D_FILE_OFFSET_BITS=64  -Os    -D_LARGEFILE_SOURCE -D_LARGEFILE64_SOURCE -D_FILE_OFFSET_BITS=64   -DLINUX -D_REENTRANT -D_GNU_SOURCE    conftest.c -lsqlite3   >&5
configure:7173: $? = 0
configure:7182: result: yes
configure:7330: checking whether the compiler provides atomic builtins
configure:7387: result: no
configure:7447: configuring libtool now
configure:7495: checking how to print strings
configure:7522: result: printf
configure:7543: checking for a sed that does not truncate output
configure:7607: result: /bin/sed
configure:7625: checking for fgrep
configure:7687: result: /bin/grep -F
configure:7722: checking for ld used by /home/beyond2002/buildroot-2017.02.8/output/host/usr/bin/aarch64-linux-gnu-gcc
configure:7789: result: /home/beyond2002/buildroot-2017.02.8/output/host/usr/bin/aarch64-linux-gnu-ld
configure:7796: checking if the linker (/home/beyond2002/buildroot-2017.02.8/output/host/usr/bin/aarch64-linux-gnu-ld) is GNU ld
configure:7811: result: yes
configure:7823: checking for BSD- or MS-compatible name lister (nm)
configure:7877: result: /home/beyond2002/buildroot-2017.02.8/output/host/usr/bin/aarch64-linux-gnu-nm
configure:8007: checking the name lister (/home/beyond2002/buildroot-2017.02.8/output/host/usr/bin/aarch64-linux-gnu-nm) interface
configure:8014: /home/beyond2002/buildroot-2017.02.8/output/host/usr/bin/aarch64-linux-gnu-gcc -c -D_LARGEFILE_SOURCE -D_LARGEFILE64_SOURCE -D_FILE_OFFSET_BITS=64  -Os    -D_LARGEFILE_SOURCE -D_LARGEFILE64_SOURCE -D_FILE_OFFSET_BITS=64   -DLINUX -D_REENTRANT -D_GNU_SOURCE conftest.c >&5
configure:8017: /home/beyond2002/buildroot-2017.02.8/output/host/usr/bin/aarch64-linux-gnu-nm "conftest.o"
configure:8020: output
0000000000000000 B some_variable
configure:8027: result: BSD nm
configure:8031: checking the maximum length of command line arguments
configure:8162: result: 1572864
configure:8210: checking how to convert x86_64-pc-linux-gnu file names to aarch64-buildroot-linux-gnu format
configure:8250: result: func_convert_file_noop
configure:8257: checking how to convert x86_64-pc-linux-gnu file names to toolchain format
configure:8277: result: func_convert_file_noop
configure:8284: checking for /home/beyond2002/buildroot-2017.02.8/output/host/usr/bin/aarch64-linux-gnu-ld option to reload object files
configure:8291: result: -r
configure:8325: checking for aarch64-buildroot-linux-gnu-objdump
configure:8352: result: /home/beyond2002/buildroot-2017.02.8/output/host/usr/bin/aarch64-linux-gnu-objdump
configure:8424: checking how to recognize dependent libraries
configure:8624: result: pass_all
configure:8669: checking for aarch64-buildroot-linux-gnu-dlltool
configure:8699: result: no
configure:8709: checking for dlltool
configure:8739: result: no
configure:8769: checking how to associate runtime and link libraries
configure:8796: result: printf %s\n
configure:8812: checking for aarch64-buildroot-linux-gnu-ar
configure:8839: result: /home/beyond2002/buildroot-2017.02.8/output/host/usr/bin/aarch64-linux-gnu-ar
configure:8920: checking for archiver @FILE support
configure:8937: /home/beyond2002/buildroot-2017.02.8/output/host/usr/bin/aarch64-linux-gnu-gcc -c -D_LARGEFILE_SOURCE -D_LARGEFILE64_SOURCE -D_FILE_OFFSET_BITS=64  -Os    -D_LARGEFILE_SOURCE -D_LARGEFILE64_SOURCE -D_FILE_OFFSET_BITS=64   -DLINUX -D_REENTRANT -D_GNU_SOURCE conftest.c >&5
configure:8937: $? = 0
configure:8940: /home/beyond2002/buildroot-2017.02.8/output/host/usr/bin/aarch64-linux-gnu-ar cru libconftest.a @conftest.lst >&5
configure:8943: $? = 0
configure:8948: /home/beyond2002/buildroot-2017.02.8/output/host/usr/bin/aarch64-linux-gnu-ar cru libconftest.a @conftest.lst >&5
/home/beyond2002/buildroot-2017.02.8/output/host/usr/bin/aarch64-linux-gnu-ar: conftest.o: No such file or directory
configure:8951: $? = 1
configure:8963: result: @
configure:8981: checking for aarch64-buildroot-linux-gnu-strip
configure:9008: result: /home/beyond2002/buildroot-2017.02.8/output/host/usr/bin/aarch64-linux-gnu-strip
configure:9080: checking for aarch64-buildroot-linux-gnu-ranlib
configure:9107: result: /home/beyond2002/buildroot-2017.02.8/output/host/usr/bin/aarch64-linux-gnu-ranlib
configure:9224: checking for gawk
configure:9240: found /usr/bin/gawk
configure:9251: result: gawk
configure:9291: checking command to parse /home/beyond2002/buildroot-2017.02.8/output/host/usr/bin/aarch64-linux-gnu-nm output from /home/beyond2002/buildroot-2017.02.8/output/host/usr/bin/aarch64-linux-gnu-gcc object
configure:9444: /home/beyond2002/buildroot-2017.02.8/output/host/usr/bin/aarch64-linux-gnu-gcc -c -D_LARGEFILE_SOURCE -D_LARGEFILE64_SOURCE -D_FILE_OFFSET_BITS=64  -Os    -D_LARGEFILE_SOURCE -D_LARGEFILE64_SOURCE -D_FILE_OFFSET_BITS=64   -DLINUX -D_REENTRANT -D_GNU_SOURCE conftest.c >&5
configure:9447: $? = 0
configure:9451: /home/beyond2002/buildroot-2017.02.8/output/host/usr/bin/aarch64-linux-gnu-nm conftest.o \| sed -n -e 's/^.*[ ]\([ABCDGIRSTW][ABCDGIRSTW]*\)[ ][ ]*\([_A-Za-z][_A-Za-z0-9]*\)$/\1 \2 \2/p' | sed '/ __gnu_lto/d' \> conftest.nm
configure:9454: $? = 0
configure:9520: /home/beyond2002/buildroot-2017.02.8/output/host/usr/bin/aarch64-linux-gnu-gcc -o conftest -D_LARGEFILE_SOURCE -D_LARGEFILE64_SOURCE -D_FILE_OFFSET_BITS=64  -Os    -D_LARGEFILE_SOURCE -D_LARGEFILE64_SOURCE -D_FILE_OFFSET_BITS=64   -DLINUX -D_REENTRANT -D_GNU_SOURCE    conftest.c conftstm.o >&5
configure:9523: $? = 0
configure:9561: result: ok
configure:9608: checking for sysroot
configure:9638: result: no
configure:9645: checking for a working dd
configure:9683: result: /bin/dd
configure:9687: checking how to truncate binary pipes
configure:9702: result: /bin/dd bs=4096 count=1
configure:9991: checking for aarch64-buildroot-linux-gnu-mt
configure:10021: result: no
configure:10031: checking for mt
configure:10047: found /bin/mt
configure:10058: result: mt
configure:10070: WARNING: using cross tools not prefixed with host triplet
configure:10081: checking if mt is a manifest tool
configure:10087: mt '-?'
configure:10095: result: no
configure:10769: checking for dlfcn.h
configure:10769: /home/beyond2002/buildroot-2017.02.8/output/host/usr/bin/aarch64-linux-gnu-gcc -c -D_LARGEFILE_SOURCE -D_LARGEFILE64_SOURCE -D_FILE_OFFSET_BITS=64  -Os    -D_LARGEFILE_SOURCE -D_LARGEFILE64_SOURCE -D_FILE_OFFSET_BITS=64   -DLINUX -D_REENTRANT -D_GNU_SOURCE conftest.c >&5
configure:10769: $? = 0
configure:10769: result: yes
configure:11035: checking for objdir
configure:11050: result: .libs
configure:11314: checking if /home/beyond2002/buildroot-2017.02.8/output/host/usr/bin/aarch64-linux-gnu-gcc supports -fno-rtti -fno-exceptions
configure:11332: /home/beyond2002/buildroot-2017.02.8/output/host/usr/bin/aarch64-linux-gnu-gcc -c -D_LARGEFILE_SOURCE -D_LARGEFILE64_SOURCE -D_FILE_OFFSET_BITS=64  -Os    -D_LARGEFILE_SOURCE -D_LARGEFILE64_SOURCE -D_FILE_OFFSET_BITS=64   -DLINUX -D_REENTRANT -D_GNU_SOURCE -fno-rtti -fno-exceptions conftest.c >&5
cc1: warning: command line option '-fno-rtti' is valid for C++/ObjC++ but not for C
configure:11336: $? = 0
configure:11349: result: no
configure:11707: checking for /home/beyond2002/buildroot-2017.02.8/output/host/usr/bin/aarch64-linux-gnu-gcc option to produce PIC
configure:11714: result: -fPIC -DPIC
configure:11722: checking if /home/beyond2002/buildroot-2017.02.8/output/host/usr/bin/aarch64-linux-gnu-gcc PIC flag -fPIC -DPIC works
configure:11740: /home/beyond2002/buildroot-2017.02.8/output/host/usr/bin/aarch64-linux-gnu-gcc -c -D_LARGEFILE_SOURCE -D_LARGEFILE64_SOURCE -D_FILE_OFFSET_BITS=64  -Os    -D_LARGEFILE_SOURCE -D_LARGEFILE64_SOURCE -D_FILE_OFFSET_BITS=64   -DLINUX -D_REENTRANT -D_GNU_SOURCE -fPIC -DPIC -DPIC conftest.c >&5
configure:11744: $? = 0
configure:11757: result: yes
configure:11786: checking if /home/beyond2002/buildroot-2017.02.8/output/host/usr/bin/aarch64-linux-gnu-gcc static flag -static works
configure:11814: result: yes
configure:11829: checking if /home/beyond2002/buildroot-2017.02.8/output/host/usr/bin/aarch64-linux-gnu-gcc supports -c -o file.o
configure:11850: /home/beyond2002/buildroot-2017.02.8/output/host/usr/bin/aarch64-linux-gnu-gcc -c -D_LARGEFILE_SOURCE -D_LARGEFILE64_SOURCE -D_FILE_OFFSET_BITS=64  -Os    -D_LARGEFILE_SOURCE -D_LARGEFILE64_SOURCE -D_FILE_OFFSET_BITS=64   -DLINUX -D_REENTRANT -D_GNU_SOURCE -o out/conftest2.o conftest.c >&5
configure:11854: $? = 0
configure:11876: result: yes
configure:11884: checking if /home/beyond2002/buildroot-2017.02.8/output/host/usr/bin/aarch64-linux-gnu-gcc supports -c -o file.o
configure:11931: result: yes
configure:11964: checking whether the /home/beyond2002/buildroot-2017.02.8/output/host/usr/bin/aarch64-linux-gnu-gcc linker (/home/beyond2002/buildroot-2017.02.8/output/host/usr/bin/aarch64-linux-gnu-ld) supports shared libraries
configure:13223: result: yes
configure:13260: checking whether -lc should be explicitly linked in
configure:13268: /home/beyond2002/buildroot-2017.02.8/output/host/usr/bin/aarch64-linux-gnu-gcc -c -D_LARGEFILE_SOURCE -D_LARGEFILE64_SOURCE -D_FILE_OFFSET_BITS=64  -Os    -D_LARGEFILE_SOURCE -D_LARGEFILE64_SOURCE -D_FILE_OFFSET_BITS=64   -DLINUX -D_REENTRANT -D_GNU_SOURCE conftest.c >&5
configure:13271: $? = 0
configure:13286: /home/beyond2002/buildroot-2017.02.8/output/host/usr/bin/aarch64-linux-gnu-gcc -shared  -fPIC -DPIC conftest.o  -v -Wl,-soname -Wl,conftest -o conftest 2\>\&1 \| /bin/grep  -lc  \>/dev/null 2\>\&1
configure:13289: $? = 0
configure:13303: result: no
configure:13463: checking dynamic linker characteristics
configure:14044: /home/beyond2002/buildroot-2017.02.8/output/host/usr/bin/aarch64-linux-gnu-gcc -o conftest -D_LARGEFILE_SOURCE -D_LARGEFILE64_SOURCE -D_FILE_OFFSET_BITS=64  -Os    -D_LARGEFILE_SOURCE -D_LARGEFILE64_SOURCE -D_FILE_OFFSET_BITS=64   -DLINUX -D_REENTRANT -D_GNU_SOURCE    -Wl,-rpath -Wl,/foo conftest.c  >&5
configure:14044: $? = 0
configure:14281: result: GNU/Linux ld.so
configure:14403: checking how to hardcode library paths into programs
configure:14428: result: immediate
configure:14976: checking whether stripping libraries is possible
configure:14981: result: yes
configure:15016: checking if libtool supports shared libraries
configure:15018: result: yes
configure:15021: checking whether to build shared libraries
configure:15046: result: yes
configure:15049: checking whether to build static libraries
configure:15053: result: no
configure:15076: checking how to run the C++ preprocessor
configure:15103: /home/beyond2002/buildroot-2017.02.8/output/host/usr/bin/aarch64-linux-gnu-g++ -E -D_LARGEFILE_SOURCE -D_LARGEFILE64_SOURCE -D_FILE_OFFSET_BITS=64   -DLINUX -D_REENTRANT -D_GNU_SOURCE conftest.cpp
configure:15103: $? = 0
configure:15117: /home/beyond2002/buildroot-2017.02.8/output/host/usr/bin/aarch64-linux-gnu-g++ -E -D_LARGEFILE_SOURCE -D_LARGEFILE64_SOURCE -D_FILE_OFFSET_BITS=64   -DLINUX -D_REENTRANT -D_GNU_SOURCE conftest.cpp
conftest.cpp:25:28: fatal error: ac_nonexistent.h: No such file or directory
 #include <ac_nonexistent.h>
                            ^
compilation terminated.
configure:15117: $? = 1
configure: failed program was:
| /* confdefs.h */
| #define PACKAGE_NAME "subversion"
| #define PACKAGE_TARNAME "subversion"
| #define PACKAGE_VERSION "1.9.7"
| #define PACKAGE_STRING "subversion 1.9.7"
| #define PACKAGE_BUGREPORT "http://subversion.apache.org/"
| #define PACKAGE_URL ""
| #define SVN_SOVERSION 0
| #define STDC_HEADERS 1
| #define HAVE_SYS_TYPES_H 1
| #define HAVE_SYS_STAT_H 1
| #define HAVE_STDLIB_H 1
| #define HAVE_STRING_H 1
| #define HAVE_MEMORY_H 1
| #define HAVE_STRINGS_H 1
| #define HAVE_INTTYPES_H 1
| #define HAVE_STDINT_H 1
| #define HAVE_UNISTD_H 1
| #define SVN_HAVE_MEMCACHE 1
| #define SVN_BINDIR "/usr/bin"
| #define SVN_LOCALE_DIR "/usr/share/locale"
| #define HAVE_DLFCN_H 1
| #define LT_OBJDIR ".libs/"
| /* end confdefs.h.  */
| #include <ac_nonexistent.h>
configure:15142: result: /home/beyond2002/buildroot-2017.02.8/output/host/usr/bin/aarch64-linux-gnu-g++ -E
configure:15162: /home/beyond2002/buildroot-2017.02.8/output/host/usr/bin/aarch64-linux-gnu-g++ -E -D_LARGEFILE_SOURCE -D_LARGEFILE64_SOURCE -D_FILE_OFFSET_BITS=64   -DLINUX -D_REENTRANT -D_GNU_SOURCE conftest.cpp
configure:15162: $? = 0
configure:15176: /home/beyond2002/buildroot-2017.02.8/output/host/usr/bin/aarch64-linux-gnu-g++ -E -D_LARGEFILE_SOURCE -D_LARGEFILE64_SOURCE -D_FILE_OFFSET_BITS=64   -DLINUX -D_REENTRANT -D_GNU_SOURCE conftest.cpp
conftest.cpp:25:28: fatal error: ac_nonexistent.h: No such file or directory
 #include <ac_nonexistent.h>
                            ^
compilation terminated.
configure:15176: $? = 1
configure: failed program was:
| /* confdefs.h */
| #define PACKAGE_NAME "subversion"
| #define PACKAGE_TARNAME "subversion"
| #define PACKAGE_VERSION "1.9.7"
| #define PACKAGE_STRING "subversion 1.9.7"
| #define PACKAGE_BUGREPORT "http://subversion.apache.org/"
| #define PACKAGE_URL ""
| #define SVN_SOVERSION 0
| #define STDC_HEADERS 1
| #define HAVE_SYS_TYPES_H 1
| #define HAVE_SYS_STAT_H 1
| #define HAVE_STDLIB_H 1
| #define HAVE_STRING_H 1
| #define HAVE_MEMORY_H 1
| #define HAVE_STRINGS_H 1
| #define HAVE_INTTYPES_H 1
| #define HAVE_STDINT_H 1
| #define HAVE_UNISTD_H 1
| #define SVN_HAVE_MEMCACHE 1
| #define SVN_BINDIR "/usr/bin"
| #define SVN_LOCALE_DIR "/usr/share/locale"
| #define HAVE_DLFCN_H 1
| #define LT_OBJDIR ".libs/"
| /* end confdefs.h.  */
| #include <ac_nonexistent.h>
configure:15338: checking for ld used by /home/beyond2002/buildroot-2017.02.8/output/host/usr/bin/aarch64-linux-gnu-g++
configure:15405: result: /home/beyond2002/buildroot-2017.02.8/output/host/usr/bin/aarch64-linux-gnu-ld
configure:15412: checking if the linker (/home/beyond2002/buildroot-2017.02.8/output/host/usr/bin/aarch64-linux-gnu-ld) is GNU ld
configure:15427: result: yes
configure:15482: checking whether the /home/beyond2002/buildroot-2017.02.8/output/host/usr/bin/aarch64-linux-gnu-g++ linker (/home/beyond2002/buildroot-2017.02.8/output/host/usr/bin/aarch64-linux-gnu-ld) supports shared libraries
configure:16555: result: yes
configure:16591: /home/beyond2002/buildroot-2017.02.8/output/host/usr/bin/aarch64-linux-gnu-g++ -c -D_LARGEFILE_SOURCE -D_LARGEFILE64_SOURCE -D_FILE_OFFSET_BITS=64  -Os  -D_LARGEFILE_SOURCE -D_LARGEFILE64_SOURCE -D_FILE_OFFSET_BITS=64   -DLINUX -D_REENTRANT -D_GNU_SOURCE conftest.cpp >&5
configure:16594: $? = 0
configure:17075: checking for /home/beyond2002/buildroot-2017.02.8/output/host/usr/bin/aarch64-linux-gnu-g++ option to produce PIC
configure:17082: result: -fPIC -DPIC
configure:17090: checking if /home/beyond2002/buildroot-2017.02.8/output/host/usr/bin/aarch64-linux-gnu-g++ PIC flag -fPIC -DPIC works
configure:17108: /home/beyond2002/buildroot-2017.02.8/output/host/usr/bin/aarch64-linux-gnu-g++ -c -D_LARGEFILE_SOURCE -D_LARGEFILE64_SOURCE -D_FILE_OFFSET_BITS=64  -Os  -D_LARGEFILE_SOURCE -D_LARGEFILE64_SOURCE -D_FILE_OFFSET_BITS=64   -DLINUX -D_REENTRANT -D_GNU_SOURCE -fPIC -DPIC -DPIC conftest.cpp >&5
configure:17112: $? = 0
configure:17125: result: yes
configure:17148: checking if /home/beyond2002/buildroot-2017.02.8/output/host/usr/bin/aarch64-linux-gnu-g++ static flag -static works
configure:17176: result: yes
configure:17188: checking if /home/beyond2002/buildroot-2017.02.8/output/host/usr/bin/aarch64-linux-gnu-g++ supports -c -o file.o
configure:17209: /home/beyond2002/buildroot-2017.02.8/output/host/usr/bin/aarch64-linux-gnu-g++ -c -D_LARGEFILE_SOURCE -D_LARGEFILE64_SOURCE -D_FILE_OFFSET_BITS=64  -Os  -D_LARGEFILE_SOURCE -D_LARGEFILE64_SOURCE -D_FILE_OFFSET_BITS=64   -DLINUX -D_REENTRANT -D_GNU_SOURCE -o out/conftest2.o conftest.cpp >&5
configure:17213: $? = 0
configure:17235: result: yes
configure:17240: checking if /home/beyond2002/buildroot-2017.02.8/output/host/usr/bin/aarch64-linux-gnu-g++ supports -c -o file.o
configure:17287: result: yes
configure:17317: checking whether the /home/beyond2002/buildroot-2017.02.8/output/host/usr/bin/aarch64-linux-gnu-g++ linker (/home/beyond2002/buildroot-2017.02.8/output/host/usr/bin/aarch64-linux-gnu-ld) supports shared libraries
configure:17357: result: yes
configure:17498: checking dynamic linker characteristics
configure:18243: result: GNU/Linux ld.so
configure:18308: checking how to hardcode library paths into programs
configure:18333: result: immediate
configure:18445: building shared libraries only
configure:18493: checking whether libtool needs -no-undefined
configure:18502: result: no
configure:18521: checking for trang
configure:18552: result: none
configure:18577: checking for doxygen
configure:18608: result: none
configure:18638: checking for Expat
configure:18664: /home/beyond2002/buildroot-2017.02.8/output/host/usr/bin/aarch64-linux-gnu-gcc -o conftest -D_LARGEFILE_SOURCE -D_LARGEFILE64_SOURCE -D_FILE_OFFSET_BITS=64  -Os    -D_LARGEFILE_SOURCE -D_LARGEFILE64_SOURCE -D_FILE_OFFSET_BITS=64   -DLINUX -D_REENTRANT -D_GNU_SOURCE -I/home/beyond2002/buildroot-2017.02.8/output/host/usr/aarch64-buildroot-linux-gnu/sysroot/usr/include    -L/home/beyond2002/buildroot-2017.02.8/output/host/usr/aarch64-buildroot-linux-gnu/sysroot/usr/lib conftest.c   >&5
/tmp/ccQeb2C7.o: In function `main':
conftest.c:(.text.startup+0xc): undefined reference to `XML_ParserCreate'
collect2: error: ld returned 1 exit status
configure:18664: $? = 1
configure: failed program was:
| /* confdefs.h */
| #define PACKAGE_NAME "subversion"
| #define PACKAGE_TARNAME "subversion"
| #define PACKAGE_VERSION "1.9.7"
| #define PACKAGE_STRING "subversion 1.9.7"
| #define PACKAGE_BUGREPORT "http://subversion.apache.org/"
| #define PACKAGE_URL ""
| #define SVN_SOVERSION 0
| #define STDC_HEADERS 1
| #define HAVE_SYS_TYPES_H 1
| #define HAVE_SYS_STAT_H 1
| #define HAVE_STDLIB_H 1
| #define HAVE_STRING_H 1
| #define HAVE_MEMORY_H 1
| #define HAVE_STRINGS_H 1
| #define HAVE_INTTYPES_H 1
| #define HAVE_STDINT_H 1
| #define HAVE_UNISTD_H 1
| #define SVN_HAVE_MEMCACHE 1
| #define SVN_BINDIR "/usr/bin"
| #define SVN_LOCALE_DIR "/usr/share/locale"
| #define HAVE_DLFCN_H 1
| #define LT_OBJDIR ".libs/"
| /* end confdefs.h.  */
| 
| #include <expat.h>
| int main()
| {XML_ParserCreate(NULL);}
configure:18689: /home/beyond2002/buildroot-2017.02.8/output/host/usr/bin/aarch64-linux-gnu-gcc -c -D_LARGEFILE_SOURCE -D_LARGEFILE64_SOURCE -D_FILE_OFFSET_BITS=64  -Os    -D_LARGEFILE_SOURCE -D_LARGEFILE64_SOURCE -D_FILE_OFFSET_BITS=64   -DLINUX -D_REENTRANT -D_GNU_SOURCE -I/home/beyond2002/buildroot-2017.02.8/output/host/usr/aarch64-buildroot-linux-gnu/sysroot/usr/include  -I/home/beyond2002/buildroot-2017.02.8/output/host/usr/aarch64-buildroot-linux-gnu/sysroot/usr/include/apr-1  conftest.c >&5
configure:18689: $? = 0
configure:18696: result: yes
configure:18698: WARNING: Expat found amongst libraries used by APR-Util, but Subversion libraries might be needlessly linked against additional unused libraries. It can be avoided by specifying exact location of Expat in argument of --with-expat option.
configure:18723: checking for socket in -lsocket
configure:18748: /home/beyond2002/buildroot-2017.02.8/output/host/usr/bin/aarch64-linux-gnu-gcc -o conftest -D_LARGEFILE_SOURCE -D_LARGEFILE64_SOURCE -D_FILE_OFFSET_BITS=64  -Os    -D_LARGEFILE_SOURCE -D_LARGEFILE64_SOURCE -D_FILE_OFFSET_BITS=64   -DLINUX -D_REENTRANT -D_GNU_SOURCE    -L/home/beyond2002/buildroot-2017.02.8/output/host/usr/aarch64-buildroot-linux-gnu/sysroot/usr/lib conftest.c -lsocket   >&5
/home/beyond2002/buildroot-2017.02.8/output/host/opt/ext-toolchain/bin/../lib/gcc/aarch64-linux-gnu/6.4.1/../../../../aarch64-linux-gnu/bin/ld: cannot find -lsocket
collect2: error: ld returned 1 exit status
configure:18748: $? = 1
configure: failed program was:
| /* confdefs.h */
| #define PACKAGE_NAME "subversion"
| #define PACKAGE_TARNAME "subversion"
| #define PACKAGE_VERSION "1.9.7"
| #define PACKAGE_STRING "subversion 1.9.7"
| #define PACKAGE_BUGREPORT "http://subversion.apache.org/"
| #define PACKAGE_URL ""
| #define SVN_SOVERSION 0
| #define STDC_HEADERS 1
| #define HAVE_SYS_TYPES_H 1
| #define HAVE_SYS_STAT_H 1
| #define HAVE_STDLIB_H 1
| #define HAVE_STRING_H 1
| #define HAVE_MEMORY_H 1
| #define HAVE_STRINGS_H 1
| #define HAVE_INTTYPES_H 1
| #define HAVE_STDINT_H 1
| #define HAVE_UNISTD_H 1
| #define SVN_HAVE_MEMCACHE 1
| #define SVN_BINDIR "/usr/bin"
| #define SVN_LOCALE_DIR "/usr/share/locale"
| #define HAVE_DLFCN_H 1
| #define LT_OBJDIR ".libs/"
| /* end confdefs.h.  */
| 
| /* Override any GCC internal prototype to avoid an error.
|    Use char because int might match the return type of a GCC
|    builtin and then its argument prototype would still apply.  */
| #ifdef __cplusplus
| extern "C"
| #endif
| char socket ();
| int
| main ()
| {
| return socket ();
|   ;
|   return 0;
| }
configure:18757: result: no
configure:19064: checking whether to look for SASL
configure:19068: result: no
configure:19259: checking whether APR has support for DSOs
configure:19271: /home/beyond2002/buildroot-2017.02.8/output/host/usr/bin/aarch64-linux-gnu-cpp -D_LARGEFILE_SOURCE -D_LARGEFILE64_SOURCE -D_FILE_OFFSET_BITS=64   -DLINUX -D_REENTRANT -D_GNU_SOURCE  -I/home/beyond2002/buildroot-2017.02.8/output/host/usr/aarch64-buildroot-linux-gnu/sysroot/usr/include/apr-1  conftest.c
configure:19271: $? = 0
configure:19273: result: yes
configure:19286: checking for D-Bus .pc file
configure:19332: result: no
configure:19346: checking whether to support GPG-Agent
configure:19349: result: yes
configure:19372: checking whether to look for GNOME Keyring
configure:19455: result: no
configure:19471: checking whether use Googlemock
configure:19479: result: no
configure:19518: checking for msgfmt
configure:19536: found /home/beyond2002/buildroot-2017.02.8/output/host/usr/bin/msgfmt
configure:19549: result: /home/beyond2002/buildroot-2017.02.8/output/host/usr/bin/msgfmt
configure:19559: checking for msgmerge
configure:19577: found /home/beyond2002/buildroot-2017.02.8/output/host/usr/bin/msgmerge
configure:19590: result: /home/beyond2002/buildroot-2017.02.8/output/host/usr/bin/msgmerge
configure:19600: checking for xgettext
configure:19618: found /home/beyond2002/buildroot-2017.02.8/output/host/usr/bin/xgettext
configure:19631: result: /home/beyond2002/buildroot-2017.02.8/output/host/usr/bin/xgettext
configure:19640: checking for library containing bindtextdomain
configure:19671: /home/beyond2002/buildroot-2017.02.8/output/host/usr/bin/aarch64-linux-gnu-gcc -o conftest -D_LARGEFILE_SOURCE -D_LARGEFILE64_SOURCE -D_FILE_OFFSET_BITS=64  -Os    -D_LARGEFILE_SOURCE -D_LARGEFILE64_SOURCE -D_FILE_OFFSET_BITS=64   -DLINUX -D_REENTRANT -D_GNU_SOURCE    -L/home/beyond2002/buildroot-2017.02.8/output/host/usr/aarch64-buildroot-linux-gnu/sysroot/usr/lib conftest.c  >&5
configure:19671: $? = 0
configure:19688: result: none required
configure:19846: checking for bind_textdomain_codeset
configure:19846: /home/beyond2002/buildroot-2017.02.8/output/host/usr/bin/aarch64-linux-gnu-gcc -o conftest -D_LARGEFILE_SOURCE -D_LARGEFILE64_SOURCE -D_FILE_OFFSET_BITS=64  -Os    -D_LARGEFILE_SOURCE -D_LARGEFILE64_SOURCE -D_FILE_OFFSET_BITS=64   -DLINUX -D_REENTRANT -D_GNU_SOURCE    -L/home/beyond2002/buildroot-2017.02.8/output/host/usr/aarch64-buildroot-linux-gnu/sysroot/usr/lib conftest.c  >&5
configure:19846: $? = 0
configure:19846: result: yes
configure:19865: checking if we are using GNU gettext
configure:19871: result: yes
configure:20095: checking whether to look for KWallet
configure:20267: result: no
configure:20338: checking for ANSI C header files
configure:20442: result: yes
configure:20452: checking for an ANSI C-conforming const
configure:20518: /home/beyond2002/buildroot-2017.02.8/output/host/usr/bin/aarch64-linux-gnu-gcc -c -D_LARGEFILE_SOURCE -D_LARGEFILE64_SOURCE -D_FILE_OFFSET_BITS=64  -Os    -D_LARGEFILE_SOURCE -D_LARGEFILE64_SOURCE -D_FILE_OFFSET_BITS=64   -DLINUX -D_REENTRANT -D_GNU_SOURCE conftest.c >&5
configure:20518: $? = 0
configure:20525: result: yes
configure:20534: checking for size_t
configure:20534: /home/beyond2002/buildroot-2017.02.8/output/host/usr/bin/aarch64-linux-gnu-gcc -c -D_LARGEFILE_SOURCE -D_LARGEFILE64_SOURCE -D_FILE_OFFSET_BITS=64  -Os    -D_LARGEFILE_SOURCE -D_LARGEFILE64_SOURCE -D_FILE_OFFSET_BITS=64   -DLINUX -D_REENTRANT -D_GNU_SOURCE conftest.c >&5
configure:20534: $? = 0
configure:20534: /home/beyond2002/buildroot-2017.02.8/output/host/usr/bin/aarch64-linux-gnu-gcc -c -D_LARGEFILE_SOURCE -D_LARGEFILE64_SOURCE -D_FILE_OFFSET_BITS=64  -Os    -D_LARGEFILE_SOURCE -D_LARGEFILE64_SOURCE -D_FILE_OFFSET_BITS=64   -DLINUX -D_REENTRANT -D_GNU_SOURCE conftest.c >&5
conftest.c: In function 'main':
conftest.c:68:21: error: expected expression before ')' token
 if (sizeof ((size_t)))
                     ^
configure:20534: $? = 1
configure: failed program was:
| /* confdefs.h */
| #define PACKAGE_NAME "subversion"
| #define PACKAGE_TARNAME "subversion"
| #define PACKAGE_VERSION "1.9.7"
| #define PACKAGE_STRING "subversion 1.9.7"
| #define PACKAGE_BUGREPORT "http://subversion.apache.org/"
| #define PACKAGE_URL ""
| #define SVN_SOVERSION 0
| #define STDC_HEADERS 1
| #define HAVE_SYS_TYPES_H 1
| #define HAVE_SYS_STAT_H 1
| #define HAVE_STDLIB_H 1
| #define HAVE_STRING_H 1
| #define HAVE_MEMORY_H 1
| #define HAVE_STRINGS_H 1
| #define HAVE_INTTYPES_H 1
| #define HAVE_STDINT_H 1
| #define HAVE_UNISTD_H 1
| #define SVN_HAVE_MEMCACHE 1
| #define SVN_BINDIR "/usr/bin"
| #define SVN_LOCALE_DIR "/usr/share/locale"
| #define HAVE_DLFCN_H 1
| #define LT_OBJDIR ".libs/"
| #define SVN_FS_WANT_DB_MAJOR 4
| #define SVN_FS_WANT_DB_MINOR 0
| #define SVN_FS_WANT_DB_PATCH 14
| #define SVN_HAVE_GPG_AGENT 1
| #define ENABLE_NLS 1
| #define HAVE_BIND_TEXTDOMAIN_CODESET 1
| #define STDC_HEADERS 1
| /* end confdefs.h.  */
| #include <stdio.h>
| #ifdef HAVE_SYS_TYPES_H
| # include <sys/types.h>
| #endif
| #ifdef HAVE_SYS_STAT_H
| # include <sys/stat.h>
| #endif
| #ifdef STDC_HEADERS
| # include <stdlib.h>
| # include <stddef.h>
| #else
| # ifdef HAVE_STDLIB_H
| #  include <stdlib.h>
| # endif
| #endif
| #ifdef HAVE_STRING_H
| # if !defined STDC_HEADERS && defined HAVE_MEMORY_H
| #  include <memory.h>
| # endif
| # include <string.h>
| #endif
| #ifdef HAVE_STRINGS_H
| # include <strings.h>
| #endif
| #ifdef HAVE_INTTYPES_H
| # include <inttypes.h>
| #endif
| #ifdef HAVE_STDINT_H
| # include <stdint.h>
| #endif
| #ifdef HAVE_UNISTD_H
| # include <unistd.h>
| #endif
| int
| main ()
| {
| if (sizeof ((size_t)))
| 	    return 0;
|   ;
|   return 0;
| }
configure:20534: result: yes
configure:20548: checking for working memcmp
configure:20601: result: yes
configure:20613: checking for vprintf
configure:20613: /home/beyond2002/buildroot-2017.02.8/output/host/usr/bin/aarch64-linux-gnu-gcc -o conftest -D_LARGEFILE_SOURCE -D_LARGEFILE64_SOURCE -D_FILE_OFFSET_BITS=64  -Os    -D_LARGEFILE_SOURCE -D_LARGEFILE64_SOURCE -D_FILE_OFFSET_BITS=64   -DLINUX -D_REENTRANT -D_GNU_SOURCE    -L/home/beyond2002/buildroot-2017.02.8/output/host/usr/aarch64-buildroot-linux-gnu/sysroot/usr/lib conftest.c  >&5
conftest.c:55:6: warning: conflicting types for built-in function 'vprintf'
 char vprintf ();
      ^~~~~~~
configure:20613: $? = 0
configure:20613: result: yes
configure:20619: checking for _doprnt
configure:20619: /home/beyond2002/buildroot-2017.02.8/output/host/usr/bin/aarch64-linux-gnu-gcc -o conftest -D_LARGEFILE_SOURCE -D_LARGEFILE64_SOURCE -D_FILE_OFFSET_BITS=64  -Os    -D_LARGEFILE_SOURCE -D_LARGEFILE64_SOURCE -D_FILE_OFFSET_BITS=64   -DLINUX -D_REENTRANT -D_GNU_SOURCE    -L/home/beyond2002/buildroot-2017.02.8/output/host/usr/aarch64-buildroot-linux-gnu/sysroot/usr/lib conftest.c  >&5
/tmp/cctr3TpI.o: In function `main':
conftest.c:(.text.startup+0x8): undefined reference to `_doprnt'
collect2: error: ld returned 1 exit status
configure:20619: $? = 1
configure: failed program was:
| /* confdefs.h */
| #define PACKAGE_NAME "subversion"
| #define PACKAGE_TARNAME "subversion"
| #define PACKAGE_VERSION "1.9.7"
| #define PACKAGE_STRING "subversion 1.9.7"
| #define PACKAGE_BUGREPORT "http://subversion.apache.org/"
| #define PACKAGE_URL ""
| #define SVN_SOVERSION 0
| #define STDC_HEADERS 1
| #define HAVE_SYS_TYPES_H 1
| #define HAVE_SYS_STAT_H 1
| #define HAVE_STDLIB_H 1
| #define HAVE_STRING_H 1
| #define HAVE_MEMORY_H 1
| #define HAVE_STRINGS_H 1
| #define HAVE_INTTYPES_H 1
| #define HAVE_STDINT_H 1
| #define HAVE_UNISTD_H 1
| #define SVN_HAVE_MEMCACHE 1
| #define SVN_BINDIR "/usr/bin"
| #define SVN_LOCALE_DIR "/usr/share/locale"
| #define HAVE_DLFCN_H 1
| #define LT_OBJDIR ".libs/"
| #define SVN_FS_WANT_DB_MAJOR 4
| #define SVN_FS_WANT_DB_MINOR 0
| #define SVN_FS_WANT_DB_PATCH 14
| #define SVN_HAVE_GPG_AGENT 1
| #define ENABLE_NLS 1
| #define HAVE_BIND_TEXTDOMAIN_CODESET 1
| #define STDC_HEADERS 1
| #define HAVE_VPRINTF 1
| /* end confdefs.h.  */
| /* Define _doprnt to an innocuous variant, in case <limits.h> declares _doprnt.
|    For example, HP-UX 11i <limits.h> declares gettimeofday.  */
| #define _doprnt innocuous__doprnt
| 
| /* System header to define __stub macros and hopefully few prototypes,
|     which can conflict with char _doprnt (); below.
|     Prefer <limits.h> to <assert.h> if __STDC__ is defined, since
|     <limits.h> exists even on freestanding compilers.  */
| 
| #ifdef __STDC__
| # include <limits.h>
| #else
| # include <assert.h>
| #endif
| 
| #undef _doprnt
| 
| /* Override any GCC internal prototype to avoid an error.
|    Use char because int might match the return type of a GCC
|    builtin and then its argument prototype would still apply.  */
| #ifdef __cplusplus
| extern "C"
| #endif
| char _doprnt ();
| /* The GNU C library defines this for functions which it implements
|     to always fail with ENOSYS.  Some functions are actually named
|     something starting with __ and the normal name is an alias.  */
| #if defined __stub__doprnt || defined __stub____doprnt
| choke me
| #endif
| 
| int
| main ()
| {
| return _doprnt ();
|   ;
|   return 0;
| }
configure:20619: result: no
configure:20634: checking for symlink
configure:20634: /home/beyond2002/buildroot-2017.02.8/output/host/usr/bin/aarch64-linux-gnu-gcc -o conftest -D_LARGEFILE_SOURCE -D_LARGEFILE64_SOURCE -D_FILE_OFFSET_BITS=64  -Os    -D_LARGEFILE_SOURCE -D_LARGEFILE64_SOURCE -D_FILE_OFFSET_BITS=64   -DLINUX -D_REENTRANT -D_GNU_SOURCE    -L/home/beyond2002/buildroot-2017.02.8/output/host/usr/aarch64-buildroot-linux-gnu/sysroot/usr/lib conftest.c  >&5
configure:20634: $? = 0
configure:20634: result: yes
configure:20634: checking for readlink
configure:20634: /home/beyond2002/buildroot-2017.02.8/output/host/usr/bin/aarch64-linux-gnu-gcc -o conftest -D_LARGEFILE_SOURCE -D_LARGEFILE64_SOURCE -D_FILE_OFFSET_BITS=64  -Os    -D_LARGEFILE_SOURCE -D_LARGEFILE64_SOURCE -D_FILE_OFFSET_BITS=64   -DLINUX -D_REENTRANT -D_GNU_SOURCE    -L/home/beyond2002/buildroot-2017.02.8/output/host/usr/aarch64-buildroot-linux-gnu/sysroot/usr/lib conftest.c  >&5
configure:20634: $? = 0
configure:20634: result: yes
configure:20646: checking sys/utsname.h usability
configure:20646: /home/beyond2002/buildroot-2017.02.8/output/host/usr/bin/aarch64-linux-gnu-gcc -c -D_LARGEFILE_SOURCE -D_LARGEFILE64_SOURCE -D_FILE_OFFSET_BITS=64  -Os    -D_LARGEFILE_SOURCE -D_LARGEFILE64_SOURCE -D_FILE_OFFSET_BITS=64   -DLINUX -D_REENTRANT -D_GNU_SOURCE conftest.c >&5
configure:20646: $? = 0
configure:20646: result: yes
configure:20646: checking sys/utsname.h presence
configure:20646: /home/beyond2002/buildroot-2017.02.8/output/host/usr/bin/aarch64-linux-gnu-cpp -D_LARGEFILE_SOURCE -D_LARGEFILE64_SOURCE -D_FILE_OFFSET_BITS=64   -DLINUX -D_REENTRANT -D_GNU_SOURCE conftest.c
configure:20646: $? = 0
configure:20646: result: yes
configure:20646: checking for sys/utsname.h
configure:20646: result: yes
configure:20653: checking for uname
configure:20653: /home/beyond2002/buildroot-2017.02.8/output/host/usr/bin/aarch64-linux-gnu-gcc -o conftest -D_LARGEFILE_SOURCE -D_LARGEFILE64_SOURCE -D_FILE_OFFSET_BITS=64  -Os    -D_LARGEFILE_SOURCE -D_LARGEFILE64_SOURCE -D_FILE_OFFSET_BITS=64   -DLINUX -D_REENTRANT -D_GNU_SOURCE    -L/home/beyond2002/buildroot-2017.02.8/output/host/usr/aarch64-buildroot-linux-gnu/sysroot/usr/lib conftest.c  >&5
configure:20653: $? = 0
configure:20653: result: yes
configure:20667: checking termios.h usability
configure:20667: /home/beyond2002/buildroot-2017.02.8/output/host/usr/bin/aarch64-linux-gnu-gcc -c -D_LARGEFILE_SOURCE -D_LARGEFILE64_SOURCE -D_FILE_OFFSET_BITS=64  -Os    -D_LARGEFILE_SOURCE -D_LARGEFILE64_SOURCE -D_FILE_OFFSET_BITS=64   -DLINUX -D_REENTRANT -D_GNU_SOURCE conftest.c >&5
configure:20667: $? = 0
configure:20667: result: yes
configure:20667: checking termios.h presence
configure:20667: /home/beyond2002/buildroot-2017.02.8/output/host/usr/bin/aarch64-linux-gnu-cpp -D_LARGEFILE_SOURCE -D_LARGEFILE64_SOURCE -D_FILE_OFFSET_BITS=64   -DLINUX -D_REENTRANT -D_GNU_SOURCE conftest.c
configure:20667: $? = 0
configure:20667: result: yes
configure:20667: checking for termios.h
configure:20667: result: yes
configure:20673: checking for tcgetattr
configure:20673: /home/beyond2002/buildroot-2017.02.8/output/host/usr/bin/aarch64-linux-gnu-gcc -o conftest -D_LARGEFILE_SOURCE -D_LARGEFILE64_SOURCE -D_FILE_OFFSET_BITS=64  -Os    -D_LARGEFILE_SOURCE -D_LARGEFILE64_SOURCE -D_FILE_OFFSET_BITS=64   -DLINUX -D_REENTRANT -D_GNU_SOURCE    -L/home/beyond2002/buildroot-2017.02.8/output/host/usr/aarch64-buildroot-linux-gnu/sysroot/usr/lib conftest.c  >&5
configure:20673: $? = 0
configure:20673: result: yes
configure:20673: checking for tcsetattr
configure:20673: /home/beyond2002/buildroot-2017.02.8/output/host/usr/bin/aarch64-linux-gnu-gcc -o conftest -D_LARGEFILE_SOURCE -D_LARGEFILE64_SOURCE -D_FILE_OFFSET_BITS=64  -Os    -D_LARGEFILE_SOURCE -D_LARGEFILE64_SOURCE -D_FILE_OFFSET_BITS=64   -DLINUX -D_REENTRANT -D_GNU_SOURCE    -L/home/beyond2002/buildroot-2017.02.8/output/host/usr/aarch64-buildroot-linux-gnu/sysroot/usr/lib conftest.c  >&5
configure:20673: $? = 0
configure:20673: result: yes
configure:20735: checking for -Wl,--no-undefined
configure:20743: /home/beyond2002/buildroot-2017.02.8/output/host/usr/bin/aarch64-linux-gnu-gcc -o conftest -D_LARGEFILE_SOURCE -D_LARGEFILE64_SOURCE -D_FILE_OFFSET_BITS=64  -Os    -D_LARGEFILE_SOURCE -D_LARGEFILE64_SOURCE -D_FILE_OFFSET_BITS=64   -DLINUX -D_REENTRANT -D_GNU_SOURCE    -L/home/beyond2002/buildroot-2017.02.8/output/host/usr/aarch64-buildroot-linux-gnu/sysroot/usr/lib -Wl,--no-undefined conftest.c  >&5
configure:20743: $? = 0
configure:20752: result: yes
configure:22366: C compiler flags: -D_LARGEFILE_SOURCE -D_LARGEFILE64_SOURCE -D_FILE_OFFSET_BITS=64  -Os   
configure:22368:     user-defined: -D_LARGEFILE_SOURCE -D_LARGEFILE64_SOURCE -D_FILE_OFFSET_BITS=64  -Os 
configure:22370:  maintainer-mode: 
configure:22372: C++ compiler flags: -D_LARGEFILE_SOURCE -D_LARGEFILE64_SOURCE -D_FILE_OFFSET_BITS=64  -Os 
configure:22374:       user-defined: -D_LARGEFILE_SOURCE -D_LARGEFILE64_SOURCE -D_FILE_OFFSET_BITS=64  -Os 
configure:22376:    maintainer-mode: 
configure:22439: zlib library configuration via prefix
configure:22445: checking zlib.h usability
configure:22445: /home/beyond2002/buildroot-2017.02.8/output/host/usr/bin/aarch64-linux-gnu-gcc -c -D_LARGEFILE_SOURCE -D_LARGEFILE64_SOURCE -D_FILE_OFFSET_BITS=64  -Os    -D_LARGEFILE_SOURCE -D_LARGEFILE64_SOURCE -D_FILE_OFFSET_BITS=64   -DLINUX -D_REENTRANT -D_GNU_SOURCE -I/home/beyond2002/buildroot-2017.02.8/output/host/usr/aarch64-buildroot-linux-gnu/sysroot/usr/include conftest.c >&5
configure:22445: $? = 0
configure:22445: result: yes
configure:22445: checking zlib.h presence
configure:22445: /home/beyond2002/buildroot-2017.02.8/output/host/usr/bin/aarch64-linux-gnu-cpp -D_LARGEFILE_SOURCE -D_LARGEFILE64_SOURCE -D_FILE_OFFSET_BITS=64   -DLINUX -D_REENTRANT -D_GNU_SOURCE -I/home/beyond2002/buildroot-2017.02.8/output/host/usr/aarch64-buildroot-linux-gnu/sysroot/usr/include conftest.c
configure:22445: $? = 0
configure:22445: result: yes
configure:22445: checking for zlib.h
configure:22445: result: yes
configure:22453: checking for inflate in -lz
configure:22478: /home/beyond2002/buildroot-2017.02.8/output/host/usr/bin/aarch64-linux-gnu-gcc -o conftest -D_LARGEFILE_SOURCE -D_LARGEFILE64_SOURCE -D_FILE_OFFSET_BITS=64  -Os    -D_LARGEFILE_SOURCE -D_LARGEFILE64_SOURCE -D_FILE_OFFSET_BITS=64   -DLINUX -D_REENTRANT -D_GNU_SOURCE -I/home/beyond2002/buildroot-2017.02.8/output/host/usr/aarch64-buildroot-linux-gnu/sysroot/usr/include    -L/home/beyond2002/buildroot-2017.02.8/output/host/usr/aarch64-buildroot-linux-gnu/sysroot/usr/lib -L/home/beyond2002/buildroot-2017.02.8/output/host/usr/aarch64-buildroot-linux-gnu/sysroot/usr/lib conftest.c -lz   >&5
configure:22478: $? = 0
configure:22487: result: yes
configure:22722: checking for python
configure:22740: found /usr/bin/python
configure:22752: result: /usr/bin/python
configure:23119: checking for JDK
configure:23182: result: no
configure:23273: checking for perl
configure:23304: result: /usr/bin/perl
configure:23360: checking for ruby
configure:23393: result: no
configure:23360: checking for ruby1.8
configure:23393: result: no
configure:23360: checking for ruby18
configure:23393: result: no
configure:23360: checking for ruby1.9
configure:23393: result: no
configure:23360: checking for ruby1
configure:23393: result: no
configure:23360: checking for ruby1.9.3
configure:23393: result: no
configure:23360: checking for ruby193
configure:23393: result: no
configure:23360: checking for ruby2.0
configure:23393: result: no
configure:23360: checking for ruby2.1
configure:23393: result: no
configure:25047: checking for swig
configure:25078: result: none
configure:25136: Configuring python swig binding
configure:25139: checking for Python includes
configure:25148: result: -I/usr/include/python2.7
configure:25157: checking for compiling Python extensions
configure:25166: result: x86_64-linux-gnu-gcc -pthread -fPIC
configure:25170: checking for linking Python extensions
configure:25179: result: x86_64-linux-gnu-gcc -pthread -shared -Wl,-O1 -Wl,-Bsymbolic-functions -Wl,-Bsymbolic-functions -Wl,-z,relro -fno-strict-aliasing -DNDEBUG -g -fwrapv -O2 -Wall -Wstrict-prototypes -Wdate-time -D_FORTIFY_SOURCE=2 -g -fstack-protector-strong -Wformat -Werror=format-security
configure:25183: checking for linking Python libraries
configure:25192: result: -Wl,-O1 -Wl,-Bsymbolic-functions -Wl,-Bsymbolic-functions -Wl,-z,relro
configure:25217: checking for apr_int64_t Python/C API format string
configure:25265: result: l
configure:25279: checking perl version
configure:25282: result: 5022001
configure:25764: checking for ctypesgen.py
configure:25795: result: none
configure:25993: checking stdbool.h usability
configure:25993: /home/beyond2002/buildroot-2017.02.8/output/host/usr/bin/aarch64-linux-gnu-gcc -c -D_LARGEFILE_SOURCE -D_LARGEFILE64_SOURCE -D_FILE_OFFSET_BITS=64  -Os    -D_LARGEFILE_SOURCE -D_LARGEFILE64_SOURCE -D_FILE_OFFSET_BITS=64   -DLINUX -D_REENTRANT -D_GNU_SOURCE conftest.c >&5
configure:25993: $? = 0
configure:25993: result: yes
configure:25993: checking stdbool.h presence
configure:25993: /home/beyond2002/buildroot-2017.02.8/output/host/usr/bin/aarch64-linux-gnu-cpp -D_LARGEFILE_SOURCE -D_LARGEFILE64_SOURCE -D_FILE_OFFSET_BITS=64   -DLINUX -D_REENTRANT -D_GNU_SOURCE conftest.c
configure:25993: $? = 0
configure:25993: result: yes
configure:25993: checking for stdbool.h
configure:25993: result: yes
configure:25993: checking for inttypes.h
configure:25993: result: yes
configure:26227: creating ./config.status

## ---------------------- ##
## Running config.status. ##
## ---------------------- ##

This file was extended by subversion config.status 1.9.7, which was
generated by GNU Autoconf 2.69.  Invocation command line was

  CONFIG_FILES    = 
  CONFIG_HEADERS  = 
  CONFIG_LINKS    = 
  CONFIG_COMMANDS = 
  $ ./config.status 

on instance-1

config.status:1288: creating Makefile
config.status:1288: creating subversion/libsvn_auth_gnome_keyring/libsvn_auth_gnome_keyring.pc
config.status:1288: creating subversion/libsvn_auth_kwallet/libsvn_auth_kwallet.pc
config.status:1288: creating subversion/libsvn_client/libsvn_client.pc
config.status:1288: creating subversion/libsvn_delta/libsvn_delta.pc
config.status:1288: creating subversion/libsvn_diff/libsvn_diff.pc
config.status:1288: creating subversion/libsvn_fs/libsvn_fs.pc
config.status:1288: creating subversion/libsvn_fs_base/libsvn_fs_base.pc
config.status:1288: creating subversion/libsvn_fs_fs/libsvn_fs_fs.pc
config.status:1288: creating subversion/libsvn_fs_util/libsvn_fs_util.pc
config.status:1288: creating subversion/libsvn_fs_x/libsvn_fs_x.pc
config.status:1288: creating subversion/libsvn_ra/libsvn_ra.pc
config.status:1288: creating subversion/libsvn_ra_local/libsvn_ra_local.pc
config.status:1288: creating subversion/libsvn_ra_serf/libsvn_ra_serf.pc
config.status:1288: creating subversion/libsvn_ra_svn/libsvn_ra_svn.pc
config.status:1288: creating subversion/libsvn_repos/libsvn_repos.pc
config.status:1288: creating subversion/libsvn_subr/libsvn_subr.pc
config.status:1288: creating subversion/libsvn_wc/libsvn_wc.pc
config.status:1288: creating tools/backup/hot-backup.py
config.status:1288: creating tools/hook-scripts/commit-access-control.pl
config.status:1288: creating subversion/bindings/swig/perl/native/Makefile.PL
config.status:1288: creating subversion/svn_private_config.h.tmp
config.status:1477: executing libtool commands
config.status:1477: executing svn_private_config.h.tmp commands
configure:28511: WARNING: unrecognized options: --disable-gtk-doc, --disable-gtk-doc-html, --disable-doc, --disable-docs, --disable-documentation, --with-xmlto, --with-fop, --disable-dependency-tracking, --enable-ipv6

## ---------------- ##
## Cache variables. ##
## ---------------- ##

ac_cv_build=x86_64-pc-linux-gnu
ac_cv_c_bigendian=no
ac_cv_c_compiler_gnu=yes
ac_cv_c_const=yes
ac_cv_cxx_compiler_gnu=yes
ac_cv_env_CCC_set=
ac_cv_env_CCC_value=
ac_cv_env_CC_set=set
ac_cv_env_CC_value=/home/beyond2002/buildroot-2017.02.8/output/host/usr/bin/aarch64-linux-gnu-gcc
ac_cv_env_CFLAGS_set=set
ac_cv_env_CFLAGS_value='-D_LARGEFILE_SOURCE -D_LARGEFILE64_SOURCE -D_FILE_OFFSET_BITS=64  -Os '
ac_cv_env_CPPFLAGS_set=set
ac_cv_env_CPPFLAGS_value='-D_LARGEFILE_SOURCE -D_LARGEFILE64_SOURCE -D_FILE_OFFSET_BITS=64'
ac_cv_env_CPP_set=set
ac_cv_env_CPP_value=/home/beyond2002/buildroot-2017.02.8/output/host/usr/bin/aarch64-linux-gnu-cpp
ac_cv_env_CXXCPP_set=
ac_cv_env_CXXCPP_value=
ac_cv_env_CXXFLAGS_set=set
ac_cv_env_CXXFLAGS_value='-D_LARGEFILE_SOURCE -D_LARGEFILE64_SOURCE -D_FILE_OFFSET_BITS=64  -Os '
ac_cv_env_CXX_set=set
ac_cv_env_CXX_value=/home/beyond2002/buildroot-2017.02.8/output/host/usr/bin/aarch64-linux-gnu-g++
ac_cv_env_LDFLAGS_set=set
ac_cv_env_LDFLAGS_value=
ac_cv_env_LIBS_set=
ac_cv_env_LIBS_value=
ac_cv_env_LT_SYS_LIBRARY_PATH_set=
ac_cv_env_LT_SYS_LIBRARY_PATH_value=
ac_cv_env_build_alias_set=set
ac_cv_env_build_alias_value=x86_64-pc-linux-gnu
ac_cv_env_host_alias_set=set
ac_cv_env_host_alias_value=aarch64-buildroot-linux-gnu
ac_cv_env_target_alias_set=set
ac_cv_env_target_alias_value=aarch64-buildroot-linux-gnu
ac_cv_func__doprnt=no
ac_cv_func_bind_textdomain_codeset=yes
ac_cv_func_calloc_0_nonnull=yes
ac_cv_func_malloc_0_nonnull=yes
ac_cv_func_memcmp_working=yes
ac_cv_func_mmap_fixed_mapped=yes
ac_cv_func_readlink=yes
ac_cv_func_realloc_0_nonnull=yes
ac_cv_func_symlink=yes
ac_cv_func_tcgetattr=yes
ac_cv_func_tcsetattr=yes
ac_cv_func_uname=yes
ac_cv_func_vprintf=yes
ac_cv_have_decl_malloc=yes
ac_cv_header_apr_memcache_h=yes
ac_cv_header_dlfcn_h=yes
ac_cv_header_inttypes_h=yes
ac_cv_header_memory_h=yes
ac_cv_header_sqlite3_h=yes
ac_cv_header_stdbool_h=yes
ac_cv_header_stdc=yes
ac_cv_header_stdint_h=yes
ac_cv_header_stdlib_h=yes
ac_cv_header_string_h=yes
ac_cv_header_strings_h=yes
ac_cv_header_sys_stat_h=yes
ac_cv_header_sys_types_h=yes
ac_cv_header_sys_utsname_h=yes
ac_cv_header_termios_h=yes
ac_cv_header_unistd_h=yes
ac_cv_header_zlib_h=yes
ac_cv_host=aarch64-buildroot-linux-gnu
ac_cv_lbl_unaligned_fail=yes
ac_cv_lib_aprutil_1_apr_memcache_create=yes
ac_cv_lib_socket_socket=no
ac_cv_lib_sqlite3_sqlite3_close=yes
ac_cv_lib_z_inflate=yes
ac_cv_objext=o
ac_cv_path_CTYPESGEN=none
ac_cv_path_DOXYGEN=none
ac_cv_path_EGREP='/bin/grep -E'
ac_cv_path_FGREP='/bin/grep -F'
ac_cv_path_GREP=/bin/grep
ac_cv_path_MSGFMT=/home/beyond2002/buildroot-2017.02.8/output/host/usr/bin/msgfmt
ac_cv_path_MSGMERGE=/home/beyond2002/buildroot-2017.02.8/output/host/usr/bin/msgmerge
ac_cv_path_PERL=/usr/bin/perl
ac_cv_path_PKG_CONFIG=/home/beyond2002/buildroot-2017.02.8/output/host/usr/bin/pkg-config
ac_cv_path_PYTHON=/usr/bin/python
ac_cv_path_SED=/bin/sed
ac_cv_path_SWIG=none
ac_cv_path_TRANG=none
ac_cv_path_XGETTEXT=/home/beyond2002/buildroot-2017.02.8/output/host/usr/bin/xgettext
ac_cv_path_install='/usr/bin/install -c'
ac_cv_path_lt_DD=/bin/dd
ac_cv_prog_AR=/home/beyond2002/buildroot-2017.02.8/output/host/usr/bin/aarch64-linux-gnu-ar
ac_cv_prog_AWK=gawk
ac_cv_prog_CC=/home/beyond2002/buildroot-2017.02.8/output/host/usr/bin/aarch64-linux-gnu-gcc
ac_cv_prog_CPP=/home/beyond2002/buildroot-2017.02.8/output/host/usr/bin/aarch64-linux-gnu-cpp
ac_cv_prog_CXXCPP='/home/beyond2002/buildroot-2017.02.8/output/host/usr/bin/aarch64-linux-gnu-g++ -E'
ac_cv_prog_OBJDUMP=/home/beyond2002/buildroot-2017.02.8/output/host/usr/bin/aarch64-linux-gnu-objdump
ac_cv_prog_RANLIB=/home/beyond2002/buildroot-2017.02.8/output/host/usr/bin/aarch64-linux-gnu-ranlib
ac_cv_prog_STRIP=/home/beyond2002/buildroot-2017.02.8/output/host/usr/bin/aarch64-linux-gnu-strip
ac_cv_prog_ac_ct_MANIFEST_TOOL=mt
ac_cv_prog_cc_c89=
ac_cv_prog_cc_g=yes
ac_cv_prog_cxx_g=yes
ac_cv_python_compile='x86_64-linux-gnu-gcc -pthread -fPIC'
ac_cv_python_includes=-I/usr/include/python2.7
ac_cv_python_libs='-Wl,-O1 -Wl,-Bsymbolic-functions -Wl,-Bsymbolic-functions -Wl,-z,relro'
ac_cv_python_link='x86_64-linux-gnu-gcc -pthread -shared -Wl,-O1 -Wl,-Bsymbolic-functions -Wl,-Bsymbolic-functions -Wl,-z,relro -fno-strict-aliasing -DNDEBUG -g -fwrapv -O2 -Wall -Wstrict-prototypes -Wdate-time -D_FORTIFY_SOURCE=2 -g -fstack-protector-strong -Wformat -Werror=format-security'
ac_cv_search_bindtextdomain='none required'
ac_cv_target=aarch64-buildroot-linux-gnu
ac_cv_type_size_t=yes
gl_cv_func_malloc_0_nonnull=yes
lt_cv_ar_at_file=@
lt_cv_archive_cmds_need_lc=no
lt_cv_deplibs_check_method=pass_all
lt_cv_file_magic_cmd='$MAGIC_CMD'
lt_cv_file_magic_test_file=
lt_cv_ld_reload_flag=-r
lt_cv_nm_interface='BSD nm'
lt_cv_objdir=.libs
lt_cv_path_LD=/home/beyond2002/buildroot-2017.02.8/output/host/usr/bin/aarch64-linux-gnu-ld
lt_cv_path_LDCXX=/home/beyond2002/buildroot-2017.02.8/output/host/usr/bin/aarch64-linux-gnu-ld
lt_cv_path_NM=/home/beyond2002/buildroot-2017.02.8/output/host/usr/bin/aarch64-linux-gnu-nm
lt_cv_path_mainfest_tool=no
lt_cv_prog_compiler_c_o=yes
lt_cv_prog_compiler_c_o_CXX=yes
lt_cv_prog_compiler_pic='-fPIC -DPIC'
lt_cv_prog_compiler_pic_CXX='-fPIC -DPIC'
lt_cv_prog_compiler_pic_works=yes
lt_cv_prog_compiler_pic_works_CXX=yes
lt_cv_prog_compiler_rtti_exceptions=no
lt_cv_prog_compiler_static_works=yes
lt_cv_prog_compiler_static_works_CXX=yes
lt_cv_prog_gnu_ld=yes
lt_cv_prog_gnu_ldcxx=yes
lt_cv_sharedlib_from_linklib_cmd='printf %s\n'
lt_cv_shlibpath_overrides_runpath=no
lt_cv_sys_global_symbol_pipe='sed -n -e '\''s/^.*[	 ]\([ABCDGIRSTW][ABCDGIRSTW]*\)[	 ][	 ]*\([_A-Za-z][_A-Za-z0-9]*\)$/\1 \2 \2/p'\'' | sed '\''/ __gnu_lto/d'\'''
lt_cv_sys_global_symbol_to_c_name_address='sed -n -e '\''s/^: \(.*\) .*$/  {"\1", (void *) 0},/p'\'' -e '\''s/^[ABCDGIRSTW][ABCDGIRSTW]* .* \(.*\)$/  {"\1", (void *) \&\1},/p'\'''
lt_cv_sys_global_symbol_to_c_name_address_lib_prefix='sed -n -e '\''s/^: \(.*\) .*$/  {"\1", (void *) 0},/p'\'' -e '\''s/^[ABCDGIRSTW][ABCDGIRSTW]* .* \(lib.*\)$/  {"\1", (void *) \&\1},/p'\'' -e '\''s/^[ABCDGIRSTW][ABCDGIRSTW]* .* \(.*\)$/  {"lib\1", (void *) \&\1},/p'\'''
lt_cv_sys_global_symbol_to_cdecl='sed -n -e '\''s/^T .* \(.*\)$/extern int \1();/p'\'' -e '\''s/^[ABCDGIRSTW][ABCDGIRSTW]* .* \(.*\)$/extern char \1;/p'\'''
lt_cv_sys_global_symbol_to_import=
lt_cv_sys_lib_search_path_spec=
lt_cv_sys_max_cmd_len=1572864
lt_cv_to_host_file_cmd=func_convert_file_noop
lt_cv_to_tool_file_cmd=func_convert_file_noop
lt_cv_truncate_bin='/bin/dd bs=4096 count=1'
svn_cv_atomic_builtins=no
svn_cv_pycfmt_apr_int64_t=l

## ----------------- ##
## Output variables. ##
## ----------------- ##

APACHE_INCLUDES=''
APACHE_LDFLAGS=''
APACHE_LIBEXECDIR='no'
APXS='no'
AR='/home/beyond2002/buildroot-2017.02.8/output/host/usr/bin/aarch64-linux-gnu-ar'
AWK='gawk'
BDB_TEST_DEPS=''
BDB_TEST_PROGRAMS=''
BUILD_RULES='fsmod-lib ramod-lib lib bin test sub-test  tools locale'
CC='/home/beyond2002/buildroot-2017.02.8/output/host/usr/bin/aarch64-linux-gnu-gcc'
CFLAGS='-D_LARGEFILE_SOURCE -D_LARGEFILE64_SOURCE -D_FILE_OFFSET_BITS=64  -Os   '
CMAINTAINERFLAGS=''
CMODEFLAGS='-std=c90 '
CNOWARNFLAGS='-w '
CPP='/home/beyond2002/buildroot-2017.02.8/output/host/usr/bin/aarch64-linux-gnu-cpp'
CPPFLAGS='-D_LARGEFILE_SOURCE -D_LARGEFILE64_SOURCE -D_FILE_OFFSET_BITS=64   -DLINUX -D_REENTRANT -D_GNU_SOURCE'
CTYPESGEN='none'
CUSERFLAGS='-D_LARGEFILE_SOURCE -D_LARGEFILE64_SOURCE -D_FILE_OFFSET_BITS=64  -Os '
CXX='/home/beyond2002/buildroot-2017.02.8/output/host/usr/bin/aarch64-linux-gnu-g++'
CXXCPP='/home/beyond2002/buildroot-2017.02.8/output/host/usr/bin/aarch64-linux-gnu-g++ -E'
CXXFLAGS='-D_LARGEFILE_SOURCE -D_LARGEFILE64_SOURCE -D_FILE_OFFSET_BITS=64  -Os '
CXXMAINTAINERFLAGS=''
CXXMODEFLAGS='-std=c++98 '
CXXNOWARNFLAGS='-w '
CXXUSERFLAGS='-D_LARGEFILE_SOURCE -D_LARGEFILE64_SOURCE -D_FILE_OFFSET_BITS=64  -Os '
DEFS='-DHAVE_CONFIG_H'
DLLTOOL='false'
DOXYGEN='none'
DSYMUTIL=''
DUMPBIN=''
ECHO_C=''
ECHO_N='-n'
ECHO_T=''
EGREP='/bin/grep -E'
EXEEXT=''
FGREP='/bin/grep -F'
FIX_JAVAHL_LIB=''
GETTEXT_CODESET=''
GMOCK_SRCDIR='/home/beyond2002/buildroot-2017.02.8/output/build/subversion-1.9.7/gmock-fused'
GREP='/bin/grep'
HTTPD_VERSION=''
INCLUDE_OUTPUTS='include $(top_srcdir)/build-outputs.mk'
INSTALL_APACHE_MODS='false'
INSTALL_DATA='${INSTALL} -m 644'
INSTALL_EXTRA_JAVAHL_LIB=''
INSTALL_PROGRAM='${INSTALL}'
INSTALL_RULES='install-fsmod-lib install-ramod-lib install-lib install-include install-static  install-locale'
INSTALL_SCRIPT='${INSTALL}'
INSTALL_STATIC_RULES='install-bin install-docs'
JAR='none'
JAVA=''
JAVAC='none'
JAVAC_COMPAT_FLAGS=''
JAVAC_FLAGS=''
JAVADOC='none'
JAVAH='none'
JAVAHL_COMPAT_TESTS_TARGET=''
JAVAHL_OBJDIR=''
JAVAHL_TESTS_TARGET=''
JAVA_CLASSPATH=''
JDK='none'
JNI_INCLUDES='none'
KDE4_CONFIG=''
LD='/home/beyond2002/buildroot-2017.02.8/output/host/usr/bin/aarch64-linux-gnu-ld'
LDFLAGS='   -L/home/beyond2002/buildroot-2017.02.8/output/host/usr/aarch64-buildroot-linux-gnu/sysroot/usr/lib'
LIBOBJS=''
LIBS=''
LIBTOOL='$(SHELL) $(top_builddir)/libtool'
LIPO=''
LN_S='ln -s'
LTLIBOBJS=''
LT_CFLAGS=''
LT_CXX_LIBADD=''
LT_LDFLAGS='-shared '
LT_NO_UNDEFINED=''
LT_SYS_LIBRARY_PATH=''
MANIFEST_TOOL=':'
MKDIR='/usr/bin/install -c -d'
MOD_ACTIVATION=''
MSGFMT='/home/beyond2002/buildroot-2017.02.8/output/host/usr/bin/msgfmt'
MSGFMTFLAGS='-c'
MSGMERGE='/home/beyond2002/buildroot-2017.02.8/output/host/usr/bin/msgmerge'
NM='/home/beyond2002/buildroot-2017.02.8/output/host/usr/bin/aarch64-linux-gnu-nm'
NMEDIT=''
NO_GETTEXT_CODESET='#'
OBJDUMP='/home/beyond2002/buildroot-2017.02.8/output/host/usr/bin/aarch64-linux-gnu-objdump'
OBJEXT='o'
OTOOL64=''
OTOOL=''
PACKAGE_BUGREPORT='http://subversion.apache.org/'
PACKAGE_NAME='subversion'
PACKAGE_STRING='subversion 1.9.7'
PACKAGE_TARNAME='subversion'
PACKAGE_URL=''
PACKAGE_VERSION='1.9.7'
PATH_SEPARATOR=':'
PERL='/usr/bin/perl'
PKG_CONFIG='/home/beyond2002/buildroot-2017.02.8/output/host/usr/bin/pkg-config'
PYTHON='/usr/bin/python'
RANLIB='/home/beyond2002/buildroot-2017.02.8/output/host/usr/bin/aarch64-linux-gnu-ranlib'
RDOC=''
RUBY='none'
RUBY_MAJOR=''
RUBY_MINOR=''
RUBY_TEENY=''
SED='/bin/sed'
SHELL='/bin/bash'
STRIP='/home/beyond2002/buildroot-2017.02.8/output/host/usr/bin/aarch64-linux-gnu-strip'
SVN_APRUTIL_CONFIG='/home/beyond2002/buildroot-2017.02.8/output/host/usr/aarch64-buildroot-linux-gnu/sysroot/usr/bin/apu-1-config'
SVN_APRUTIL_INCLUDES=' -I/home/beyond2002/buildroot-2017.02.8/output/host/usr/aarch64-buildroot-linux-gnu/sysroot/usr/include/apr-1 '
SVN_APRUTIL_LIBS='-L/home/beyond2002/buildroot-2017.02.8/output/host/usr/aarch64-buildroot-linux-gnu/sysroot/usr/lib -laprutil-1      -lexpat'
SVN_APR_CONFIG='/home/beyond2002/buildroot-2017.02.8/output/host/usr/aarch64-buildroot-linux-gnu/sysroot/usr/bin/apr-1-config'
SVN_APR_INCLUDES=' -I/home/beyond2002/buildroot-2017.02.8/output/host/usr/aarch64-buildroot-linux-gnu/sysroot/usr/include/apr-1 '
SVN_APR_LIBS='-L/home/beyond2002/buildroot-2017.02.8/output/host/usr/aarch64-buildroot-linux-gnu/sysroot/usr/lib -lapr-1'
SVN_APR_MAJOR_VERSION='1'
SVN_APR_MEMCACHE_INCLUDES=''
SVN_APR_MEMCACHE_LIBS=''
SVN_APR_SHLIB_PATH_VAR='LD_LIBRARY_PATH'
SVN_BINDIR='/usr/bin'
SVN_CONFIG_SCRIPT_FILES=' tools/backup/hot-backup.py tools/hook-scripts/commit-access-control.pl subversion/bindings/swig/perl/native/Makefile.PL'
SVN_DB_INCLUDES=''
SVN_DB_LIBS=''
SVN_FS_LIB_DEPS='$(FS_FS_DEPS) $(FS_X_DEPS)'
SVN_FS_LIB_INSTALL_DEPS='install-fsmod-lib'
SVN_FS_LIB_LINK='$(FS_FS_LINK) $(FS_X_LINK)'
SVN_GNOME_KEYRING_INCLUDES=''
SVN_GNOME_KEYRING_LIBS=''
SVN_HAVE_GPG_AGENT=''
SVN_INTL_LIBS=''
SVN_KWALLET_INCLUDES=''
SVN_KWALLET_LIBS=''
SVN_LIBTOOL='$(SHELL) "/home/beyond2002/buildroot-2017.02.8/output/build/subversion-1.9.7/libtool"'
SVN_LT_SOVERSION='-version-info 0'
SVN_MAGIC_INCLUDES=''
SVN_MAGIC_LIBS=''
SVN_RA_LIB_DEPS='$(RA_LOCAL_DEPS) $(RA_SVN_DEPS)'
SVN_RA_LIB_INSTALL_DEPS='install-ramod-lib'
SVN_RA_LIB_LINK='$(RA_LOCAL_LINK) $(RA_SVN_LINK)'
SVN_SASL_INCLUDES=''
SVN_SASL_LIBS=''
SVN_SERF_INCLUDES=''
SVN_SERF_LIBS=''
SVN_SQLITE_INCLUDES=''
SVN_SQLITE_LIBS='-lsqlite3'
SVN_USE_GMOCK='false'
SVN_XML_INCLUDES=''
SVN_XML_LIBS=''
SVN_ZLIB_INCLUDES='-I/home/beyond2002/buildroot-2017.02.8/output/host/usr/aarch64-buildroot-linux-gnu/sysroot/usr/include'
SVN_ZLIB_LIBS='-L/home/beyond2002/buildroot-2017.02.8/output/host/usr/aarch64-buildroot-linux-gnu/sysroot/usr/lib -lz'
SWIG='none'
SWIG_CPPFLAGS='-D_LARGEFILE_SOURCE -D_LARGEFILE64_SOURCE -D_FILE_OFFSET_BITS=64   -DLINUX -D_REENTRANT -D_GNU_SOURCE'
SWIG_LDFLAGS=''
SWIG_PL_INCLUDES='$(SWIG_INCLUDES)  -D_REENTRANT -D_GNU_SOURCE -DDEBIAN -fwrapv -fno-strict-aliasing -pipe -I/usr/local/include -D_LARGEFILE_SOURCE -D_FILE_OFFSET_BITS=64  -I/usr/lib/x86_64-linux-gnu/perl/5.22/CORE '
SWIG_PY_COMPILE='x86_64-linux-gnu-gcc -pthread -fPIC -D_LARGEFILE_SOURCE -D_LARGEFILE64_SOURCE -D_FILE_OFFSET_BITS=64  -Os   '
SWIG_PY_INCLUDES='$(SWIG_INCLUDES) -I/usr/include/python2.7'
SWIG_PY_LIBS='-Wl,-O1 -Wl,-Bsymbolic-functions -Wl,-Bsymbolic-functions -Wl,-z,relro'
SWIG_PY_LINK='x86_64-linux-gnu-gcc -pthread -shared -Wl,-O1 -Wl,-Bsymbolic-functions -Wl,-Bsymbolic-functions -Wl,-z,relro -fno-strict-aliasing -DNDEBUG -g -fwrapv -O2 -Wall -Wstrict-prototypes -Wdate-time -D_FORTIFY_SOURCE=2 -g -fstack-protector-strong -Wformat -Werror=format-security'
SWIG_RB_COMPILE='none'
SWIG_RB_INCLUDES=''
SWIG_RB_LIBS=''
SWIG_RB_LINK='none'
SWIG_RB_SITE_ARCH_DIR=''
SWIG_RB_SITE_LIB_DIR=''
SWIG_RB_TEST_VERBOSE=''
TRANG='none'
TRANSFORM_LIBTOOL_SCRIPTS=''
XGETTEXT='/home/beyond2002/buildroot-2017.02.8/output/host/usr/bin/xgettext'
abs_builddir='/home/beyond2002/buildroot-2017.02.8/output/build/subversion-1.9.7'
abs_srcdir='/home/beyond2002/buildroot-2017.02.8/output/build/subversion-1.9.7'
ac_ct_AR=''
ac_ct_CC=''
ac_ct_CXX=''
ac_ct_DUMPBIN=''
bindir='${exec_prefix}/bin'
build='x86_64-pc-linux-gnu'
build_alias='x86_64-pc-linux-gnu'
build_cpu='x86_64'
build_os='linux-gnu'
build_vendor='pc'
canonicalized_srcdir=''
datadir='${datarootdir}'
datarootdir='${prefix}/share'
docdir='${datarootdir}/doc/${PACKAGE_TARNAME}'
dvidir='${docdir}'
exec_prefix='/usr'
host='aarch64-buildroot-linux-gnu'
host_alias='aarch64-buildroot-linux-gnu'
host_cpu='aarch64'
host_os='linux-gnu'
host_vendor='buildroot'
htmldir='${docdir}'
includedir='${prefix}/include'
infodir='${datarootdir}/info'
libdir='${exec_prefix}/lib'
libexecdir='${exec_prefix}/libexec'
libsvn_auth_gnome_keyring_LDFLAGS='-Wl,--no-undefined'
libsvn_auth_kwallet_LDFLAGS='-Wl,--no-undefined'
libsvn_client_LDFLAGS='-Wl,--no-undefined'
libsvn_delta_LDFLAGS='-Wl,--no-undefined'
libsvn_diff_LDFLAGS='-Wl,--no-undefined'
libsvn_fs_LDFLAGS='-Wl,--no-undefined'
libsvn_fs_base_LDFLAGS='-Wl,--no-undefined'
libsvn_fs_fs_LDFLAGS='-Wl,--no-undefined'
libsvn_fs_util_LDFLAGS='-Wl,--no-undefined'
libsvn_ra_LDFLAGS='-Wl,--no-undefined'
libsvn_ra_local_LDFLAGS='-Wl,--no-undefined'
libsvn_ra_serf_LDFLAGS='-Wl,--no-undefined'
libsvn_ra_svn_LDFLAGS='-Wl,--no-undefined'
libsvn_repos_LDFLAGS='-Wl,--no-undefined'
libsvn_subr_LDFLAGS='-Wl,--no-undefined'
libsvn_wc_LDFLAGS='-Wl,--no-undefined'
localedir='${datadir}/locale'
localstatedir='/var'
mandir='${datarootdir}/man'
oldincludedir='/usr/include'
pdfdir='${docdir}'
prefix='/usr'
program_transform_name='s,x,x,'
psdir='${docdir}'
sbindir='${exec_prefix}/sbin'
sharedstatedir='${prefix}/com'
sysconfdir='/etc'
target='aarch64-buildroot-linux-gnu'
target_alias='aarch64-buildroot-linux-gnu'
target_cpu='aarch64'
target_os='linux-gnu'
target_vendor='buildroot'

## ----------- ##
## confdefs.h. ##
## ----------- ##

/* confdefs.h */
#define PACKAGE_NAME "subversion"
#define PACKAGE_TARNAME "subversion"
#define PACKAGE_VERSION "1.9.7"
#define PACKAGE_STRING "subversion 1.9.7"
#define PACKAGE_BUGREPORT "http://subversion.apache.org/"
#define PACKAGE_URL ""
#define SVN_SOVERSION 0
#define STDC_HEADERS 1
#define HAVE_SYS_TYPES_H 1
#define HAVE_SYS_STAT_H 1
#define HAVE_STDLIB_H 1
#define HAVE_STRING_H 1
#define HAVE_MEMORY_H 1
#define HAVE_STRINGS_H 1
#define HAVE_INTTYPES_H 1
#define HAVE_STDINT_H 1
#define HAVE_UNISTD_H 1
#define SVN_HAVE_MEMCACHE 1
#define SVN_BINDIR "/usr/bin"
#define SVN_LOCALE_DIR "/usr/share/locale"
#define HAVE_DLFCN_H 1
#define LT_OBJDIR ".libs/"
#define SVN_FS_WANT_DB_MAJOR 4
#define SVN_FS_WANT_DB_MINOR 0
#define SVN_FS_WANT_DB_PATCH 14
#define SVN_HAVE_GPG_AGENT 1
#define ENABLE_NLS 1
#define HAVE_BIND_TEXTDOMAIN_CODESET 1
#define STDC_HEADERS 1
#define HAVE_VPRINTF 1
#define HAVE_SYMLINK 1
#define HAVE_READLINK 1
#define HAVE_SYS_UTSNAME_H 1
#define HAVE_UNAME 1
#define HAVE_TCGETATTR 1
#define HAVE_TERMIOS_H 1
#define HAVE_TCSETATTR 1
#define HAVE_TERMIOS_H 1
#define HAVE_ZLIB_H 1
#define SVN_APR_INT64_T_PYCFMT "l"
#define SVN_LIBSVN_CLIENT_LINKS_RA_LOCAL 1
#define SVN_LIBSVN_CLIENT_LINKS_RA_SVN 1
#define SVN_LIBSVN_FS_LINKS_FS_FS 1
#define SVN_LIBSVN_FS_LINKS_FS_X 1
#define HAVE_STDBOOL_H 1
#define HAVE_INTTYPES_H 1
#define SVN_PATH_LOCAL_SEPARATOR '/'
#define SVN_NULL_DEVICE_NAME "/dev/null"
#define DEFAULT_FS_TYPE "fsfs"
#define DEFAULT_HTTP_LIBRARY "serf"
#define SVN_BUILD_HOST "aarch64-buildroot-linux-gnu"
#define SVN_BUILD_TARGET "aarch64-buildroot-linux-gnu"

configure: exit 0
