This file contains any messages produced by compilers while
running configure, to aid debugging if configure makes a mistake.

It was created by configure, which was
generated by GNU Autoconf 2.69.  Invocation command line was

  $ ./configure --target=aarch64-buildroot-linux-gnu --host=aarch64-buildroot-linux-gnu --build=x86_64-pc-linux-gnu --prefix=/usr --exec-prefix=/usr --sysconfdir=/etc --localstatedir=/var --program-prefix= --disable-gtk-doc --disable-gtk-doc-html --disable-doc --disable-docs --disable-documentation --with-xmlto=no --with-fop=no --disable-dependency-tracking --enable-ipv6 --disable-static --enable-shared --with-apr=/home/beyond2002/buildroot-2017.02.8/output/host/usr/aarch64-buildroot-linux-gnu/sysroot/usr/bin/apr-1-config --without-berkeley-db --without-gdbm --without-mysql --with-sqlite3=/home/beyond2002/buildroot-2017.02.8/output/host/usr/aarch64-buildroot-linux-gnu/sysroot/usr --without-crypto --without-odbc

## --------- ##
## Platform. ##
## --------- ##

hostname = instance-1
uname -m = x86_64
uname -r = 4.10.0-42-generic
uname -s = Linux
uname -v = #46~16.04.1-Ubuntu SMP Mon Dec 4 15:57:59 UTC 2017

/usr/bin/uname -p = unknown
/bin/uname -X     = unknown

/bin/arch              = unknown
/usr/bin/arch -k       = unknown
/usr/convex/getsysinfo = unknown
/usr/bin/hostinfo      = unknown
/bin/machine           = unknown
/usr/bin/oslevel       = unknown
/bin/universe          = unknown

PATH: /home/beyond2002/buildroot-2017.02.8/output/host/bin
PATH: /home/beyond2002/buildroot-2017.02.8/output/host/sbin
PATH: /home/beyond2002/buildroot-2017.02.8/output/host/usr/bin
PATH: /home/beyond2002/buildroot-2017.02.8/output/host/usr/sbin
PATH: /home/beyond2002/bin
PATH: /home/beyond2002/.local/bin
PATH: /usr/local/sbin
PATH: /usr/local/bin
PATH: /usr/sbin
PATH: /usr/bin
PATH: /sbin
PATH: /bin
PATH: /usr/games
PATH: /usr/local/games
PATH: /snap/bin


## ----------- ##
## Core tests. ##
## ----------- ##

configure:2594: checking build system type
configure:2608: result: x86_64-pc-linux-gnu
configure:2628: checking host system type
configure:2641: result: aarch64-buildroot-linux-gnu
configure:2661: checking target system type
configure:2674: result: aarch64-buildroot-linux-gnu
configure:2716: checking for a BSD-compatible install
configure:2784: result: /usr/bin/install -c
configure:2819: checking for working mkdir -p
configure:2835: result: yes
configure:2929: checking for chosen layout
configure:2931: result: apr-util
configure:3063: checking for aarch64-buildroot-linux-gnu-gcc
configure:3090: result: /home/beyond2002/buildroot-2017.02.8/output/host/usr/bin/aarch64-linux-gnu-gcc
configure:3359: checking for C compiler version
configure:3368: /home/beyond2002/buildroot-2017.02.8/output/host/usr/bin/aarch64-linux-gnu-gcc --version >&5
aarch64-linux-gnu-gcc (Linaro GCC 6.4-2017.08) 6.4.1 20170707
Copyright (C) 2017 Free Software Foundation, Inc.
This is free software; see the source for copying conditions.  There is NO
warranty; not even for MERCHANTABILITY or FITNESS FOR A PARTICULAR PURPOSE.

configure:3379: $? = 0
configure:3368: /home/beyond2002/buildroot-2017.02.8/output/host/usr/bin/aarch64-linux-gnu-gcc -v >&5
Using built-in specs.
COLLECT_GCC=/home/beyond2002/buildroot-2017.02.8/output/host/opt/ext-toolchain/bin/aarch64-linux-gnu-gcc
COLLECT_LTO_WRAPPER=/home/beyond2002/buildroot-2017.02.8/output/host/opt/ext-toolchain/bin/../libexec/gcc/aarch64-linux-gnu/6.4.1/lto-wrapper
Target: aarch64-linux-gnu
Configured with: '/home/tcwg-buildslave/workspace/tcwg-make-release/builder_arch/amd64/label/tcwg-x86_64-build/target/aarch64-linux-gnu/snapshots/gcc.git~linaro-6.4-2017.08/configure' SHELL=/bin/bash --with-mpc=/home/tcwg-buildslave/workspace/tcwg-make-release/builder_arch/amd64/label/tcwg-x86_64-build/target/aarch64-linux-gnu/_build/builds/destdir/x86_64-unknown-linux-gnu --with-mpfr=/home/tcwg-buildslave/workspace/tcwg-make-release/builder_arch/amd64/label/tcwg-x86_64-build/target/aarch64-linux-gnu/_build/builds/destdir/x86_64-unknown-linux-gnu --with-gmp=/home/tcwg-buildslave/workspace/tcwg-make-release/builder_arch/amd64/label/tcwg-x86_64-build/target/aarch64-linux-gnu/_build/builds/destdir/x86_64-unknown-linux-gnu --with-gnu-as --with-gnu-ld --disable-libmudflap --enable-lto --enable-shared --without-included-gettext --enable-nls --disable-sjlj-exceptions --enable-gnu-unique-object --enable-linker-build-id --disable-libstdcxx-pch --enable-c99 --enable-clocale=gnu --enable-libstdcxx-debug --enable-long-long --with-cloog=no --with-ppl=no --with-isl=no --disable-multilib --enable-fix-cortex-a53-835769 --enable-fix-cortex-a53-843419 --with-arch=armv8-a --enable-threads=posix --enable-multiarch --enable-libstdcxx-time=yes --enable-gnu-indirect-function --with-build-sysroot=/home/tcwg-buildslave/workspace/tcwg-make-release/builder_arch/amd64/label/tcwg-x86_64-build/target/aarch64-linux-gnu/_build/sysroots/aarch64-linux-gnu --with-sysroot=/home/tcwg-buildslave/workspace/tcwg-make-release/builder_arch/amd64/label/tcwg-x86_64-build/target/aarch64-linux-gnu/_build/builds/destdir/x86_64-unknown-linux-gnu/aarch64-linux-gnu/libc --enable-checking=release --disable-bootstrap --enable-languages=c,c++,fortran,lto --build=x86_64-unknown-linux-gnu --host=x86_64-unknown-linux-gnu --target=aarch64-linux-gnu --prefix=/home/tcwg-buildslave/workspace/tcwg-make-release/builder_arch/amd64/label/tcwg-x86_64-build/target/aarch64-linux-gnu/_build/builds/destdir/x86_64-unknown-linux-gnu
Thread model: posix
gcc version 6.4.1 20170707 (Linaro GCC 6.4-2017.08) 
configure:3379: $? = 0
configure:3368: /home/beyond2002/buildroot-2017.02.8/output/host/usr/bin/aarch64-linux-gnu-gcc -V >&5
aarch64-linux-gnu-gcc: error: unrecognized command line option '-V'
aarch64-linux-gnu-gcc: fatal error: no input files
compilation terminated.
configure:3379: $? = 1
configure:3368: /home/beyond2002/buildroot-2017.02.8/output/host/usr/bin/aarch64-linux-gnu-gcc -qversion >&5
aarch64-linux-gnu-gcc: error: unrecognized command line option '-qversion'; did you mean '--version'?
aarch64-linux-gnu-gcc: fatal error: no input files
compilation terminated.
configure:3379: $? = 1
configure:3399: checking whether the C compiler works
configure:3421: /home/beyond2002/buildroot-2017.02.8/output/host/usr/bin/aarch64-linux-gnu-gcc -D_LARGEFILE_SOURCE -D_LARGEFILE64_SOURCE -D_FILE_OFFSET_BITS=64  -Os  -D_LARGEFILE_SOURCE -D_LARGEFILE64_SOURCE -D_FILE_OFFSET_BITS=64  conftest.c  >&5
configure:3425: $? = 0
configure:3473: result: yes
configure:3476: checking for C compiler default output file name
configure:3478: result: a.out
configure:3484: checking for suffix of executables
configure:3491: /home/beyond2002/buildroot-2017.02.8/output/host/usr/bin/aarch64-linux-gnu-gcc -o conftest -D_LARGEFILE_SOURCE -D_LARGEFILE64_SOURCE -D_FILE_OFFSET_BITS=64  -Os  -D_LARGEFILE_SOURCE -D_LARGEFILE64_SOURCE -D_FILE_OFFSET_BITS=64  conftest.c  >&5
configure:3495: $? = 0
configure:3517: result: 
configure:3539: checking whether we are cross compiling
configure:3577: result: yes
configure:3582: checking for suffix of object files
configure:3604: /home/beyond2002/buildroot-2017.02.8/output/host/usr/bin/aarch64-linux-gnu-gcc -c -D_LARGEFILE_SOURCE -D_LARGEFILE64_SOURCE -D_FILE_OFFSET_BITS=64  -Os  -D_LARGEFILE_SOURCE -D_LARGEFILE64_SOURCE -D_FILE_OFFSET_BITS=64 conftest.c >&5
configure:3608: $? = 0
configure:3629: result: o
configure:3633: checking whether we are using the GNU C compiler
configure:3652: /home/beyond2002/buildroot-2017.02.8/output/host/usr/bin/aarch64-linux-gnu-gcc -c -D_LARGEFILE_SOURCE -D_LARGEFILE64_SOURCE -D_FILE_OFFSET_BITS=64  -Os  -D_LARGEFILE_SOURCE -D_LARGEFILE64_SOURCE -D_FILE_OFFSET_BITS=64 conftest.c >&5
configure:3652: $? = 0
configure:3661: result: yes
configure:3670: checking whether /home/beyond2002/buildroot-2017.02.8/output/host/usr/bin/aarch64-linux-gnu-gcc accepts -g
configure:3690: /home/beyond2002/buildroot-2017.02.8/output/host/usr/bin/aarch64-linux-gnu-gcc -c -g -D_LARGEFILE_SOURCE -D_LARGEFILE64_SOURCE -D_FILE_OFFSET_BITS=64 conftest.c >&5
configure:3690: $? = 0
configure:3731: result: yes
configure:3748: checking for /home/beyond2002/buildroot-2017.02.8/output/host/usr/bin/aarch64-linux-gnu-gcc option to accept ISO C89
configure:3811: /home/beyond2002/buildroot-2017.02.8/output/host/usr/bin/aarch64-linux-gnu-gcc  -c -D_LARGEFILE_SOURCE -D_LARGEFILE64_SOURCE -D_FILE_OFFSET_BITS=64  -Os  -D_LARGEFILE_SOURCE -D_LARGEFILE64_SOURCE -D_FILE_OFFSET_BITS=64 conftest.c >&5
configure:3811: $? = 0
configure:3824: result: none needed
configure:4001: checking for APR
configure:4080: result: yes
configure:4347: checking how to run the C preprocessor
configure:4417: result: /home/beyond2002/buildroot-2017.02.8/output/host/usr/bin/aarch64-linux-gnu-cpp
configure:4437: /home/beyond2002/buildroot-2017.02.8/output/host/usr/bin/aarch64-linux-gnu-cpp -D_LARGEFILE_SOURCE -D_LARGEFILE64_SOURCE -D_FILE_OFFSET_BITS=64 -DLINUX -D_REENTRANT -D_GNU_SOURCE conftest.c
configure:4437: $? = 0
configure:4451: /home/beyond2002/buildroot-2017.02.8/output/host/usr/bin/aarch64-linux-gnu-cpp -D_LARGEFILE_SOURCE -D_LARGEFILE64_SOURCE -D_FILE_OFFSET_BITS=64 -DLINUX -D_REENTRANT -D_GNU_SOURCE conftest.c
conftest.c:9:28: fatal error: ac_nonexistent.h: No such file or directory
 #include <ac_nonexistent.h>
                            ^
compilation terminated.
configure:4451: $? = 1
configure: failed program was:
| /* confdefs.h */
| #define PACKAGE_NAME ""
| #define PACKAGE_TARNAME ""
| #define PACKAGE_VERSION ""
| #define PACKAGE_STRING ""
| #define PACKAGE_BUGREPORT ""
| #define PACKAGE_URL ""
| /* end confdefs.h.  */
| #include <ac_nonexistent.h>
configure:4480: checking for grep that handles long lines and -e
configure:4538: result: /bin/grep
configure:4543: checking for egrep
configure:4605: result: /bin/grep -E
configure:4610: checking for ANSI C header files
configure:4630: /home/beyond2002/buildroot-2017.02.8/output/host/usr/bin/aarch64-linux-gnu-gcc -c -D_LARGEFILE_SOURCE -D_LARGEFILE64_SOURCE -D_FILE_OFFSET_BITS=64  -Os  -D_LARGEFILE_SOURCE -D_LARGEFILE64_SOURCE -D_FILE_OFFSET_BITS=64 -DLINUX -D_REENTRANT -D_GNU_SOURCE conftest.c >&5
configure:4630: $? = 0
configure:4714: result: yes
configure:4727: checking for sys/types.h
configure:4727: /home/beyond2002/buildroot-2017.02.8/output/host/usr/bin/aarch64-linux-gnu-gcc -c -D_LARGEFILE_SOURCE -D_LARGEFILE64_SOURCE -D_FILE_OFFSET_BITS=64  -Os  -D_LARGEFILE_SOURCE -D_LARGEFILE64_SOURCE -D_FILE_OFFSET_BITS=64 -DLINUX -D_REENTRANT -D_GNU_SOURCE conftest.c >&5
configure:4727: $? = 0
configure:4727: result: yes
configure:4727: checking for sys/stat.h
configure:4727: /home/beyond2002/buildroot-2017.02.8/output/host/usr/bin/aarch64-linux-gnu-gcc -c -D_LARGEFILE_SOURCE -D_LARGEFILE64_SOURCE -D_FILE_OFFSET_BITS=64  -Os  -D_LARGEFILE_SOURCE -D_LARGEFILE64_SOURCE -D_FILE_OFFSET_BITS=64 -DLINUX -D_REENTRANT -D_GNU_SOURCE conftest.c >&5
configure:4727: $? = 0
configure:4727: result: yes
configure:4727: checking for stdlib.h
configure:4727: /home/beyond2002/buildroot-2017.02.8/output/host/usr/bin/aarch64-linux-gnu-gcc -c -D_LARGEFILE_SOURCE -D_LARGEFILE64_SOURCE -D_FILE_OFFSET_BITS=64  -Os  -D_LARGEFILE_SOURCE -D_LARGEFILE64_SOURCE -D_FILE_OFFSET_BITS=64 -DLINUX -D_REENTRANT -D_GNU_SOURCE conftest.c >&5
configure:4727: $? = 0
configure:4727: result: yes
configure:4727: checking for string.h
configure:4727: /home/beyond2002/buildroot-2017.02.8/output/host/usr/bin/aarch64-linux-gnu-gcc -c -D_LARGEFILE_SOURCE -D_LARGEFILE64_SOURCE -D_FILE_OFFSET_BITS=64  -Os  -D_LARGEFILE_SOURCE -D_LARGEFILE64_SOURCE -D_FILE_OFFSET_BITS=64 -DLINUX -D_REENTRANT -D_GNU_SOURCE conftest.c >&5
configure:4727: $? = 0
configure:4727: result: yes
configure:4727: checking for memory.h
configure:4727: /home/beyond2002/buildroot-2017.02.8/output/host/usr/bin/aarch64-linux-gnu-gcc -c -D_LARGEFILE_SOURCE -D_LARGEFILE64_SOURCE -D_FILE_OFFSET_BITS=64  -Os  -D_LARGEFILE_SOURCE -D_LARGEFILE64_SOURCE -D_FILE_OFFSET_BITS=64 -DLINUX -D_REENTRANT -D_GNU_SOURCE conftest.c >&5
configure:4727: $? = 0
configure:4727: result: yes
configure:4727: checking for strings.h
configure:4727: /home/beyond2002/buildroot-2017.02.8/output/host/usr/bin/aarch64-linux-gnu-gcc -c -D_LARGEFILE_SOURCE -D_LARGEFILE64_SOURCE -D_FILE_OFFSET_BITS=64  -Os  -D_LARGEFILE_SOURCE -D_LARGEFILE64_SOURCE -D_FILE_OFFSET_BITS=64 -DLINUX -D_REENTRANT -D_GNU_SOURCE conftest.c >&5
configure:4727: $? = 0
configure:4727: result: yes
configure:4727: checking for inttypes.h
configure:4727: /home/beyond2002/buildroot-2017.02.8/output/host/usr/bin/aarch64-linux-gnu-gcc -c -D_LARGEFILE_SOURCE -D_LARGEFILE64_SOURCE -D_FILE_OFFSET_BITS=64  -Os  -D_LARGEFILE_SOURCE -D_LARGEFILE64_SOURCE -D_FILE_OFFSET_BITS=64 -DLINUX -D_REENTRANT -D_GNU_SOURCE conftest.c >&5
configure:4727: $? = 0
configure:4727: result: yes
configure:4727: checking for stdint.h
configure:4727: /home/beyond2002/buildroot-2017.02.8/output/host/usr/bin/aarch64-linux-gnu-gcc -c -D_LARGEFILE_SOURCE -D_LARGEFILE64_SOURCE -D_FILE_OFFSET_BITS=64  -Os  -D_LARGEFILE_SOURCE -D_LARGEFILE64_SOURCE -D_FILE_OFFSET_BITS=64 -DLINUX -D_REENTRANT -D_GNU_SOURCE conftest.c >&5
configure:4727: $? = 0
configure:4727: result: yes
configure:4727: checking for unistd.h
configure:4727: /home/beyond2002/buildroot-2017.02.8/output/host/usr/bin/aarch64-linux-gnu-gcc -c -D_LARGEFILE_SOURCE -D_LARGEFILE64_SOURCE -D_FILE_OFFSET_BITS=64  -Os  -D_LARGEFILE_SOURCE -D_LARGEFILE64_SOURCE -D_FILE_OFFSET_BITS=64 -DLINUX -D_REENTRANT -D_GNU_SOURCE conftest.c >&5
configure:4727: $? = 0
configure:4727: result: yes
configure:18781: checking for default DBM
configure:18783: result: sdbm (default)
configure:19633: checking for pg_config
configure:19666: result: no
configure:19721: checking libpq-fe.h usability
configure:19721: /home/beyond2002/buildroot-2017.02.8/output/host/usr/bin/aarch64-linux-gnu-gcc -c -D_LARGEFILE_SOURCE -D_LARGEFILE64_SOURCE -D_FILE_OFFSET_BITS=64  -Os  -D_LARGEFILE_SOURCE -D_LARGEFILE64_SOURCE -D_FILE_OFFSET_BITS=64 -DLINUX -D_REENTRANT -D_GNU_SOURCE conftest.c >&5
conftest.c:52:22: fatal error: libpq-fe.h: No such file or directory
 #include <libpq-fe.h>
                      ^
compilation terminated.
configure:19721: $? = 1
configure: failed program was:
| /* confdefs.h */
| #define PACKAGE_NAME ""
| #define PACKAGE_TARNAME ""
| #define PACKAGE_VERSION ""
| #define PACKAGE_STRING ""
| #define PACKAGE_BUGREPORT ""
| #define PACKAGE_URL ""
| #define STDC_HEADERS 1
| #define HAVE_SYS_TYPES_H 1
| #define HAVE_SYS_STAT_H 1
| #define HAVE_STDLIB_H 1
| #define HAVE_STRING_H 1
| #define HAVE_MEMORY_H 1
| #define HAVE_STRINGS_H 1
| #define HAVE_INTTYPES_H 1
| #define HAVE_STDINT_H 1
| #define HAVE_UNISTD_H 1
| /* end confdefs.h.  */
| #include <stdio.h>
| #ifdef HAVE_SYS_TYPES_H
| # include <sys/types.h>
| #endif
| #ifdef HAVE_SYS_STAT_H
| # include <sys/stat.h>
| #endif
| #ifdef STDC_HEADERS
| # include <stdlib.h>
| # include <stddef.h>
| #else
| # ifdef HAVE_STDLIB_H
| #  include <stdlib.h>
| # endif
| #endif
| #ifdef HAVE_STRING_H
| # if !defined STDC_HEADERS && defined HAVE_MEMORY_H
| #  include <memory.h>
| # endif
| # include <string.h>
| #endif
| #ifdef HAVE_STRINGS_H
| # include <strings.h>
| #endif
| #ifdef HAVE_INTTYPES_H
| # include <inttypes.h>
| #endif
| #ifdef HAVE_STDINT_H
| # include <stdint.h>
| #endif
| #ifdef HAVE_UNISTD_H
| # include <unistd.h>
| #endif
| #include <libpq-fe.h>
configure:19721: result: no
configure:19721: checking libpq-fe.h presence
configure:19721: /home/beyond2002/buildroot-2017.02.8/output/host/usr/bin/aarch64-linux-gnu-cpp -D_LARGEFILE_SOURCE -D_LARGEFILE64_SOURCE -D_FILE_OFFSET_BITS=64 -DLINUX -D_REENTRANT -D_GNU_SOURCE conftest.c
conftest.c:19:22: fatal error: libpq-fe.h: No such file or directory
 #include <libpq-fe.h>
                      ^
compilation terminated.
configure:19721: $? = 1
configure: failed program was:
| /* confdefs.h */
| #define PACKAGE_NAME ""
| #define PACKAGE_TARNAME ""
| #define PACKAGE_VERSION ""
| #define PACKAGE_STRING ""
| #define PACKAGE_BUGREPORT ""
| #define PACKAGE_URL ""
| #define STDC_HEADERS 1
| #define HAVE_SYS_TYPES_H 1
| #define HAVE_SYS_STAT_H 1
| #define HAVE_STDLIB_H 1
| #define HAVE_STRING_H 1
| #define HAVE_MEMORY_H 1
| #define HAVE_STRINGS_H 1
| #define HAVE_INTTYPES_H 1
| #define HAVE_STDINT_H 1
| #define HAVE_UNISTD_H 1
| /* end confdefs.h.  */
| #include <libpq-fe.h>
configure:19721: result: no
configure:19721: checking for libpq-fe.h
configure:19721: result: no
configure:19843: checking postgresql/libpq-fe.h usability
configure:19843: /home/beyond2002/buildroot-2017.02.8/output/host/usr/bin/aarch64-linux-gnu-gcc -c -D_LARGEFILE_SOURCE -D_LARGEFILE64_SOURCE -D_FILE_OFFSET_BITS=64  -Os  -D_LARGEFILE_SOURCE -D_LARGEFILE64_SOURCE -D_FILE_OFFSET_BITS=64 -DLINUX -D_REENTRANT -D_GNU_SOURCE conftest.c >&5
conftest.c:52:33: fatal error: postgresql/libpq-fe.h: No such file or directory
 #include <postgresql/libpq-fe.h>
                                 ^
compilation terminated.
configure:19843: $? = 1
configure: failed program was:
| /* confdefs.h */
| #define PACKAGE_NAME ""
| #define PACKAGE_TARNAME ""
| #define PACKAGE_VERSION ""
| #define PACKAGE_STRING ""
| #define PACKAGE_BUGREPORT ""
| #define PACKAGE_URL ""
| #define STDC_HEADERS 1
| #define HAVE_SYS_TYPES_H 1
| #define HAVE_SYS_STAT_H 1
| #define HAVE_STDLIB_H 1
| #define HAVE_STRING_H 1
| #define HAVE_MEMORY_H 1
| #define HAVE_STRINGS_H 1
| #define HAVE_INTTYPES_H 1
| #define HAVE_STDINT_H 1
| #define HAVE_UNISTD_H 1
| /* end confdefs.h.  */
| #include <stdio.h>
| #ifdef HAVE_SYS_TYPES_H
| # include <sys/types.h>
| #endif
| #ifdef HAVE_SYS_STAT_H
| # include <sys/stat.h>
| #endif
| #ifdef STDC_HEADERS
| # include <stdlib.h>
| # include <stddef.h>
| #else
| # ifdef HAVE_STDLIB_H
| #  include <stdlib.h>
| # endif
| #endif
| #ifdef HAVE_STRING_H
| # if !defined STDC_HEADERS && defined HAVE_MEMORY_H
| #  include <memory.h>
| # endif
| # include <string.h>
| #endif
| #ifdef HAVE_STRINGS_H
| # include <strings.h>
| #endif
| #ifdef HAVE_INTTYPES_H
| # include <inttypes.h>
| #endif
| #ifdef HAVE_STDINT_H
| # include <stdint.h>
| #endif
| #ifdef HAVE_UNISTD_H
| # include <unistd.h>
| #endif
| #include <postgresql/libpq-fe.h>
configure:19843: result: no
configure:19843: checking postgresql/libpq-fe.h presence
configure:19843: /home/beyond2002/buildroot-2017.02.8/output/host/usr/bin/aarch64-linux-gnu-cpp -D_LARGEFILE_SOURCE -D_LARGEFILE64_SOURCE -D_FILE_OFFSET_BITS=64 -DLINUX -D_REENTRANT -D_GNU_SOURCE conftest.c
conftest.c:19:33: fatal error: postgresql/libpq-fe.h: No such file or directory
 #include <postgresql/libpq-fe.h>
                                 ^
compilation terminated.
configure:19843: $? = 1
configure: failed program was:
| /* confdefs.h */
| #define PACKAGE_NAME ""
| #define PACKAGE_TARNAME ""
| #define PACKAGE_VERSION ""
| #define PACKAGE_STRING ""
| #define PACKAGE_BUGREPORT ""
| #define PACKAGE_URL ""
| #define STDC_HEADERS 1
| #define HAVE_SYS_TYPES_H 1
| #define HAVE_SYS_STAT_H 1
| #define HAVE_STDLIB_H 1
| #define HAVE_STRING_H 1
| #define HAVE_MEMORY_H 1
| #define HAVE_STRINGS_H 1
| #define HAVE_INTTYPES_H 1
| #define HAVE_STDINT_H 1
| #define HAVE_UNISTD_H 1
| /* end confdefs.h.  */
| #include <postgresql/libpq-fe.h>
configure:19843: result: no
configure:19843: checking for postgresql/libpq-fe.h
configure:19843: result: no
configure:20657: checking for sqlite3 in /home/beyond2002/buildroot-2017.02.8/output/host/usr/aarch64-buildroot-linux-gnu/sysroot/usr
configure:20661: checking sqlite3.h usability
configure:20661: /home/beyond2002/buildroot-2017.02.8/output/host/usr/bin/aarch64-linux-gnu-gcc -c -D_LARGEFILE_SOURCE -D_LARGEFILE64_SOURCE -D_FILE_OFFSET_BITS=64  -Os  -D_LARGEFILE_SOURCE -D_LARGEFILE64_SOURCE -D_FILE_OFFSET_BITS=64 -DLINUX -D_REENTRANT -D_GNU_SOURCE -I/home/beyond2002/buildroot-2017.02.8/output/host/usr/aarch64-buildroot-linux-gnu/sysroot/usr/include conftest.c >&5
configure:20661: $? = 0
configure:20661: result: yes
configure:20661: checking sqlite3.h presence
configure:20661: /home/beyond2002/buildroot-2017.02.8/output/host/usr/bin/aarch64-linux-gnu-cpp -D_LARGEFILE_SOURCE -D_LARGEFILE64_SOURCE -D_FILE_OFFSET_BITS=64 -DLINUX -D_REENTRANT -D_GNU_SOURCE -I/home/beyond2002/buildroot-2017.02.8/output/host/usr/aarch64-buildroot-linux-gnu/sysroot/usr/include conftest.c
configure:20661: $? = 0
configure:20661: result: yes
configure:20661: checking for sqlite3.h
configure:20661: result: yes
configure:20666: checking for sqlite3_open in -lsqlite3
configure:20691: /home/beyond2002/buildroot-2017.02.8/output/host/usr/bin/aarch64-linux-gnu-gcc -o conftest -D_LARGEFILE_SOURCE -D_LARGEFILE64_SOURCE -D_FILE_OFFSET_BITS=64  -Os  -D_LARGEFILE_SOURCE -D_LARGEFILE64_SOURCE -D_FILE_OFFSET_BITS=64 -DLINUX -D_REENTRANT -D_GNU_SOURCE -I/home/beyond2002/buildroot-2017.02.8/output/host/usr/aarch64-buildroot-linux-gnu/sysroot/usr/include -L/home/beyond2002/buildroot-2017.02.8/output/host/usr/aarch64-buildroot-linux-gnu/sysroot/usr/lib  conftest.c -lsqlite3   >&5
configure:20691: $? = 0
configure:20700: result: yes
configure:21017: checking sqlite.h usability
configure:21017: /home/beyond2002/buildroot-2017.02.8/output/host/usr/bin/aarch64-linux-gnu-gcc -c -D_LARGEFILE_SOURCE -D_LARGEFILE64_SOURCE -D_FILE_OFFSET_BITS=64  -Os  -D_LARGEFILE_SOURCE -D_LARGEFILE64_SOURCE -D_FILE_OFFSET_BITS=64 -DLINUX -D_REENTRANT -D_GNU_SOURCE conftest.c >&5
conftest.c:53:20: fatal error: sqlite.h: No such file or directory
 #include <sqlite.h>
                    ^
compilation terminated.
configure:21017: $? = 1
configure: failed program was:
| /* confdefs.h */
| #define PACKAGE_NAME ""
| #define PACKAGE_TARNAME ""
| #define PACKAGE_VERSION ""
| #define PACKAGE_STRING ""
| #define PACKAGE_BUGREPORT ""
| #define PACKAGE_URL ""
| #define STDC_HEADERS 1
| #define HAVE_SYS_TYPES_H 1
| #define HAVE_SYS_STAT_H 1
| #define HAVE_STDLIB_H 1
| #define HAVE_STRING_H 1
| #define HAVE_MEMORY_H 1
| #define HAVE_STRINGS_H 1
| #define HAVE_INTTYPES_H 1
| #define HAVE_STDINT_H 1
| #define HAVE_UNISTD_H 1
| #define HAVE_SQLITE3_H 1
| /* end confdefs.h.  */
| #include <stdio.h>
| #ifdef HAVE_SYS_TYPES_H
| # include <sys/types.h>
| #endif
| #ifdef HAVE_SYS_STAT_H
| # include <sys/stat.h>
| #endif
| #ifdef STDC_HEADERS
| # include <stdlib.h>
| # include <stddef.h>
| #else
| # ifdef HAVE_STDLIB_H
| #  include <stdlib.h>
| # endif
| #endif
| #ifdef HAVE_STRING_H
| # if !defined STDC_HEADERS && defined HAVE_MEMORY_H
| #  include <memory.h>
| # endif
| # include <string.h>
| #endif
| #ifdef HAVE_STRINGS_H
| # include <strings.h>
| #endif
| #ifdef HAVE_INTTYPES_H
| # include <inttypes.h>
| #endif
| #ifdef HAVE_STDINT_H
| # include <stdint.h>
| #endif
| #ifdef HAVE_UNISTD_H
| # include <unistd.h>
| #endif
| #include <sqlite.h>
configure:21017: result: no
configure:21017: checking sqlite.h presence
configure:21017: /home/beyond2002/buildroot-2017.02.8/output/host/usr/bin/aarch64-linux-gnu-cpp -D_LARGEFILE_SOURCE -D_LARGEFILE64_SOURCE -D_FILE_OFFSET_BITS=64 -DLINUX -D_REENTRANT -D_GNU_SOURCE conftest.c
conftest.c:20:20: fatal error: sqlite.h: No such file or directory
 #include <sqlite.h>
                    ^
compilation terminated.
configure:21017: $? = 1
configure: failed program was:
| /* confdefs.h */
| #define PACKAGE_NAME ""
| #define PACKAGE_TARNAME ""
| #define PACKAGE_VERSION ""
| #define PACKAGE_STRING ""
| #define PACKAGE_BUGREPORT ""
| #define PACKAGE_URL ""
| #define STDC_HEADERS 1
| #define HAVE_SYS_TYPES_H 1
| #define HAVE_SYS_STAT_H 1
| #define HAVE_STDLIB_H 1
| #define HAVE_STRING_H 1
| #define HAVE_MEMORY_H 1
| #define HAVE_STRINGS_H 1
| #define HAVE_INTTYPES_H 1
| #define HAVE_STDINT_H 1
| #define HAVE_UNISTD_H 1
| #define HAVE_SQLITE3_H 1
| /* end confdefs.h.  */
| #include <sqlite.h>
configure:21017: result: no
configure:21017: checking for sqlite.h
configure:21017: result: no
configure:22628: checking Expat 1.95.x
configure:22648: /home/beyond2002/buildroot-2017.02.8/output/host/usr/bin/aarch64-linux-gnu-gcc -o conftest -D_LARGEFILE_SOURCE -D_LARGEFILE64_SOURCE -D_FILE_OFFSET_BITS=64  -Os  -D_LARGEFILE_SOURCE -D_LARGEFILE64_SOURCE -D_FILE_OFFSET_BITS=64 -DLINUX -D_REENTRANT -D_GNU_SOURCE  conftest.c  -lexpat >&5
configure:22648: $? = 0
configure:22658: result: yes
configure:23156: checking iconv.h usability
configure:23156: /home/beyond2002/buildroot-2017.02.8/output/host/usr/bin/aarch64-linux-gnu-gcc -c -D_LARGEFILE_SOURCE -D_LARGEFILE64_SOURCE -D_FILE_OFFSET_BITS=64  -Os  -D_LARGEFILE_SOURCE -D_LARGEFILE64_SOURCE -D_FILE_OFFSET_BITS=64 -DLINUX -D_REENTRANT -D_GNU_SOURCE conftest.c >&5
configure:23156: $? = 0
configure:23156: result: yes
configure:23156: checking iconv.h presence
configure:23156: /home/beyond2002/buildroot-2017.02.8/output/host/usr/bin/aarch64-linux-gnu-cpp -D_LARGEFILE_SOURCE -D_LARGEFILE64_SOURCE -D_FILE_OFFSET_BITS=64 -DLINUX -D_REENTRANT -D_GNU_SOURCE conftest.c
configure:23156: $? = 0
configure:23156: result: yes
configure:23156: checking for iconv.h
configure:23156: result: yes
configure:23177: /home/beyond2002/buildroot-2017.02.8/output/host/usr/bin/aarch64-linux-gnu-gcc -o conftest -D_LARGEFILE_SOURCE -D_LARGEFILE64_SOURCE -D_FILE_OFFSET_BITS=64  -Os  -D_LARGEFILE_SOURCE -D_LARGEFILE64_SOURCE -D_FILE_OFFSET_BITS=64 -DLINUX -D_REENTRANT -D_GNU_SOURCE  conftest.c  >&5
configure:23177: $? = 0
configure:23400: checking for type of inbuf parameter to iconv
configure:23423: /home/beyond2002/buildroot-2017.02.8/output/host/usr/bin/aarch64-linux-gnu-gcc -c -D_LARGEFILE_SOURCE -D_LARGEFILE64_SOURCE -D_FILE_OFFSET_BITS=64  -Os   -Werror -D_LARGEFILE_SOURCE -D_LARGEFILE64_SOURCE -D_FILE_OFFSET_BITS=64 -DLINUX -D_REENTRANT -D_GNU_SOURCE conftest.c >&5
configure:23423: $? = 0
configure:23440: result: char **
configure:23449: checking for iconv.h
configure:23449: result: yes
configure:23449: checking langinfo.h usability
configure:23449: /home/beyond2002/buildroot-2017.02.8/output/host/usr/bin/aarch64-linux-gnu-gcc -c -D_LARGEFILE_SOURCE -D_LARGEFILE64_SOURCE -D_FILE_OFFSET_BITS=64  -Os  -D_LARGEFILE_SOURCE -D_LARGEFILE64_SOURCE -D_FILE_OFFSET_BITS=64 -DLINUX -D_REENTRANT -D_GNU_SOURCE conftest.c >&5
configure:23449: $? = 0
configure:23449: result: yes
configure:23449: checking langinfo.h presence
configure:23449: /home/beyond2002/buildroot-2017.02.8/output/host/usr/bin/aarch64-linux-gnu-cpp -D_LARGEFILE_SOURCE -D_LARGEFILE64_SOURCE -D_FILE_OFFSET_BITS=64 -DLINUX -D_REENTRANT -D_GNU_SOURCE conftest.c
configure:23449: $? = 0
configure:23449: result: yes
configure:23449: checking for langinfo.h
configure:23449: result: yes
configure:23473: checking for nl_langinfo
configure:23473: /home/beyond2002/buildroot-2017.02.8/output/host/usr/bin/aarch64-linux-gnu-gcc -o conftest -D_LARGEFILE_SOURCE -D_LARGEFILE64_SOURCE -D_FILE_OFFSET_BITS=64  -Os  -D_LARGEFILE_SOURCE -D_LARGEFILE64_SOURCE -D_FILE_OFFSET_BITS=64 -DLINUX -D_REENTRANT -D_GNU_SOURCE  conftest.c  >&5
configure:23473: $? = 0
configure:23473: result: yes
configure:23493: checking for CODESET in langinfo.h
configure:23518: result: yes
configure:23542: checking whether APR has DSO support
configure:23567: result: yes
configure:23652: checking for library containing crypt
configure:23683: /home/beyond2002/buildroot-2017.02.8/output/host/usr/bin/aarch64-linux-gnu-gcc -o conftest -D_LARGEFILE_SOURCE -D_LARGEFILE64_SOURCE -D_FILE_OFFSET_BITS=64  -Os  -D_LARGEFILE_SOURCE -D_LARGEFILE64_SOURCE -D_FILE_OFFSET_BITS=64 -DLINUX -D_REENTRANT -D_GNU_SOURCE  conftest.c  >&5
/tmp/ccphOhFi.o: In function `main':
conftest.c:(.text.startup+0x8): undefined reference to `crypt'
collect2: error: ld returned 1 exit status
configure:23683: $? = 1
configure: failed program was:
| /* confdefs.h */
| #define PACKAGE_NAME ""
| #define PACKAGE_TARNAME ""
| #define PACKAGE_VERSION ""
| #define PACKAGE_STRING ""
| #define PACKAGE_BUGREPORT ""
| #define PACKAGE_URL ""
| #define STDC_HEADERS 1
| #define HAVE_SYS_TYPES_H 1
| #define HAVE_SYS_STAT_H 1
| #define HAVE_STDLIB_H 1
| #define HAVE_STRING_H 1
| #define HAVE_MEMORY_H 1
| #define HAVE_STRINGS_H 1
| #define HAVE_INTTYPES_H 1
| #define HAVE_STDINT_H 1
| #define HAVE_UNISTD_H 1
| #define HAVE_SQLITE3_H 1
| #define HAVE_EXPAT_H 1
| #define HAVE_ICONV_H 1
| #define HAVE_LANGINFO_H 1
| #define HAVE_NL_LANGINFO 1
| #define HAVE_CODESET 1
| #define APU_DSO_BUILD 1
| /* end confdefs.h.  */
| 
| /* Override any GCC internal prototype to avoid an error.
|    Use char because int might match the return type of a GCC
|    builtin and then its argument prototype would still apply.  */
| #ifdef __cplusplus
| extern "C"
| #endif
| char crypt ();
| int
| main ()
| {
| return crypt ();
|   ;
|   return 0;
| }
configure:23683: /home/beyond2002/buildroot-2017.02.8/output/host/usr/bin/aarch64-linux-gnu-gcc -o conftest -D_LARGEFILE_SOURCE -D_LARGEFILE64_SOURCE -D_FILE_OFFSET_BITS=64  -Os  -D_LARGEFILE_SOURCE -D_LARGEFILE64_SOURCE -D_FILE_OFFSET_BITS=64 -DLINUX -D_REENTRANT -D_GNU_SOURCE  conftest.c -lcrypt   >&5
configure:23683: $? = 0
configure:23700: result: -lcrypt
configure:23708: checking if system crypt() function is threadsafe
configure:23718: result: no
configure:23723: checking for crypt_r
configure:23723: /home/beyond2002/buildroot-2017.02.8/output/host/usr/bin/aarch64-linux-gnu-gcc -o conftest -D_LARGEFILE_SOURCE -D_LARGEFILE64_SOURCE -D_FILE_OFFSET_BITS=64  -Os  -D_LARGEFILE_SOURCE -D_LARGEFILE64_SOURCE -D_FILE_OFFSET_BITS=64 -DLINUX -D_REENTRANT -D_GNU_SOURCE  conftest.c -lcrypt  >&5
configure:23723: $? = 0
configure:23723: result: yes
configure:23737: checking style of crypt_r
configure:23754: /home/beyond2002/buildroot-2017.02.8/output/host/usr/bin/aarch64-linux-gnu-gcc -c -D_LARGEFILE_SOURCE -D_LARGEFILE64_SOURCE -D_FILE_OFFSET_BITS=64  -Os  -D_LARGEFILE_SOURCE -D_LARGEFILE64_SOURCE -D_FILE_OFFSET_BITS=64 -DLINUX -D_REENTRANT -D_GNU_SOURCE conftest.c >&5
conftest.c: In function 'main':
conftest.c:31:1: error: unknown type name 'CRYPTD'
 CRYPTD buffer;
 ^~~~~~
conftest.c:32:29: warning: passing argument 3 of 'crypt_r' from incompatible pointer type [-Wincompatible-pointer-types]
   crypt_r("passwd", "hash", &buffer);
                             ^
In file included from conftest.c:27:0:
/home/beyond2002/buildroot-2017.02.8/output/host/usr/aarch64-buildroot-linux-gnu/sysroot/usr/include/crypt.h:60:14: note: expected 'struct crypt_data * restrict' but argument is of type 'int *'
 extern char *crypt_r (const char *__key, const char *__salt,
              ^~~~~~~
configure:23754: $? = 1
configure: failed program was:
| /* confdefs.h */
| #define PACKAGE_NAME ""
| #define PACKAGE_TARNAME ""
| #define PACKAGE_VERSION ""
| #define PACKAGE_STRING ""
| #define PACKAGE_BUGREPORT ""
| #define PACKAGE_URL ""
| #define STDC_HEADERS 1
| #define HAVE_SYS_TYPES_H 1
| #define HAVE_SYS_STAT_H 1
| #define HAVE_STDLIB_H 1
| #define HAVE_STRING_H 1
| #define HAVE_MEMORY_H 1
| #define HAVE_STRINGS_H 1
| #define HAVE_INTTYPES_H 1
| #define HAVE_STDINT_H 1
| #define HAVE_UNISTD_H 1
| #define HAVE_SQLITE3_H 1
| #define HAVE_EXPAT_H 1
| #define HAVE_ICONV_H 1
| #define HAVE_LANGINFO_H 1
| #define HAVE_NL_LANGINFO 1
| #define HAVE_CODESET 1
| #define APU_DSO_BUILD 1
| #define HAVE_CRYPT_R 1
| /* end confdefs.h.  */
| #include <crypt.h>
| int
| main ()
| {
| CRYPTD buffer;
|   crypt_r("passwd", "hash", &buffer);
|   ;
|   return 0;
| }
configure:23769: /home/beyond2002/buildroot-2017.02.8/output/host/usr/bin/aarch64-linux-gnu-gcc -c -D_LARGEFILE_SOURCE -D_LARGEFILE64_SOURCE -D_FILE_OFFSET_BITS=64  -Os  -D_LARGEFILE_SOURCE -D_LARGEFILE64_SOURCE -D_FILE_OFFSET_BITS=64 -DLINUX -D_REENTRANT -D_GNU_SOURCE conftest.c >&5
configure:23769: $? = 0
configure:23778: result: struct_crypt_data
configure:23793: checking whether the compiler handles weak symbols
configure:23824: result: no
configure:23833: checking for memset_s support
configure:23865: result: no
configure:23874: checking for explicit_bzero support
configure:23909: result: no
configure:24146: creating ./config.status

## ---------------------- ##
## Running config.status. ##
## ---------------------- ##

This file was extended by config.status, which was
generated by GNU Autoconf 2.69.  Invocation command line was

  CONFIG_FILES    = 
  CONFIG_HEADERS  = 
  CONFIG_LINKS    = 
  CONFIG_COMMANDS = 
  $ ./config.status 

on instance-1

config.status:933: creating Makefile
config.status:933: creating export_vars.sh
config.status:933: creating build/pkg/pkginfo
config.status:933: creating apr-util.pc
config.status:933: creating apu-1-config
config.status:933: creating include/private/apu_select_dbm.h
config.status:933: creating include/apr_ldap.h
config.status:933: creating include/apu.h
config.status:933: creating include/apu_want.h
config.status:933: creating test/Makefile
config.status:933: creating include/private/apu_config.h
config.status:1122: executing default commands
configure:25337: WARNING: unrecognized options: --disable-gtk-doc, --disable-gtk-doc-html, --disable-doc, --disable-docs, --disable-documentation, --with-xmlto, --with-fop, --disable-dependency-tracking, --enable-ipv6, --disable-static, --enable-shared

## ---------------- ##
## Cache variables. ##
## ---------------- ##

ac_cv_build=x86_64-pc-linux-gnu
ac_cv_c_bigendian=no
ac_cv_c_compiler_gnu=yes
ac_cv_define_CODESET=yes
ac_cv_env_CC_set=set
ac_cv_env_CC_value=/home/beyond2002/buildroot-2017.02.8/output/host/usr/bin/aarch64-linux-gnu-gcc
ac_cv_env_CFLAGS_set=set
ac_cv_env_CFLAGS_value='-D_LARGEFILE_SOURCE -D_LARGEFILE64_SOURCE -D_FILE_OFFSET_BITS=64  -Os '
ac_cv_env_CPPFLAGS_set=set
ac_cv_env_CPPFLAGS_value='-D_LARGEFILE_SOURCE -D_LARGEFILE64_SOURCE -D_FILE_OFFSET_BITS=64'
ac_cv_env_CPP_set=set
ac_cv_env_CPP_value=/home/beyond2002/buildroot-2017.02.8/output/host/usr/bin/aarch64-linux-gnu-cpp
ac_cv_env_LDFLAGS_set=set
ac_cv_env_LDFLAGS_value=
ac_cv_env_LIBS_set=
ac_cv_env_LIBS_value=
ac_cv_env_build_alias_set=set
ac_cv_env_build_alias_value=x86_64-pc-linux-gnu
ac_cv_env_host_alias_set=set
ac_cv_env_host_alias_value=aarch64-buildroot-linux-gnu
ac_cv_env_target_alias_set=set
ac_cv_env_target_alias_value=aarch64-buildroot-linux-gnu
ac_cv_func_calloc_0_nonnull=yes
ac_cv_func_crypt_r=yes
ac_cv_func_malloc_0_nonnull=yes
ac_cv_func_memcmp_working=yes
ac_cv_func_mmap_fixed_mapped=yes
ac_cv_func_nl_langinfo=yes
ac_cv_func_realloc_0_nonnull=yes
ac_cv_have_decl_malloc=yes
ac_cv_header_iconv_h=yes
ac_cv_header_inttypes_h=yes
ac_cv_header_langinfo_h=yes
ac_cv_header_libpq_fe_h=no
ac_cv_header_memory_h=yes
ac_cv_header_postgresql_libpq_fe_h=no
ac_cv_header_sqlite3_h=yes
ac_cv_header_sqlite_h=no
ac_cv_header_stdc=yes
ac_cv_header_stdint_h=yes
ac_cv_header_stdlib_h=yes
ac_cv_header_string_h=yes
ac_cv_header_strings_h=yes
ac_cv_header_sys_stat_h=yes
ac_cv_header_sys_types_h=yes
ac_cv_header_unistd_h=yes
ac_cv_host=aarch64-buildroot-linux-gnu
ac_cv_lbl_unaligned_fail=yes
ac_cv_lib_sqlite3_sqlite3_open=yes
ac_cv_mkdir_p=yes
ac_cv_objext=o
ac_cv_path_EGREP='/bin/grep -E'
ac_cv_path_GREP=/bin/grep
ac_cv_path_install='/usr/bin/install -c'
ac_cv_prog_CC=/home/beyond2002/buildroot-2017.02.8/output/host/usr/bin/aarch64-linux-gnu-gcc
ac_cv_prog_CPP=/home/beyond2002/buildroot-2017.02.8/output/host/usr/bin/aarch64-linux-gnu-cpp
ac_cv_prog_cc_c89=
ac_cv_prog_cc_g=yes
ac_cv_search_crypt=-lcrypt
ac_cv_target=aarch64-buildroot-linux-gnu
apr_cv_crypt_r_style=struct_crypt_data
apu_cv_aprdso=yes
apu_cv_expat_system=yes
apu_cv_explicit_bzero=no
apu_cv_memset_s=no
apu_cv_weak_symbols=no
gl_cv_func_malloc_0_nonnull=yes
lt_cv_sys_lib_search_path_spec=

## ----------------- ##
## Output variables. ##
## ----------------- ##

APRUTIL_DOTTED_VERSION='1.6.1'
APRUTIL_EXPORT_LIBS='-lexpat'
APRUTIL_INCLUDES=''
APRUTIL_LDFLAGS=''
APRUTIL_LIBNAME='aprutil-${APRUTIL_MAJOR_VERSION}'
APRUTIL_LIBS='-lexpat /home/beyond2002/buildroot-2017.02.8/output/host/usr/aarch64-buildroot-linux-gnu/sysroot/usr/lib/libapr-1.la -lrt -lcrypt -lpthread -ldl'
APRUTIL_MAJOR_VERSION='1'
APRUTIL_PRIV_INCLUDES='-I/home/beyond2002/buildroot-2017.02.8/output/build/apr-util-1.6.1/include -I/home/beyond2002/buildroot-2017.02.8/output/build/apr-util-1.6.1/include/private -I/home/beyond2002/buildroot-2017.02.8/output/host/usr/aarch64-buildroot-linux-gnu/sysroot/usr/include'
APR_BUILD_DIR='/home/beyond2002/buildroot-2017.02.8/output/host/usr/aarch64-buildroot-linux-gnu/sysroot/usr/build-1'
APR_ICONV_DIR=''
APR_INCLUDES=' -I/home/beyond2002/buildroot-2017.02.8/output/host/usr/aarch64-buildroot-linux-gnu/sysroot/usr/include/apr-1 '
APR_LIBS=' /home/beyond2002/buildroot-2017.02.8/output/host/usr/aarch64-buildroot-linux-gnu/sysroot/usr/lib/libapr-1.la -lrt -lcrypt  -lpthread -ldl'
APU_CONFIG_LOCATION='source'
APU_DSO_LIBDIR='${libdir}/apr-util-1'
APU_HAVE_MODULES='yes'
APU_LTVERSION='-version-info 6:1:6'
APU_MODULES='  dbd/apr_dbd_sqlite3.la'
CC='/home/beyond2002/buildroot-2017.02.8/output/host/usr/bin/aarch64-linux-gnu-gcc'
CFLAGS='-D_LARGEFILE_SOURCE -D_LARGEFILE64_SOURCE -D_FILE_OFFSET_BITS=64  -Os '
CPP='/home/beyond2002/buildroot-2017.02.8/output/host/usr/bin/aarch64-linux-gnu-cpp'
CPPFLAGS='-D_LARGEFILE_SOURCE -D_LARGEFILE64_SOURCE -D_FILE_OFFSET_BITS=64 -DLINUX -D_REENTRANT -D_GNU_SOURCE'
DEFS='-DHAVE_CONFIG_H'
ECHO_C=''
ECHO_N='-n'
ECHO_T=''
EGREP='/bin/grep -E'
EXEEXT=''
EXTRA_OBJECTS=''
GREP='/bin/grep'
INCLUDE_OUTPUTS='include /home/beyond2002/buildroot-2017.02.8/output/build/apr-util-1.6.1/build-outputs.mk'
INCLUDE_RULES='include /home/beyond2002/buildroot-2017.02.8/output/build/apr-util-1.6.1/build/rules.mk'
INSTALL_DATA='${INSTALL} -m 644'
INSTALL_PROGRAM='${INSTALL}'
INSTALL_SCRIPT='${INSTALL}'
LDADD_crypto_commoncrypto=''
LDADD_crypto_nss=''
LDADD_crypto_openssl=''
LDADD_dbd_mysql=''
LDADD_dbd_odbc=''
LDADD_dbd_oracle=''
LDADD_dbd_pgsql=''
LDADD_dbd_sqlite2=''
LDADD_dbd_sqlite3='-L/home/beyond2002/buildroot-2017.02.8/output/host/usr/aarch64-buildroot-linux-gnu/sysroot/usr/lib  -lsqlite3'
LDADD_dbm_db=''
LDADD_dbm_gdbm=''
LDADD_dbm_ndbm=''
LDADD_ldap=''
LDFLAGS=''
LIBOBJS=''
LIBS='-lcrypt '
LTLIBOBJS=''
LT_NO_INSTALL='-no-install'
MYSQL_CONFIG=''
OBJEXT='o'
ODBC_CONFIG=''
PACKAGE_BUGREPORT=''
PACKAGE_NAME=''
PACKAGE_STRING=''
PACKAGE_TARNAME=''
PACKAGE_URL=''
PACKAGE_VERSION=''
PATH_SEPARATOR=':'
PGSQL_CONFIG=''
PKG_CONFIG='/home/beyond2002/buildroot-2017.02.8/output/host/usr/bin/pkg-config'
SHELL='/bin/bash'
abs_builddir='/home/beyond2002/buildroot-2017.02.8/output/build/apr-util-1.6.1'
abs_srcdir='/home/beyond2002/buildroot-2017.02.8/output/build/apr-util-1.6.1'
ac_ct_CC=''
apr_shlibpath_var='LD_LIBRARY_PATH'
apu_db_header='db.h'
apu_db_version='0'
apu_dbd_tests=' sqlite3'
apu_has_ldap='0'
apu_has_ldap_microsoft='0'
apu_has_ldap_mozilla='0'
apu_has_ldap_netscape='0'
apu_has_ldap_novell='0'
apu_has_ldap_openldap='0'
apu_has_ldap_other='0'
apu_has_ldap_solaris='0'
apu_has_ldap_sslinit='0'
apu_has_ldap_start_tls_s='0'
apu_has_ldap_tivoli='0'
apu_has_ldap_zos='0'
apu_has_ldapssl_add_trusted_cert='0'
apu_has_ldapssl_client_deinit='0'
apu_has_ldapssl_client_init='0'
apu_has_ldapssl_init='0'
apu_has_ldapssl_install_routines='0'
apu_have_commoncrypto='0'
apu_have_crypto='0'
apu_have_db='0'
apu_have_gdbm='0'
apu_have_mysql='0'
apu_have_ndbm='0'
apu_have_nss='0'
apu_have_odbc='0'
apu_have_openssl='0'
apu_have_oracle='0'
apu_have_pgsql='0'
apu_have_sdbm='1'
apu_have_sqlite2='0'
apu_have_sqlite3='1'
apu_use_db='0'
apu_use_gdbm='0'
apu_use_ndbm='0'
apu_use_sdbm='1'
bindir='${exec_prefix}/bin'
build='x86_64-pc-linux-gnu'
build_alias='x86_64-pc-linux-gnu'
build_cpu='x86_64'
build_os='linux-gnu'
build_vendor='pc'
datadir='${prefix}'
datarootdir='${prefix}/share'
docdir='${datarootdir}/doc/${PACKAGE}'
dvidir='${docdir}'
exec_prefix='/usr'
have_apr_iconv='0'
have_iconv='1'
host='aarch64-buildroot-linux-gnu'
host_alias='aarch64-buildroot-linux-gnu'
host_cpu='aarch64'
host_os='linux-gnu'
host_vendor='buildroot'
htmldir='${docdir}'
includedir='${prefix}/include/apr-${APRUTIL_MAJOR_VERSION}'
infodir='${datarootdir}/info'
lber_h=''
ldap_h=''
ldap_ssl_h=''
lib_target='-rpath $(libdir) $(OBJECTS)'
libdir='${exec_prefix}/lib'
libexecdir='${exec_prefix}/modules'
localedir='${datarootdir}/locale'
localstatedir='/var'
mandir='${prefix}/man'
oldincludedir='/usr/include'
pdfdir='${docdir}'
prefix='/usr'
program_transform_name='s,x,x,'
psdir='${docdir}'
sbindir='${exec_prefix}/bin'
sharedstatedir='${prefix}/com'
so_ext='lo'
sysconfdir='/etc'
target='aarch64-buildroot-linux-gnu'
target_alias='aarch64-buildroot-linux-gnu'
target_cpu='aarch64'
target_os='linux-gnu'
target_vendor='buildroot'
top_builddir='/home/beyond2002/buildroot-2017.02.8/output/build/apr-util-1.6.1'

## ----------- ##
## confdefs.h. ##
## ----------- ##

/* confdefs.h */
#define PACKAGE_NAME ""
#define PACKAGE_TARNAME ""
#define PACKAGE_VERSION ""
#define PACKAGE_STRING ""
#define PACKAGE_BUGREPORT ""
#define PACKAGE_URL ""
#define STDC_HEADERS 1
#define HAVE_SYS_TYPES_H 1
#define HAVE_SYS_STAT_H 1
#define HAVE_STDLIB_H 1
#define HAVE_STRING_H 1
#define HAVE_MEMORY_H 1
#define HAVE_STRINGS_H 1
#define HAVE_INTTYPES_H 1
#define HAVE_STDINT_H 1
#define HAVE_UNISTD_H 1
#define HAVE_SQLITE3_H 1
#define HAVE_EXPAT_H 1
#define HAVE_ICONV_H 1
#define HAVE_LANGINFO_H 1
#define HAVE_NL_LANGINFO 1
#define HAVE_CODESET 1
#define APU_DSO_BUILD 1
#define HAVE_CRYPT_R 1
#define CRYPT_R_STRUCT_CRYPT_DATA 1
#define APU_DSO_LIBDIR "/usr/lib/apr-util-1"

configure: exit 0
