This file contains any messages produced by compilers while
running configure, to aid debugging if configure makes a mistake.

It was created by ld configure 2.25.1, which was
generated by GNU Autoconf 2.64.  Invocation command line was

  $ /home/beyond2002/buildroot-2017.02.8/output/build/binutils-2.25.1/ld/configure --cache-file=./config.cache --with-gnu-as --with-gnu-ld --with-system-zlib --prefix=/usr --exec-prefix=/usr --sysconfdir=/etc --localstatedir=/var --disable-gtk-doc --disable-gtk-doc-html --disable-doc --disable-docs --disable-documentation --with-xmlto=no --with-fop=no --disable-dependency-tracking --enable-ipv6 --disable-static --enable-shared --disable-multilib --disable-werror --enable-install-libiberty --enable-build-warnings=no --disable-sim --disable-gdb --program-transform-name=s&^&& --disable-option-checking --build=x86_64-pc-linux-gnu --host=aarch64-buildroot-linux-gnu --target=aarch64-buildroot-linux-gnu --srcdir=.././ld

## --------- ##
## Platform. ##
## --------- ##

hostname = instance-1
uname -m = x86_64
uname -r = 4.10.0-42-generic
uname -s = Linux
uname -v = #46~16.04.1-Ubuntu SMP Mon Dec 4 15:57:59 UTC 2017

/usr/bin/uname -p = unknown
/bin/uname -X     = unknown

/bin/arch              = unknown
/usr/bin/arch -k       = unknown
/usr/convex/getsysinfo = unknown
/usr/bin/hostinfo      = unknown
/bin/machine           = unknown
/usr/bin/oslevel       = unknown
/bin/universe          = unknown

PATH: /home/beyond2002/buildroot-2017.02.8/output/host/bin
PATH: /home/beyond2002/buildroot-2017.02.8/output/host/sbin
PATH: /home/beyond2002/buildroot-2017.02.8/output/host/usr/bin
PATH: /home/beyond2002/buildroot-2017.02.8/output/host/usr/sbin
PATH: /home/beyond2002/bin
PATH: /home/beyond2002/.local/bin
PATH: /usr/local/sbin
PATH: /usr/local/bin
PATH: /usr/sbin
PATH: /usr/bin
PATH: /sbin
PATH: /bin
PATH: /usr/games
PATH: /usr/local/games
PATH: /snap/bin


## ----------- ##
## Core tests. ##
## ----------- ##

configure:2530: creating cache ./config.cache
configure:2635: checking build system type
configure:2649: result: x86_64-pc-linux-gnu
configure:2669: checking host system type
configure:2682: result: aarch64-buildroot-linux-gnu
configure:2702: checking target system type
configure:2715: result: aarch64-buildroot-linux-gnu
configure:2750: checking for aarch64-buildroot-linux-gnu-gcc
configure:2777: result: /home/beyond2002/buildroot-2017.02.8/output/host/usr/bin/aarch64-linux-gnu-gcc
configure:3046: checking for C compiler version
configure:3055: /home/beyond2002/buildroot-2017.02.8/output/host/usr/bin/aarch64-linux-gnu-gcc --version >&5
aarch64-linux-gnu-gcc (Linaro GCC 6.4-2017.08) 6.4.1 20170707
Copyright (C) 2017 Free Software Foundation, Inc.
This is free software; see the source for copying conditions.  There is NO
warranty; not even for MERCHANTABILITY or FITNESS FOR A PARTICULAR PURPOSE.

configure:3066: $? = 0
configure:3055: /home/beyond2002/buildroot-2017.02.8/output/host/usr/bin/aarch64-linux-gnu-gcc -v >&5
Using built-in specs.
COLLECT_GCC=/home/beyond2002/buildroot-2017.02.8/output/host/opt/ext-toolchain/bin/aarch64-linux-gnu-gcc
COLLECT_LTO_WRAPPER=/home/beyond2002/buildroot-2017.02.8/output/host/opt/ext-toolchain/bin/../libexec/gcc/aarch64-linux-gnu/6.4.1/lto-wrapper
Target: aarch64-linux-gnu
Configured with: '/home/tcwg-buildslave/workspace/tcwg-make-release/builder_arch/amd64/label/tcwg-x86_64-build/target/aarch64-linux-gnu/snapshots/gcc.git~linaro-6.4-2017.08/configure' SHELL=/bin/bash --with-mpc=/home/tcwg-buildslave/workspace/tcwg-make-release/builder_arch/amd64/label/tcwg-x86_64-build/target/aarch64-linux-gnu/_build/builds/destdir/x86_64-unknown-linux-gnu --with-mpfr=/home/tcwg-buildslave/workspace/tcwg-make-release/builder_arch/amd64/label/tcwg-x86_64-build/target/aarch64-linux-gnu/_build/builds/destdir/x86_64-unknown-linux-gnu --with-gmp=/home/tcwg-buildslave/workspace/tcwg-make-release/builder_arch/amd64/label/tcwg-x86_64-build/target/aarch64-linux-gnu/_build/builds/destdir/x86_64-unknown-linux-gnu --with-gnu-as --with-gnu-ld --disable-libmudflap --enable-lto --enable-shared --without-included-gettext --enable-nls --disable-sjlj-exceptions --enable-gnu-unique-object --enable-linker-build-id --disable-libstdcxx-pch --enable-c99 --enable-clocale=gnu --enable-libstdcxx-debug --enable-long-long --with-cloog=no --with-ppl=no --with-isl=no --disable-multilib --enable-fix-cortex-a53-835769 --enable-fix-cortex-a53-843419 --with-arch=armv8-a --enable-threads=posix --enable-multiarch --enable-libstdcxx-time=yes --enable-gnu-indirect-function --with-build-sysroot=/home/tcwg-buildslave/workspace/tcwg-make-release/builder_arch/amd64/label/tcwg-x86_64-build/target/aarch64-linux-gnu/_build/sysroots/aarch64-linux-gnu --with-sysroot=/home/tcwg-buildslave/workspace/tcwg-make-release/builder_arch/amd64/label/tcwg-x86_64-build/target/aarch64-linux-gnu/_build/builds/destdir/x86_64-unknown-linux-gnu/aarch64-linux-gnu/libc --enable-checking=release --disable-bootstrap --enable-languages=c,c++,fortran,lto --build=x86_64-unknown-linux-gnu --host=x86_64-unknown-linux-gnu --target=aarch64-linux-gnu --prefix=/home/tcwg-buildslave/workspace/tcwg-make-release/builder_arch/amd64/label/tcwg-x86_64-build/target/aarch64-linux-gnu/_build/builds/destdir/x86_64-unknown-linux-gnu
Thread model: posix
gcc version 6.4.1 20170707 (Linaro GCC 6.4-2017.08) 
configure:3066: $? = 0
configure:3055: /home/beyond2002/buildroot-2017.02.8/output/host/usr/bin/aarch64-linux-gnu-gcc -V >&5
aarch64-linux-gnu-gcc: error: unrecognized command line option '-V'
aarch64-linux-gnu-gcc: fatal error: no input files
compilation terminated.
configure:3066: $? = 1
configure:3055: /home/beyond2002/buildroot-2017.02.8/output/host/usr/bin/aarch64-linux-gnu-gcc -qversion >&5
aarch64-linux-gnu-gcc: error: unrecognized command line option '-qversion'; did you mean '--version'?
aarch64-linux-gnu-gcc: fatal error: no input files
compilation terminated.
configure:3066: $? = 1
configure:3086: checking for C compiler default output file name
configure:3108: /home/beyond2002/buildroot-2017.02.8/output/host/usr/bin/aarch64-linux-gnu-gcc -D_LARGEFILE_SOURCE -D_LARGEFILE64_SOURCE -D_FILE_OFFSET_BITS=64  -Os   -static-libstdc++ -static-libgcc  conftest.c  >&5
configure:3112: $? = 0
configure:3149: result: a.out
configure:3165: checking whether the C compiler works
configure:3193: result: yes
configure:3200: checking whether we are cross compiling
configure:3202: result: yes
configure:3205: checking for suffix of executables
configure:3212: /home/beyond2002/buildroot-2017.02.8/output/host/usr/bin/aarch64-linux-gnu-gcc -o conftest -D_LARGEFILE_SOURCE -D_LARGEFILE64_SOURCE -D_FILE_OFFSET_BITS=64  -Os   -static-libstdc++ -static-libgcc  conftest.c  >&5
configure:3216: $? = 0
configure:3238: result: 
configure:3244: checking for suffix of object files
configure:3266: /home/beyond2002/buildroot-2017.02.8/output/host/usr/bin/aarch64-linux-gnu-gcc -c -D_LARGEFILE_SOURCE -D_LARGEFILE64_SOURCE -D_FILE_OFFSET_BITS=64  -Os   conftest.c >&5
configure:3270: $? = 0
configure:3291: result: o
configure:3295: checking whether we are using the GNU C compiler
configure:3314: /home/beyond2002/buildroot-2017.02.8/output/host/usr/bin/aarch64-linux-gnu-gcc -c -D_LARGEFILE_SOURCE -D_LARGEFILE64_SOURCE -D_FILE_OFFSET_BITS=64  -Os   conftest.c >&5
configure:3314: $? = 0
configure:3323: result: yes
configure:3332: checking whether /home/beyond2002/buildroot-2017.02.8/output/host/usr/bin/aarch64-linux-gnu-gcc accepts -g
configure:3352: /home/beyond2002/buildroot-2017.02.8/output/host/usr/bin/aarch64-linux-gnu-gcc -c -g  conftest.c >&5
configure:3352: $? = 0
configure:3393: result: yes
configure:3410: checking for /home/beyond2002/buildroot-2017.02.8/output/host/usr/bin/aarch64-linux-gnu-gcc option to accept ISO C89
configure:3474: /home/beyond2002/buildroot-2017.02.8/output/host/usr/bin/aarch64-linux-gnu-gcc  -c -D_LARGEFILE_SOURCE -D_LARGEFILE64_SOURCE -D_FILE_OFFSET_BITS=64  -Os   conftest.c >&5
configure:3474: $? = 0
configure:3487: result: none needed
configure:3508: checking for library containing strerror
configure:3539: /home/beyond2002/buildroot-2017.02.8/output/host/usr/bin/aarch64-linux-gnu-gcc -o conftest -D_LARGEFILE_SOURCE -D_LARGEFILE64_SOURCE -D_FILE_OFFSET_BITS=64  -Os   -static-libstdc++ -static-libgcc  conftest.c  >&5
configure:3539: $? = 0
configure:3556: result: none required
configure:3581: checking for a BSD-compatible install
configure:3649: result: /usr/bin/install -c
configure:3660: checking whether build environment is sane
configure:3710: result: yes
configure:3759: checking for aarch64-buildroot-linux-gnu-strip
configure:3789: result: no
configure:3799: checking for strip
configure:3815: found /usr/bin/strip
configure:3826: result: strip
configure:3838: WARNING: using cross tools not prefixed with host triplet
configure:3851: checking for a thread-safe mkdir -p
configure:3890: result: /bin/mkdir -p
configure:3903: checking for gawk
configure:3930: result: gawk
configure:3941: checking whether /usr/bin/make sets $(MAKE)
configure:3963: result: yes
configure:3993: checking for style of include used by /usr/bin/make
configure:4021: result: GNU
configure:4106: checking dependency style of /home/beyond2002/buildroot-2017.02.8/output/host/usr/bin/aarch64-linux-gnu-gcc
configure:4216: result: none
configure:4233: checking whether to enable maintainer-specific portions of Makefiles
configure:4242: result: no
configure:4264: checking for aarch64-buildroot-linux-gnu-gcc
configure:4291: result: /home/beyond2002/buildroot-2017.02.8/output/host/usr/bin/aarch64-linux-gnu-gcc
configure:4560: checking for C compiler version
configure:4569: /home/beyond2002/buildroot-2017.02.8/output/host/usr/bin/aarch64-linux-gnu-gcc --version >&5
aarch64-linux-gnu-gcc (Linaro GCC 6.4-2017.08) 6.4.1 20170707
Copyright (C) 2017 Free Software Foundation, Inc.
This is free software; see the source for copying conditions.  There is NO
warranty; not even for MERCHANTABILITY or FITNESS FOR A PARTICULAR PURPOSE.

configure:4580: $? = 0
configure:4569: /home/beyond2002/buildroot-2017.02.8/output/host/usr/bin/aarch64-linux-gnu-gcc -v >&5
Using built-in specs.
COLLECT_GCC=/home/beyond2002/buildroot-2017.02.8/output/host/opt/ext-toolchain/bin/aarch64-linux-gnu-gcc
COLLECT_LTO_WRAPPER=/home/beyond2002/buildroot-2017.02.8/output/host/opt/ext-toolchain/bin/../libexec/gcc/aarch64-linux-gnu/6.4.1/lto-wrapper
Target: aarch64-linux-gnu
Configured with: '/home/tcwg-buildslave/workspace/tcwg-make-release/builder_arch/amd64/label/tcwg-x86_64-build/target/aarch64-linux-gnu/snapshots/gcc.git~linaro-6.4-2017.08/configure' SHELL=/bin/bash --with-mpc=/home/tcwg-buildslave/workspace/tcwg-make-release/builder_arch/amd64/label/tcwg-x86_64-build/target/aarch64-linux-gnu/_build/builds/destdir/x86_64-unknown-linux-gnu --with-mpfr=/home/tcwg-buildslave/workspace/tcwg-make-release/builder_arch/amd64/label/tcwg-x86_64-build/target/aarch64-linux-gnu/_build/builds/destdir/x86_64-unknown-linux-gnu --with-gmp=/home/tcwg-buildslave/workspace/tcwg-make-release/builder_arch/amd64/label/tcwg-x86_64-build/target/aarch64-linux-gnu/_build/builds/destdir/x86_64-unknown-linux-gnu --with-gnu-as --with-gnu-ld --disable-libmudflap --enable-lto --enable-shared --without-included-gettext --enable-nls --disable-sjlj-exceptions --enable-gnu-unique-object --enable-linker-build-id --disable-libstdcxx-pch --enable-c99 --enable-clocale=gnu --enable-libstdcxx-debug --enable-long-long --with-cloog=no --with-ppl=no --with-isl=no --disable-multilib --enable-fix-cortex-a53-835769 --enable-fix-cortex-a53-843419 --with-arch=armv8-a --enable-threads=posix --enable-multiarch --enable-libstdcxx-time=yes --enable-gnu-indirect-function --with-build-sysroot=/home/tcwg-buildslave/workspace/tcwg-make-release/builder_arch/amd64/label/tcwg-x86_64-build/target/aarch64-linux-gnu/_build/sysroots/aarch64-linux-gnu --with-sysroot=/home/tcwg-buildslave/workspace/tcwg-make-release/builder_arch/amd64/label/tcwg-x86_64-build/target/aarch64-linux-gnu/_build/builds/destdir/x86_64-unknown-linux-gnu/aarch64-linux-gnu/libc --enable-checking=release --disable-bootstrap --enable-languages=c,c++,fortran,lto --build=x86_64-unknown-linux-gnu --host=x86_64-unknown-linux-gnu --target=aarch64-linux-gnu --prefix=/home/tcwg-buildslave/workspace/tcwg-make-release/builder_arch/amd64/label/tcwg-x86_64-build/target/aarch64-linux-gnu/_build/builds/destdir/x86_64-unknown-linux-gnu
Thread model: posix
gcc version 6.4.1 20170707 (Linaro GCC 6.4-2017.08) 
configure:4580: $? = 0
configure:4569: /home/beyond2002/buildroot-2017.02.8/output/host/usr/bin/aarch64-linux-gnu-gcc -V >&5
aarch64-linux-gnu-gcc: error: unrecognized command line option '-V'
aarch64-linux-gnu-gcc: fatal error: no input files
compilation terminated.
configure:4580: $? = 1
configure:4569: /home/beyond2002/buildroot-2017.02.8/output/host/usr/bin/aarch64-linux-gnu-gcc -qversion >&5
aarch64-linux-gnu-gcc: error: unrecognized command line option '-qversion'; did you mean '--version'?
aarch64-linux-gnu-gcc: fatal error: no input files
compilation terminated.
configure:4580: $? = 1
configure:4584: checking whether we are using the GNU C compiler
configure:4612: result: yes
configure:4621: checking whether /home/beyond2002/buildroot-2017.02.8/output/host/usr/bin/aarch64-linux-gnu-gcc accepts -g
configure:4682: result: yes
configure:4699: checking for /home/beyond2002/buildroot-2017.02.8/output/host/usr/bin/aarch64-linux-gnu-gcc option to accept ISO C89
configure:4776: result: none needed
configure:4908: checking for C++ compiler version
configure:4917: /home/beyond2002/buildroot-2017.02.8/output/host/usr/bin/aarch64-linux-gnu-g++ --version >&5
aarch64-linux-gnu-g++ (Linaro GCC 6.4-2017.08) 6.4.1 20170707
Copyright (C) 2017 Free Software Foundation, Inc.
This is free software; see the source for copying conditions.  There is NO
warranty; not even for MERCHANTABILITY or FITNESS FOR A PARTICULAR PURPOSE.

configure:4928: $? = 0
configure:4917: /home/beyond2002/buildroot-2017.02.8/output/host/usr/bin/aarch64-linux-gnu-g++ -v >&5
Using built-in specs.
COLLECT_GCC=/home/beyond2002/buildroot-2017.02.8/output/host/opt/ext-toolchain/bin/aarch64-linux-gnu-g++
COLLECT_LTO_WRAPPER=/home/beyond2002/buildroot-2017.02.8/output/host/opt/ext-toolchain/bin/../libexec/gcc/aarch64-linux-gnu/6.4.1/lto-wrapper
Target: aarch64-linux-gnu
Configured with: '/home/tcwg-buildslave/workspace/tcwg-make-release/builder_arch/amd64/label/tcwg-x86_64-build/target/aarch64-linux-gnu/snapshots/gcc.git~linaro-6.4-2017.08/configure' SHELL=/bin/bash --with-mpc=/home/tcwg-buildslave/workspace/tcwg-make-release/builder_arch/amd64/label/tcwg-x86_64-build/target/aarch64-linux-gnu/_build/builds/destdir/x86_64-unknown-linux-gnu --with-mpfr=/home/tcwg-buildslave/workspace/tcwg-make-release/builder_arch/amd64/label/tcwg-x86_64-build/target/aarch64-linux-gnu/_build/builds/destdir/x86_64-unknown-linux-gnu --with-gmp=/home/tcwg-buildslave/workspace/tcwg-make-release/builder_arch/amd64/label/tcwg-x86_64-build/target/aarch64-linux-gnu/_build/builds/destdir/x86_64-unknown-linux-gnu --with-gnu-as --with-gnu-ld --disable-libmudflap --enable-lto --enable-shared --without-included-gettext --enable-nls --disable-sjlj-exceptions --enable-gnu-unique-object --enable-linker-build-id --disable-libstdcxx-pch --enable-c99 --enable-clocale=gnu --enable-libstdcxx-debug --enable-long-long --with-cloog=no --with-ppl=no --with-isl=no --disable-multilib --enable-fix-cortex-a53-835769 --enable-fix-cortex-a53-843419 --with-arch=armv8-a --enable-threads=posix --enable-multiarch --enable-libstdcxx-time=yes --enable-gnu-indirect-function --with-build-sysroot=/home/tcwg-buildslave/workspace/tcwg-make-release/builder_arch/amd64/label/tcwg-x86_64-build/target/aarch64-linux-gnu/_build/sysroots/aarch64-linux-gnu --with-sysroot=/home/tcwg-buildslave/workspace/tcwg-make-release/builder_arch/amd64/label/tcwg-x86_64-build/target/aarch64-linux-gnu/_build/builds/destdir/x86_64-unknown-linux-gnu/aarch64-linux-gnu/libc --enable-checking=release --disable-bootstrap --enable-languages=c,c++,fortran,lto --build=x86_64-unknown-linux-gnu --host=x86_64-unknown-linux-gnu --target=aarch64-linux-gnu --prefix=/home/tcwg-buildslave/workspace/tcwg-make-release/builder_arch/amd64/label/tcwg-x86_64-build/target/aarch64-linux-gnu/_build/builds/destdir/x86_64-unknown-linux-gnu
Thread model: posix
gcc version 6.4.1 20170707 (Linaro GCC 6.4-2017.08) 
configure:4928: $? = 0
configure:4917: /home/beyond2002/buildroot-2017.02.8/output/host/usr/bin/aarch64-linux-gnu-g++ -V >&5
aarch64-linux-gnu-g++: error: unrecognized command line option '-V'
aarch64-linux-gnu-g++: fatal error: no input files
compilation terminated.
configure:4928: $? = 1
configure:4917: /home/beyond2002/buildroot-2017.02.8/output/host/usr/bin/aarch64-linux-gnu-g++ -qversion >&5
aarch64-linux-gnu-g++: error: unrecognized command line option '-qversion'; did you mean '--version'?
aarch64-linux-gnu-g++: fatal error: no input files
compilation terminated.
configure:4928: $? = 1
configure:4932: checking whether we are using the GNU C++ compiler
configure:4951: /home/beyond2002/buildroot-2017.02.8/output/host/usr/bin/aarch64-linux-gnu-g++ -c -D_LARGEFILE_SOURCE -D_LARGEFILE64_SOURCE -D_FILE_OFFSET_BITS=64  -Os   conftest.cpp >&5
configure:4951: $? = 0
configure:4960: result: yes
configure:4969: checking whether /home/beyond2002/buildroot-2017.02.8/output/host/usr/bin/aarch64-linux-gnu-g++ accepts -g
configure:4989: /home/beyond2002/buildroot-2017.02.8/output/host/usr/bin/aarch64-linux-gnu-g++ -c -g  conftest.cpp >&5
configure:4989: $? = 0
configure:5030: result: yes
configure:5055: checking dependency style of /home/beyond2002/buildroot-2017.02.8/output/host/usr/bin/aarch64-linux-gnu-g++
configure:5165: result: none
configure:5185: checking how to run the C preprocessor
configure:5216: /home/beyond2002/buildroot-2017.02.8/output/host/usr/bin/aarch64-linux-gnu-gcc -E  conftest.c
configure:5216: $? = 0
configure:5230: /home/beyond2002/buildroot-2017.02.8/output/host/usr/bin/aarch64-linux-gnu-gcc -E  conftest.c
conftest.c:11:28: fatal error: ac_nonexistent.h: No such file or directory
 #include <ac_nonexistent.h>
                            ^
compilation terminated.
configure:5230: $? = 1
configure: failed program was:
| /* confdefs.h */
| #define PACKAGE_NAME "ld"
| #define PACKAGE_TARNAME "ld"
| #define PACKAGE_VERSION "2.25.1"
| #define PACKAGE_STRING "ld 2.25.1"
| #define PACKAGE_BUGREPORT ""
| #define PACKAGE_URL ""
| #define PACKAGE "ld"
| #define VERSION "2.25.1"
| /* end confdefs.h.  */
| #include <ac_nonexistent.h>
configure:5255: result: /home/beyond2002/buildroot-2017.02.8/output/host/usr/bin/aarch64-linux-gnu-gcc -E
configure:5275: /home/beyond2002/buildroot-2017.02.8/output/host/usr/bin/aarch64-linux-gnu-gcc -E  conftest.c
configure:5275: $? = 0
configure:5289: /home/beyond2002/buildroot-2017.02.8/output/host/usr/bin/aarch64-linux-gnu-gcc -E  conftest.c
conftest.c:11:28: fatal error: ac_nonexistent.h: No such file or directory
 #include <ac_nonexistent.h>
                            ^
compilation terminated.
configure:5289: $? = 1
configure: failed program was:
| /* confdefs.h */
| #define PACKAGE_NAME "ld"
| #define PACKAGE_TARNAME "ld"
| #define PACKAGE_VERSION "2.25.1"
| #define PACKAGE_STRING "ld 2.25.1"
| #define PACKAGE_BUGREPORT ""
| #define PACKAGE_URL ""
| #define PACKAGE "ld"
| #define VERSION "2.25.1"
| /* end confdefs.h.  */
| #include <ac_nonexistent.h>
configure:5318: checking for grep that handles long lines and -e
configure:5376: result: /bin/grep
configure:5381: checking for egrep
configure:5443: result: /bin/grep -E
configure:5448: checking for ANSI C header files
configure:5468: /home/beyond2002/buildroot-2017.02.8/output/host/usr/bin/aarch64-linux-gnu-gcc -c -D_LARGEFILE_SOURCE -D_LARGEFILE64_SOURCE -D_FILE_OFFSET_BITS=64  -Os   conftest.c >&5
configure:5468: $? = 0
configure:5552: result: yes
configure:5565: checking for sys/types.h
configure:5565: /home/beyond2002/buildroot-2017.02.8/output/host/usr/bin/aarch64-linux-gnu-gcc -c -D_LARGEFILE_SOURCE -D_LARGEFILE64_SOURCE -D_FILE_OFFSET_BITS=64  -Os   conftest.c >&5
configure:5565: $? = 0
configure:5565: result: yes
configure:5565: checking for sys/stat.h
configure:5565: /home/beyond2002/buildroot-2017.02.8/output/host/usr/bin/aarch64-linux-gnu-gcc -c -D_LARGEFILE_SOURCE -D_LARGEFILE64_SOURCE -D_FILE_OFFSET_BITS=64  -Os   conftest.c >&5
configure:5565: $? = 0
configure:5565: result: yes
configure:5565: checking for stdlib.h
configure:5565: /home/beyond2002/buildroot-2017.02.8/output/host/usr/bin/aarch64-linux-gnu-gcc -c -D_LARGEFILE_SOURCE -D_LARGEFILE64_SOURCE -D_FILE_OFFSET_BITS=64  -Os   conftest.c >&5
configure:5565: $? = 0
configure:5565: result: yes
configure:5565: checking for string.h
configure:5565: /home/beyond2002/buildroot-2017.02.8/output/host/usr/bin/aarch64-linux-gnu-gcc -c -D_LARGEFILE_SOURCE -D_LARGEFILE64_SOURCE -D_FILE_OFFSET_BITS=64  -Os   conftest.c >&5
configure:5565: $? = 0
configure:5565: result: yes
configure:5565: checking for memory.h
configure:5565: /home/beyond2002/buildroot-2017.02.8/output/host/usr/bin/aarch64-linux-gnu-gcc -c -D_LARGEFILE_SOURCE -D_LARGEFILE64_SOURCE -D_FILE_OFFSET_BITS=64  -Os   conftest.c >&5
configure:5565: $? = 0
configure:5565: result: yes
configure:5565: checking for strings.h
configure:5565: /home/beyond2002/buildroot-2017.02.8/output/host/usr/bin/aarch64-linux-gnu-gcc -c -D_LARGEFILE_SOURCE -D_LARGEFILE64_SOURCE -D_FILE_OFFSET_BITS=64  -Os   conftest.c >&5
configure:5565: $? = 0
configure:5565: result: yes
configure:5565: checking for inttypes.h
configure:5565: /home/beyond2002/buildroot-2017.02.8/output/host/usr/bin/aarch64-linux-gnu-gcc -c -D_LARGEFILE_SOURCE -D_LARGEFILE64_SOURCE -D_FILE_OFFSET_BITS=64  -Os   conftest.c >&5
configure:5565: $? = 0
configure:5565: result: yes
configure:5565: checking for stdint.h
configure:5565: /home/beyond2002/buildroot-2017.02.8/output/host/usr/bin/aarch64-linux-gnu-gcc -c -D_LARGEFILE_SOURCE -D_LARGEFILE64_SOURCE -D_FILE_OFFSET_BITS=64  -Os   conftest.c >&5
configure:5565: $? = 0
configure:5565: result: yes
configure:5565: checking for unistd.h
configure:5565: /home/beyond2002/buildroot-2017.02.8/output/host/usr/bin/aarch64-linux-gnu-gcc -c -D_LARGEFILE_SOURCE -D_LARGEFILE64_SOURCE -D_FILE_OFFSET_BITS=64  -Os   conftest.c >&5
configure:5565: $? = 0
configure:5565: result: yes
configure:5579: checking minix/config.h usability
configure:5579: /home/beyond2002/buildroot-2017.02.8/output/host/usr/bin/aarch64-linux-gnu-gcc -c -D_LARGEFILE_SOURCE -D_LARGEFILE64_SOURCE -D_FILE_OFFSET_BITS=64  -Os   conftest.c >&5
conftest.c:54:26: fatal error: minix/config.h: No such file or directory
 #include <minix/config.h>
                          ^
compilation terminated.
configure:5579: $? = 1
configure: failed program was:
| /* confdefs.h */
| #define PACKAGE_NAME "ld"
| #define PACKAGE_TARNAME "ld"
| #define PACKAGE_VERSION "2.25.1"
| #define PACKAGE_STRING "ld 2.25.1"
| #define PACKAGE_BUGREPORT ""
| #define PACKAGE_URL ""
| #define PACKAGE "ld"
| #define VERSION "2.25.1"
| #define STDC_HEADERS 1
| #define HAVE_SYS_TYPES_H 1
| #define HAVE_SYS_STAT_H 1
| #define HAVE_STDLIB_H 1
| #define HAVE_STRING_H 1
| #define HAVE_MEMORY_H 1
| #define HAVE_STRINGS_H 1
| #define HAVE_INTTYPES_H 1
| #define HAVE_STDINT_H 1
| #define HAVE_UNISTD_H 1
| /* end confdefs.h.  */
| #include <stdio.h>
| #ifdef HAVE_SYS_TYPES_H
| # include <sys/types.h>
| #endif
| #ifdef HAVE_SYS_STAT_H
| # include <sys/stat.h>
| #endif
| #ifdef STDC_HEADERS
| # include <stdlib.h>
| # include <stddef.h>
| #else
| # ifdef HAVE_STDLIB_H
| #  include <stdlib.h>
| # endif
| #endif
| #ifdef HAVE_STRING_H
| # if !defined STDC_HEADERS && defined HAVE_MEMORY_H
| #  include <memory.h>
| # endif
| # include <string.h>
| #endif
| #ifdef HAVE_STRINGS_H
| # include <strings.h>
| #endif
| #ifdef HAVE_INTTYPES_H
| # include <inttypes.h>
| #endif
| #ifdef HAVE_STDINT_H
| # include <stdint.h>
| #endif
| #ifdef HAVE_UNISTD_H
| # include <unistd.h>
| #endif
| #include <minix/config.h>
configure:5579: result: no
configure:5579: checking minix/config.h presence
configure:5579: /home/beyond2002/buildroot-2017.02.8/output/host/usr/bin/aarch64-linux-gnu-gcc -E  conftest.c
conftest.c:21:26: fatal error: minix/config.h: No such file or directory
 #include <minix/config.h>
                          ^
compilation terminated.
configure:5579: $? = 1
configure: failed program was:
| /* confdefs.h */
| #define PACKAGE_NAME "ld"
| #define PACKAGE_TARNAME "ld"
| #define PACKAGE_VERSION "2.25.1"
| #define PACKAGE_STRING "ld 2.25.1"
| #define PACKAGE_BUGREPORT ""
| #define PACKAGE_URL ""
| #define PACKAGE "ld"
| #define VERSION "2.25.1"
| #define STDC_HEADERS 1
| #define HAVE_SYS_TYPES_H 1
| #define HAVE_SYS_STAT_H 1
| #define HAVE_STDLIB_H 1
| #define HAVE_STRING_H 1
| #define HAVE_MEMORY_H 1
| #define HAVE_STRINGS_H 1
| #define HAVE_INTTYPES_H 1
| #define HAVE_STDINT_H 1
| #define HAVE_UNISTD_H 1
| /* end confdefs.h.  */
| #include <minix/config.h>
configure:5579: result: no
configure:5579: checking for minix/config.h
configure:5579: result: no
configure:5600: checking whether it is safe to define __EXTENSIONS__
configure:5618: /home/beyond2002/buildroot-2017.02.8/output/host/usr/bin/aarch64-linux-gnu-gcc -c -D_LARGEFILE_SOURCE -D_LARGEFILE64_SOURCE -D_FILE_OFFSET_BITS=64  -Os   conftest.c >&5
configure:5618: $? = 0
configure:5625: result: yes
configure:5689: checking how to print strings
configure:5716: result: printf
configure:5737: checking for a sed that does not truncate output
configure:5801: result: /bin/sed
configure:5819: checking for fgrep
configure:5881: result: /bin/grep -F
configure:5916: checking for ld used by /home/beyond2002/buildroot-2017.02.8/output/host/usr/bin/aarch64-linux-gnu-gcc
configure:5983: result: /home/beyond2002/buildroot-2017.02.8/output/host/usr/bin/aarch64-linux-gnu-ld
configure:5990: checking if the linker (/home/beyond2002/buildroot-2017.02.8/output/host/usr/bin/aarch64-linux-gnu-ld) is GNU ld
configure:6005: result: yes
configure:6017: checking for BSD- or MS-compatible name lister (nm)
configure:6066: result: /home/beyond2002/buildroot-2017.02.8/output/host/usr/bin/aarch64-linux-gnu-nm
configure:6196: checking the name lister (/home/beyond2002/buildroot-2017.02.8/output/host/usr/bin/aarch64-linux-gnu-nm) interface
configure:6203: /home/beyond2002/buildroot-2017.02.8/output/host/usr/bin/aarch64-linux-gnu-gcc -c -D_LARGEFILE_SOURCE -D_LARGEFILE64_SOURCE -D_FILE_OFFSET_BITS=64  -Os   conftest.c >&5
configure:6206: /home/beyond2002/buildroot-2017.02.8/output/host/usr/bin/aarch64-linux-gnu-nm "conftest.o"
configure:6209: output
0000000000000000 B some_variable
configure:6216: result: BSD nm
configure:6219: checking whether ln -s works
configure:6223: result: yes
configure:6231: checking the maximum length of command line arguments
configure:6356: result: 1572864
configure:6373: checking whether the shell understands some XSI constructs
configure:6383: result: yes
configure:6387: checking whether the shell understands "+="
configure:6393: result: yes
configure:6428: checking for /home/beyond2002/buildroot-2017.02.8/output/host/usr/bin/aarch64-linux-gnu-ld option to reload object files
configure:6435: result: -r
configure:6464: checking for aarch64-buildroot-linux-gnu-objdump
configure:6491: result: /home/beyond2002/buildroot-2017.02.8/output/host/usr/bin/aarch64-linux-gnu-objdump
configure:6563: checking how to recognize dependent libraries
configure:6764: result: pass_all
configure:6784: checking for aarch64-buildroot-linux-gnu-ar
configure:6811: result: /home/beyond2002/buildroot-2017.02.8/output/host/usr/bin/aarch64-linux-gnu-ar
configure:6889: checking for aarch64-buildroot-linux-gnu-strip
configure:6916: result: strip
configure:6988: checking for aarch64-buildroot-linux-gnu-ranlib
configure:7015: result: /home/beyond2002/buildroot-2017.02.8/output/host/usr/bin/aarch64-linux-gnu-ranlib
configure:7157: checking command to parse /home/beyond2002/buildroot-2017.02.8/output/host/usr/bin/aarch64-linux-gnu-nm output from /home/beyond2002/buildroot-2017.02.8/output/host/usr/bin/aarch64-linux-gnu-gcc object
configure:7275: /home/beyond2002/buildroot-2017.02.8/output/host/usr/bin/aarch64-linux-gnu-gcc -c -D_LARGEFILE_SOURCE -D_LARGEFILE64_SOURCE -D_FILE_OFFSET_BITS=64  -Os   conftest.c >&5
configure:7278: $? = 0
configure:7282: /home/beyond2002/buildroot-2017.02.8/output/host/usr/bin/aarch64-linux-gnu-nm conftest.o \| sed -n -e 's/^.*[ ]\([ABCDGIRSTW][ABCDGIRSTW]*\)[ ][ ]*\([_A-Za-z][_A-Za-z0-9]*\)$/\1 \2 \2/p' \> conftest.nm
configure:7285: $? = 0
configure:7339: /home/beyond2002/buildroot-2017.02.8/output/host/usr/bin/aarch64-linux-gnu-gcc -o conftest -D_LARGEFILE_SOURCE -D_LARGEFILE64_SOURCE -D_FILE_OFFSET_BITS=64  -Os   -static-libstdc++ -static-libgcc  conftest.c conftstm.o >&5
configure:7342: $? = 0
configure:7380: result: ok
configure:8228: checking for dlfcn.h
configure:8228: /home/beyond2002/buildroot-2017.02.8/output/host/usr/bin/aarch64-linux-gnu-gcc -c -D_LARGEFILE_SOURCE -D_LARGEFILE64_SOURCE -D_FILE_OFFSET_BITS=64  -Os   conftest.c >&5
configure:8228: $? = 0
configure:8228: result: yes
configure:8416: checking for objdir
configure:8431: result: .libs
configure:8702: checking if /home/beyond2002/buildroot-2017.02.8/output/host/usr/bin/aarch64-linux-gnu-gcc supports -fno-rtti -fno-exceptions
configure:8720: /home/beyond2002/buildroot-2017.02.8/output/host/usr/bin/aarch64-linux-gnu-gcc -c -D_LARGEFILE_SOURCE -D_LARGEFILE64_SOURCE -D_FILE_OFFSET_BITS=64  -Os   -fno-rtti -fno-exceptions conftest.c >&5
cc1: warning: command line option '-fno-rtti' is valid for C++/ObjC++ but not for C
configure:8724: $? = 0
configure:8737: result: no
configure:8757: checking for /home/beyond2002/buildroot-2017.02.8/output/host/usr/bin/aarch64-linux-gnu-gcc option to produce PIC
configure:9043: result: -fPIC -DPIC
configure:9055: checking if /home/beyond2002/buildroot-2017.02.8/output/host/usr/bin/aarch64-linux-gnu-gcc PIC flag -fPIC -DPIC works
configure:9073: /home/beyond2002/buildroot-2017.02.8/output/host/usr/bin/aarch64-linux-gnu-gcc -c -D_LARGEFILE_SOURCE -D_LARGEFILE64_SOURCE -D_FILE_OFFSET_BITS=64  -Os   -fPIC -DPIC -DPIC conftest.c >&5
configure:9077: $? = 0
configure:9090: result: yes
configure:9114: checking if /home/beyond2002/buildroot-2017.02.8/output/host/usr/bin/aarch64-linux-gnu-gcc static flag -static works
configure:9142: result: yes
configure:9157: checking if /home/beyond2002/buildroot-2017.02.8/output/host/usr/bin/aarch64-linux-gnu-gcc supports -c -o file.o
configure:9178: /home/beyond2002/buildroot-2017.02.8/output/host/usr/bin/aarch64-linux-gnu-gcc -c -D_LARGEFILE_SOURCE -D_LARGEFILE64_SOURCE -D_FILE_OFFSET_BITS=64  -Os   -o out/conftest2.o conftest.c >&5
configure:9182: $? = 0
configure:9204: result: yes
configure:9212: checking if /home/beyond2002/buildroot-2017.02.8/output/host/usr/bin/aarch64-linux-gnu-gcc supports -c -o file.o
configure:9259: result: yes
configure:9292: checking whether the /home/beyond2002/buildroot-2017.02.8/output/host/usr/bin/aarch64-linux-gnu-gcc linker (/home/beyond2002/buildroot-2017.02.8/output/host/usr/bin/aarch64-linux-gnu-ld) supports shared libraries
configure:10363: result: yes
configure:10400: checking whether -lc should be explicitly linked in
configure:10408: /home/beyond2002/buildroot-2017.02.8/output/host/usr/bin/aarch64-linux-gnu-gcc -c -D_LARGEFILE_SOURCE -D_LARGEFILE64_SOURCE -D_FILE_OFFSET_BITS=64  -Os   conftest.c >&5
configure:10411: $? = 0
configure:10426: /home/beyond2002/buildroot-2017.02.8/output/host/usr/bin/aarch64-linux-gnu-gcc -shared conftest.o  -v -Wl,-soname -Wl,conftest -o conftest 2\>\&1 \| /bin/grep  -lc  \>/dev/null 2\>\&1
configure:10429: $? = 0
configure:10443: result: no
configure:10608: checking dynamic linker characteristics
configure:11059: /home/beyond2002/buildroot-2017.02.8/output/host/usr/bin/aarch64-linux-gnu-gcc -o conftest -D_LARGEFILE_SOURCE -D_LARGEFILE64_SOURCE -D_FILE_OFFSET_BITS=64  -Os   -static-libstdc++ -static-libgcc  -Wl,-rpath -Wl,/foo conftest.c  >&5
configure:11059: $? = 0
configure:11281: result: GNU/Linux ld.so
configure:11388: checking how to hardcode library paths into programs
configure:11413: result: immediate
configure:11953: checking whether stripping libraries is possible
configure:11958: result: yes
configure:11993: checking if libtool supports shared libraries
configure:11995: result: yes
configure:11998: checking whether to build shared libraries
configure:12019: result: yes
configure:12022: checking whether to build static libraries
configure:12026: result: no
configure:12049: checking how to run the C++ preprocessor
configure:12076: /home/beyond2002/buildroot-2017.02.8/output/host/usr/bin/aarch64-linux-gnu-g++ -E  conftest.cpp
configure:12076: $? = 0
configure:12090: /home/beyond2002/buildroot-2017.02.8/output/host/usr/bin/aarch64-linux-gnu-g++ -E  conftest.cpp
conftest.cpp:28:28: fatal error: ac_nonexistent.h: No such file or directory
 #include <ac_nonexistent.h>
                            ^
compilation terminated.
configure:12090: $? = 1
configure: failed program was:
| /* confdefs.h */
| #define PACKAGE_NAME "ld"
| #define PACKAGE_TARNAME "ld"
| #define PACKAGE_VERSION "2.25.1"
| #define PACKAGE_STRING "ld 2.25.1"
| #define PACKAGE_BUGREPORT ""
| #define PACKAGE_URL ""
| #define PACKAGE "ld"
| #define VERSION "2.25.1"
| #define STDC_HEADERS 1
| #define HAVE_SYS_TYPES_H 1
| #define HAVE_SYS_STAT_H 1
| #define HAVE_STDLIB_H 1
| #define HAVE_STRING_H 1
| #define HAVE_MEMORY_H 1
| #define HAVE_STRINGS_H 1
| #define HAVE_INTTYPES_H 1
| #define HAVE_STDINT_H 1
| #define HAVE_UNISTD_H 1
| #define __EXTENSIONS__ 1
| #define _ALL_SOURCE 1
| #define _GNU_SOURCE 1
| #define _POSIX_PTHREAD_SEMANTICS 1
| #define _TANDEM_SOURCE 1
| #define HAVE_DLFCN_H 1
| #define LT_OBJDIR ".libs/"
| /* end confdefs.h.  */
| #include <ac_nonexistent.h>
configure:12115: result: /home/beyond2002/buildroot-2017.02.8/output/host/usr/bin/aarch64-linux-gnu-g++ -E
configure:12135: /home/beyond2002/buildroot-2017.02.8/output/host/usr/bin/aarch64-linux-gnu-g++ -E  conftest.cpp
configure:12135: $? = 0
configure:12149: /home/beyond2002/buildroot-2017.02.8/output/host/usr/bin/aarch64-linux-gnu-g++ -E  conftest.cpp
conftest.cpp:28:28: fatal error: ac_nonexistent.h: No such file or directory
 #include <ac_nonexistent.h>
                            ^
compilation terminated.
configure:12149: $? = 1
configure: failed program was:
| /* confdefs.h */
| #define PACKAGE_NAME "ld"
| #define PACKAGE_TARNAME "ld"
| #define PACKAGE_VERSION "2.25.1"
| #define PACKAGE_STRING "ld 2.25.1"
| #define PACKAGE_BUGREPORT ""
| #define PACKAGE_URL ""
| #define PACKAGE "ld"
| #define VERSION "2.25.1"
| #define STDC_HEADERS 1
| #define HAVE_SYS_TYPES_H 1
| #define HAVE_SYS_STAT_H 1
| #define HAVE_STDLIB_H 1
| #define HAVE_STRING_H 1
| #define HAVE_MEMORY_H 1
| #define HAVE_STRINGS_H 1
| #define HAVE_INTTYPES_H 1
| #define HAVE_STDINT_H 1
| #define HAVE_UNISTD_H 1
| #define __EXTENSIONS__ 1
| #define _ALL_SOURCE 1
| #define _GNU_SOURCE 1
| #define _POSIX_PTHREAD_SEMANTICS 1
| #define _TANDEM_SOURCE 1
| #define HAVE_DLFCN_H 1
| #define LT_OBJDIR ".libs/"
| /* end confdefs.h.  */
| #include <ac_nonexistent.h>
configure:12317: checking for ld used by /home/beyond2002/buildroot-2017.02.8/output/host/usr/bin/aarch64-linux-gnu-g++
configure:12384: result: /home/beyond2002/buildroot-2017.02.8/output/host/usr/bin/aarch64-linux-gnu-ld
configure:12391: checking if the linker (/home/beyond2002/buildroot-2017.02.8/output/host/usr/bin/aarch64-linux-gnu-ld) is GNU ld
configure:12406: result: yes
configure:12461: checking whether the /home/beyond2002/buildroot-2017.02.8/output/host/usr/bin/aarch64-linux-gnu-g++ linker (/home/beyond2002/buildroot-2017.02.8/output/host/usr/bin/aarch64-linux-gnu-ld) supports shared libraries
configure:13393: result: yes
configure:13421: /home/beyond2002/buildroot-2017.02.8/output/host/usr/bin/aarch64-linux-gnu-g++ -c -D_LARGEFILE_SOURCE -D_LARGEFILE64_SOURCE -D_FILE_OFFSET_BITS=64  -Os   conftest.cpp >&5
configure:13424: $? = 0
configure:13606: checking for /home/beyond2002/buildroot-2017.02.8/output/host/usr/bin/aarch64-linux-gnu-g++ option to produce PIC
configure:13929: result: -fPIC -DPIC
configure:13938: checking if /home/beyond2002/buildroot-2017.02.8/output/host/usr/bin/aarch64-linux-gnu-g++ PIC flag -fPIC -DPIC works
configure:13956: /home/beyond2002/buildroot-2017.02.8/output/host/usr/bin/aarch64-linux-gnu-g++ -c -D_LARGEFILE_SOURCE -D_LARGEFILE64_SOURCE -D_FILE_OFFSET_BITS=64  -Os   -fPIC -DPIC -DPIC conftest.cpp >&5
configure:13960: $? = 0
configure:13973: result: yes
configure:13994: checking if /home/beyond2002/buildroot-2017.02.8/output/host/usr/bin/aarch64-linux-gnu-g++ static flag -static works
configure:14022: result: yes
configure:14034: checking if /home/beyond2002/buildroot-2017.02.8/output/host/usr/bin/aarch64-linux-gnu-g++ supports -c -o file.o
configure:14055: /home/beyond2002/buildroot-2017.02.8/output/host/usr/bin/aarch64-linux-gnu-g++ -c -D_LARGEFILE_SOURCE -D_LARGEFILE64_SOURCE -D_FILE_OFFSET_BITS=64  -Os   -o out/conftest2.o conftest.cpp >&5
configure:14059: $? = 0
configure:14081: result: yes
configure:14086: checking if /home/beyond2002/buildroot-2017.02.8/output/host/usr/bin/aarch64-linux-gnu-g++ supports -c -o file.o
configure:14133: result: yes
configure:14163: checking whether the /home/beyond2002/buildroot-2017.02.8/output/host/usr/bin/aarch64-linux-gnu-g++ linker (/home/beyond2002/buildroot-2017.02.8/output/host/usr/bin/aarch64-linux-gnu-ld) supports shared libraries
configure:14191: result: yes
configure:14334: checking dynamic linker characteristics
configure:14941: result: GNU/Linux ld.so
configure:14994: checking how to hardcode library paths into programs
configure:15019: result: immediate
configure:15090: checking for dlfcn.h
configure:15090: result: yes
configure:15103: checking for windows.h
configure:15103: /home/beyond2002/buildroot-2017.02.8/output/host/usr/bin/aarch64-linux-gnu-gcc -c -D_LARGEFILE_SOURCE -D_LARGEFILE64_SOURCE -D_FILE_OFFSET_BITS=64  -Os   conftest.c >&5
conftest.c:63:21: fatal error: windows.h: No such file or directory
 #include <windows.h>
                     ^
compilation terminated.
configure:15103: $? = 1
configure: failed program was:
| /* confdefs.h */
| #define PACKAGE_NAME "ld"
| #define PACKAGE_TARNAME "ld"
| #define PACKAGE_VERSION "2.25.1"
| #define PACKAGE_STRING "ld 2.25.1"
| #define PACKAGE_BUGREPORT ""
| #define PACKAGE_URL ""
| #define PACKAGE "ld"
| #define VERSION "2.25.1"
| #define STDC_HEADERS 1
| #define HAVE_SYS_TYPES_H 1
| #define HAVE_SYS_STAT_H 1
| #define HAVE_STDLIB_H 1
| #define HAVE_STRING_H 1
| #define HAVE_MEMORY_H 1
| #define HAVE_STRINGS_H 1
| #define HAVE_INTTYPES_H 1
| #define HAVE_STDINT_H 1
| #define HAVE_UNISTD_H 1
| #define __EXTENSIONS__ 1
| #define _ALL_SOURCE 1
| #define _GNU_SOURCE 1
| #define _POSIX_PTHREAD_SEMANTICS 1
| #define _TANDEM_SOURCE 1
| #define HAVE_DLFCN_H 1
| #define LT_OBJDIR ".libs/"
| #define HAVE_DLFCN_H 1
| /* end confdefs.h.  */
| #include <stdio.h>
| #ifdef HAVE_SYS_TYPES_H
| # include <sys/types.h>
| #endif
| #ifdef HAVE_SYS_STAT_H
| # include <sys/stat.h>
| #endif
| #ifdef STDC_HEADERS
| # include <stdlib.h>
| # include <stddef.h>
| #else
| # ifdef HAVE_STDLIB_H
| #  include <stdlib.h>
| # endif
| #endif
| #ifdef HAVE_STRING_H
| # if !defined STDC_HEADERS && defined HAVE_MEMORY_H
| #  include <memory.h>
| # endif
| # include <string.h>
| #endif
| #ifdef HAVE_STRINGS_H
| # include <strings.h>
| #endif
| #ifdef HAVE_INTTYPES_H
| # include <inttypes.h>
| #endif
| #ifdef HAVE_STDINT_H
| # include <stdint.h>
| #endif
| #ifdef HAVE_UNISTD_H
| # include <unistd.h>
| #endif
| 
| #include <windows.h>
configure:15103: result: no
configure:15130: checking for library containing dlopen
configure:15161: /home/beyond2002/buildroot-2017.02.8/output/host/usr/bin/aarch64-linux-gnu-gcc -o conftest -D_LARGEFILE_SOURCE -D_LARGEFILE64_SOURCE -D_FILE_OFFSET_BITS=64  -Os   -static-libstdc++ -static-libgcc  conftest.c  >&5
/tmp/ccAOxYxI.o: In function `main':
conftest.c:(.text.startup+0x8): undefined reference to `dlopen'
collect2: error: ld returned 1 exit status
configure:15161: $? = 1
configure: failed program was:
| /* confdefs.h */
| #define PACKAGE_NAME "ld"
| #define PACKAGE_TARNAME "ld"
| #define PACKAGE_VERSION "2.25.1"
| #define PACKAGE_STRING "ld 2.25.1"
| #define PACKAGE_BUGREPORT ""
| #define PACKAGE_URL ""
| #define PACKAGE "ld"
| #define VERSION "2.25.1"
| #define STDC_HEADERS 1
| #define HAVE_SYS_TYPES_H 1
| #define HAVE_SYS_STAT_H 1
| #define HAVE_STDLIB_H 1
| #define HAVE_STRING_H 1
| #define HAVE_MEMORY_H 1
| #define HAVE_STRINGS_H 1
| #define HAVE_INTTYPES_H 1
| #define HAVE_STDINT_H 1
| #define HAVE_UNISTD_H 1
| #define __EXTENSIONS__ 1
| #define _ALL_SOURCE 1
| #define _GNU_SOURCE 1
| #define _POSIX_PTHREAD_SEMANTICS 1
| #define _TANDEM_SOURCE 1
| #define HAVE_DLFCN_H 1
| #define LT_OBJDIR ".libs/"
| #define HAVE_DLFCN_H 1
| /* end confdefs.h.  */
| 
| /* Override any GCC internal prototype to avoid an error.
|    Use char because int might match the return type of a GCC
|    builtin and then its argument prototype would still apply.  */
| #ifdef __cplusplus
| extern "C"
| #endif
| char dlopen ();
| int
| main ()
| {
| return dlopen ();
|   ;
|   return 0;
| }
configure:15161: /home/beyond2002/buildroot-2017.02.8/output/host/usr/bin/aarch64-linux-gnu-gcc -o conftest -D_LARGEFILE_SOURCE -D_LARGEFILE64_SOURCE -D_FILE_OFFSET_BITS=64  -Os   -static-libstdc++ -static-libgcc  conftest.c -ldl   >&5
configure:15161: $? = 0
configure:15178: result: -ldl
configure:15209: checking for special C compiler options needed for large files
configure:15254: result: no
configure:15260: checking for _FILE_OFFSET_BITS value needed for large files
configure:15285: /home/beyond2002/buildroot-2017.02.8/output/host/usr/bin/aarch64-linux-gnu-gcc -c -D_LARGEFILE_SOURCE -D_LARGEFILE64_SOURCE -D_FILE_OFFSET_BITS=64  -Os   conftest.c >&5
configure:15285: $? = 0
configure:15317: result: no
configure:15615: checking for LC_MESSAGES
configure:15631: /home/beyond2002/buildroot-2017.02.8/output/host/usr/bin/aarch64-linux-gnu-gcc -o conftest -D_LARGEFILE_SOURCE -D_LARGEFILE64_SOURCE -D_FILE_OFFSET_BITS=64  -Os   -static-libstdc++ -static-libgcc  conftest.c -ldl  >&5
configure:15631: $? = 0
configure:15639: result: yes
configure:15677: checking whether NLS is requested
configure:15683: result: yes
configure:15689: checking for catalogs to be installed
configure:15721: result:  bg da es fi fr ga id it ja sv tr uk vi zh_CN zh_TW bg da es fi fr ga id it ja sv tr uk vi zh_CN zh_TW
configure:15748: checking whether NLS is requested
configure:15757: result: yes
configure:15795: checking for msgfmt
configure:15829: result: no
configure:15835: checking for gmsgfmt
configure:15866: result: :
configure:15906: checking for xgettext
configure:15940: result: no
configure:15977: checking for msgmerge
configure:16010: result: no
configure:16049: checking for bison
configure:16076: result: /home/beyond2002/buildroot-2017.02.8/output/build/binutils-2.25.1/missing bison -y
configure:16092: checking for flex
configure:16119: result: /home/beyond2002/buildroot-2017.02.8/output/build/binutils-2.25.1/missing flex
configure:16156: /home/beyond2002/buildroot-2017.02.8/output/build/binutils-2.25.1/missing flex conftest.l
WARNING: `flex' is missing on your system.  You should only need it if
         you modified a `.l' file.  You may need the `Flex' package
         in order for those modifications to take effect.  You can get
         `Flex' from any GNU archive site.
configure:16160: $? = 0
configure:16162: checking lex output file root
configure:16176: result: lex.yy
configure:16181: checking lex library
configure:16195: /home/beyond2002/buildroot-2017.02.8/output/host/usr/bin/aarch64-linux-gnu-gcc -o conftest -D_LARGEFILE_SOURCE -D_LARGEFILE64_SOURCE -D_FILE_OFFSET_BITS=64  -Os   -static-libstdc++ -static-libgcc  conftest.c  -ldl  >&5
conftest.c:32:1: warning: return type defaults to 'int' [-Wimplicit-int]
 main() { return 0; }
 ^~~~
configure:16195: $? = 0
configure:16205: result: 
configure:16211: checking whether yytext is a pointer
configure:16227: /home/beyond2002/buildroot-2017.02.8/output/host/usr/bin/aarch64-linux-gnu-gcc -o conftest -D_LARGEFILE_SOURCE -D_LARGEFILE64_SOURCE -D_FILE_OFFSET_BITS=64  -Os   -static-libstdc++ -static-libgcc  conftest.c  -ldl  >&5
conftest.c:33:1: warning: return type defaults to 'int' [-Wimplicit-int]
 main() { return 0; }
 ^~~~
configure:16227: $? = 0
configure:16235: result: yes
configure:16250: checking whether to enable maintainer-specific portions of Makefiles
configure:16259: result: no
configure:16280: checking how to compare bootstrapped objects
configure:16305: result: cmp --ignore-initial=16 $$f1 $$f2
configure:16323: checking for string.h
configure:16323: result: yes
configure:16323: checking for strings.h
configure:16323: result: yes
configure:16323: checking for stdlib.h
configure:16323: result: yes
configure:16323: checking for unistd.h
configure:16323: result: yes
configure:16323: checking elf-hints.h usability
configure:16323: /home/beyond2002/buildroot-2017.02.8/output/host/usr/bin/aarch64-linux-gnu-gcc -c -D_LARGEFILE_SOURCE -D_LARGEFILE64_SOURCE -D_FILE_OFFSET_BITS=64  -Os   conftest.c >&5
conftest.c:70:23: fatal error: elf-hints.h: No such file or directory
 #include <elf-hints.h>
                       ^
compilation terminated.
configure:16323: $? = 1
configure: failed program was:
| /* confdefs.h */
| #define PACKAGE_NAME "ld"
| #define PACKAGE_TARNAME "ld"
| #define PACKAGE_VERSION "2.25.1"
| #define PACKAGE_STRING "ld 2.25.1"
| #define PACKAGE_BUGREPORT ""
| #define PACKAGE_URL ""
| #define PACKAGE "ld"
| #define VERSION "2.25.1"
| #define STDC_HEADERS 1
| #define HAVE_SYS_TYPES_H 1
| #define HAVE_SYS_STAT_H 1
| #define HAVE_STDLIB_H 1
| #define HAVE_STRING_H 1
| #define HAVE_MEMORY_H 1
| #define HAVE_STRINGS_H 1
| #define HAVE_INTTYPES_H 1
| #define HAVE_STDINT_H 1
| #define HAVE_UNISTD_H 1
| #define __EXTENSIONS__ 1
| #define _ALL_SOURCE 1
| #define _GNU_SOURCE 1
| #define _POSIX_PTHREAD_SEMANTICS 1
| #define _TANDEM_SOURCE 1
| #define HAVE_DLFCN_H 1
| #define LT_OBJDIR ".libs/"
| #define HAVE_DLFCN_H 1
| #define GOT_HANDLING_DEFAULT GOT_HANDLING_TARGET_DEFAULT
| #define HAVE_LC_MESSAGES 1
| #define ENABLE_NLS 1
| #define YYTEXT_POINTER 1
| #define HAVE_STRING_H 1
| #define HAVE_STRINGS_H 1
| #define HAVE_STDLIB_H 1
| #define HAVE_UNISTD_H 1
| /* end confdefs.h.  */
| #include <stdio.h>
| #ifdef HAVE_SYS_TYPES_H
| # include <sys/types.h>
| #endif
| #ifdef HAVE_SYS_STAT_H
| # include <sys/stat.h>
| #endif
| #ifdef STDC_HEADERS
| # include <stdlib.h>
| # include <stddef.h>
| #else
| # ifdef HAVE_STDLIB_H
| #  include <stdlib.h>
| # endif
| #endif
| #ifdef HAVE_STRING_H
| # if !defined STDC_HEADERS && defined HAVE_MEMORY_H
| #  include <memory.h>
| # endif
| # include <string.h>
| #endif
| #ifdef HAVE_STRINGS_H
| # include <strings.h>
| #endif
| #ifdef HAVE_INTTYPES_H
| # include <inttypes.h>
| #endif
| #ifdef HAVE_STDINT_H
| # include <stdint.h>
| #endif
| #ifdef HAVE_UNISTD_H
| # include <unistd.h>
| #endif
| #include <elf-hints.h>
configure:16323: result: no
configure:16323: checking elf-hints.h presence
configure:16323: /home/beyond2002/buildroot-2017.02.8/output/host/usr/bin/aarch64-linux-gnu-gcc -E  conftest.c
conftest.c:37:23: fatal error: elf-hints.h: No such file or directory
 #include <elf-hints.h>
                       ^
compilation terminated.
configure:16323: $? = 1
configure: failed program was:
| /* confdefs.h */
| #define PACKAGE_NAME "ld"
| #define PACKAGE_TARNAME "ld"
| #define PACKAGE_VERSION "2.25.1"
| #define PACKAGE_STRING "ld 2.25.1"
| #define PACKAGE_BUGREPORT ""
| #define PACKAGE_URL ""
| #define PACKAGE "ld"
| #define VERSION "2.25.1"
| #define STDC_HEADERS 1
| #define HAVE_SYS_TYPES_H 1
| #define HAVE_SYS_STAT_H 1
| #define HAVE_STDLIB_H 1
| #define HAVE_STRING_H 1
| #define HAVE_MEMORY_H 1
| #define HAVE_STRINGS_H 1
| #define HAVE_INTTYPES_H 1
| #define HAVE_STDINT_H 1
| #define HAVE_UNISTD_H 1
| #define __EXTENSIONS__ 1
| #define _ALL_SOURCE 1
| #define _GNU_SOURCE 1
| #define _POSIX_PTHREAD_SEMANTICS 1
| #define _TANDEM_SOURCE 1
| #define HAVE_DLFCN_H 1
| #define LT_OBJDIR ".libs/"
| #define HAVE_DLFCN_H 1
| #define GOT_HANDLING_DEFAULT GOT_HANDLING_TARGET_DEFAULT
| #define HAVE_LC_MESSAGES 1
| #define ENABLE_NLS 1
| #define YYTEXT_POINTER 1
| #define HAVE_STRING_H 1
| #define HAVE_STRINGS_H 1
| #define HAVE_STDLIB_H 1
| #define HAVE_UNISTD_H 1
| /* end confdefs.h.  */
| #include <elf-hints.h>
configure:16323: result: no
configure:16323: checking for elf-hints.h
configure:16323: result: no
configure:16323: checking limits.h usability
configure:16323: /home/beyond2002/buildroot-2017.02.8/output/host/usr/bin/aarch64-linux-gnu-gcc -c -D_LARGEFILE_SOURCE -D_LARGEFILE64_SOURCE -D_FILE_OFFSET_BITS=64  -Os   conftest.c >&5
configure:16323: $? = 0
configure:16323: result: yes
configure:16323: checking limits.h presence
configure:16323: /home/beyond2002/buildroot-2017.02.8/output/host/usr/bin/aarch64-linux-gnu-gcc -E  conftest.c
configure:16323: $? = 0
configure:16323: result: yes
configure:16323: checking for limits.h
configure:16323: result: yes
configure:16323: checking locale.h usability
configure:16323: /home/beyond2002/buildroot-2017.02.8/output/host/usr/bin/aarch64-linux-gnu-gcc -c -D_LARGEFILE_SOURCE -D_LARGEFILE64_SOURCE -D_FILE_OFFSET_BITS=64  -Os   conftest.c >&5
configure:16323: $? = 0
configure:16323: result: yes
configure:16323: checking locale.h presence
configure:16323: /home/beyond2002/buildroot-2017.02.8/output/host/usr/bin/aarch64-linux-gnu-gcc -E  conftest.c
configure:16323: $? = 0
configure:16323: result: yes
configure:16323: checking for locale.h
configure:16323: result: yes
configure:16323: checking sys/param.h usability
configure:16323: /home/beyond2002/buildroot-2017.02.8/output/host/usr/bin/aarch64-linux-gnu-gcc -c -D_LARGEFILE_SOURCE -D_LARGEFILE64_SOURCE -D_FILE_OFFSET_BITS=64  -Os   conftest.c >&5
configure:16323: $? = 0
configure:16323: result: yes
configure:16323: checking sys/param.h presence
configure:16323: /home/beyond2002/buildroot-2017.02.8/output/host/usr/bin/aarch64-linux-gnu-gcc -E  conftest.c
configure:16323: $? = 0
configure:16323: result: yes
configure:16323: checking for sys/param.h
configure:16323: result: yes
configure:16337: checking fcntl.h usability
configure:16337: /home/beyond2002/buildroot-2017.02.8/output/host/usr/bin/aarch64-linux-gnu-gcc -c -D_LARGEFILE_SOURCE -D_LARGEFILE64_SOURCE -D_FILE_OFFSET_BITS=64  -Os   conftest.c >&5
configure:16337: $? = 0
configure:16337: result: yes
configure:16337: checking fcntl.h presence
configure:16337: /home/beyond2002/buildroot-2017.02.8/output/host/usr/bin/aarch64-linux-gnu-gcc -E  conftest.c
configure:16337: $? = 0
configure:16337: result: yes
configure:16337: checking for fcntl.h
configure:16337: result: yes
configure:16337: checking sys/file.h usability
configure:16337: /home/beyond2002/buildroot-2017.02.8/output/host/usr/bin/aarch64-linux-gnu-gcc -c -D_LARGEFILE_SOURCE -D_LARGEFILE64_SOURCE -D_FILE_OFFSET_BITS=64  -Os   conftest.c >&5
configure:16337: $? = 0
configure:16337: result: yes
configure:16337: checking sys/file.h presence
configure:16337: /home/beyond2002/buildroot-2017.02.8/output/host/usr/bin/aarch64-linux-gnu-gcc -E  conftest.c
configure:16337: $? = 0
configure:16337: result: yes
configure:16337: checking for sys/file.h
configure:16337: result: yes
configure:16337: checking sys/time.h usability
configure:16337: /home/beyond2002/buildroot-2017.02.8/output/host/usr/bin/aarch64-linux-gnu-gcc -c -D_LARGEFILE_SOURCE -D_LARGEFILE64_SOURCE -D_FILE_OFFSET_BITS=64  -Os   conftest.c >&5
configure:16337: $? = 0
configure:16337: result: yes
configure:16337: checking sys/time.h presence
configure:16337: /home/beyond2002/buildroot-2017.02.8/output/host/usr/bin/aarch64-linux-gnu-gcc -E  conftest.c
configure:16337: $? = 0
configure:16337: result: yes
configure:16337: checking for sys/time.h
configure:16337: result: yes
configure:16337: checking for sys/stat.h
configure:16337: result: yes
configure:16348: checking whether string.h and strings.h may both be included
configure:16365: /home/beyond2002/buildroot-2017.02.8/output/host/usr/bin/aarch64-linux-gnu-gcc -c -D_LARGEFILE_SOURCE -D_LARGEFILE64_SOURCE -D_FILE_OFFSET_BITS=64  -Os   conftest.c >&5
configure:16365: $? = 0
configure:16372: result: yes
configure:16383: checking for glob
configure:16383: /home/beyond2002/buildroot-2017.02.8/output/host/usr/bin/aarch64-linux-gnu-gcc -o conftest -D_LARGEFILE_SOURCE -D_LARGEFILE64_SOURCE -D_FILE_OFFSET_BITS=64  -Os   -static-libstdc++ -static-libgcc  conftest.c -ldl  >&5
configure:16383: $? = 0
configure:16383: result: yes
configure:16383: checking for mkstemp
configure:16383: /home/beyond2002/buildroot-2017.02.8/output/host/usr/bin/aarch64-linux-gnu-gcc -o conftest -D_LARGEFILE_SOURCE -D_LARGEFILE64_SOURCE -D_FILE_OFFSET_BITS=64  -Os   -static-libstdc++ -static-libgcc  conftest.c -ldl  >&5
configure:16383: $? = 0
configure:16383: result: yes
configure:16383: checking for realpath
configure:16383: /home/beyond2002/buildroot-2017.02.8/output/host/usr/bin/aarch64-linux-gnu-gcc -o conftest -D_LARGEFILE_SOURCE -D_LARGEFILE64_SOURCE -D_FILE_OFFSET_BITS=64  -Os   -static-libstdc++ -static-libgcc  conftest.c -ldl  >&5
configure:16383: $? = 0
configure:16383: result: yes
configure:16383: checking for sbrk
configure:16383: /home/beyond2002/buildroot-2017.02.8/output/host/usr/bin/aarch64-linux-gnu-gcc -o conftest -D_LARGEFILE_SOURCE -D_LARGEFILE64_SOURCE -D_FILE_OFFSET_BITS=64  -Os   -static-libstdc++ -static-libgcc  conftest.c -ldl  >&5
configure:16383: $? = 0
configure:16383: result: yes
configure:16383: checking for setlocale
configure:16383: /home/beyond2002/buildroot-2017.02.8/output/host/usr/bin/aarch64-linux-gnu-gcc -o conftest -D_LARGEFILE_SOURCE -D_LARGEFILE64_SOURCE -D_FILE_OFFSET_BITS=64  -Os   -static-libstdc++ -static-libgcc  conftest.c -ldl  >&5
configure:16383: $? = 0
configure:16383: result: yes
configure:16383: checking for waitpid
configure:16383: /home/beyond2002/buildroot-2017.02.8/output/host/usr/bin/aarch64-linux-gnu-gcc -o conftest -D_LARGEFILE_SOURCE -D_LARGEFILE64_SOURCE -D_FILE_OFFSET_BITS=64  -Os   -static-libstdc++ -static-libgcc  conftest.c -ldl  >&5
configure:16383: $? = 0
configure:16383: result: yes
configure:16396: checking for open
configure:16396: /home/beyond2002/buildroot-2017.02.8/output/host/usr/bin/aarch64-linux-gnu-gcc -o conftest -D_LARGEFILE_SOURCE -D_LARGEFILE64_SOURCE -D_FILE_OFFSET_BITS=64  -Os   -static-libstdc++ -static-libgcc  conftest.c -ldl  >&5
configure:16396: $? = 0
configure:16396: result: yes
configure:16396: checking for lseek
configure:16396: /home/beyond2002/buildroot-2017.02.8/output/host/usr/bin/aarch64-linux-gnu-gcc -o conftest -D_LARGEFILE_SOURCE -D_LARGEFILE64_SOURCE -D_FILE_OFFSET_BITS=64  -Os   -static-libstdc++ -static-libgcc  conftest.c -ldl  >&5
configure:16396: $? = 0
configure:16396: result: yes
configure:16396: checking for close
configure:16396: /home/beyond2002/buildroot-2017.02.8/output/host/usr/bin/aarch64-linux-gnu-gcc -o conftest -D_LARGEFILE_SOURCE -D_LARGEFILE64_SOURCE -D_FILE_OFFSET_BITS=64  -Os   -static-libstdc++ -static-libgcc  conftest.c -ldl  >&5
configure:16396: $? = 0
configure:16396: result: yes
configure:16409: checking for dirent.h that defines DIR
configure:16428: /home/beyond2002/buildroot-2017.02.8/output/host/usr/bin/aarch64-linux-gnu-gcc -c -D_LARGEFILE_SOURCE -D_LARGEFILE64_SOURCE -D_FILE_OFFSET_BITS=64  -Os   conftest.c >&5
configure:16428: $? = 0
configure:16436: result: yes
configure:16450: checking for library containing opendir
configure:16481: /home/beyond2002/buildroot-2017.02.8/output/host/usr/bin/aarch64-linux-gnu-gcc -o conftest -D_LARGEFILE_SOURCE -D_LARGEFILE64_SOURCE -D_FILE_OFFSET_BITS=64  -Os   -static-libstdc++ -static-libgcc  conftest.c -ldl  >&5
configure:16481: $? = 0
configure:16498: result: none required
configure:16566: checking for library containing dlopen
configure:16614: result: -ldl
configure:16636: checking for .preinit_array/.init_array/.fini_array support
configure:16666: result: no
configure:16679: checking for a known getopt prototype in unistd.h
configure:16695: /home/beyond2002/buildroot-2017.02.8/output/host/usr/bin/aarch64-linux-gnu-gcc -c -D_LARGEFILE_SOURCE -D_LARGEFILE64_SOURCE -D_FILE_OFFSET_BITS=64  -Os   conftest.c >&5
configure:16695: $? = 0
configure:16703: result: yes
configure:16719: checking whether strstr is declared
configure:16719: /home/beyond2002/buildroot-2017.02.8/output/host/usr/bin/aarch64-linux-gnu-gcc -c -D_LARGEFILE_SOURCE -D_LARGEFILE64_SOURCE -D_FILE_OFFSET_BITS=64  -Os   conftest.c >&5
configure:16719: $? = 0
configure:16719: result: yes
configure:16729: checking whether free is declared
configure:16729: /home/beyond2002/buildroot-2017.02.8/output/host/usr/bin/aarch64-linux-gnu-gcc -c -D_LARGEFILE_SOURCE -D_LARGEFILE64_SOURCE -D_FILE_OFFSET_BITS=64  -Os   conftest.c >&5
configure:16729: $? = 0
configure:16729: result: yes
configure:16739: checking whether sbrk is declared
configure:16739: /home/beyond2002/buildroot-2017.02.8/output/host/usr/bin/aarch64-linux-gnu-gcc -c -D_LARGEFILE_SOURCE -D_LARGEFILE64_SOURCE -D_FILE_OFFSET_BITS=64  -Os   conftest.c >&5
configure:16739: $? = 0
configure:16739: result: yes
configure:16749: checking whether getenv is declared
configure:16749: /home/beyond2002/buildroot-2017.02.8/output/host/usr/bin/aarch64-linux-gnu-gcc -c -D_LARGEFILE_SOURCE -D_LARGEFILE64_SOURCE -D_FILE_OFFSET_BITS=64  -Os   conftest.c >&5
configure:16749: $? = 0
configure:16749: result: yes
configure:16759: checking whether environ is declared
configure:16759: /home/beyond2002/buildroot-2017.02.8/output/host/usr/bin/aarch64-linux-gnu-gcc -c -D_LARGEFILE_SOURCE -D_LARGEFILE64_SOURCE -D_FILE_OFFSET_BITS=64  -Os   conftest.c >&5
configure:16759: $? = 0
configure:16759: result: yes
configure:16785: checking for library containing zlibVersion
configure:16816: /home/beyond2002/buildroot-2017.02.8/output/host/usr/bin/aarch64-linux-gnu-gcc -o conftest -D_LARGEFILE_SOURCE -D_LARGEFILE64_SOURCE -D_FILE_OFFSET_BITS=64  -Os   -static-libstdc++ -static-libgcc  conftest.c -ldl -ldl  >&5
/tmp/ccfg3t41.o: In function `main':
conftest.c:(.text.startup+0x8): undefined reference to `zlibVersion'
collect2: error: ld returned 1 exit status
configure:16816: $? = 1
configure: failed program was:
| /* confdefs.h */
| #define PACKAGE_NAME "ld"
| #define PACKAGE_TARNAME "ld"
| #define PACKAGE_VERSION "2.25.1"
| #define PACKAGE_STRING "ld 2.25.1"
| #define PACKAGE_BUGREPORT ""
| #define PACKAGE_URL ""
| #define PACKAGE "ld"
| #define VERSION "2.25.1"
| #define STDC_HEADERS 1
| #define HAVE_SYS_TYPES_H 1
| #define HAVE_SYS_STAT_H 1
| #define HAVE_STDLIB_H 1
| #define HAVE_STRING_H 1
| #define HAVE_MEMORY_H 1
| #define HAVE_STRINGS_H 1
| #define HAVE_INTTYPES_H 1
| #define HAVE_STDINT_H 1
| #define HAVE_UNISTD_H 1
| #define __EXTENSIONS__ 1
| #define _ALL_SOURCE 1
| #define _GNU_SOURCE 1
| #define _POSIX_PTHREAD_SEMANTICS 1
| #define _TANDEM_SOURCE 1
| #define HAVE_DLFCN_H 1
| #define LT_OBJDIR ".libs/"
| #define HAVE_DLFCN_H 1
| #define GOT_HANDLING_DEFAULT GOT_HANDLING_TARGET_DEFAULT
| #define HAVE_LC_MESSAGES 1
| #define ENABLE_NLS 1
| #define YYTEXT_POINTER 1
| #define HAVE_STRING_H 1
| #define HAVE_STRINGS_H 1
| #define HAVE_STDLIB_H 1
| #define HAVE_UNISTD_H 1
| #define HAVE_LIMITS_H 1
| #define HAVE_LOCALE_H 1
| #define HAVE_SYS_PARAM_H 1
| #define HAVE_FCNTL_H 1
| #define HAVE_SYS_FILE_H 1
| #define HAVE_SYS_TIME_H 1
| #define HAVE_SYS_STAT_H 1
| #define STRING_WITH_STRINGS 1
| #define HAVE_GLOB 1
| #define HAVE_MKSTEMP 1
| #define HAVE_REALPATH 1
| #define HAVE_SBRK 1
| #define HAVE_SETLOCALE 1
| #define HAVE_WAITPID 1
| #define HAVE_OPEN 1
| #define HAVE_LSEEK 1
| #define HAVE_CLOSE 1
| #define HAVE_DIRENT_H 1
| #define HAVE_DECL_GETOPT 1
| #define HAVE_DECL_STRSTR 1
| #define HAVE_DECL_FREE 1
| #define HAVE_DECL_SBRK 1
| #define HAVE_DECL_GETENV 1
| #define HAVE_DECL_ENVIRON 1
| /* end confdefs.h.  */
| 
| /* Override any GCC internal prototype to avoid an error.
|    Use char because int might match the return type of a GCC
|    builtin and then its argument prototype would still apply.  */
| #ifdef __cplusplus
| extern "C"
| #endif
| char zlibVersion ();
| int
| main ()
| {
| return zlibVersion ();
|   ;
|   return 0;
| }
configure:16816: /home/beyond2002/buildroot-2017.02.8/output/host/usr/bin/aarch64-linux-gnu-gcc -o conftest -D_LARGEFILE_SOURCE -D_LARGEFILE64_SOURCE -D_FILE_OFFSET_BITS=64  -Os   -static-libstdc++ -static-libgcc  conftest.c -lz  -ldl -ldl  >&5
configure:16816: $? = 0
configure:16833: result: -lz
configure:16840: checking zlib.h usability
configure:16840: /home/beyond2002/buildroot-2017.02.8/output/host/usr/bin/aarch64-linux-gnu-gcc -c -D_LARGEFILE_SOURCE -D_LARGEFILE64_SOURCE -D_FILE_OFFSET_BITS=64  -Os   conftest.c >&5
configure:16840: $? = 0
configure:16840: result: yes
configure:16840: checking zlib.h presence
configure:16840: /home/beyond2002/buildroot-2017.02.8/output/host/usr/bin/aarch64-linux-gnu-gcc -E  conftest.c
configure:16840: $? = 0
configure:16840: result: yes
configure:16840: checking for zlib.h
configure:16840: result: yes
configure:16864: checking whether ANSI C string concatenation works
configure:16880: /home/beyond2002/buildroot-2017.02.8/output/host/usr/bin/aarch64-linux-gnu-gcc -c -D_LARGEFILE_SOURCE -D_LARGEFILE64_SOURCE -D_FILE_OFFSET_BITS=64  -Os   conftest.c >&5
configure:16880: $? = 0
configure:16888: result: yes
configure:16914: checking size of void *
configure:16919: /home/beyond2002/buildroot-2017.02.8/output/host/usr/bin/aarch64-linux-gnu-gcc -c -D_LARGEFILE_SOURCE -D_LARGEFILE64_SOURCE -D_FILE_OFFSET_BITS=64  -Os   conftest.c >&5
configure:16919: $? = 0
configure:16919: /home/beyond2002/buildroot-2017.02.8/output/host/usr/bin/aarch64-linux-gnu-gcc -c -D_LARGEFILE_SOURCE -D_LARGEFILE64_SOURCE -D_FILE_OFFSET_BITS=64  -Os   conftest.c >&5
conftest.c: In function 'main':
conftest.c:98:12: error: size of array 'test_array' is negative
 static int test_array [1 - 2 * !(((long int) (sizeof (void *))) <= 0)];
            ^~~~~~~~~~
configure:16919: $? = 1
configure: failed program was:
| /* confdefs.h */
| #define PACKAGE_NAME "ld"
| #define PACKAGE_TARNAME "ld"
| #define PACKAGE_VERSION "2.25.1"
| #define PACKAGE_STRING "ld 2.25.1"
| #define PACKAGE_BUGREPORT ""
| #define PACKAGE_URL ""
| #define PACKAGE "ld"
| #define VERSION "2.25.1"
| #define STDC_HEADERS 1
| #define HAVE_SYS_TYPES_H 1
| #define HAVE_SYS_STAT_H 1
| #define HAVE_STDLIB_H 1
| #define HAVE_STRING_H 1
| #define HAVE_MEMORY_H 1
| #define HAVE_STRINGS_H 1
| #define HAVE_INTTYPES_H 1
| #define HAVE_STDINT_H 1
| #define HAVE_UNISTD_H 1
| #define __EXTENSIONS__ 1
| #define _ALL_SOURCE 1
| #define _GNU_SOURCE 1
| #define _POSIX_PTHREAD_SEMANTICS 1
| #define _TANDEM_SOURCE 1
| #define HAVE_DLFCN_H 1
| #define LT_OBJDIR ".libs/"
| #define HAVE_DLFCN_H 1
| #define GOT_HANDLING_DEFAULT GOT_HANDLING_TARGET_DEFAULT
| #define HAVE_LC_MESSAGES 1
| #define ENABLE_NLS 1
| #define YYTEXT_POINTER 1
| #define HAVE_STRING_H 1
| #define HAVE_STRINGS_H 1
| #define HAVE_STDLIB_H 1
| #define HAVE_UNISTD_H 1
| #define HAVE_LIMITS_H 1
| #define HAVE_LOCALE_H 1
| #define HAVE_SYS_PARAM_H 1
| #define HAVE_FCNTL_H 1
| #define HAVE_SYS_FILE_H 1
| #define HAVE_SYS_TIME_H 1
| #define HAVE_SYS_STAT_H 1
| #define STRING_WITH_STRINGS 1
| #define HAVE_GLOB 1
| #define HAVE_MKSTEMP 1
| #define HAVE_REALPATH 1
| #define HAVE_SBRK 1
| #define HAVE_SETLOCALE 1
| #define HAVE_WAITPID 1
| #define HAVE_OPEN 1
| #define HAVE_LSEEK 1
| #define HAVE_CLOSE 1
| #define HAVE_DIRENT_H 1
| #define HAVE_DECL_GETOPT 1
| #define HAVE_DECL_STRSTR 1
| #define HAVE_DECL_FREE 1
| #define HAVE_DECL_SBRK 1
| #define HAVE_DECL_GETENV 1
| #define HAVE_DECL_ENVIRON 1
| #define HAVE_ZLIB_H 1
| /* end confdefs.h.  */
| #include <stdio.h>
| #ifdef HAVE_SYS_TYPES_H
| # include <sys/types.h>
| #endif
| #ifdef HAVE_SYS_STAT_H
| # include <sys/stat.h>
| #endif
| #ifdef STDC_HEADERS
| # include <stdlib.h>
| # include <stddef.h>
| #else
| # ifdef HAVE_STDLIB_H
| #  include <stdlib.h>
| # endif
| #endif
| #ifdef HAVE_STRING_H
| # if !defined STDC_HEADERS && defined HAVE_MEMORY_H
| #  include <memory.h>
| # endif
| # include <string.h>
| #endif
| #ifdef HAVE_STRINGS_H
| # include <strings.h>
| #endif
| #ifdef HAVE_INTTYPES_H
| # include <inttypes.h>
| #endif
| #ifdef HAVE_STDINT_H
| # include <stdint.h>
| #endif
| #ifdef HAVE_UNISTD_H
| # include <unistd.h>
| #endif
| int
| main ()
| {
| static int test_array [1 - 2 * !(((long int) (sizeof (void *))) <= 0)];
| test_array [0] = 0
| 
|   ;
|   return 0;
| }
configure:16919: /home/beyond2002/buildroot-2017.02.8/output/host/usr/bin/aarch64-linux-gnu-gcc -c -D_LARGEFILE_SOURCE -D_LARGEFILE64_SOURCE -D_FILE_OFFSET_BITS=64  -Os   conftest.c >&5
conftest.c: In function 'main':
conftest.c:98:12: error: size of array 'test_array' is negative
 static int test_array [1 - 2 * !(((long int) (sizeof (void *))) <= 1)];
            ^~~~~~~~~~
configure:16919: $? = 1
configure: failed program was:
| /* confdefs.h */
| #define PACKAGE_NAME "ld"
| #define PACKAGE_TARNAME "ld"
| #define PACKAGE_VERSION "2.25.1"
| #define PACKAGE_STRING "ld 2.25.1"
| #define PACKAGE_BUGREPORT ""
| #define PACKAGE_URL ""
| #define PACKAGE "ld"
| #define VERSION "2.25.1"
| #define STDC_HEADERS 1
| #define HAVE_SYS_TYPES_H 1
| #define HAVE_SYS_STAT_H 1
| #define HAVE_STDLIB_H 1
| #define HAVE_STRING_H 1
| #define HAVE_MEMORY_H 1
| #define HAVE_STRINGS_H 1
| #define HAVE_INTTYPES_H 1
| #define HAVE_STDINT_H 1
| #define HAVE_UNISTD_H 1
| #define __EXTENSIONS__ 1
| #define _ALL_SOURCE 1
| #define _GNU_SOURCE 1
| #define _POSIX_PTHREAD_SEMANTICS 1
| #define _TANDEM_SOURCE 1
| #define HAVE_DLFCN_H 1
| #define LT_OBJDIR ".libs/"
| #define HAVE_DLFCN_H 1
| #define GOT_HANDLING_DEFAULT GOT_HANDLING_TARGET_DEFAULT
| #define HAVE_LC_MESSAGES 1
| #define ENABLE_NLS 1
| #define YYTEXT_POINTER 1
| #define HAVE_STRING_H 1
| #define HAVE_STRINGS_H 1
| #define HAVE_STDLIB_H 1
| #define HAVE_UNISTD_H 1
| #define HAVE_LIMITS_H 1
| #define HAVE_LOCALE_H 1
| #define HAVE_SYS_PARAM_H 1
| #define HAVE_FCNTL_H 1
| #define HAVE_SYS_FILE_H 1
| #define HAVE_SYS_TIME_H 1
| #define HAVE_SYS_STAT_H 1
| #define STRING_WITH_STRINGS 1
| #define HAVE_GLOB 1
| #define HAVE_MKSTEMP 1
| #define HAVE_REALPATH 1
| #define HAVE_SBRK 1
| #define HAVE_SETLOCALE 1
| #define HAVE_WAITPID 1
| #define HAVE_OPEN 1
| #define HAVE_LSEEK 1
| #define HAVE_CLOSE 1
| #define HAVE_DIRENT_H 1
| #define HAVE_DECL_GETOPT 1
| #define HAVE_DECL_STRSTR 1
| #define HAVE_DECL_FREE 1
| #define HAVE_DECL_SBRK 1
| #define HAVE_DECL_GETENV 1
| #define HAVE_DECL_ENVIRON 1
| #define HAVE_ZLIB_H 1
| /* end confdefs.h.  */
| #include <stdio.h>
| #ifdef HAVE_SYS_TYPES_H
| # include <sys/types.h>
| #endif
| #ifdef HAVE_SYS_STAT_H
| # include <sys/stat.h>
| #endif
| #ifdef STDC_HEADERS
| # include <stdlib.h>
| # include <stddef.h>
| #else
| # ifdef HAVE_STDLIB_H
| #  include <stdlib.h>
| # endif
| #endif
| #ifdef HAVE_STRING_H
| # if !defined STDC_HEADERS && defined HAVE_MEMORY_H
| #  include <memory.h>
| # endif
| # include <string.h>
| #endif
| #ifdef HAVE_STRINGS_H
| # include <strings.h>
| #endif
| #ifdef HAVE_INTTYPES_H
| # include <inttypes.h>
| #endif
| #ifdef HAVE_STDINT_H
| # include <stdint.h>
| #endif
| #ifdef HAVE_UNISTD_H
| # include <unistd.h>
| #endif
| int
| main ()
| {
| static int test_array [1 - 2 * !(((long int) (sizeof (void *))) <= 1)];
| test_array [0] = 0
| 
|   ;
|   return 0;
| }
configure:16919: /home/beyond2002/buildroot-2017.02.8/output/host/usr/bin/aarch64-linux-gnu-gcc -c -D_LARGEFILE_SOURCE -D_LARGEFILE64_SOURCE -D_FILE_OFFSET_BITS=64  -Os   conftest.c >&5
conftest.c: In function 'main':
conftest.c:98:12: error: size of array 'test_array' is negative
 static int test_array [1 - 2 * !(((long int) (sizeof (void *))) <= 3)];
            ^~~~~~~~~~
configure:16919: $? = 1
configure: failed program was:
| /* confdefs.h */
| #define PACKAGE_NAME "ld"
| #define PACKAGE_TARNAME "ld"
| #define PACKAGE_VERSION "2.25.1"
| #define PACKAGE_STRING "ld 2.25.1"
| #define PACKAGE_BUGREPORT ""
| #define PACKAGE_URL ""
| #define PACKAGE "ld"
| #define VERSION "2.25.1"
| #define STDC_HEADERS 1
| #define HAVE_SYS_TYPES_H 1
| #define HAVE_SYS_STAT_H 1
| #define HAVE_STDLIB_H 1
| #define HAVE_STRING_H 1
| #define HAVE_MEMORY_H 1
| #define HAVE_STRINGS_H 1
| #define HAVE_INTTYPES_H 1
| #define HAVE_STDINT_H 1
| #define HAVE_UNISTD_H 1
| #define __EXTENSIONS__ 1
| #define _ALL_SOURCE 1
| #define _GNU_SOURCE 1
| #define _POSIX_PTHREAD_SEMANTICS 1
| #define _TANDEM_SOURCE 1
| #define HAVE_DLFCN_H 1
| #define LT_OBJDIR ".libs/"
| #define HAVE_DLFCN_H 1
| #define GOT_HANDLING_DEFAULT GOT_HANDLING_TARGET_DEFAULT
| #define HAVE_LC_MESSAGES 1
| #define ENABLE_NLS 1
| #define YYTEXT_POINTER 1
| #define HAVE_STRING_H 1
| #define HAVE_STRINGS_H 1
| #define HAVE_STDLIB_H 1
| #define HAVE_UNISTD_H 1
| #define HAVE_LIMITS_H 1
| #define HAVE_LOCALE_H 1
| #define HAVE_SYS_PARAM_H 1
| #define HAVE_FCNTL_H 1
| #define HAVE_SYS_FILE_H 1
| #define HAVE_SYS_TIME_H 1
| #define HAVE_SYS_STAT_H 1
| #define STRING_WITH_STRINGS 1
| #define HAVE_GLOB 1
| #define HAVE_MKSTEMP 1
| #define HAVE_REALPATH 1
| #define HAVE_SBRK 1
| #define HAVE_SETLOCALE 1
| #define HAVE_WAITPID 1
| #define HAVE_OPEN 1
| #define HAVE_LSEEK 1
| #define HAVE_CLOSE 1
| #define HAVE_DIRENT_H 1
| #define HAVE_DECL_GETOPT 1
| #define HAVE_DECL_STRSTR 1
| #define HAVE_DECL_FREE 1
| #define HAVE_DECL_SBRK 1
| #define HAVE_DECL_GETENV 1
| #define HAVE_DECL_ENVIRON 1
| #define HAVE_ZLIB_H 1
| /* end confdefs.h.  */
| #include <stdio.h>
| #ifdef HAVE_SYS_TYPES_H
| # include <sys/types.h>
| #endif
| #ifdef HAVE_SYS_STAT_H
| # include <sys/stat.h>
| #endif
| #ifdef STDC_HEADERS
| # include <stdlib.h>
| # include <stddef.h>
| #else
| # ifdef HAVE_STDLIB_H
| #  include <stdlib.h>
| # endif
| #endif
| #ifdef HAVE_STRING_H
| # if !defined STDC_HEADERS && defined HAVE_MEMORY_H
| #  include <memory.h>
| # endif
| # include <string.h>
| #endif
| #ifdef HAVE_STRINGS_H
| # include <strings.h>
| #endif
| #ifdef HAVE_INTTYPES_H
| # include <inttypes.h>
| #endif
| #ifdef HAVE_STDINT_H
| # include <stdint.h>
| #endif
| #ifdef HAVE_UNISTD_H
| # include <unistd.h>
| #endif
| int
| main ()
| {
| static int test_array [1 - 2 * !(((long int) (sizeof (void *))) <= 3)];
| test_array [0] = 0
| 
|   ;
|   return 0;
| }
configure:16919: /home/beyond2002/buildroot-2017.02.8/output/host/usr/bin/aarch64-linux-gnu-gcc -c -D_LARGEFILE_SOURCE -D_LARGEFILE64_SOURCE -D_FILE_OFFSET_BITS=64  -Os   conftest.c >&5
conftest.c: In function 'main':
conftest.c:98:12: error: size of array 'test_array' is negative
 static int test_array [1 - 2 * !(((long int) (sizeof (void *))) <= 7)];
            ^~~~~~~~~~
configure:16919: $? = 1
configure: failed program was:
| /* confdefs.h */
| #define PACKAGE_NAME "ld"
| #define PACKAGE_TARNAME "ld"
| #define PACKAGE_VERSION "2.25.1"
| #define PACKAGE_STRING "ld 2.25.1"
| #define PACKAGE_BUGREPORT ""
| #define PACKAGE_URL ""
| #define PACKAGE "ld"
| #define VERSION "2.25.1"
| #define STDC_HEADERS 1
| #define HAVE_SYS_TYPES_H 1
| #define HAVE_SYS_STAT_H 1
| #define HAVE_STDLIB_H 1
| #define HAVE_STRING_H 1
| #define HAVE_MEMORY_H 1
| #define HAVE_STRINGS_H 1
| #define HAVE_INTTYPES_H 1
| #define HAVE_STDINT_H 1
| #define HAVE_UNISTD_H 1
| #define __EXTENSIONS__ 1
| #define _ALL_SOURCE 1
| #define _GNU_SOURCE 1
| #define _POSIX_PTHREAD_SEMANTICS 1
| #define _TANDEM_SOURCE 1
| #define HAVE_DLFCN_H 1
| #define LT_OBJDIR ".libs/"
| #define HAVE_DLFCN_H 1
| #define GOT_HANDLING_DEFAULT GOT_HANDLING_TARGET_DEFAULT
| #define HAVE_LC_MESSAGES 1
| #define ENABLE_NLS 1
| #define YYTEXT_POINTER 1
| #define HAVE_STRING_H 1
| #define HAVE_STRINGS_H 1
| #define HAVE_STDLIB_H 1
| #define HAVE_UNISTD_H 1
| #define HAVE_LIMITS_H 1
| #define HAVE_LOCALE_H 1
| #define HAVE_SYS_PARAM_H 1
| #define HAVE_FCNTL_H 1
| #define HAVE_SYS_FILE_H 1
| #define HAVE_SYS_TIME_H 1
| #define HAVE_SYS_STAT_H 1
| #define STRING_WITH_STRINGS 1
| #define HAVE_GLOB 1
| #define HAVE_MKSTEMP 1
| #define HAVE_REALPATH 1
| #define HAVE_SBRK 1
| #define HAVE_SETLOCALE 1
| #define HAVE_WAITPID 1
| #define HAVE_OPEN 1
| #define HAVE_LSEEK 1
| #define HAVE_CLOSE 1
| #define HAVE_DIRENT_H 1
| #define HAVE_DECL_GETOPT 1
| #define HAVE_DECL_STRSTR 1
| #define HAVE_DECL_FREE 1
| #define HAVE_DECL_SBRK 1
| #define HAVE_DECL_GETENV 1
| #define HAVE_DECL_ENVIRON 1
| #define HAVE_ZLIB_H 1
| /* end confdefs.h.  */
| #include <stdio.h>
| #ifdef HAVE_SYS_TYPES_H
| # include <sys/types.h>
| #endif
| #ifdef HAVE_SYS_STAT_H
| # include <sys/stat.h>
| #endif
| #ifdef STDC_HEADERS
| # include <stdlib.h>
| # include <stddef.h>
| #else
| # ifdef HAVE_STDLIB_H
| #  include <stdlib.h>
| # endif
| #endif
| #ifdef HAVE_STRING_H
| # if !defined STDC_HEADERS && defined HAVE_MEMORY_H
| #  include <memory.h>
| # endif
| # include <string.h>
| #endif
| #ifdef HAVE_STRINGS_H
| # include <strings.h>
| #endif
| #ifdef HAVE_INTTYPES_H
| # include <inttypes.h>
| #endif
| #ifdef HAVE_STDINT_H
| # include <stdint.h>
| #endif
| #ifdef HAVE_UNISTD_H
| # include <unistd.h>
| #endif
| int
| main ()
| {
| static int test_array [1 - 2 * !(((long int) (sizeof (void *))) <= 7)];
| test_array [0] = 0
| 
|   ;
|   return 0;
| }
configure:16919: /home/beyond2002/buildroot-2017.02.8/output/host/usr/bin/aarch64-linux-gnu-gcc -c -D_LARGEFILE_SOURCE -D_LARGEFILE64_SOURCE -D_FILE_OFFSET_BITS=64  -Os   conftest.c >&5
configure:16919: $? = 0
configure:16919: /home/beyond2002/buildroot-2017.02.8/output/host/usr/bin/aarch64-linux-gnu-gcc -c -D_LARGEFILE_SOURCE -D_LARGEFILE64_SOURCE -D_FILE_OFFSET_BITS=64  -Os   conftest.c >&5
configure:16919: $? = 0
configure:16919: /home/beyond2002/buildroot-2017.02.8/output/host/usr/bin/aarch64-linux-gnu-gcc -c -D_LARGEFILE_SOURCE -D_LARGEFILE64_SOURCE -D_FILE_OFFSET_BITS=64  -Os   conftest.c >&5
configure:16919: $? = 0
configure:16919: /home/beyond2002/buildroot-2017.02.8/output/host/usr/bin/aarch64-linux-gnu-gcc -c -D_LARGEFILE_SOURCE -D_LARGEFILE64_SOURCE -D_FILE_OFFSET_BITS=64  -Os   conftest.c >&5
configure:16919: $? = 0
configure:16934: result: 8
configure:17135: updating cache ./config.cache
configure:17208: creating ./config.status

## ---------------------- ##
## Running config.status. ##
## ---------------------- ##

This file was extended by ld config.status 2.25.1, which was
generated by GNU Autoconf 2.64.  Invocation command line was

  CONFIG_FILES    = 
  CONFIG_HEADERS  = 
  CONFIG_LINKS    = 
  CONFIG_COMMANDS = 
  $ ./config.status 

on instance-1

config.status:1269: creating Makefile
config.status:1269: creating po/Makefile.in
config.status:1269: creating config.h
config.status:1494: executing depfiles commands
config.status:1494: executing libtool commands
config.status:1494: executing default-1 commands

## ---------------- ##
## Cache variables. ##
## ---------------- ##

ac_cv_build=x86_64-pc-linux-gnu
ac_cv_c_bigendian=no
ac_cv_c_compiler_gnu=yes
ac_cv_cxx_compiler_gnu=yes
ac_cv_env_CCC_set=
ac_cv_env_CCC_value=
ac_cv_env_CC_set=set
ac_cv_env_CC_value=/home/beyond2002/buildroot-2017.02.8/output/host/usr/bin/aarch64-linux-gnu-gcc
ac_cv_env_CFLAGS_set=set
ac_cv_env_CFLAGS_value='-D_LARGEFILE_SOURCE -D_LARGEFILE64_SOURCE -D_FILE_OFFSET_BITS=64  -Os '
ac_cv_env_CPPFLAGS_set=
ac_cv_env_CPPFLAGS_value=
ac_cv_env_CPP_set=
ac_cv_env_CPP_value=
ac_cv_env_CXXCPP_set=
ac_cv_env_CXXCPP_value=
ac_cv_env_CXXFLAGS_set=set
ac_cv_env_CXXFLAGS_value='-D_LARGEFILE_SOURCE -D_LARGEFILE64_SOURCE -D_FILE_OFFSET_BITS=64  -Os '
ac_cv_env_CXX_set=set
ac_cv_env_CXX_value=/home/beyond2002/buildroot-2017.02.8/output/host/usr/bin/aarch64-linux-gnu-g++
ac_cv_env_LDFLAGS_set=set
ac_cv_env_LDFLAGS_value='-static-libstdc++ -static-libgcc '
ac_cv_env_LIBS_set=
ac_cv_env_LIBS_value=
ac_cv_env_YACC_set=set
ac_cv_env_YACC_value='/home/beyond2002/buildroot-2017.02.8/output/build/binutils-2.25.1/missing bison -y'
ac_cv_env_YFLAGS_set=
ac_cv_env_YFLAGS_value=
ac_cv_env_build_alias_set=set
ac_cv_env_build_alias_value=x86_64-pc-linux-gnu
ac_cv_env_host_alias_set=set
ac_cv_env_host_alias_value=aarch64-buildroot-linux-gnu
ac_cv_env_target_alias_set=set
ac_cv_env_target_alias_value=aarch64-buildroot-linux-gnu
ac_cv_func_calloc_0_nonnull=yes
ac_cv_func_close=yes
ac_cv_func_glob=yes
ac_cv_func_lseek=yes
ac_cv_func_malloc_0_nonnull=yes
ac_cv_func_memcmp_working=yes
ac_cv_func_mkstemp=yes
ac_cv_func_mmap_fixed_mapped=yes
ac_cv_func_open=yes
ac_cv_func_realloc_0_nonnull=yes
ac_cv_func_realpath=yes
ac_cv_func_sbrk=yes
ac_cv_func_setlocale=yes
ac_cv_func_waitpid=yes
ac_cv_have_decl_environ=yes
ac_cv_have_decl_free=yes
ac_cv_have_decl_getenv=yes
ac_cv_have_decl_malloc=yes
ac_cv_have_decl_sbrk=yes
ac_cv_have_decl_strstr=yes
ac_cv_header_dirent_dirent_h=yes
ac_cv_header_dlfcn_h=yes
ac_cv_header_elf_hints_h=no
ac_cv_header_fcntl_h=yes
ac_cv_header_inttypes_h=yes
ac_cv_header_limits_h=yes
ac_cv_header_locale_h=yes
ac_cv_header_memory_h=yes
ac_cv_header_minix_config_h=no
ac_cv_header_stdc=yes
ac_cv_header_stdint_h=yes
ac_cv_header_stdlib_h=yes
ac_cv_header_string_h=yes
ac_cv_header_strings_h=yes
ac_cv_header_sys_file_h=yes
ac_cv_header_sys_param_h=yes
ac_cv_header_sys_stat_h=yes
ac_cv_header_sys_time_h=yes
ac_cv_header_sys_types_h=yes
ac_cv_header_unistd_h=yes
ac_cv_header_windows_h=no
ac_cv_header_zlib_h=yes
ac_cv_host=aarch64-buildroot-linux-gnu
ac_cv_lbl_unaligned_fail=yes
ac_cv_lib_lex=
ac_cv_objext=o
ac_cv_path_EGREP='/bin/grep -E'
ac_cv_path_FGREP='/bin/grep -F'
ac_cv_path_GMSGFMT=:
ac_cv_path_GREP=/bin/grep
ac_cv_path_MSGFMT=:
ac_cv_path_MSGMERGE=:
ac_cv_path_SED=/bin/sed
ac_cv_path_XGETTEXT=:
ac_cv_path_mkdir=/bin/mkdir
ac_cv_prog_AR=/home/beyond2002/buildroot-2017.02.8/output/host/usr/bin/aarch64-linux-gnu-ar
ac_cv_prog_AWK=gawk
ac_cv_prog_CC=/home/beyond2002/buildroot-2017.02.8/output/host/usr/bin/aarch64-linux-gnu-gcc
ac_cv_prog_CPP='/home/beyond2002/buildroot-2017.02.8/output/host/usr/bin/aarch64-linux-gnu-gcc -E'
ac_cv_prog_CXXCPP='/home/beyond2002/buildroot-2017.02.8/output/host/usr/bin/aarch64-linux-gnu-g++ -E'
ac_cv_prog_LEX='/home/beyond2002/buildroot-2017.02.8/output/build/binutils-2.25.1/missing flex'
ac_cv_prog_OBJDUMP=/home/beyond2002/buildroot-2017.02.8/output/host/usr/bin/aarch64-linux-gnu-objdump
ac_cv_prog_RANLIB=/home/beyond2002/buildroot-2017.02.8/output/host/usr/bin/aarch64-linux-gnu-ranlib
ac_cv_prog_STRIP=strip
ac_cv_prog_YACC='/home/beyond2002/buildroot-2017.02.8/output/build/binutils-2.25.1/missing bison -y'
ac_cv_prog_ac_ct_STRIP=strip
ac_cv_prog_cc_c89=
ac_cv_prog_cc_g=yes
ac_cv_prog_cxx_g=yes
ac_cv_prog_lex_root=lex.yy
ac_cv_prog_lex_yytext_pointer=yes
ac_cv_prog_make__usr_bin_make_set=yes
ac_cv_safe_to_define___extensions__=yes
ac_cv_search_dlopen=-ldl
ac_cv_search_opendir='none required'
ac_cv_search_strerror='none required'
ac_cv_search_zlibVersion=-lz
ac_cv_sizeof_void_p=8
ac_cv_sys_file_offset_bits=no
ac_cv_sys_largefile_CC=no
ac_cv_target=aarch64-buildroot-linux-gnu
am_cv_CC_dependencies_compiler_type=none
am_cv_CXX_dependencies_compiler_type=none
am_cv_val_LC_MESSAGES=yes
gcc_cv_header_string=yes
gcc_cv_initfini_array=no
gcc_cv_prog_cmp_skip='cmp --ignore-initial=16 $$f1 $$f2'
gl_cv_func_malloc_0_nonnull=yes
ld_cv_decl_getopt_unistd_h=yes
ld_cv_string_concatenation=yes
lt_cv_archive_cmds_need_lc=no
lt_cv_deplibs_check_method=pass_all
lt_cv_file_magic_cmd='$MAGIC_CMD'
lt_cv_file_magic_test_file=
lt_cv_ld_reload_flag=-r
lt_cv_nm_interface='BSD nm'
lt_cv_objdir=.libs
lt_cv_path_LD=/home/beyond2002/buildroot-2017.02.8/output/host/usr/bin/aarch64-linux-gnu-ld
lt_cv_path_LDCXX=/home/beyond2002/buildroot-2017.02.8/output/host/usr/bin/aarch64-linux-gnu-ld
lt_cv_path_NM=/home/beyond2002/buildroot-2017.02.8/output/host/usr/bin/aarch64-linux-gnu-nm
lt_cv_prog_compiler_c_o=yes
lt_cv_prog_compiler_c_o_CXX=yes
lt_cv_prog_compiler_pic_works=yes
lt_cv_prog_compiler_pic_works_CXX=yes
lt_cv_prog_compiler_rtti_exceptions=no
lt_cv_prog_compiler_static_works=yes
lt_cv_prog_compiler_static_works_CXX=yes
lt_cv_prog_gnu_ld=yes
lt_cv_prog_gnu_ldcxx=yes
lt_cv_shlibpath_overrides_runpath=no
lt_cv_sys_global_symbol_pipe='sed -n -e '\''s/^.*[	 ]\([ABCDGIRSTW][ABCDGIRSTW]*\)[	 ][	 ]*\([_A-Za-z][_A-Za-z0-9]*\)$/\1 \2 \2/p'\'''
lt_cv_sys_global_symbol_to_c_name_address='sed -n -e '\''s/^: \([^ ]*\) $/  {\"\1\", (void *) 0},/p'\'' -e '\''s/^[ABCDGIRSTW]* \([^ ]*\) \([^ ]*\)$/  {"\2", (void *) \&\2},/p'\'''
lt_cv_sys_global_symbol_to_c_name_address_lib_prefix='sed -n -e '\''s/^: \([^ ]*\) $/  {\"\1\", (void *) 0},/p'\'' -e '\''s/^[ABCDGIRSTW]* \([^ ]*\) \(lib[^ ]*\)$/  {"\2", (void *) \&\2},/p'\'' -e '\''s/^[ABCDGIRSTW]* \([^ ]*\) \([^ ]*\)$/  {"lib\2", (void *) \&\2},/p'\'''
lt_cv_sys_global_symbol_to_cdecl='sed -n -e '\''s/^T .* \(.*\)$/extern int \1();/p'\'' -e '\''s/^[ABCDGIRSTW]* .* \(.*\)$/extern char \1;/p'\'''
lt_cv_sys_lib_search_path_spec=
lt_cv_sys_max_cmd_len=1572864

## ----------------- ##
## Output variables. ##
## ----------------- ##

ACLOCAL='${SHELL} /home/beyond2002/buildroot-2017.02.8/output/build/binutils-2.25.1/missing --run aclocal-1.11'
AMDEPBACKSLASH=''
AMDEP_FALSE=''
AMDEP_TRUE='#'
AMTAR='${SHELL} /home/beyond2002/buildroot-2017.02.8/output/build/binutils-2.25.1/missing --run tar'
AR='/home/beyond2002/buildroot-2017.02.8/output/host/usr/bin/aarch64-linux-gnu-ar'
AUTOCONF='${SHELL} /home/beyond2002/buildroot-2017.02.8/output/build/binutils-2.25.1/missing --run autoconf'
AUTOHEADER='${SHELL} /home/beyond2002/buildroot-2017.02.8/output/build/binutils-2.25.1/missing --run autoheader'
AUTOMAKE='${SHELL} /home/beyond2002/buildroot-2017.02.8/output/build/binutils-2.25.1/missing --run automake-1.11'
AWK='gawk'
CATALOGS=' bg.gmo da.gmo es.gmo fi.gmo fr.gmo ga.gmo id.gmo it.gmo ja.gmo sv.gmo tr.gmo uk.gmo vi.gmo zh_CN.gmo zh_TW.gmo bg.gmo da.gmo es.gmo fi.gmo fr.gmo ga.gmo id.gmo it.gmo ja.gmo sv.gmo tr.gmo uk.gmo vi.gmo zh_CN.gmo zh_TW.gmo'
CATOBJEXT='.gmo'
CC='/home/beyond2002/buildroot-2017.02.8/output/host/usr/bin/aarch64-linux-gnu-gcc'
CCDEPMODE='depmode=none'
CFLAGS='-D_LARGEFILE_SOURCE -D_LARGEFILE64_SOURCE -D_FILE_OFFSET_BITS=64  -Os '
CPP='/home/beyond2002/buildroot-2017.02.8/output/host/usr/bin/aarch64-linux-gnu-gcc -E'
CPPFLAGS=''
CXX='/home/beyond2002/buildroot-2017.02.8/output/host/usr/bin/aarch64-linux-gnu-g++'
CXXCPP='/home/beyond2002/buildroot-2017.02.8/output/host/usr/bin/aarch64-linux-gnu-g++ -E'
CXXDEPMODE='depmode=none'
CXXFLAGS='-D_LARGEFILE_SOURCE -D_LARGEFILE64_SOURCE -D_FILE_OFFSET_BITS=64  -Os '
CYGPATH_W='echo'
DATADIRNAME='share'
DEFS='-DHAVE_CONFIG_H'
DEPDIR='.deps'
DSYMUTIL=''
DUMPBIN=''
ECHO_C=''
ECHO_N='-n'
ECHO_T=''
EGREP='/bin/grep -E'
EMUL='aarch64linux'
EMULATION_LIBPATH='aarch64linux aarch64linuxb aarch64linux32 aarch64linux32b armelfb_linux_eabi armelf_linux_eabi'
EMULATION_OFILES=' eaarch64linux.o eaarch64elf.o eaarch64elf32.o eaarch64elf32b.o eaarch64elfb.o earmelf.o earmelfb.o eaarch64linuxb.o eaarch64linux32.o eaarch64linux32b.o earmelfb_linux_eabi.o earmelf_linux_eabi.o'
EMUL_EXTRA_OFILES=''
ENABLE_PLUGINS_FALSE='#'
ENABLE_PLUGINS_TRUE=''
EXEEXT=''
FGREP='/bin/grep -F'
GENCAT='gencat'
GENINSRC_NEVER_FALSE=''
GENINSRC_NEVER_TRUE='#'
GMSGFMT=':'
GREP='/bin/grep'
HDEFINES=''
HOSTING_CRT0='-dynamic-linker `${CC} --help --verbose 2>&1 | egrep "ld[^ ]*\.so" | sed -e "s,.*-dynamic-linker[ 	][ 	]*\(.*/ld[^ ]*\.so..\).*,\1,"` `${CC} --print-file-name=crt1.o` `${CC} --print-file-name=crti.o` `if [ -f ../gcc/crtbegin.o ]; then echo ../gcc/crtbegin.o; else ${CC} --print-file-name=crtbegin.o; fi`'
HOSTING_LIBS='-L`dirname \`${CC} --print-file-name=libc.so\`` `if [ -f ../gcc/libgcc.a ]; then libgcc=../gcc/libgcc.a; else libgcc=\`${CC} -print-libgcc-file-name\`; fi; if [ -f ../gcc/libgcc_eh.a ]; then libgcc="$$libgcc ../gcc/libgcc_eh.a"; else libgcc_eh=\`${CC} -print-file-name=libgcc_eh.a\`; if [ x"$$libgcc_eh" != xlibgcc_eh.a ]; then libgcc="$$libgcc $$libgcc_eh"; fi; fi; if [ -f ../gcc/libunwind.a ]; then libgcc="$$libgcc ../gcc/libunwind.a"; else libunwind=\`${CC} -print-file-name=libunwind.a\`; if [ x"$$libunwind" != xlibunwind.a ]; then libgcc="$$libgcc $$libunwind"; fi; fi; echo --start-group $$libgcc -lc --end-group` `if [ -f ../gcc/crtend.o ]; then echo ../gcc/crtend.o; else ${CC} --print-file-name=crtend.o; fi` `${CC} --print-file-name=crtn.o`'
HOSTING_SCRT0='-dynamic-linker `${CC} --help --verbose 2>&1 | egrep "ld[^ ]*\.so" | sed -e "s,.*-dynamic-linker[ 	][ 	]*\(.*/ld[^ ]*\.so..\).*,\1,"` `${CC} --print-file-name=Scrt1.o` `${CC} --print-file-name=crti.o` `if [ -f ../gcc/crtbeginS.o ]; then echo ../gcc/crtbeginS.o; else ${CC} --print-file-name=crtbeginS.o; fi`'
HOSTING_SLIBS='-L`dirname \`${CC} --print-file-name=libc.so\`` `if [ -f ../gcc/libgcc.a ]; then libgcc=../gcc/libgcc.a; else libgcc=\`${CC} -print-libgcc-file-name\`; fi; if [ -f ../gcc/libgcc_eh.a ]; then libgcc="$$libgcc ../gcc/libgcc_eh.a"; else libgcc_eh=\`${CC} -print-file-name=libgcc_eh.a\`; if [ x"$$libgcc_eh" != xlibgcc_eh.a ]; then libgcc="$$libgcc $$libgcc_eh"; fi; fi; if [ -f ../gcc/libunwind.a ]; then libgcc="$$libgcc ../gcc/libunwind.a"; else libunwind=\`${CC} -print-file-name=libunwind.a\`; if [ x"$$libunwind" != xlibunwind.a ]; then libgcc="$$libgcc $$libunwind"; fi; fi; echo --start-group $$libgcc -lc --end-group` `if [ -f ../gcc/crtendS.o ]; then echo ../gcc/crtendS.o; else ${CC} --print-file-name=crtendS.o; fi` `${CC} --print-file-name=crtn.o`'
INCINTL=''
INSTALL_DATA='/usr/bin/install -c -m 644'
INSTALL_PROGRAM='/usr/bin/install -c'
INSTALL_SCRIPT='/usr/bin/install -c'
INSTALL_STRIP_PROGRAM='$(install_sh) -c -s'
INSTOBJEXT='.mo'
LD='/home/beyond2002/buildroot-2017.02.8/output/host/usr/bin/aarch64-linux-gnu-ld'
LDFLAGS='-static-libstdc++ -static-libgcc '
LEX='/home/beyond2002/buildroot-2017.02.8/output/build/binutils-2.25.1/missing flex'
LEXLIB=''
LEX_OUTPUT_ROOT='lex.yy'
LIBINTL=''
LIBINTL_DEP=''
LIBOBJS=''
LIBS='-lz -ldl -ldl '
LIBTOOL='$(SHELL) $(top_builddir)/libtool'
LIB_PATH=''
LIPO=''
LN_S='ln -s'
LTLIBOBJS=''
MAINT='#'
MAINTAINER_MODE_FALSE=''
MAINTAINER_MODE_TRUE='#'
MAKEINFO='true --split-size=5000000'
MKDIR_P='/bin/mkdir -p'
MKINSTALLDIRS='$(top_builddir)/./../mkinstalldirs'
MSGFMT=':'
MSGMERGE=':'
NATIVE_LIB_DIRS='/usr/local/lib /lib /usr/lib'
NM='/home/beyond2002/buildroot-2017.02.8/output/host/usr/bin/aarch64-linux-gnu-nm'
NMEDIT=''
NO_WERROR=''
OBJDUMP='/home/beyond2002/buildroot-2017.02.8/output/host/usr/bin/aarch64-linux-gnu-objdump'
OBJEXT='o'
OTOOL64=''
OTOOL=''
PACKAGE='ld'
PACKAGE_BUGREPORT=''
PACKAGE_NAME='ld'
PACKAGE_STRING='ld 2.25.1'
PACKAGE_TARNAME='ld'
PACKAGE_URL=''
PACKAGE_VERSION='2.25.1'
PATH_SEPARATOR=':'
POSUB='po'
RANLIB='/home/beyond2002/buildroot-2017.02.8/output/host/usr/bin/aarch64-linux-gnu-ranlib'
SED='/bin/sed'
SET_MAKE=''
SHELL='/bin/bash'
STRINGIFY='astring.sed'
STRIP='strip'
TARGET_SYSTEM_ROOT=''
TARGET_SYSTEM_ROOT_DEFINE='-DTARGET_SYSTEM_ROOT=\"\"'
TESTBFDLIB='--rpath ../bfd/.libs ../bfd/.libs/libbfd.so'
USE_NLS='yes'
VERSION='2.25.1'
WARN_CFLAGS='-w'
XGETTEXT=':'
YACC='/home/beyond2002/buildroot-2017.02.8/output/build/binutils-2.25.1/missing bison -y'
YFLAGS=''
ac_ct_CC=''
ac_ct_CXX=''
ac_ct_DUMPBIN=''
am__EXEEXT_FALSE=''
am__EXEEXT_TRUE='#'
am__fastdepCC_FALSE=''
am__fastdepCC_TRUE='#'
am__fastdepCXX_FALSE=''
am__fastdepCXX_TRUE='#'
am__include='include'
am__isrc=''
am__leading_dot='.'
am__quote=''
am__tar='${AMTAR} chof - "$$tardir"'
am__untar='${AMTAR} xf -'
bindir='${exec_prefix}/bin'
build='x86_64-pc-linux-gnu'
build_alias='x86_64-pc-linux-gnu'
build_cpu='x86_64'
build_os='linux-gnu'
build_vendor='pc'
datadir='${datarootdir}'
datarootdir='${prefix}/share'
do_compare='cmp --ignore-initial=16 $$f1 $$f2'
docdir='${datarootdir}/doc/${PACKAGE_TARNAME}'
dvidir='${docdir}'
enable_initfini_array='no'
exec_prefix='/usr'
host='aarch64-buildroot-linux-gnu'
host_alias='aarch64-buildroot-linux-gnu'
host_cpu='aarch64'
host_os='linux-gnu'
host_vendor='buildroot'
htmldir='${docdir}'
includedir='${prefix}/include'
infodir='${datarootdir}/info'
install_as_default='yes'
install_sh='${SHELL} /home/beyond2002/buildroot-2017.02.8/output/build/binutils-2.25.1/install-sh'
installed_linker='ld.bfd'
libdir='${exec_prefix}/lib'
libexecdir='${exec_prefix}/libexec'
localedir='${datarootdir}/locale'
localstatedir='/var'
mandir='${datarootdir}/man'
mkdir_p='/bin/mkdir -p'
oldincludedir='/usr/include'
pdfdir='${docdir}'
prefix='/usr'
program_transform_name='s&^&&'
psdir='${docdir}'
sbindir='${exec_prefix}/sbin'
sharedstatedir='${prefix}/com'
sysconfdir='/etc'
target='aarch64-buildroot-linux-gnu'
target_alias='aarch64-buildroot-linux-gnu'
target_cpu='aarch64'
target_os='linux-gnu'
target_vendor='buildroot'
use_sysroot='no'

## ------------------- ##
## File substitutions. ##
## ------------------- ##

TDIRS='tdirs'

## ----------- ##
## confdefs.h. ##
## ----------- ##

/* confdefs.h */
#define PACKAGE_NAME "ld"
#define PACKAGE_TARNAME "ld"
#define PACKAGE_VERSION "2.25.1"
#define PACKAGE_STRING "ld 2.25.1"
#define PACKAGE_BUGREPORT ""
#define PACKAGE_URL ""
#define PACKAGE "ld"
#define VERSION "2.25.1"
#define STDC_HEADERS 1
#define HAVE_SYS_TYPES_H 1
#define HAVE_SYS_STAT_H 1
#define HAVE_STDLIB_H 1
#define HAVE_STRING_H 1
#define HAVE_MEMORY_H 1
#define HAVE_STRINGS_H 1
#define HAVE_INTTYPES_H 1
#define HAVE_STDINT_H 1
#define HAVE_UNISTD_H 1
#define __EXTENSIONS__ 1
#define _ALL_SOURCE 1
#define _GNU_SOURCE 1
#define _POSIX_PTHREAD_SEMANTICS 1
#define _TANDEM_SOURCE 1
#define HAVE_DLFCN_H 1
#define LT_OBJDIR ".libs/"
#define HAVE_DLFCN_H 1
#define GOT_HANDLING_DEFAULT GOT_HANDLING_TARGET_DEFAULT
#define HAVE_LC_MESSAGES 1
#define ENABLE_NLS 1
#define YYTEXT_POINTER 1
#define HAVE_STRING_H 1
#define HAVE_STRINGS_H 1
#define HAVE_STDLIB_H 1
#define HAVE_UNISTD_H 1
#define HAVE_LIMITS_H 1
#define HAVE_LOCALE_H 1
#define HAVE_SYS_PARAM_H 1
#define HAVE_FCNTL_H 1
#define HAVE_SYS_FILE_H 1
#define HAVE_SYS_TIME_H 1
#define HAVE_SYS_STAT_H 1
#define STRING_WITH_STRINGS 1
#define HAVE_GLOB 1
#define HAVE_MKSTEMP 1
#define HAVE_REALPATH 1
#define HAVE_SBRK 1
#define HAVE_SETLOCALE 1
#define HAVE_WAITPID 1
#define HAVE_OPEN 1
#define HAVE_LSEEK 1
#define HAVE_CLOSE 1
#define HAVE_DIRENT_H 1
#define HAVE_DECL_GETOPT 1
#define HAVE_DECL_STRSTR 1
#define HAVE_DECL_FREE 1
#define HAVE_DECL_SBRK 1
#define HAVE_DECL_GETENV 1
#define HAVE_DECL_ENVIRON 1
#define HAVE_ZLIB_H 1
#define SIZEOF_VOID_P 8

configure: exit 0
