This file contains any messages produced by compilers while
running configure, to aid debugging if configure makes a mistake.

It was created by gas configure 2.25.1, which was
generated by GNU Autoconf 2.64.  Invocation command line was

  $ /home/beyond2002/buildroot-2017.02.8/output/build/binutils-2.25.1/gas/configure --cache-file=./config.cache --with-gnu-as --with-gnu-ld --with-system-zlib --prefix=/usr --exec-prefix=/usr --sysconfdir=/etc --localstatedir=/var --disable-gtk-doc --disable-gtk-doc-html --disable-doc --disable-docs --disable-documentation --with-xmlto=no --with-fop=no --disable-dependency-tracking --enable-ipv6 --disable-static --enable-shared --disable-multilib --disable-werror --enable-install-libiberty --enable-build-warnings=no --disable-sim --disable-gdb --program-transform-name=s&^&& --disable-option-checking --build=x86_64-pc-linux-gnu --host=aarch64-buildroot-linux-gnu --target=aarch64-buildroot-linux-gnu --srcdir=.././gas

## --------- ##
## Platform. ##
## --------- ##

hostname = instance-1
uname -m = x86_64
uname -r = 4.10.0-42-generic
uname -s = Linux
uname -v = #46~16.04.1-Ubuntu SMP Mon Dec 4 15:57:59 UTC 2017

/usr/bin/uname -p = unknown
/bin/uname -X     = unknown

/bin/arch              = unknown
/usr/bin/arch -k       = unknown
/usr/convex/getsysinfo = unknown
/usr/bin/hostinfo      = unknown
/bin/machine           = unknown
/usr/bin/oslevel       = unknown
/bin/universe          = unknown

PATH: /home/beyond2002/buildroot-2017.02.8/output/host/bin
PATH: /home/beyond2002/buildroot-2017.02.8/output/host/sbin
PATH: /home/beyond2002/buildroot-2017.02.8/output/host/usr/bin
PATH: /home/beyond2002/buildroot-2017.02.8/output/host/usr/sbin
PATH: /home/beyond2002/bin
PATH: /home/beyond2002/.local/bin
PATH: /usr/local/sbin
PATH: /usr/local/bin
PATH: /usr/sbin
PATH: /usr/bin
PATH: /sbin
PATH: /bin
PATH: /usr/games
PATH: /usr/local/games
PATH: /snap/bin


## ----------- ##
## Core tests. ##
## ----------- ##

configure:2192: creating cache ./config.cache
configure:2297: checking build system type
configure:2311: result: x86_64-pc-linux-gnu
configure:2331: checking host system type
configure:2344: result: aarch64-buildroot-linux-gnu
configure:2364: checking target system type
configure:2377: result: aarch64-buildroot-linux-gnu
configure:2411: checking for aarch64-buildroot-linux-gnu-gcc
configure:2438: result: /home/beyond2002/buildroot-2017.02.8/output/host/usr/bin/aarch64-linux-gnu-gcc
configure:2707: checking for C compiler version
configure:2716: /home/beyond2002/buildroot-2017.02.8/output/host/usr/bin/aarch64-linux-gnu-gcc --version >&5
aarch64-linux-gnu-gcc (Linaro GCC 6.4-2017.08) 6.4.1 20170707
Copyright (C) 2017 Free Software Foundation, Inc.
This is free software; see the source for copying conditions.  There is NO
warranty; not even for MERCHANTABILITY or FITNESS FOR A PARTICULAR PURPOSE.

configure:2727: $? = 0
configure:2716: /home/beyond2002/buildroot-2017.02.8/output/host/usr/bin/aarch64-linux-gnu-gcc -v >&5
Using built-in specs.
COLLECT_GCC=/home/beyond2002/buildroot-2017.02.8/output/host/opt/ext-toolchain/bin/aarch64-linux-gnu-gcc
COLLECT_LTO_WRAPPER=/home/beyond2002/buildroot-2017.02.8/output/host/opt/ext-toolchain/bin/../libexec/gcc/aarch64-linux-gnu/6.4.1/lto-wrapper
Target: aarch64-linux-gnu
Configured with: '/home/tcwg-buildslave/workspace/tcwg-make-release/builder_arch/amd64/label/tcwg-x86_64-build/target/aarch64-linux-gnu/snapshots/gcc.git~linaro-6.4-2017.08/configure' SHELL=/bin/bash --with-mpc=/home/tcwg-buildslave/workspace/tcwg-make-release/builder_arch/amd64/label/tcwg-x86_64-build/target/aarch64-linux-gnu/_build/builds/destdir/x86_64-unknown-linux-gnu --with-mpfr=/home/tcwg-buildslave/workspace/tcwg-make-release/builder_arch/amd64/label/tcwg-x86_64-build/target/aarch64-linux-gnu/_build/builds/destdir/x86_64-unknown-linux-gnu --with-gmp=/home/tcwg-buildslave/workspace/tcwg-make-release/builder_arch/amd64/label/tcwg-x86_64-build/target/aarch64-linux-gnu/_build/builds/destdir/x86_64-unknown-linux-gnu --with-gnu-as --with-gnu-ld --disable-libmudflap --enable-lto --enable-shared --without-included-gettext --enable-nls --disable-sjlj-exceptions --enable-gnu-unique-object --enable-linker-build-id --disable-libstdcxx-pch --enable-c99 --enable-clocale=gnu --enable-libstdcxx-debug --enable-long-long --with-cloog=no --with-ppl=no --with-isl=no --disable-multilib --enable-fix-cortex-a53-835769 --enable-fix-cortex-a53-843419 --with-arch=armv8-a --enable-threads=posix --enable-multiarch --enable-libstdcxx-time=yes --enable-gnu-indirect-function --with-build-sysroot=/home/tcwg-buildslave/workspace/tcwg-make-release/builder_arch/amd64/label/tcwg-x86_64-build/target/aarch64-linux-gnu/_build/sysroots/aarch64-linux-gnu --with-sysroot=/home/tcwg-buildslave/workspace/tcwg-make-release/builder_arch/amd64/label/tcwg-x86_64-build/target/aarch64-linux-gnu/_build/builds/destdir/x86_64-unknown-linux-gnu/aarch64-linux-gnu/libc --enable-checking=release --disable-bootstrap --enable-languages=c,c++,fortran,lto --build=x86_64-unknown-linux-gnu --host=x86_64-unknown-linux-gnu --target=aarch64-linux-gnu --prefix=/home/tcwg-buildslave/workspace/tcwg-make-release/builder_arch/amd64/label/tcwg-x86_64-build/target/aarch64-linux-gnu/_build/builds/destdir/x86_64-unknown-linux-gnu
Thread model: posix
gcc version 6.4.1 20170707 (Linaro GCC 6.4-2017.08) 
configure:2727: $? = 0
configure:2716: /home/beyond2002/buildroot-2017.02.8/output/host/usr/bin/aarch64-linux-gnu-gcc -V >&5
aarch64-linux-gnu-gcc: error: unrecognized command line option '-V'
aarch64-linux-gnu-gcc: fatal error: no input files
compilation terminated.
configure:2727: $? = 1
configure:2716: /home/beyond2002/buildroot-2017.02.8/output/host/usr/bin/aarch64-linux-gnu-gcc -qversion >&5
aarch64-linux-gnu-gcc: error: unrecognized command line option '-qversion'; did you mean '--version'?
aarch64-linux-gnu-gcc: fatal error: no input files
compilation terminated.
configure:2727: $? = 1
configure:2747: checking for C compiler default output file name
configure:2769: /home/beyond2002/buildroot-2017.02.8/output/host/usr/bin/aarch64-linux-gnu-gcc -D_LARGEFILE_SOURCE -D_LARGEFILE64_SOURCE -D_FILE_OFFSET_BITS=64  -Os   -static-libstdc++ -static-libgcc  conftest.c  >&5
configure:2773: $? = 0
configure:2810: result: a.out
configure:2826: checking whether the C compiler works
configure:2854: result: yes
configure:2861: checking whether we are cross compiling
configure:2863: result: yes
configure:2866: checking for suffix of executables
configure:2873: /home/beyond2002/buildroot-2017.02.8/output/host/usr/bin/aarch64-linux-gnu-gcc -o conftest -D_LARGEFILE_SOURCE -D_LARGEFILE64_SOURCE -D_FILE_OFFSET_BITS=64  -Os   -static-libstdc++ -static-libgcc  conftest.c  >&5
configure:2877: $? = 0
configure:2899: result: 
configure:2905: checking for suffix of object files
configure:2927: /home/beyond2002/buildroot-2017.02.8/output/host/usr/bin/aarch64-linux-gnu-gcc -c -D_LARGEFILE_SOURCE -D_LARGEFILE64_SOURCE -D_FILE_OFFSET_BITS=64  -Os   conftest.c >&5
configure:2931: $? = 0
configure:2952: result: o
configure:2956: checking whether we are using the GNU C compiler
configure:2975: /home/beyond2002/buildroot-2017.02.8/output/host/usr/bin/aarch64-linux-gnu-gcc -c -D_LARGEFILE_SOURCE -D_LARGEFILE64_SOURCE -D_FILE_OFFSET_BITS=64  -Os   conftest.c >&5
configure:2975: $? = 0
configure:2984: result: yes
configure:2993: checking whether /home/beyond2002/buildroot-2017.02.8/output/host/usr/bin/aarch64-linux-gnu-gcc accepts -g
configure:3013: /home/beyond2002/buildroot-2017.02.8/output/host/usr/bin/aarch64-linux-gnu-gcc -c -g  conftest.c >&5
configure:3013: $? = 0
configure:3054: result: yes
configure:3071: checking for /home/beyond2002/buildroot-2017.02.8/output/host/usr/bin/aarch64-linux-gnu-gcc option to accept ISO C89
configure:3135: /home/beyond2002/buildroot-2017.02.8/output/host/usr/bin/aarch64-linux-gnu-gcc  -c -D_LARGEFILE_SOURCE -D_LARGEFILE64_SOURCE -D_FILE_OFFSET_BITS=64  -Os   conftest.c >&5
configure:3135: $? = 0
configure:3148: result: none needed
configure:3169: checking for library containing strerror
configure:3200: /home/beyond2002/buildroot-2017.02.8/output/host/usr/bin/aarch64-linux-gnu-gcc -o conftest -D_LARGEFILE_SOURCE -D_LARGEFILE64_SOURCE -D_FILE_OFFSET_BITS=64  -Os   -static-libstdc++ -static-libgcc  conftest.c  >&5
configure:3200: $? = 0
configure:3217: result: none required
configure:3242: checking for a BSD-compatible install
configure:3310: result: /usr/bin/install -c
configure:3321: checking whether build environment is sane
configure:3371: result: yes
configure:3420: checking for aarch64-buildroot-linux-gnu-strip
configure:3450: result: no
configure:3460: checking for strip
configure:3476: found /usr/bin/strip
configure:3487: result: strip
configure:3499: WARNING: using cross tools not prefixed with host triplet
configure:3512: checking for a thread-safe mkdir -p
configure:3551: result: /bin/mkdir -p
configure:3564: checking for gawk
configure:3591: result: gawk
configure:3602: checking whether /usr/bin/make sets $(MAKE)
configure:3624: result: yes
configure:3654: checking for style of include used by /usr/bin/make
configure:3682: result: GNU
configure:3767: checking dependency style of /home/beyond2002/buildroot-2017.02.8/output/host/usr/bin/aarch64-linux-gnu-gcc
configure:3877: result: none
configure:3902: checking for aarch64-buildroot-linux-gnu-gcc
configure:3929: result: /home/beyond2002/buildroot-2017.02.8/output/host/usr/bin/aarch64-linux-gnu-gcc
configure:4198: checking for C compiler version
configure:4207: /home/beyond2002/buildroot-2017.02.8/output/host/usr/bin/aarch64-linux-gnu-gcc --version >&5
aarch64-linux-gnu-gcc (Linaro GCC 6.4-2017.08) 6.4.1 20170707
Copyright (C) 2017 Free Software Foundation, Inc.
This is free software; see the source for copying conditions.  There is NO
warranty; not even for MERCHANTABILITY or FITNESS FOR A PARTICULAR PURPOSE.

configure:4218: $? = 0
configure:4207: /home/beyond2002/buildroot-2017.02.8/output/host/usr/bin/aarch64-linux-gnu-gcc -v >&5
Using built-in specs.
COLLECT_GCC=/home/beyond2002/buildroot-2017.02.8/output/host/opt/ext-toolchain/bin/aarch64-linux-gnu-gcc
COLLECT_LTO_WRAPPER=/home/beyond2002/buildroot-2017.02.8/output/host/opt/ext-toolchain/bin/../libexec/gcc/aarch64-linux-gnu/6.4.1/lto-wrapper
Target: aarch64-linux-gnu
Configured with: '/home/tcwg-buildslave/workspace/tcwg-make-release/builder_arch/amd64/label/tcwg-x86_64-build/target/aarch64-linux-gnu/snapshots/gcc.git~linaro-6.4-2017.08/configure' SHELL=/bin/bash --with-mpc=/home/tcwg-buildslave/workspace/tcwg-make-release/builder_arch/amd64/label/tcwg-x86_64-build/target/aarch64-linux-gnu/_build/builds/destdir/x86_64-unknown-linux-gnu --with-mpfr=/home/tcwg-buildslave/workspace/tcwg-make-release/builder_arch/amd64/label/tcwg-x86_64-build/target/aarch64-linux-gnu/_build/builds/destdir/x86_64-unknown-linux-gnu --with-gmp=/home/tcwg-buildslave/workspace/tcwg-make-release/builder_arch/amd64/label/tcwg-x86_64-build/target/aarch64-linux-gnu/_build/builds/destdir/x86_64-unknown-linux-gnu --with-gnu-as --with-gnu-ld --disable-libmudflap --enable-lto --enable-shared --without-included-gettext --enable-nls --disable-sjlj-exceptions --enable-gnu-unique-object --enable-linker-build-id --disable-libstdcxx-pch --enable-c99 --enable-clocale=gnu --enable-libstdcxx-debug --enable-long-long --with-cloog=no --with-ppl=no --with-isl=no --disable-multilib --enable-fix-cortex-a53-835769 --enable-fix-cortex-a53-843419 --with-arch=armv8-a --enable-threads=posix --enable-multiarch --enable-libstdcxx-time=yes --enable-gnu-indirect-function --with-build-sysroot=/home/tcwg-buildslave/workspace/tcwg-make-release/builder_arch/amd64/label/tcwg-x86_64-build/target/aarch64-linux-gnu/_build/sysroots/aarch64-linux-gnu --with-sysroot=/home/tcwg-buildslave/workspace/tcwg-make-release/builder_arch/amd64/label/tcwg-x86_64-build/target/aarch64-linux-gnu/_build/builds/destdir/x86_64-unknown-linux-gnu/aarch64-linux-gnu/libc --enable-checking=release --disable-bootstrap --enable-languages=c,c++,fortran,lto --build=x86_64-unknown-linux-gnu --host=x86_64-unknown-linux-gnu --target=aarch64-linux-gnu --prefix=/home/tcwg-buildslave/workspace/tcwg-make-release/builder_arch/amd64/label/tcwg-x86_64-build/target/aarch64-linux-gnu/_build/builds/destdir/x86_64-unknown-linux-gnu
Thread model: posix
gcc version 6.4.1 20170707 (Linaro GCC 6.4-2017.08) 
configure:4218: $? = 0
configure:4207: /home/beyond2002/buildroot-2017.02.8/output/host/usr/bin/aarch64-linux-gnu-gcc -V >&5
aarch64-linux-gnu-gcc: error: unrecognized command line option '-V'
aarch64-linux-gnu-gcc: fatal error: no input files
compilation terminated.
configure:4218: $? = 1
configure:4207: /home/beyond2002/buildroot-2017.02.8/output/host/usr/bin/aarch64-linux-gnu-gcc -qversion >&5
aarch64-linux-gnu-gcc: error: unrecognized command line option '-qversion'; did you mean '--version'?
aarch64-linux-gnu-gcc: fatal error: no input files
compilation terminated.
configure:4218: $? = 1
configure:4222: checking whether we are using the GNU C compiler
configure:4250: result: yes
configure:4259: checking whether /home/beyond2002/buildroot-2017.02.8/output/host/usr/bin/aarch64-linux-gnu-gcc accepts -g
configure:4320: result: yes
configure:4337: checking for /home/beyond2002/buildroot-2017.02.8/output/host/usr/bin/aarch64-linux-gnu-gcc option to accept ISO C89
configure:4414: result: none needed
configure:4439: checking how to run the C preprocessor
configure:4470: /home/beyond2002/buildroot-2017.02.8/output/host/usr/bin/aarch64-linux-gnu-gcc -E  conftest.c
configure:4470: $? = 0
configure:4484: /home/beyond2002/buildroot-2017.02.8/output/host/usr/bin/aarch64-linux-gnu-gcc -E  conftest.c
conftest.c:11:28: fatal error: ac_nonexistent.h: No such file or directory
 #include <ac_nonexistent.h>
                            ^
compilation terminated.
configure:4484: $? = 1
configure: failed program was:
| /* confdefs.h */
| #define PACKAGE_NAME "gas"
| #define PACKAGE_TARNAME "gas"
| #define PACKAGE_VERSION "2.25.1"
| #define PACKAGE_STRING "gas 2.25.1"
| #define PACKAGE_BUGREPORT ""
| #define PACKAGE_URL ""
| #define PACKAGE "gas"
| #define VERSION "2.25.1"
| /* end confdefs.h.  */
| #include <ac_nonexistent.h>
configure:4509: result: /home/beyond2002/buildroot-2017.02.8/output/host/usr/bin/aarch64-linux-gnu-gcc -E
configure:4529: /home/beyond2002/buildroot-2017.02.8/output/host/usr/bin/aarch64-linux-gnu-gcc -E  conftest.c
configure:4529: $? = 0
configure:4543: /home/beyond2002/buildroot-2017.02.8/output/host/usr/bin/aarch64-linux-gnu-gcc -E  conftest.c
conftest.c:11:28: fatal error: ac_nonexistent.h: No such file or directory
 #include <ac_nonexistent.h>
                            ^
compilation terminated.
configure:4543: $? = 1
configure: failed program was:
| /* confdefs.h */
| #define PACKAGE_NAME "gas"
| #define PACKAGE_TARNAME "gas"
| #define PACKAGE_VERSION "2.25.1"
| #define PACKAGE_STRING "gas 2.25.1"
| #define PACKAGE_BUGREPORT ""
| #define PACKAGE_URL ""
| #define PACKAGE "gas"
| #define VERSION "2.25.1"
| /* end confdefs.h.  */
| #include <ac_nonexistent.h>
configure:4572: checking for grep that handles long lines and -e
configure:4630: result: /bin/grep
configure:4635: checking for egrep
configure:4697: result: /bin/grep -E
configure:4702: checking for ANSI C header files
configure:4722: /home/beyond2002/buildroot-2017.02.8/output/host/usr/bin/aarch64-linux-gnu-gcc -c -D_LARGEFILE_SOURCE -D_LARGEFILE64_SOURCE -D_FILE_OFFSET_BITS=64  -Os   conftest.c >&5
configure:4722: $? = 0
configure:4806: result: yes
configure:4819: checking for sys/types.h
configure:4819: /home/beyond2002/buildroot-2017.02.8/output/host/usr/bin/aarch64-linux-gnu-gcc -c -D_LARGEFILE_SOURCE -D_LARGEFILE64_SOURCE -D_FILE_OFFSET_BITS=64  -Os   conftest.c >&5
configure:4819: $? = 0
configure:4819: result: yes
configure:4819: checking for sys/stat.h
configure:4819: /home/beyond2002/buildroot-2017.02.8/output/host/usr/bin/aarch64-linux-gnu-gcc -c -D_LARGEFILE_SOURCE -D_LARGEFILE64_SOURCE -D_FILE_OFFSET_BITS=64  -Os   conftest.c >&5
configure:4819: $? = 0
configure:4819: result: yes
configure:4819: checking for stdlib.h
configure:4819: /home/beyond2002/buildroot-2017.02.8/output/host/usr/bin/aarch64-linux-gnu-gcc -c -D_LARGEFILE_SOURCE -D_LARGEFILE64_SOURCE -D_FILE_OFFSET_BITS=64  -Os   conftest.c >&5
configure:4819: $? = 0
configure:4819: result: yes
configure:4819: checking for string.h
configure:4819: /home/beyond2002/buildroot-2017.02.8/output/host/usr/bin/aarch64-linux-gnu-gcc -c -D_LARGEFILE_SOURCE -D_LARGEFILE64_SOURCE -D_FILE_OFFSET_BITS=64  -Os   conftest.c >&5
configure:4819: $? = 0
configure:4819: result: yes
configure:4819: checking for memory.h
configure:4819: /home/beyond2002/buildroot-2017.02.8/output/host/usr/bin/aarch64-linux-gnu-gcc -c -D_LARGEFILE_SOURCE -D_LARGEFILE64_SOURCE -D_FILE_OFFSET_BITS=64  -Os   conftest.c >&5
configure:4819: $? = 0
configure:4819: result: yes
configure:4819: checking for strings.h
configure:4819: /home/beyond2002/buildroot-2017.02.8/output/host/usr/bin/aarch64-linux-gnu-gcc -c -D_LARGEFILE_SOURCE -D_LARGEFILE64_SOURCE -D_FILE_OFFSET_BITS=64  -Os   conftest.c >&5
configure:4819: $? = 0
configure:4819: result: yes
configure:4819: checking for inttypes.h
configure:4819: /home/beyond2002/buildroot-2017.02.8/output/host/usr/bin/aarch64-linux-gnu-gcc -c -D_LARGEFILE_SOURCE -D_LARGEFILE64_SOURCE -D_FILE_OFFSET_BITS=64  -Os   conftest.c >&5
configure:4819: $? = 0
configure:4819: result: yes
configure:4819: checking for stdint.h
configure:4819: /home/beyond2002/buildroot-2017.02.8/output/host/usr/bin/aarch64-linux-gnu-gcc -c -D_LARGEFILE_SOURCE -D_LARGEFILE64_SOURCE -D_FILE_OFFSET_BITS=64  -Os   conftest.c >&5
configure:4819: $? = 0
configure:4819: result: yes
configure:4819: checking for unistd.h
configure:4819: /home/beyond2002/buildroot-2017.02.8/output/host/usr/bin/aarch64-linux-gnu-gcc -c -D_LARGEFILE_SOURCE -D_LARGEFILE64_SOURCE -D_FILE_OFFSET_BITS=64  -Os   conftest.c >&5
configure:4819: $? = 0
configure:4819: result: yes
configure:4833: checking minix/config.h usability
configure:4833: /home/beyond2002/buildroot-2017.02.8/output/host/usr/bin/aarch64-linux-gnu-gcc -c -D_LARGEFILE_SOURCE -D_LARGEFILE64_SOURCE -D_FILE_OFFSET_BITS=64  -Os   conftest.c >&5
conftest.c:54:26: fatal error: minix/config.h: No such file or directory
 #include <minix/config.h>
                          ^
compilation terminated.
configure:4833: $? = 1
configure: failed program was:
| /* confdefs.h */
| #define PACKAGE_NAME "gas"
| #define PACKAGE_TARNAME "gas"
| #define PACKAGE_VERSION "2.25.1"
| #define PACKAGE_STRING "gas 2.25.1"
| #define PACKAGE_BUGREPORT ""
| #define PACKAGE_URL ""
| #define PACKAGE "gas"
| #define VERSION "2.25.1"
| #define STDC_HEADERS 1
| #define HAVE_SYS_TYPES_H 1
| #define HAVE_SYS_STAT_H 1
| #define HAVE_STDLIB_H 1
| #define HAVE_STRING_H 1
| #define HAVE_MEMORY_H 1
| #define HAVE_STRINGS_H 1
| #define HAVE_INTTYPES_H 1
| #define HAVE_STDINT_H 1
| #define HAVE_UNISTD_H 1
| /* end confdefs.h.  */
| #include <stdio.h>
| #ifdef HAVE_SYS_TYPES_H
| # include <sys/types.h>
| #endif
| #ifdef HAVE_SYS_STAT_H
| # include <sys/stat.h>
| #endif
| #ifdef STDC_HEADERS
| # include <stdlib.h>
| # include <stddef.h>
| #else
| # ifdef HAVE_STDLIB_H
| #  include <stdlib.h>
| # endif
| #endif
| #ifdef HAVE_STRING_H
| # if !defined STDC_HEADERS && defined HAVE_MEMORY_H
| #  include <memory.h>
| # endif
| # include <string.h>
| #endif
| #ifdef HAVE_STRINGS_H
| # include <strings.h>
| #endif
| #ifdef HAVE_INTTYPES_H
| # include <inttypes.h>
| #endif
| #ifdef HAVE_STDINT_H
| # include <stdint.h>
| #endif
| #ifdef HAVE_UNISTD_H
| # include <unistd.h>
| #endif
| #include <minix/config.h>
configure:4833: result: no
configure:4833: checking minix/config.h presence
configure:4833: /home/beyond2002/buildroot-2017.02.8/output/host/usr/bin/aarch64-linux-gnu-gcc -E  conftest.c
conftest.c:21:26: fatal error: minix/config.h: No such file or directory
 #include <minix/config.h>
                          ^
compilation terminated.
configure:4833: $? = 1
configure: failed program was:
| /* confdefs.h */
| #define PACKAGE_NAME "gas"
| #define PACKAGE_TARNAME "gas"
| #define PACKAGE_VERSION "2.25.1"
| #define PACKAGE_STRING "gas 2.25.1"
| #define PACKAGE_BUGREPORT ""
| #define PACKAGE_URL ""
| #define PACKAGE "gas"
| #define VERSION "2.25.1"
| #define STDC_HEADERS 1
| #define HAVE_SYS_TYPES_H 1
| #define HAVE_SYS_STAT_H 1
| #define HAVE_STDLIB_H 1
| #define HAVE_STRING_H 1
| #define HAVE_MEMORY_H 1
| #define HAVE_STRINGS_H 1
| #define HAVE_INTTYPES_H 1
| #define HAVE_STDINT_H 1
| #define HAVE_UNISTD_H 1
| /* end confdefs.h.  */
| #include <minix/config.h>
configure:4833: result: no
configure:4833: checking for minix/config.h
configure:4833: result: no
configure:4854: checking whether it is safe to define __EXTENSIONS__
configure:4872: /home/beyond2002/buildroot-2017.02.8/output/host/usr/bin/aarch64-linux-gnu-gcc -c -D_LARGEFILE_SOURCE -D_LARGEFILE64_SOURCE -D_FILE_OFFSET_BITS=64  -Os   conftest.c >&5
configure:4872: $? = 0
configure:4879: result: yes
configure:4942: checking how to print strings
configure:4969: result: printf
configure:4990: checking for a sed that does not truncate output
configure:5054: result: /bin/sed
configure:5072: checking for fgrep
configure:5134: result: /bin/grep -F
configure:5169: checking for ld used by /home/beyond2002/buildroot-2017.02.8/output/host/usr/bin/aarch64-linux-gnu-gcc
configure:5236: result: /home/beyond2002/buildroot-2017.02.8/output/host/usr/bin/aarch64-linux-gnu-ld
configure:5243: checking if the linker (/home/beyond2002/buildroot-2017.02.8/output/host/usr/bin/aarch64-linux-gnu-ld) is GNU ld
configure:5258: result: yes
configure:5270: checking for BSD- or MS-compatible name lister (nm)
configure:5319: result: /home/beyond2002/buildroot-2017.02.8/output/host/usr/bin/aarch64-linux-gnu-nm
configure:5449: checking the name lister (/home/beyond2002/buildroot-2017.02.8/output/host/usr/bin/aarch64-linux-gnu-nm) interface
configure:5456: /home/beyond2002/buildroot-2017.02.8/output/host/usr/bin/aarch64-linux-gnu-gcc -c -D_LARGEFILE_SOURCE -D_LARGEFILE64_SOURCE -D_FILE_OFFSET_BITS=64  -Os   conftest.c >&5
configure:5459: /home/beyond2002/buildroot-2017.02.8/output/host/usr/bin/aarch64-linux-gnu-nm "conftest.o"
configure:5462: output
0000000000000000 B some_variable
configure:5469: result: BSD nm
configure:5472: checking whether ln -s works
configure:5476: result: yes
configure:5484: checking the maximum length of command line arguments
configure:5609: result: 1572864
configure:5626: checking whether the shell understands some XSI constructs
configure:5636: result: yes
configure:5640: checking whether the shell understands "+="
configure:5646: result: yes
configure:5681: checking for /home/beyond2002/buildroot-2017.02.8/output/host/usr/bin/aarch64-linux-gnu-ld option to reload object files
configure:5688: result: -r
configure:5717: checking for aarch64-buildroot-linux-gnu-objdump
configure:5744: result: /home/beyond2002/buildroot-2017.02.8/output/host/usr/bin/aarch64-linux-gnu-objdump
configure:5816: checking how to recognize dependent libraries
configure:6017: result: pass_all
configure:6037: checking for aarch64-buildroot-linux-gnu-ar
configure:6064: result: /home/beyond2002/buildroot-2017.02.8/output/host/usr/bin/aarch64-linux-gnu-ar
configure:6142: checking for aarch64-buildroot-linux-gnu-strip
configure:6169: result: strip
configure:6241: checking for aarch64-buildroot-linux-gnu-ranlib
configure:6268: result: /home/beyond2002/buildroot-2017.02.8/output/host/usr/bin/aarch64-linux-gnu-ranlib
configure:6410: checking command to parse /home/beyond2002/buildroot-2017.02.8/output/host/usr/bin/aarch64-linux-gnu-nm output from /home/beyond2002/buildroot-2017.02.8/output/host/usr/bin/aarch64-linux-gnu-gcc object
configure:6528: /home/beyond2002/buildroot-2017.02.8/output/host/usr/bin/aarch64-linux-gnu-gcc -c -D_LARGEFILE_SOURCE -D_LARGEFILE64_SOURCE -D_FILE_OFFSET_BITS=64  -Os   conftest.c >&5
configure:6531: $? = 0
configure:6535: /home/beyond2002/buildroot-2017.02.8/output/host/usr/bin/aarch64-linux-gnu-nm conftest.o \| sed -n -e 's/^.*[ ]\([ABCDGIRSTW][ABCDGIRSTW]*\)[ ][ ]*\([_A-Za-z][_A-Za-z0-9]*\)$/\1 \2 \2/p' \> conftest.nm
configure:6538: $? = 0
configure:6592: /home/beyond2002/buildroot-2017.02.8/output/host/usr/bin/aarch64-linux-gnu-gcc -o conftest -D_LARGEFILE_SOURCE -D_LARGEFILE64_SOURCE -D_FILE_OFFSET_BITS=64  -Os   -static-libstdc++ -static-libgcc  conftest.c conftstm.o >&5
configure:6595: $? = 0
configure:6633: result: ok
configure:7481: checking for dlfcn.h
configure:7481: /home/beyond2002/buildroot-2017.02.8/output/host/usr/bin/aarch64-linux-gnu-gcc -c -D_LARGEFILE_SOURCE -D_LARGEFILE64_SOURCE -D_FILE_OFFSET_BITS=64  -Os   conftest.c >&5
configure:7481: $? = 0
configure:7481: result: yes
configure:7668: checking for objdir
configure:7683: result: .libs
configure:7954: checking if /home/beyond2002/buildroot-2017.02.8/output/host/usr/bin/aarch64-linux-gnu-gcc supports -fno-rtti -fno-exceptions
configure:7972: /home/beyond2002/buildroot-2017.02.8/output/host/usr/bin/aarch64-linux-gnu-gcc -c -D_LARGEFILE_SOURCE -D_LARGEFILE64_SOURCE -D_FILE_OFFSET_BITS=64  -Os   -fno-rtti -fno-exceptions conftest.c >&5
cc1: warning: command line option '-fno-rtti' is valid for C++/ObjC++ but not for C
configure:7976: $? = 0
configure:7989: result: no
configure:8009: checking for /home/beyond2002/buildroot-2017.02.8/output/host/usr/bin/aarch64-linux-gnu-gcc option to produce PIC
configure:8295: result: -fPIC -DPIC
configure:8307: checking if /home/beyond2002/buildroot-2017.02.8/output/host/usr/bin/aarch64-linux-gnu-gcc PIC flag -fPIC -DPIC works
configure:8325: /home/beyond2002/buildroot-2017.02.8/output/host/usr/bin/aarch64-linux-gnu-gcc -c -D_LARGEFILE_SOURCE -D_LARGEFILE64_SOURCE -D_FILE_OFFSET_BITS=64  -Os   -fPIC -DPIC -DPIC conftest.c >&5
configure:8329: $? = 0
configure:8342: result: yes
configure:8366: checking if /home/beyond2002/buildroot-2017.02.8/output/host/usr/bin/aarch64-linux-gnu-gcc static flag -static works
configure:8394: result: yes
configure:8409: checking if /home/beyond2002/buildroot-2017.02.8/output/host/usr/bin/aarch64-linux-gnu-gcc supports -c -o file.o
configure:8430: /home/beyond2002/buildroot-2017.02.8/output/host/usr/bin/aarch64-linux-gnu-gcc -c -D_LARGEFILE_SOURCE -D_LARGEFILE64_SOURCE -D_FILE_OFFSET_BITS=64  -Os   -o out/conftest2.o conftest.c >&5
configure:8434: $? = 0
configure:8456: result: yes
configure:8464: checking if /home/beyond2002/buildroot-2017.02.8/output/host/usr/bin/aarch64-linux-gnu-gcc supports -c -o file.o
configure:8511: result: yes
configure:8544: checking whether the /home/beyond2002/buildroot-2017.02.8/output/host/usr/bin/aarch64-linux-gnu-gcc linker (/home/beyond2002/buildroot-2017.02.8/output/host/usr/bin/aarch64-linux-gnu-ld) supports shared libraries
configure:9615: result: yes
configure:9652: checking whether -lc should be explicitly linked in
configure:9660: /home/beyond2002/buildroot-2017.02.8/output/host/usr/bin/aarch64-linux-gnu-gcc -c -D_LARGEFILE_SOURCE -D_LARGEFILE64_SOURCE -D_FILE_OFFSET_BITS=64  -Os   conftest.c >&5
configure:9663: $? = 0
configure:9678: /home/beyond2002/buildroot-2017.02.8/output/host/usr/bin/aarch64-linux-gnu-gcc -shared conftest.o  -v -Wl,-soname -Wl,conftest -o conftest 2\>\&1 \| /bin/grep  -lc  \>/dev/null 2\>\&1
configure:9681: $? = 0
configure:9695: result: no
configure:9860: checking dynamic linker characteristics
configure:10311: /home/beyond2002/buildroot-2017.02.8/output/host/usr/bin/aarch64-linux-gnu-gcc -o conftest -D_LARGEFILE_SOURCE -D_LARGEFILE64_SOURCE -D_FILE_OFFSET_BITS=64  -Os   -static-libstdc++ -static-libgcc  -Wl,-rpath -Wl,/foo conftest.c  >&5
configure:10311: $? = 0
configure:10533: result: GNU/Linux ld.so
configure:10640: checking how to hardcode library paths into programs
configure:10665: result: immediate
configure:11205: checking whether stripping libraries is possible
configure:11210: result: yes
configure:11245: checking if libtool supports shared libraries
configure:11247: result: yes
configure:11250: checking whether to build shared libraries
configure:11271: result: yes
configure:11274: checking whether to build static libraries
configure:11278: result: no
configure:11326: checking for dlfcn.h
configure:11326: result: yes
configure:11339: checking for windows.h
configure:11339: /home/beyond2002/buildroot-2017.02.8/output/host/usr/bin/aarch64-linux-gnu-gcc -c -D_LARGEFILE_SOURCE -D_LARGEFILE64_SOURCE -D_FILE_OFFSET_BITS=64  -Os   conftest.c >&5
conftest.c:63:21: fatal error: windows.h: No such file or directory
 #include <windows.h>
                     ^
compilation terminated.
configure:11339: $? = 1
configure: failed program was:
| /* confdefs.h */
| #define PACKAGE_NAME "gas"
| #define PACKAGE_TARNAME "gas"
| #define PACKAGE_VERSION "2.25.1"
| #define PACKAGE_STRING "gas 2.25.1"
| #define PACKAGE_BUGREPORT ""
| #define PACKAGE_URL ""
| #define PACKAGE "gas"
| #define VERSION "2.25.1"
| #define STDC_HEADERS 1
| #define HAVE_SYS_TYPES_H 1
| #define HAVE_SYS_STAT_H 1
| #define HAVE_STDLIB_H 1
| #define HAVE_STRING_H 1
| #define HAVE_MEMORY_H 1
| #define HAVE_STRINGS_H 1
| #define HAVE_INTTYPES_H 1
| #define HAVE_STDINT_H 1
| #define HAVE_UNISTD_H 1
| #define __EXTENSIONS__ 1
| #define _ALL_SOURCE 1
| #define _GNU_SOURCE 1
| #define _POSIX_PTHREAD_SEMANTICS 1
| #define _TANDEM_SOURCE 1
| #define HAVE_DLFCN_H 1
| #define LT_OBJDIR ".libs/"
| #define HAVE_DLFCN_H 1
| /* end confdefs.h.  */
| #include <stdio.h>
| #ifdef HAVE_SYS_TYPES_H
| # include <sys/types.h>
| #endif
| #ifdef HAVE_SYS_STAT_H
| # include <sys/stat.h>
| #endif
| #ifdef STDC_HEADERS
| # include <stdlib.h>
| # include <stddef.h>
| #else
| # ifdef HAVE_STDLIB_H
| #  include <stdlib.h>
| # endif
| #endif
| #ifdef HAVE_STRING_H
| # if !defined STDC_HEADERS && defined HAVE_MEMORY_H
| #  include <memory.h>
| # endif
| # include <string.h>
| #endif
| #ifdef HAVE_STRINGS_H
| # include <strings.h>
| #endif
| #ifdef HAVE_INTTYPES_H
| # include <inttypes.h>
| #endif
| #ifdef HAVE_STDINT_H
| # include <stdint.h>
| #endif
| #ifdef HAVE_UNISTD_H
| # include <unistd.h>
| #endif
| 
| #include <windows.h>
configure:11339: result: no
configure:11366: checking for library containing dlopen
configure:11397: /home/beyond2002/buildroot-2017.02.8/output/host/usr/bin/aarch64-linux-gnu-gcc -o conftest -D_LARGEFILE_SOURCE -D_LARGEFILE64_SOURCE -D_FILE_OFFSET_BITS=64  -Os   -static-libstdc++ -static-libgcc  conftest.c  >&5
/tmp/cc7UkQGY.o: In function `main':
conftest.c:(.text.startup+0x8): undefined reference to `dlopen'
collect2: error: ld returned 1 exit status
configure:11397: $? = 1
configure: failed program was:
| /* confdefs.h */
| #define PACKAGE_NAME "gas"
| #define PACKAGE_TARNAME "gas"
| #define PACKAGE_VERSION "2.25.1"
| #define PACKAGE_STRING "gas 2.25.1"
| #define PACKAGE_BUGREPORT ""
| #define PACKAGE_URL ""
| #define PACKAGE "gas"
| #define VERSION "2.25.1"
| #define STDC_HEADERS 1
| #define HAVE_SYS_TYPES_H 1
| #define HAVE_SYS_STAT_H 1
| #define HAVE_STDLIB_H 1
| #define HAVE_STRING_H 1
| #define HAVE_MEMORY_H 1
| #define HAVE_STRINGS_H 1
| #define HAVE_INTTYPES_H 1
| #define HAVE_STDINT_H 1
| #define HAVE_UNISTD_H 1
| #define __EXTENSIONS__ 1
| #define _ALL_SOURCE 1
| #define _GNU_SOURCE 1
| #define _POSIX_PTHREAD_SEMANTICS 1
| #define _TANDEM_SOURCE 1
| #define HAVE_DLFCN_H 1
| #define LT_OBJDIR ".libs/"
| #define HAVE_DLFCN_H 1
| /* end confdefs.h.  */
| 
| /* Override any GCC internal prototype to avoid an error.
|    Use char because int might match the return type of a GCC
|    builtin and then its argument prototype would still apply.  */
| #ifdef __cplusplus
| extern "C"
| #endif
| char dlopen ();
| int
| main ()
| {
| return dlopen ();
|   ;
|   return 0;
| }
configure:11397: /home/beyond2002/buildroot-2017.02.8/output/host/usr/bin/aarch64-linux-gnu-gcc -o conftest -D_LARGEFILE_SOURCE -D_LARGEFILE64_SOURCE -D_FILE_OFFSET_BITS=64  -Os   -static-libstdc++ -static-libgcc  conftest.c -ldl   >&5
configure:11397: $? = 0
configure:11414: result: -ldl
configure:11445: checking for special C compiler options needed for large files
configure:11490: result: no
configure:11496: checking for _FILE_OFFSET_BITS value needed for large files
configure:11521: /home/beyond2002/buildroot-2017.02.8/output/host/usr/bin/aarch64-linux-gnu-gcc -c -D_LARGEFILE_SOURCE -D_LARGEFILE64_SOURCE -D_FILE_OFFSET_BITS=64  -Os   conftest.c >&5
configure:11521: $? = 0
configure:11553: result: no
configure:11768: checking whether byte ordering is bigendian
configure:11974: result: no
configure:12759: checking for bison
configure:12786: result: /home/beyond2002/buildroot-2017.02.8/output/build/binutils-2.25.1/missing bison -y
configure:12802: checking for flex
configure:12829: result: /home/beyond2002/buildroot-2017.02.8/output/build/binutils-2.25.1/missing flex
configure:12866: /home/beyond2002/buildroot-2017.02.8/output/build/binutils-2.25.1/missing flex conftest.l
WARNING: `flex' is missing on your system.  You should only need it if
         you modified a `.l' file.  You may need the `Flex' package
         in order for those modifications to take effect.  You can get
         `Flex' from any GNU archive site.
configure:12870: $? = 0
configure:12872: checking lex output file root
configure:12886: result: lex.yy
configure:12891: checking lex library
configure:12905: /home/beyond2002/buildroot-2017.02.8/output/host/usr/bin/aarch64-linux-gnu-gcc -o conftest -D_LARGEFILE_SOURCE -D_LARGEFILE64_SOURCE -D_FILE_OFFSET_BITS=64  -Os   -static-libstdc++ -static-libgcc  conftest.c  -ldl  >&5
conftest.c:38:1: warning: return type defaults to 'int' [-Wimplicit-int]
 main() { return 0; }
 ^~~~
configure:12905: $? = 0
configure:12915: result: 
configure:12921: checking whether yytext is a pointer
configure:12937: /home/beyond2002/buildroot-2017.02.8/output/host/usr/bin/aarch64-linux-gnu-gcc -o conftest -D_LARGEFILE_SOURCE -D_LARGEFILE64_SOURCE -D_FILE_OFFSET_BITS=64  -Os   -static-libstdc++ -static-libgcc  conftest.c  -ldl  >&5
conftest.c:39:1: warning: return type defaults to 'int' [-Wimplicit-int]
 main() { return 0; }
 ^~~~
configure:12937: $? = 0
configure:12945: result: yes
configure:12973: checking whether NLS is requested
configure:12979: result: yes
configure:12985: checking for catalogs to be installed
configure:13017: result:  es fi fr id ja ru rw tr uk es fi fr id ja ru rw tr uk
configure:13044: checking whether NLS is requested
configure:13053: result: yes
configure:13091: checking for msgfmt
configure:13125: result: no
configure:13131: checking for gmsgfmt
configure:13162: result: :
configure:13202: checking for xgettext
configure:13236: result: no
configure:13273: checking for msgmerge
configure:13306: result: no
configure:13340: checking whether to enable maintainer-specific portions of Makefiles
configure:13349: result: no
configure:13375: checking for string.h
configure:13375: result: yes
configure:13375: checking for stdlib.h
configure:13375: result: yes
configure:13375: checking for memory.h
configure:13375: result: yes
configure:13375: checking for strings.h
configure:13375: result: yes
configure:13375: checking for unistd.h
configure:13375: result: yes
configure:13375: checking errno.h usability
configure:13375: /home/beyond2002/buildroot-2017.02.8/output/host/usr/bin/aarch64-linux-gnu-gcc -c -D_LARGEFILE_SOURCE -D_LARGEFILE64_SOURCE -D_FILE_OFFSET_BITS=64  -Os   conftest.c >&5
configure:13375: $? = 0
configure:13375: result: yes
configure:13375: checking errno.h presence
configure:13375: /home/beyond2002/buildroot-2017.02.8/output/host/usr/bin/aarch64-linux-gnu-gcc -E  conftest.c
configure:13375: $? = 0
configure:13375: result: yes
configure:13375: checking for errno.h
configure:13375: result: yes
configure:13375: checking for sys/types.h
configure:13375: result: yes
configure:13375: checking limits.h usability
configure:13375: /home/beyond2002/buildroot-2017.02.8/output/host/usr/bin/aarch64-linux-gnu-gcc -c -D_LARGEFILE_SOURCE -D_LARGEFILE64_SOURCE -D_FILE_OFFSET_BITS=64  -Os   conftest.c >&5
configure:13375: $? = 0
configure:13375: result: yes
configure:13375: checking limits.h presence
configure:13375: /home/beyond2002/buildroot-2017.02.8/output/host/usr/bin/aarch64-linux-gnu-gcc -E  conftest.c
configure:13375: $? = 0
configure:13375: result: yes
configure:13375: checking for limits.h
configure:13375: result: yes
configure:13375: checking locale.h usability
configure:13375: /home/beyond2002/buildroot-2017.02.8/output/host/usr/bin/aarch64-linux-gnu-gcc -c -D_LARGEFILE_SOURCE -D_LARGEFILE64_SOURCE -D_FILE_OFFSET_BITS=64  -Os   conftest.c >&5
configure:13375: $? = 0
configure:13375: result: yes
configure:13375: checking locale.h presence
configure:13375: /home/beyond2002/buildroot-2017.02.8/output/host/usr/bin/aarch64-linux-gnu-gcc -E  conftest.c
configure:13375: $? = 0
configure:13375: result: yes
configure:13375: checking for locale.h
configure:13375: result: yes
configure:13375: checking time.h usability
configure:13375: /home/beyond2002/buildroot-2017.02.8/output/host/usr/bin/aarch64-linux-gnu-gcc -c -D_LARGEFILE_SOURCE -D_LARGEFILE64_SOURCE -D_FILE_OFFSET_BITS=64  -Os   conftest.c >&5
configure:13375: $? = 0
configure:13375: result: yes
configure:13375: checking time.h presence
configure:13375: /home/beyond2002/buildroot-2017.02.8/output/host/usr/bin/aarch64-linux-gnu-gcc -E  conftest.c
configure:13375: $? = 0
configure:13375: result: yes
configure:13375: checking for time.h
configure:13375: result: yes
configure:13375: checking for sys/stat.h
configure:13375: result: yes
configure:13386: checking whether string.h and strings.h may both be included
configure:13403: /home/beyond2002/buildroot-2017.02.8/output/host/usr/bin/aarch64-linux-gnu-gcc -c -D_LARGEFILE_SOURCE -D_LARGEFILE64_SOURCE -D_FILE_OFFSET_BITS=64  -Os   conftest.c >&5
configure:13403: $? = 0
configure:13410: result: yes
configure:13421: checking whether compiling a cross-assembler
configure:13431: result: no
configure:13436: checking for working alloca.h
configure:13453: /home/beyond2002/buildroot-2017.02.8/output/host/usr/bin/aarch64-linux-gnu-gcc -o conftest -D_LARGEFILE_SOURCE -D_LARGEFILE64_SOURCE -D_FILE_OFFSET_BITS=64  -Os   -static-libstdc++ -static-libgcc  conftest.c -ldl  >&5
configure:13453: $? = 0
configure:13461: result: yes
configure:13469: checking for alloca
configure:13506: /home/beyond2002/buildroot-2017.02.8/output/host/usr/bin/aarch64-linux-gnu-gcc -o conftest -D_LARGEFILE_SOURCE -D_LARGEFILE64_SOURCE -D_FILE_OFFSET_BITS=64  -Os   -static-libstdc++ -static-libgcc  conftest.c -ldl  >&5
configure:13506: $? = 0
configure:13514: result: yes
configure:13624: checking for inline
configure:13640: /home/beyond2002/buildroot-2017.02.8/output/host/usr/bin/aarch64-linux-gnu-gcc -c -D_LARGEFILE_SOURCE -D_LARGEFILE64_SOURCE -D_FILE_OFFSET_BITS=64  -Os   conftest.c >&5
configure:13640: $? = 0
configure:13648: result: inline
configure:13671: checking for unlink
configure:13671: /home/beyond2002/buildroot-2017.02.8/output/host/usr/bin/aarch64-linux-gnu-gcc -o conftest -D_LARGEFILE_SOURCE -D_LARGEFILE64_SOURCE -D_FILE_OFFSET_BITS=64  -Os   -static-libstdc++ -static-libgcc  conftest.c -ldl  >&5
configure:13671: $? = 0
configure:13671: result: yes
configure:13684: checking for sbrk
configure:13684: /home/beyond2002/buildroot-2017.02.8/output/host/usr/bin/aarch64-linux-gnu-gcc -o conftest -D_LARGEFILE_SOURCE -D_LARGEFILE64_SOURCE -D_FILE_OFFSET_BITS=64  -Os   -static-libstdc++ -static-libgcc  conftest.c -ldl  >&5
configure:13684: $? = 0
configure:13684: result: yes
configure:13684: checking for setlocale
configure:13684: /home/beyond2002/buildroot-2017.02.8/output/host/usr/bin/aarch64-linux-gnu-gcc -o conftest -D_LARGEFILE_SOURCE -D_LARGEFILE64_SOURCE -D_FILE_OFFSET_BITS=64  -Os   -static-libstdc++ -static-libgcc  conftest.c -ldl  >&5
configure:13684: $? = 0
configure:13684: result: yes
configure:13696: checking for LC_MESSAGES
configure:13712: /home/beyond2002/buildroot-2017.02.8/output/host/usr/bin/aarch64-linux-gnu-gcc -o conftest -D_LARGEFILE_SOURCE -D_LARGEFILE64_SOURCE -D_FILE_OFFSET_BITS=64  -Os   -static-libstdc++ -static-libgcc  conftest.c -ldl  >&5
configure:13712: $? = 0
configure:13720: result: yes
configure:13871: checking for working assert macro
configure:13896: /home/beyond2002/buildroot-2017.02.8/output/host/usr/bin/aarch64-linux-gnu-gcc -o conftest -D_LARGEFILE_SOURCE -D_LARGEFILE64_SOURCE -D_FILE_OFFSET_BITS=64  -Os   -static-libstdc++ -static-libgcc  conftest.c -ldl  >&5
In file included from conftest.c:58:0:
conftest.c: In function 'main':
conftest.c:67:10: warning: implicit declaration of function 'strcmp' [-Wimplicit-function-declaration]
 assert (!strcmp(s, "foo bar baz quux"));
          ^
configure:13896: $? = 0
configure:13904: result: yes
configure:13936: checking whether declaration is required for errno
configure:13960: /home/beyond2002/buildroot-2017.02.8/output/host/usr/bin/aarch64-linux-gnu-gcc -o conftest -D_LARGEFILE_SOURCE -D_LARGEFILE64_SOURCE -D_FILE_OFFSET_BITS=64  -Os   -static-libstdc++ -static-libgcc  conftest.c -ldl  >&5
configure:13960: $? = 0
configure:13968: result: no
configure:13977: checking for a known getopt prototype in unistd.h
configure:13993: /home/beyond2002/buildroot-2017.02.8/output/host/usr/bin/aarch64-linux-gnu-gcc -c -D_LARGEFILE_SOURCE -D_LARGEFILE64_SOURCE -D_FILE_OFFSET_BITS=64  -Os   conftest.c >&5
configure:13993: $? = 0
configure:14001: result: yes
configure:14010: checking whether declaration is required for environ
configure:14030: /home/beyond2002/buildroot-2017.02.8/output/host/usr/bin/aarch64-linux-gnu-gcc -o conftest -D_LARGEFILE_SOURCE -D_LARGEFILE64_SOURCE -D_FILE_OFFSET_BITS=64  -Os   -static-libstdc++ -static-libgcc  conftest.c -ldl  >&5
configure:14030: $? = 0
configure:14038: result: no
configure:14047: checking whether declaration is required for ffs
configure:14067: /home/beyond2002/buildroot-2017.02.8/output/host/usr/bin/aarch64-linux-gnu-gcc -o conftest -D_LARGEFILE_SOURCE -D_LARGEFILE64_SOURCE -D_FILE_OFFSET_BITS=64  -Os   -static-libstdc++ -static-libgcc  conftest.c -ldl  >&5
configure:14067: $? = 0
configure:14075: result: no
configure:14084: checking whether declaration is required for free
configure:14104: /home/beyond2002/buildroot-2017.02.8/output/host/usr/bin/aarch64-linux-gnu-gcc -o conftest -D_LARGEFILE_SOURCE -D_LARGEFILE64_SOURCE -D_FILE_OFFSET_BITS=64  -Os   -static-libstdc++ -static-libgcc  conftest.c -ldl  >&5
configure:14104: $? = 0
configure:14112: result: no
configure:14121: checking whether declaration is required for malloc
configure:14141: /home/beyond2002/buildroot-2017.02.8/output/host/usr/bin/aarch64-linux-gnu-gcc -o conftest -D_LARGEFILE_SOURCE -D_LARGEFILE64_SOURCE -D_FILE_OFFSET_BITS=64  -Os   -static-libstdc++ -static-libgcc  conftest.c -ldl  >&5
configure:14141: $? = 0
configure:14149: result: no
configure:14158: checking whether declaration is required for sbrk
configure:14178: /home/beyond2002/buildroot-2017.02.8/output/host/usr/bin/aarch64-linux-gnu-gcc -o conftest -D_LARGEFILE_SOURCE -D_LARGEFILE64_SOURCE -D_FILE_OFFSET_BITS=64  -Os   -static-libstdc++ -static-libgcc  conftest.c -ldl  >&5
configure:14178: $? = 0
configure:14186: result: no
configure:14195: checking whether declaration is required for strstr
configure:14215: /home/beyond2002/buildroot-2017.02.8/output/host/usr/bin/aarch64-linux-gnu-gcc -o conftest -D_LARGEFILE_SOURCE -D_LARGEFILE64_SOURCE -D_FILE_OFFSET_BITS=64  -Os   -static-libstdc++ -static-libgcc  conftest.c -ldl  >&5
configure:14215: $? = 0
configure:14223: result: no
configure:14232: checking whether free is declared
configure:14232: /home/beyond2002/buildroot-2017.02.8/output/host/usr/bin/aarch64-linux-gnu-gcc -c -D_LARGEFILE_SOURCE -D_LARGEFILE64_SOURCE -D_FILE_OFFSET_BITS=64  -Os   conftest.c >&5
configure:14232: $? = 0
configure:14232: result: yes
configure:14242: checking whether getenv is declared
configure:14242: /home/beyond2002/buildroot-2017.02.8/output/host/usr/bin/aarch64-linux-gnu-gcc -c -D_LARGEFILE_SOURCE -D_LARGEFILE64_SOURCE -D_FILE_OFFSET_BITS=64  -Os   conftest.c >&5
configure:14242: $? = 0
configure:14242: result: yes
configure:14252: checking whether malloc is declared
configure:14252: result: yes
configure:14262: checking whether mempcpy is declared
configure:14262: /home/beyond2002/buildroot-2017.02.8/output/host/usr/bin/aarch64-linux-gnu-gcc -c -D_LARGEFILE_SOURCE -D_LARGEFILE64_SOURCE -D_FILE_OFFSET_BITS=64  -Os   conftest.c >&5
configure:14262: $? = 0
configure:14262: result: yes
configure:14272: checking whether realloc is declared
configure:14272: /home/beyond2002/buildroot-2017.02.8/output/host/usr/bin/aarch64-linux-gnu-gcc -c -D_LARGEFILE_SOURCE -D_LARGEFILE64_SOURCE -D_FILE_OFFSET_BITS=64  -Os   conftest.c >&5
configure:14272: $? = 0
configure:14272: result: yes
configure:14282: checking whether stpcpy is declared
configure:14282: /home/beyond2002/buildroot-2017.02.8/output/host/usr/bin/aarch64-linux-gnu-gcc -c -D_LARGEFILE_SOURCE -D_LARGEFILE64_SOURCE -D_FILE_OFFSET_BITS=64  -Os   conftest.c >&5
configure:14282: $? = 0
configure:14282: result: yes
configure:14292: checking whether strstr is declared
configure:14292: /home/beyond2002/buildroot-2017.02.8/output/host/usr/bin/aarch64-linux-gnu-gcc -c -D_LARGEFILE_SOURCE -D_LARGEFILE64_SOURCE -D_FILE_OFFSET_BITS=64  -Os   conftest.c >&5
configure:14292: $? = 0
configure:14292: result: yes
configure:14302: checking whether vsnprintf is declared
configure:14302: /home/beyond2002/buildroot-2017.02.8/output/host/usr/bin/aarch64-linux-gnu-gcc -c -D_LARGEFILE_SOURCE -D_LARGEFILE64_SOURCE -D_FILE_OFFSET_BITS=64  -Os   conftest.c >&5
configure:14302: $? = 0
configure:14302: result: yes
configure:14335: checking for library containing zlibVersion
configure:14366: /home/beyond2002/buildroot-2017.02.8/output/host/usr/bin/aarch64-linux-gnu-gcc -o conftest -D_LARGEFILE_SOURCE -D_LARGEFILE64_SOURCE -D_FILE_OFFSET_BITS=64  -Os   -static-libstdc++ -static-libgcc  conftest.c -ldl  >&5
/tmp/ccg3F6Yg.o: In function `main':
conftest.c:(.text.startup+0x8): undefined reference to `zlibVersion'
collect2: error: ld returned 1 exit status
configure:14366: $? = 1
configure: failed program was:
| /* confdefs.h */
| #define PACKAGE_NAME "gas"
| #define PACKAGE_TARNAME "gas"
| #define PACKAGE_VERSION "2.25.1"
| #define PACKAGE_STRING "gas 2.25.1"
| #define PACKAGE_BUGREPORT ""
| #define PACKAGE_URL ""
| #define PACKAGE "gas"
| #define VERSION "2.25.1"
| #define STDC_HEADERS 1
| #define HAVE_SYS_TYPES_H 1
| #define HAVE_SYS_STAT_H 1
| #define HAVE_STDLIB_H 1
| #define HAVE_STRING_H 1
| #define HAVE_MEMORY_H 1
| #define HAVE_STRINGS_H 1
| #define HAVE_INTTYPES_H 1
| #define HAVE_STDINT_H 1
| #define HAVE_UNISTD_H 1
| #define __EXTENSIONS__ 1
| #define _ALL_SOURCE 1
| #define _GNU_SOURCE 1
| #define _POSIX_PTHREAD_SEMANTICS 1
| #define _TANDEM_SOURCE 1
| #define HAVE_DLFCN_H 1
| #define LT_OBJDIR ".libs/"
| #define HAVE_DLFCN_H 1
| #define ENABLE_CHECKING 1
| #define TARGET_BYTES_BIG_ENDIAN 0
| #define EMULATIONS 
| #define DEFAULT_EMULATION ""
| #define TARGET_ALIAS "aarch64-buildroot-linux-gnu"
| #define TARGET_CANONICAL "aarch64-buildroot-linux-gnu"
| #define TARGET_CPU "aarch64"
| #define TARGET_VENDOR "buildroot"
| #define TARGET_OS "linux-gnu"
| #define YYTEXT_POINTER 1
| #define ENABLE_NLS 1
| #define HAVE_STRING_H 1
| #define HAVE_STDLIB_H 1
| #define HAVE_MEMORY_H 1
| #define HAVE_STRINGS_H 1
| #define HAVE_UNISTD_H 1
| #define HAVE_ERRNO_H 1
| #define HAVE_SYS_TYPES_H 1
| #define HAVE_LIMITS_H 1
| #define HAVE_LOCALE_H 1
| #define HAVE_TIME_H 1
| #define HAVE_SYS_STAT_H 1
| #define STRING_WITH_STRINGS 1
| #define HAVE_ALLOCA_H 1
| #define HAVE_ALLOCA 1
| #define HAVE_UNLINK 1
| #define HAVE_SBRK 1
| #define HAVE_SETLOCALE 1
| #define HAVE_LC_MESSAGES 1
| #define HAVE_DECL_GETOPT 1
| #define HAVE_DECL_FREE 1
| #define HAVE_DECL_GETENV 1
| #define HAVE_DECL_MALLOC 1
| #define HAVE_DECL_MEMPCPY 1
| #define HAVE_DECL_REALLOC 1
| #define HAVE_DECL_STPCPY 1
| #define HAVE_DECL_STRSTR 1
| #define HAVE_DECL_VSNPRINTF 1
| /* end confdefs.h.  */
| 
| /* Override any GCC internal prototype to avoid an error.
|    Use char because int might match the return type of a GCC
|    builtin and then its argument prototype would still apply.  */
| #ifdef __cplusplus
| extern "C"
| #endif
| char zlibVersion ();
| int
| main ()
| {
| return zlibVersion ();
|   ;
|   return 0;
| }
configure:14366: /home/beyond2002/buildroot-2017.02.8/output/host/usr/bin/aarch64-linux-gnu-gcc -o conftest -D_LARGEFILE_SOURCE -D_LARGEFILE64_SOURCE -D_FILE_OFFSET_BITS=64  -Os   -static-libstdc++ -static-libgcc  conftest.c -lz  -ldl  >&5
configure:14366: $? = 0
configure:14383: result: -lz
configure:14390: checking zlib.h usability
configure:14390: /home/beyond2002/buildroot-2017.02.8/output/host/usr/bin/aarch64-linux-gnu-gcc -c -D_LARGEFILE_SOURCE -D_LARGEFILE64_SOURCE -D_FILE_OFFSET_BITS=64  -Os   conftest.c >&5
configure:14390: $? = 0
configure:14390: result: yes
configure:14390: checking zlib.h presence
configure:14390: /home/beyond2002/buildroot-2017.02.8/output/host/usr/bin/aarch64-linux-gnu-gcc -E  conftest.c
configure:14390: $? = 0
configure:14390: result: yes
configure:14390: checking for zlib.h
configure:14390: result: yes
configure:14411: checking for struct tm.tm_gmtoff in time.h
configure:14429: /home/beyond2002/buildroot-2017.02.8/output/host/usr/bin/aarch64-linux-gnu-gcc -c -D_LARGEFILE_SOURCE -D_LARGEFILE64_SOURCE -D_FILE_OFFSET_BITS=64  -Os   conftest.c >&5
In file included from /home/beyond2002/buildroot-2017.02.8/output/host/usr/aarch64-buildroot-linux-gnu/sysroot/usr/include/time.h:27:0,
                 from conftest.c:70:
/home/beyond2002/buildroot-2017.02.8/output/host/usr/aarch64-buildroot-linux-gnu/sysroot/usr/include/features.h:148:3: warning: #warning "_BSD_SOURCE and _SVID_SOURCE are deprecated, use _DEFAULT_SOURCE" [-Wcpp]
 # warning "_BSD_SOURCE and _SVID_SOURCE are deprecated, use _DEFAULT_SOURCE"
   ^~~~~~~
configure:14429: $? = 0
configure:14443: result: yes
configure:14449: checking for struct stat.st_mtim.tv_sec in sys/stat.h
configure:14467: /home/beyond2002/buildroot-2017.02.8/output/host/usr/bin/aarch64-linux-gnu-gcc -c -D_LARGEFILE_SOURCE -D_LARGEFILE64_SOURCE -D_FILE_OFFSET_BITS=64  -Os   conftest.c >&5
In file included from /home/beyond2002/buildroot-2017.02.8/output/host/usr/aarch64-buildroot-linux-gnu/sysroot/usr/include/sys/stat.h:25:0,
                 from conftest.c:71:
/home/beyond2002/buildroot-2017.02.8/output/host/usr/aarch64-buildroot-linux-gnu/sysroot/usr/include/features.h:148:3: warning: #warning "_BSD_SOURCE and _SVID_SOURCE are deprecated, use _DEFAULT_SOURCE" [-Wcpp]
 # warning "_BSD_SOURCE and _SVID_SOURCE are deprecated, use _DEFAULT_SOURCE"
   ^~~~~~~
configure:14467: $? = 0
configure:14481: result: yes
configure:14484: checking for struct stat.st_mtim.tv_nsec in sys/stat.h
configure:14502: /home/beyond2002/buildroot-2017.02.8/output/host/usr/bin/aarch64-linux-gnu-gcc -c -D_LARGEFILE_SOURCE -D_LARGEFILE64_SOURCE -D_FILE_OFFSET_BITS=64  -Os   conftest.c >&5
In file included from /home/beyond2002/buildroot-2017.02.8/output/host/usr/aarch64-buildroot-linux-gnu/sysroot/usr/include/sys/stat.h:25:0,
                 from conftest.c:72:
/home/beyond2002/buildroot-2017.02.8/output/host/usr/aarch64-buildroot-linux-gnu/sysroot/usr/include/features.h:148:3: warning: #warning "_BSD_SOURCE and _SVID_SOURCE are deprecated, use _DEFAULT_SOURCE" [-Wcpp]
 # warning "_BSD_SOURCE and _SVID_SOURCE are deprecated, use _DEFAULT_SOURCE"
   ^~~~~~~
configure:14502: $? = 0
configure:14516: result: yes
configure:14599: updating cache ./config.cache
configure:14661: creating ./config.status

## ---------------------- ##
## Running config.status. ##
## ---------------------- ##

This file was extended by gas config.status 2.25.1, which was
generated by GNU Autoconf 2.64.  Invocation command line was

  CONFIG_FILES    = 
  CONFIG_HEADERS  = 
  CONFIG_LINKS    = 
  CONFIG_COMMANDS = 
  $ ./config.status 

on instance-1

config.status:1168: creating .gdbinit
config.status:1168: creating Makefile
config.status:1168: creating doc/Makefile
config.status:1168: creating po/Makefile.in
config.status:1168: creating config.h
config.status:1388: executing depfiles commands
config.status:1388: executing libtool commands
config.status:1388: executing default-1 commands
config.status:1388: executing default commands

## ---------------- ##
## Cache variables. ##
## ---------------- ##

ac_cv_build=x86_64-pc-linux-gnu
ac_cv_c_bigendian=no
ac_cv_c_compiler_gnu=yes
ac_cv_c_inline=inline
ac_cv_env_CC_set=set
ac_cv_env_CC_value=/home/beyond2002/buildroot-2017.02.8/output/host/usr/bin/aarch64-linux-gnu-gcc
ac_cv_env_CFLAGS_set=set
ac_cv_env_CFLAGS_value='-D_LARGEFILE_SOURCE -D_LARGEFILE64_SOURCE -D_FILE_OFFSET_BITS=64  -Os '
ac_cv_env_CPPFLAGS_set=
ac_cv_env_CPPFLAGS_value=
ac_cv_env_CPP_set=
ac_cv_env_CPP_value=
ac_cv_env_LDFLAGS_set=set
ac_cv_env_LDFLAGS_value='-static-libstdc++ -static-libgcc '
ac_cv_env_LIBS_set=
ac_cv_env_LIBS_value=
ac_cv_env_YACC_set=set
ac_cv_env_YACC_value='/home/beyond2002/buildroot-2017.02.8/output/build/binutils-2.25.1/missing bison -y'
ac_cv_env_YFLAGS_set=
ac_cv_env_YFLAGS_value=
ac_cv_env_build_alias_set=set
ac_cv_env_build_alias_value=x86_64-pc-linux-gnu
ac_cv_env_host_alias_set=set
ac_cv_env_host_alias_value=aarch64-buildroot-linux-gnu
ac_cv_env_target_alias_set=set
ac_cv_env_target_alias_value=aarch64-buildroot-linux-gnu
ac_cv_func_alloca_works=yes
ac_cv_func_calloc_0_nonnull=yes
ac_cv_func_malloc_0_nonnull=yes
ac_cv_func_memcmp_working=yes
ac_cv_func_mmap_fixed_mapped=yes
ac_cv_func_realloc_0_nonnull=yes
ac_cv_func_sbrk=yes
ac_cv_func_setlocale=yes
ac_cv_func_unlink=yes
ac_cv_have_decl_free=yes
ac_cv_have_decl_getenv=yes
ac_cv_have_decl_malloc=yes
ac_cv_have_decl_mempcpy=yes
ac_cv_have_decl_realloc=yes
ac_cv_have_decl_stpcpy=yes
ac_cv_have_decl_strstr=yes
ac_cv_have_decl_vsnprintf=yes
ac_cv_header_dlfcn_h=yes
ac_cv_header_errno_h=yes
ac_cv_header_inttypes_h=yes
ac_cv_header_limits_h=yes
ac_cv_header_locale_h=yes
ac_cv_header_memory_h=yes
ac_cv_header_minix_config_h=no
ac_cv_header_stdc=yes
ac_cv_header_stdint_h=yes
ac_cv_header_stdlib_h=yes
ac_cv_header_string_h=yes
ac_cv_header_strings_h=yes
ac_cv_header_sys_stat_h=yes
ac_cv_header_sys_types_h=yes
ac_cv_header_time_h=yes
ac_cv_header_unistd_h=yes
ac_cv_header_windows_h=no
ac_cv_header_zlib_h=yes
ac_cv_host=aarch64-buildroot-linux-gnu
ac_cv_lbl_unaligned_fail=yes
ac_cv_lib_lex=
ac_cv_objext=o
ac_cv_path_EGREP='/bin/grep -E'
ac_cv_path_FGREP='/bin/grep -F'
ac_cv_path_GMSGFMT=:
ac_cv_path_GREP=/bin/grep
ac_cv_path_MSGFMT=:
ac_cv_path_MSGMERGE=:
ac_cv_path_SED=/bin/sed
ac_cv_path_XGETTEXT=:
ac_cv_path_mkdir=/bin/mkdir
ac_cv_prog_AR=/home/beyond2002/buildroot-2017.02.8/output/host/usr/bin/aarch64-linux-gnu-ar
ac_cv_prog_AWK=gawk
ac_cv_prog_CC=/home/beyond2002/buildroot-2017.02.8/output/host/usr/bin/aarch64-linux-gnu-gcc
ac_cv_prog_CPP='/home/beyond2002/buildroot-2017.02.8/output/host/usr/bin/aarch64-linux-gnu-gcc -E'
ac_cv_prog_LEX='/home/beyond2002/buildroot-2017.02.8/output/build/binutils-2.25.1/missing flex'
ac_cv_prog_OBJDUMP=/home/beyond2002/buildroot-2017.02.8/output/host/usr/bin/aarch64-linux-gnu-objdump
ac_cv_prog_RANLIB=/home/beyond2002/buildroot-2017.02.8/output/host/usr/bin/aarch64-linux-gnu-ranlib
ac_cv_prog_STRIP=strip
ac_cv_prog_YACC='/home/beyond2002/buildroot-2017.02.8/output/build/binutils-2.25.1/missing bison -y'
ac_cv_prog_ac_ct_STRIP=strip
ac_cv_prog_cc_c89=
ac_cv_prog_cc_g=yes
ac_cv_prog_lex_root=lex.yy
ac_cv_prog_lex_yytext_pointer=yes
ac_cv_prog_make__usr_bin_make_set=yes
ac_cv_safe_to_define___extensions__=yes
ac_cv_search_dlopen=-ldl
ac_cv_search_strerror='none required'
ac_cv_search_zlibVersion=-lz
ac_cv_sys_file_offset_bits=no
ac_cv_sys_largefile_CC=no
ac_cv_target=aarch64-buildroot-linux-gnu
ac_cv_working_alloca_h=yes
am_cv_CC_dependencies_compiler_type=none
am_cv_val_LC_MESSAGES=yes
gas_cv_assert_ok=yes
gas_cv_decl_getopt_unistd_h=yes
gas_cv_decl_needed_environ=no
gas_cv_decl_needed_errno=no
gas_cv_decl_needed_ffs=no
gas_cv_decl_needed_free=no
gas_cv_decl_needed_malloc=no
gas_cv_decl_needed_sbrk=no
gas_cv_decl_needed_strstr=no
gas_cv_have_sys_stat_type_member_st_mtim_tv_nsec=yes
gas_cv_have_sys_stat_type_member_st_mtim_tv_sec=yes
gas_cv_have_time_type_member_tm_gmtoff=yes
gcc_cv_header_string=yes
gl_cv_func_malloc_0_nonnull=yes
lt_cv_archive_cmds_need_lc=no
lt_cv_deplibs_check_method=pass_all
lt_cv_file_magic_cmd='$MAGIC_CMD'
lt_cv_file_magic_test_file=
lt_cv_ld_reload_flag=-r
lt_cv_nm_interface='BSD nm'
lt_cv_objdir=.libs
lt_cv_path_LD=/home/beyond2002/buildroot-2017.02.8/output/host/usr/bin/aarch64-linux-gnu-ld
lt_cv_path_NM=/home/beyond2002/buildroot-2017.02.8/output/host/usr/bin/aarch64-linux-gnu-nm
lt_cv_prog_compiler_c_o=yes
lt_cv_prog_compiler_pic_works=yes
lt_cv_prog_compiler_rtti_exceptions=no
lt_cv_prog_compiler_static_works=yes
lt_cv_prog_gnu_ld=yes
lt_cv_shlibpath_overrides_runpath=no
lt_cv_sys_global_symbol_pipe='sed -n -e '\''s/^.*[	 ]\([ABCDGIRSTW][ABCDGIRSTW]*\)[	 ][	 ]*\([_A-Za-z][_A-Za-z0-9]*\)$/\1 \2 \2/p'\'''
lt_cv_sys_global_symbol_to_c_name_address='sed -n -e '\''s/^: \([^ ]*\) $/  {\"\1\", (void *) 0},/p'\'' -e '\''s/^[ABCDGIRSTW]* \([^ ]*\) \([^ ]*\)$/  {"\2", (void *) \&\2},/p'\'''
lt_cv_sys_global_symbol_to_c_name_address_lib_prefix='sed -n -e '\''s/^: \([^ ]*\) $/  {\"\1\", (void *) 0},/p'\'' -e '\''s/^[ABCDGIRSTW]* \([^ ]*\) \(lib[^ ]*\)$/  {"\2", (void *) \&\2},/p'\'' -e '\''s/^[ABCDGIRSTW]* \([^ ]*\) \([^ ]*\)$/  {"lib\2", (void *) \&\2},/p'\'''
lt_cv_sys_global_symbol_to_cdecl='sed -n -e '\''s/^T .* \(.*\)$/extern int \1();/p'\'' -e '\''s/^[ABCDGIRSTW]* .* \(.*\)$/extern char \1;/p'\'''
lt_cv_sys_lib_search_path_spec=
lt_cv_sys_max_cmd_len=1572864

## ----------------- ##
## Output variables. ##
## ----------------- ##

ACLOCAL='${SHELL} /home/beyond2002/buildroot-2017.02.8/output/build/binutils-2.25.1/missing --run aclocal-1.11'
ALLOCA=''
AMDEPBACKSLASH=''
AMDEP_FALSE=''
AMDEP_TRUE='#'
AMTAR='${SHELL} /home/beyond2002/buildroot-2017.02.8/output/build/binutils-2.25.1/missing --run tar'
AR='/home/beyond2002/buildroot-2017.02.8/output/host/usr/bin/aarch64-linux-gnu-ar'
AUTOCONF='${SHELL} /home/beyond2002/buildroot-2017.02.8/output/build/binutils-2.25.1/missing --run autoconf'
AUTOHEADER='${SHELL} /home/beyond2002/buildroot-2017.02.8/output/build/binutils-2.25.1/missing --run autoheader'
AUTOMAKE='${SHELL} /home/beyond2002/buildroot-2017.02.8/output/build/binutils-2.25.1/missing --run automake-1.11'
AWK='gawk'
CATALOGS=' es.gmo fi.gmo fr.gmo id.gmo ja.gmo ru.gmo rw.gmo tr.gmo uk.gmo es.gmo fi.gmo fr.gmo id.gmo ja.gmo ru.gmo rw.gmo tr.gmo uk.gmo'
CATOBJEXT='.gmo'
CC='/home/beyond2002/buildroot-2017.02.8/output/host/usr/bin/aarch64-linux-gnu-gcc'
CCDEPMODE='depmode=none'
CFLAGS='-D_LARGEFILE_SOURCE -D_LARGEFILE64_SOURCE -D_FILE_OFFSET_BITS=64  -Os '
CPP='/home/beyond2002/buildroot-2017.02.8/output/host/usr/bin/aarch64-linux-gnu-gcc -E'
CPPFLAGS=''
CYGPATH_W='echo'
DATADIRNAME='share'
DEFS='-DHAVE_CONFIG_H'
DEPDIR='.deps'
DSYMUTIL=''
DUMPBIN=''
ECHO_C=''
ECHO_N='-n'
ECHO_T=''
EGREP='/bin/grep -E'
EXEEXT=''
FGREP='/bin/grep -F'
GDBINIT='.gdbinit'
GENCAT='gencat'
GENINSRC_NEVER_FALSE=''
GENINSRC_NEVER_TRUE='#'
GMSGFMT=':'
GREP='/bin/grep'
INCINTL=''
INSTALL_DATA='/usr/bin/install -c -m 644'
INSTALL_PROGRAM='/usr/bin/install -c'
INSTALL_SCRIPT='/usr/bin/install -c'
INSTALL_STRIP_PROGRAM='$(install_sh) -c -s'
INSTOBJEXT='.mo'
LD='/home/beyond2002/buildroot-2017.02.8/output/host/usr/bin/aarch64-linux-gnu-ld'
LDFLAGS='-static-libstdc++ -static-libgcc '
LEX='/home/beyond2002/buildroot-2017.02.8/output/build/binutils-2.25.1/missing flex'
LEXLIB=''
LEX_OUTPUT_ROOT='lex.yy'
LIBINTL=''
LIBINTL_DEP=''
LIBM=''
LIBOBJS=''
LIBS='-lz -ldl '
LIBTOOL='$(SHELL) $(top_builddir)/libtool'
LIPO=''
LN_S='ln -s'
LTLIBOBJS=''
MAINT='#'
MAINTAINER_MODE_FALSE=''
MAINTAINER_MODE_TRUE='#'
MAKEINFO='true --split-size=5000000'
MKDIR_P='/bin/mkdir -p'
MKINSTALLDIRS='$(top_builddir)/../mkinstalldirs'
MSGFMT=':'
MSGMERGE=':'
NM='/home/beyond2002/buildroot-2017.02.8/output/host/usr/bin/aarch64-linux-gnu-nm'
NMEDIT=''
NO_WERROR=''
OBJDUMP='/home/beyond2002/buildroot-2017.02.8/output/host/usr/bin/aarch64-linux-gnu-objdump'
OBJEXT='o'
OPCODES_LIB='../opcodes/libopcodes.la'
OTOOL64=''
OTOOL=''
PACKAGE='gas'
PACKAGE_BUGREPORT=''
PACKAGE_NAME='gas'
PACKAGE_STRING='gas 2.25.1'
PACKAGE_TARNAME='gas'
PACKAGE_URL=''
PACKAGE_VERSION='2.25.1'
PATH_SEPARATOR=':'
POSUB='po'
RANLIB='/home/beyond2002/buildroot-2017.02.8/output/host/usr/bin/aarch64-linux-gnu-ranlib'
SED='/bin/sed'
SET_MAKE=''
SHELL='/bin/bash'
STRIP='strip'
USE_NLS='yes'
VERSION='2.25.1'
WARN_CFLAGS='-w'
XGETTEXT=':'
YACC='/home/beyond2002/buildroot-2017.02.8/output/build/binutils-2.25.1/missing bison -y'
YFLAGS=''
ac_ct_CC=''
ac_ct_DUMPBIN=''
am__EXEEXT_FALSE=''
am__EXEEXT_TRUE='#'
am__fastdepCC_FALSE=''
am__fastdepCC_TRUE='#'
am__include='include'
am__isrc=''
am__leading_dot='.'
am__quote=''
am__tar='${AMTAR} chof - "$$tardir"'
am__untar='${AMTAR} xf -'
atof='ieee'
bindir='${exec_prefix}/bin'
build='x86_64-pc-linux-gnu'
build_alias='x86_64-pc-linux-gnu'
build_cpu='x86_64'
build_os='linux-gnu'
build_vendor='pc'
cgen_cpu_prefix=''
datadir='${datarootdir}'
datarootdir='${prefix}/share'
docdir='${datarootdir}/doc/${PACKAGE_TARNAME}'
dvidir='${docdir}'
exec_prefix='/usr'
extra_objects=''
host='aarch64-buildroot-linux-gnu'
host_alias='aarch64-buildroot-linux-gnu'
host_cpu='aarch64'
host_os='linux-gnu'
host_vendor='buildroot'
htmldir='${docdir}'
includedir='${prefix}/include'
infodir='${datarootdir}/info'
install_sh='${SHELL} /home/beyond2002/buildroot-2017.02.8/output/build/binutils-2.25.1/install-sh'
install_tooldir='install-exec-tooldir'
libdir='${exec_prefix}/lib'
libexecdir='${exec_prefix}/libexec'
localedir='${datarootdir}/locale'
localstatedir='/var'
mandir='${datarootdir}/man'
mkdir_p='/bin/mkdir -p'
obj_format='elf'
oldincludedir='/usr/include'
pdfdir='${docdir}'
prefix='/usr'
program_transform_name='s&^&&'
psdir='${docdir}'
sbindir='${exec_prefix}/sbin'
sharedstatedir='${prefix}/com'
sysconfdir='/etc'
target='aarch64-buildroot-linux-gnu'
target_alias='aarch64-buildroot-linux-gnu'
target_cpu='aarch64'
target_cpu_type='aarch64'
target_os='linux-gnu'
target_vendor='buildroot'
te_file='linux'

## ----------- ##
## confdefs.h. ##
## ----------- ##

/* confdefs.h */
#define PACKAGE_NAME "gas"
#define PACKAGE_TARNAME "gas"
#define PACKAGE_VERSION "2.25.1"
#define PACKAGE_STRING "gas 2.25.1"
#define PACKAGE_BUGREPORT ""
#define PACKAGE_URL ""
#define PACKAGE "gas"
#define VERSION "2.25.1"
#define STDC_HEADERS 1
#define HAVE_SYS_TYPES_H 1
#define HAVE_SYS_STAT_H 1
#define HAVE_STDLIB_H 1
#define HAVE_STRING_H 1
#define HAVE_MEMORY_H 1
#define HAVE_STRINGS_H 1
#define HAVE_INTTYPES_H 1
#define HAVE_STDINT_H 1
#define HAVE_UNISTD_H 1
#define __EXTENSIONS__ 1
#define _ALL_SOURCE 1
#define _GNU_SOURCE 1
#define _POSIX_PTHREAD_SEMANTICS 1
#define _TANDEM_SOURCE 1
#define HAVE_DLFCN_H 1
#define LT_OBJDIR ".libs/"
#define HAVE_DLFCN_H 1
#define ENABLE_CHECKING 1
#define TARGET_BYTES_BIG_ENDIAN 0
#define EMULATIONS 
#define DEFAULT_EMULATION ""
#define TARGET_ALIAS "aarch64-buildroot-linux-gnu"
#define TARGET_CANONICAL "aarch64-buildroot-linux-gnu"
#define TARGET_CPU "aarch64"
#define TARGET_VENDOR "buildroot"
#define TARGET_OS "linux-gnu"
#define YYTEXT_POINTER 1
#define ENABLE_NLS 1
#define HAVE_STRING_H 1
#define HAVE_STDLIB_H 1
#define HAVE_MEMORY_H 1
#define HAVE_STRINGS_H 1
#define HAVE_UNISTD_H 1
#define HAVE_ERRNO_H 1
#define HAVE_SYS_TYPES_H 1
#define HAVE_LIMITS_H 1
#define HAVE_LOCALE_H 1
#define HAVE_TIME_H 1
#define HAVE_SYS_STAT_H 1
#define STRING_WITH_STRINGS 1
#define HAVE_ALLOCA_H 1
#define HAVE_ALLOCA 1
#define HAVE_UNLINK 1
#define HAVE_SBRK 1
#define HAVE_SETLOCALE 1
#define HAVE_LC_MESSAGES 1
#define HAVE_DECL_GETOPT 1
#define HAVE_DECL_FREE 1
#define HAVE_DECL_GETENV 1
#define HAVE_DECL_MALLOC 1
#define HAVE_DECL_MEMPCPY 1
#define HAVE_DECL_REALLOC 1
#define HAVE_DECL_STPCPY 1
#define HAVE_DECL_STRSTR 1
#define HAVE_DECL_VSNPRINTF 1
#define HAVE_ZLIB_H 1
#define HAVE_TM_GMTOFF 1
#define HAVE_ST_MTIM_TV_SEC 1
#define HAVE_ST_MTIM_TV_NSEC 1

configure: exit 0
